In file included from [01m[K/opt/ros/humble/include/rclcpp/rclcpp/logging.hpp:24[m[K,
                 from [01m[K/opt/ros/humble/include/rclcpp/rclcpp/client.hpp:40[m[K,
                 from [01m[K/opt/ros/humble/include/rclcpp/rclcpp/callback_group.hpp:24[m[K,
                 from [01m[K/opt/ros/humble/include/rclcpp/rclcpp/any_executable.hpp:20[m[K,
                 from [01m[K/opt/ros/humble/include/rclcpp/rclcpp/memory_strategy.hpp:25[m[K,
                 from [01m[K/opt/ros/humble/include/rclcpp/rclcpp/memory_strategies.hpp:18[m[K,
                 from [01m[K/opt/ros/humble/include/rclcpp/rclcpp/executor_options.hpp:20[m[K,
                 from [01m[K/opt/ros/humble/include/rclcpp/rclcpp/executor.hpp:37[m[K,
                 from [01m[K/opt/ros/humble/include/rclcpp/rclcpp/executors/multi_threaded_executor.hpp:25[m[K,
                 from [01m[K/opt/ros/humble/include/rclcpp/rclcpp/executors.hpp:21[m[K,
                 from [01m[K/opt/ros/humble/include/rclcpp/rclcpp/rclcpp.hpp:155[m[K,
                 from [01m[K/home/alaa/ros2_ws/src/cpp_pubsub/src/num_publisher.cpp:1[m[K:
[01m[K/home/alaa/ros2_ws/src/cpp_pubsub/src/num_publisher.cpp:[m[K In member function ‘[01m[Kvoid NumPublisher::publish_message()[m[K’:
[01m[K/home/alaa/ros2_ws/src/cpp_pubsub/src/num_publisher.cpp:19:41:[m[K [01;35m[Kwarning: [m[Kformat ‘[01m[K%d[m[K’ expects argument of type ‘[01m[Kint[m[K’, but argument 5 has type ‘[01m[Kmy_custom_interfaces::msg::Num_<std::allocator<void> >::_num_type[m[K’ {aka ‘[01m[Klong int[m[K’} [[01;35m[K]8;;https://gcc.gnu.org/onlinedocs/gcc/Warning-Options.html#index-Wformat=-Wformat=]8;;[m[K]
   19 |         RCLCPP_INFO(this->get_logger(), [01;35m[K"Publishing: '%d'"[m[K, [32m[Kmessage.num[m[K);
      |                                         [01;35m[K^~~~~~~~~~~~~~~~~~[m[K  [32m[K~~~~~~~~~~~[m[K
      |                                                                     [32m[K|[m[K
      |                                                                     [32m[Kmy_custom_interfaces::msg::Num_<std::allocator<void> >::_num_type {aka long int}[m[K
In file included from [01m[K/opt/ros/humble/include/rclcpp/rclcpp/logging.hpp:24[m[K,
                 from [01m[K/opt/ros/humble/include/rclcpp/rclcpp/client.hpp:40[m[K,
                 from [01m[K/opt/ros/humble/include/rclcpp/rclcpp/callback_group.hpp:24[m[K,
                 from [01m[K/opt/ros/humble/include/rclcpp/rclcpp/any_executable.hpp:20[m[K,
                 from [01m[K/opt/ros/humble/include/rclcpp/rclcpp/memory_strategy.hpp:25[m[K,
                 from [01m[K/opt/ros/humble/include/rclcpp/rclcpp/memory_strategies.hpp:18[m[K,
                 from [01m[K/opt/ros/humble/include/rclcpp/rclcpp/executor_options.hpp:20[m[K,
                 from [01m[K/opt/ros/humble/include/rclcpp/rclcpp/executor.hpp:37[m[K,
                 from [01m[K/opt/ros/humble/include/rclcpp/rclcpp/executors/multi_threaded_executor.hpp:25[m[K,
                 from [01m[K/opt/ros/humble/include/rclcpp/rclcpp/executors.hpp:21[m[K,
                 from [01m[K/opt/ros/humble/include/rclcpp/rclcpp/rclcpp.hpp:155[m[K,
                 from [01m[K/home/alaa/ros2_ws/src/cpp_pubsub/src/num_subscriber.cpp:1[m[K:
[01m[K/home/alaa/ros2_ws/src/cpp_pubsub/src/num_subscriber.cpp:[m[K In member function ‘[01m[Kvoid NumSubscriber::topic_callback(my_custom_interfaces::msg::Num_<std::allocator<void> >::SharedPtr) const[m[K’:
[01m[K/home/alaa/ros2_ws/src/cpp_pubsub/src/num_subscriber.cpp:17:41:[m[K [01;35m[Kwarning: [m[Kformat ‘[01m[K%d[m[K’ expects argument of type ‘[01m[Kint[m[K’, but argument 5 has type ‘[01m[Kmy_custom_interfaces::msg::Num_<std::allocator<void> >::_num_type[m[K’ {aka ‘[01m[Klong int[m[K’} [[01;35m[K]8;;https://gcc.gnu.org/onlinedocs/gcc/Warning-Options.html#index-Wformat=-Wformat=]8;;[m[K]
   17 |         RCLCPP_INFO(this->get_logger(), [01;35m[K"Received: '%d'"[m[K, [32m[Kmsg->num[m[K);
      |                                         [01;35m[K^~~~~~~~~~~~~~~~[m[K  [32m[K~~~~~~~~[m[K
      |                                                                [32m[K|[m[K
      |                                                                [32m[Kmy_custom_interfaces::msg::Num_<std::allocator<void> >::_num_type {aka long int}[m[K
[01m[K/home/alaa/ros2_ws/src/cpp_pubsub/src/num_publisher.cpp:19:56:[m[K [01;36m[Knote: [m[Kformat string is defined here
   19 |         RCLCPP_INFO(this->get_logger(), "Publishing: '[01;36m[K%d[m[K'", message.num);
      |                                                       [01;36m[K~^[m[K
      |                                                        [01;36m[K|[m[K
      |                                                        [01;36m[Kint[m[K
      |                                                       [32m[K%ld[m[K
[01m[K/home/alaa/ros2_ws/src/cpp_pubsub/src/num_subscriber.cpp:17:54:[m[K [01;36m[Knote: [m[Kformat string is defined here
   17 |         RCLCPP_INFO(this->get_logger(), "Received: '[01;36m[K%d[m[K'", msg->num);
      |                                                     [01;36m[K~^[m[K
      |                                                      [01;36m[K|[m[K
      |                                                      [01;36m[Kint[m[K
      |                                                     [32m[K%ld[m[K
