[0.012s] Invoking command in '/home/alaa/ros2_ws/build/cpp_pubsub': CMAKE_PREFIX_PATH=${CMAKE_PREFIX_PATH}:/opt/ros/humble /usr/bin/cmake --build /home/alaa/ros2_ws/build/cpp_pubsub -- -j8 -l8
[0.057s] [35m[1mConsolidate compiler generated dependencies of target num_subscriber[0m
[0.059s] [35m[1mConsolidate compiler generated dependencies of target num_publisher[0m
[0.072s] [ 25%] Built target minimal_subscriber
[0.073s] [ 50%] Built target minimal_publisher
[0.075s] [ 62%] [32mBuilding CXX object CMakeFiles/num_subscriber.dir/src/num_subscriber.cpp.o[0m
[0.081s] [ 87%] Built target num_publisher
[10.599s] [100%] [32m[1mLinking CXX executable num_subscriber[0m
[11.040s] [100%] Built target num_subscriber
[11.052s] Invoked command in '/home/alaa/ros2_ws/build/cpp_pubsub' returned '0': CMAKE_PREFIX_PATH=${CMAKE_PREFIX_PATH}:/opt/ros/humble /usr/bin/cmake --build /home/alaa/ros2_ws/build/cpp_pubsub -- -j8 -l8
[11.053s] Invoking command in '/home/alaa/ros2_ws/build/cpp_pubsub': CMAKE_PREFIX_PATH=${CMAKE_PREFIX_PATH}:/opt/ros/humble /usr/bin/cmake --install /home/alaa/ros2_ws/build/cpp_pubsub
[11.061s] -- Install configuration: ""
[11.062s] -- Execute custom install script
[11.062s] -- Up-to-date symlink: /home/alaa/ros2_ws/install/cpp_pubsub/lib/cpp_pubsub/minimal_publisher
[11.062s] -- Up-to-date symlink: /home/alaa/ros2_ws/install/cpp_pubsub/lib/cpp_pubsub/minimal_subscriber
[11.063s] -- Up-to-date symlink: /home/alaa/ros2_ws/install/cpp_pubsub/lib/cpp_pubsub/num_publisher
[11.063s] -- Up-to-date symlink: /home/alaa/ros2_ws/install/cpp_pubsub/lib/cpp_pubsub/num_subscriber
[11.063s] -- Up-to-date symlink: /home/alaa/ros2_ws/install/cpp_pubsub/share/ament_index/resource_index/package_run_dependencies/cpp_pubsub
[11.063s] -- Up-to-date symlink: /home/alaa/ros2_ws/install/cpp_pubsub/share/ament_index/resource_index/parent_prefix_path/cpp_pubsub
[11.063s] -- Up-to-date symlink: /home/alaa/ros2_ws/install/cpp_pubsub/share/cpp_pubsub/environment/ament_prefix_path.sh
[11.064s] -- Up-to-date symlink: /home/alaa/ros2_ws/install/cpp_pubsub/share/cpp_pubsub/environment/ament_prefix_path.dsv
[11.064s] -- Up-to-date symlink: /home/alaa/ros2_ws/install/cpp_pubsub/share/cpp_pubsub/environment/path.sh
[11.064s] -- Up-to-date symlink: /home/alaa/ros2_ws/install/cpp_pubsub/share/cpp_pubsub/environment/path.dsv
[11.064s] -- Up-to-date symlink: /home/alaa/ros2_ws/install/cpp_pubsub/share/cpp_pubsub/local_setup.bash
[11.064s] -- Up-to-date symlink: /home/alaa/ros2_ws/install/cpp_pubsub/share/cpp_pubsub/local_setup.sh
[11.064s] -- Up-to-date symlink: /home/alaa/ros2_ws/install/cpp_pubsub/share/cpp_pubsub/local_setup.zsh
[11.065s] -- Up-to-date symlink: /home/alaa/ros2_ws/install/cpp_pubsub/share/cpp_pubsub/local_setup.dsv
[11.065s] -- Symlinking: /home/alaa/ros2_ws/install/cpp_pubsub/share/cpp_pubsub/package.dsv
[11.074s] -- Up-to-date symlink: /home/alaa/ros2_ws/install/cpp_pubsub/share/ament_index/resource_index/packages/cpp_pubsub
[11.074s] -- Up-to-date symlink: /home/alaa/ros2_ws/install/cpp_pubsub/share/cpp_pubsub/cmake/cpp_pubsubConfig.cmake
[11.075s] -- Up-to-date symlink: /home/alaa/ros2_ws/install/cpp_pubsub/share/cpp_pubsub/cmake/cpp_pubsubConfig-version.cmake
[11.075s] -- Up-to-date symlink: /home/alaa/ros2_ws/install/cpp_pubsub/share/cpp_pubsub/package.xml
[11.077s] Invoked command in '/home/alaa/ros2_ws/build/cpp_pubsub' returned '0': CMAKE_PREFIX_PATH=${CMAKE_PREFIX_PATH}:/opt/ros/humble /usr/bin/cmake --install /home/alaa/ros2_ws/build/cpp_pubsub
