[0.333s] DEBUG:colcon:Command line arguments: ['/usr/bin/colcon', 'build', '--symlink-install']
[0.333s] DEBUG:colcon:Parsed command line arguments: Namespace(log_base=None, log_level=None, verb_name='build', build_base='build', install_base='install', merge_install=False, symlink_install=True, test_result_base=None, continue_on_error=False, executor='parallel', parallel_workers=8, event_handlers=None, ignore_user_meta=False, metas=['./colcon.meta'], base_paths=['.'], packages_ignore=None, packages_ignore_regex=None, paths=None, packages_up_to=None, packages_up_to_regex=None, packages_above=None, packages_above_and_dependencies=None, packages_above_depth=None, packages_select_by_dep=None, packages_skip_by_dep=None, packages_skip_up_to=None, packages_select_build_failed=False, packages_skip_build_finished=False, packages_select_test_failures=False, packages_skip_test_passed=False, packages_select=None, packages_skip=None, packages_select_regex=None, packages_skip_regex=None, packages_start=None, packages_end=None, allow_overriding=[], cmake_args=None, cmake_target=None, cmake_target_skip_unavailable=False, cmake_clean_cache=False, cmake_clean_first=False, cmake_force_configure=False, ament_cmake_args=None, catkin_cmake_args=None, catkin_skip_building_tests=False, verb_parser=<colcon_defaults.argument_parser.defaults.DefaultArgumentsDecorator object at 0x7aa59f12f580>, verb_extension=<colcon_core.verb.build.BuildVerb object at 0x7aa59f2d8e80>, main=<bound method BuildVerb.main of <colcon_core.verb.build.BuildVerb object at 0x7aa59f2d8e80>>)
[3.638s] Level 1:colcon.colcon_core.package_discovery:discover_packages(colcon_meta) check parameters
[3.639s] Level 1:colcon.colcon_core.package_discovery:discover_packages(recursive) check parameters
[3.639s] Level 1:colcon.colcon_core.package_discovery:discover_packages(ignore) check parameters
[3.639s] Level 1:colcon.colcon_core.package_discovery:discover_packages(path) check parameters
[3.639s] Level 1:colcon.colcon_core.package_discovery:discover_packages(colcon_meta) discover
[3.639s] Level 1:colcon.colcon_core.package_discovery:discover_packages(recursive) discover
[3.639s] INFO:colcon.colcon_core.package_discovery:Crawling recursively for packages in '/home/alaa/ros2_ws'
[3.640s] Level 1:colcon.colcon_core.package_identification:_identify(.) by extensions ['ignore', 'ignore_ament_install']
[3.640s] Level 1:colcon.colcon_core.package_identification:_identify(.) by extension 'ignore'
[3.640s] Level 1:colcon.colcon_core.package_identification:_identify(.) by extension 'ignore_ament_install'
[3.640s] Level 1:colcon.colcon_core.package_identification:_identify(.) by extensions ['colcon_pkg']
[3.641s] Level 1:colcon.colcon_core.package_identification:_identify(.) by extension 'colcon_pkg'
[3.641s] Level 1:colcon.colcon_core.package_identification:_identify(.) by extensions ['colcon_meta']
[3.641s] Level 1:colcon.colcon_core.package_identification:_identify(.) by extension 'colcon_meta'
[3.641s] Level 1:colcon.colcon_core.package_identification:_identify(.) by extensions ['ros']
[3.641s] Level 1:colcon.colcon_core.package_identification:_identify(.) by extension 'ros'
[3.710s] Level 1:colcon.colcon_core.package_identification:_identify(.) by extensions ['cmake', 'python']
[3.710s] Level 1:colcon.colcon_core.package_identification:_identify(.) by extension 'cmake'
[3.710s] Level 1:colcon.colcon_core.package_identification:_identify(.) by extension 'python'
[3.710s] Level 1:colcon.colcon_core.package_identification:_identify(.) by extensions ['python_setup_py']
[3.710s] Level 1:colcon.colcon_core.package_identification:_identify(.) by extension 'python_setup_py'
[3.711s] Level 1:colcon.colcon_core.package_identification:_identify(build) by extensions ['ignore', 'ignore_ament_install']
[3.711s] Level 1:colcon.colcon_core.package_identification:_identify(build) by extension 'ignore'
[3.711s] Level 1:colcon.colcon_core.package_identification:_identify(build) ignored
[3.711s] Level 1:colcon.colcon_core.package_identification:_identify(install) by extensions ['ignore', 'ignore_ament_install']
[3.712s] Level 1:colcon.colcon_core.package_identification:_identify(install) by extension 'ignore'
[3.712s] Level 1:colcon.colcon_core.package_identification:_identify(install) ignored
[3.712s] Level 1:colcon.colcon_core.package_identification:_identify(log) by extensions ['ignore', 'ignore_ament_install']
[3.712s] Level 1:colcon.colcon_core.package_identification:_identify(log) by extension 'ignore'
[3.712s] Level 1:colcon.colcon_core.package_identification:_identify(log) ignored
[3.712s] Level 1:colcon.colcon_core.package_identification:_identify(src) by extensions ['ignore', 'ignore_ament_install']
[3.713s] Level 1:colcon.colcon_core.package_identification:_identify(src) by extension 'ignore'
[3.713s] Level 1:colcon.colcon_core.package_identification:_identify(src) by extension 'ignore_ament_install'
[3.713s] Level 1:colcon.colcon_core.package_identification:_identify(src) by extensions ['colcon_pkg']
[3.713s] Level 1:colcon.colcon_core.package_identification:_identify(src) by extension 'colcon_pkg'
[3.713s] Level 1:colcon.colcon_core.package_identification:_identify(src) by extensions ['colcon_meta']
[3.713s] Level 1:colcon.colcon_core.package_identification:_identify(src) by extension 'colcon_meta'
[3.713s] Level 1:colcon.colcon_core.package_identification:_identify(src) by extensions ['ros']
[3.713s] Level 1:colcon.colcon_core.package_identification:_identify(src) by extension 'ros'
[3.713s] Level 1:colcon.colcon_core.package_identification:_identify(src) by extensions ['cmake', 'python']
[3.713s] Level 1:colcon.colcon_core.package_identification:_identify(src) by extension 'cmake'
[3.713s] Level 1:colcon.colcon_core.package_identification:_identify(src) by extension 'python'
[3.713s] Level 1:colcon.colcon_core.package_identification:_identify(src) by extensions ['python_setup_py']
[3.714s] Level 1:colcon.colcon_core.package_identification:_identify(src) by extension 'python_setup_py'
[3.714s] Level 1:colcon.colcon_core.package_identification:_identify(src/cpp_pubsub) by extensions ['ignore', 'ignore_ament_install']
[3.714s] Level 1:colcon.colcon_core.package_identification:_identify(src/cpp_pubsub) by extension 'ignore'
[3.714s] Level 1:colcon.colcon_core.package_identification:_identify(src/cpp_pubsub) by extension 'ignore_ament_install'
[3.714s] Level 1:colcon.colcon_core.package_identification:_identify(src/cpp_pubsub) by extensions ['colcon_pkg']
[3.714s] Level 1:colcon.colcon_core.package_identification:_identify(src/cpp_pubsub) by extension 'colcon_pkg'
[3.714s] Level 1:colcon.colcon_core.package_identification:_identify(src/cpp_pubsub) by extensions ['colcon_meta']
[3.714s] Level 1:colcon.colcon_core.package_identification:_identify(src/cpp_pubsub) by extension 'colcon_meta'
[3.714s] Level 1:colcon.colcon_core.package_identification:_identify(src/cpp_pubsub) by extensions ['ros']
[3.714s] Level 1:colcon.colcon_core.package_identification:_identify(src/cpp_pubsub) by extension 'ros'
[3.732s] DEBUG:colcon.colcon_core.package_identification:Package 'src/cpp_pubsub' with type 'ros.ament_cmake' and name 'cpp_pubsub'
[3.732s] Level 1:colcon.colcon_core.package_identification:_identify(src/cpp_service_demo) by extensions ['ignore', 'ignore_ament_install']
[3.732s] Level 1:colcon.colcon_core.package_identification:_identify(src/cpp_service_demo) by extension 'ignore'
[3.733s] Level 1:colcon.colcon_core.package_identification:_identify(src/cpp_service_demo) by extension 'ignore_ament_install'
[3.733s] Level 1:colcon.colcon_core.package_identification:_identify(src/cpp_service_demo) by extensions ['colcon_pkg']
[3.733s] Level 1:colcon.colcon_core.package_identification:_identify(src/cpp_service_demo) by extension 'colcon_pkg'
[3.733s] Level 1:colcon.colcon_core.package_identification:_identify(src/cpp_service_demo) by extensions ['colcon_meta']
[3.733s] Level 1:colcon.colcon_core.package_identification:_identify(src/cpp_service_demo) by extension 'colcon_meta'
[3.733s] Level 1:colcon.colcon_core.package_identification:_identify(src/cpp_service_demo) by extensions ['ros']
[3.733s] Level 1:colcon.colcon_core.package_identification:_identify(src/cpp_service_demo) by extension 'ros'
[3.734s] DEBUG:colcon.colcon_core.package_identification:Package 'src/cpp_service_demo' with type 'ros.ament_cmake' and name 'cpp_service_demo'
[3.734s] Level 1:colcon.colcon_core.package_identification:_identify(src/more_interfaces) by extensions ['ignore', 'ignore_ament_install']
[3.735s] Level 1:colcon.colcon_core.package_identification:_identify(src/more_interfaces) by extension 'ignore'
[3.735s] Level 1:colcon.colcon_core.package_identification:_identify(src/more_interfaces) by extension 'ignore_ament_install'
[3.735s] Level 1:colcon.colcon_core.package_identification:_identify(src/more_interfaces) by extensions ['colcon_pkg']
[3.735s] Level 1:colcon.colcon_core.package_identification:_identify(src/more_interfaces) by extension 'colcon_pkg'
[3.735s] Level 1:colcon.colcon_core.package_identification:_identify(src/more_interfaces) by extensions ['colcon_meta']
[3.735s] Level 1:colcon.colcon_core.package_identification:_identify(src/more_interfaces) by extension 'colcon_meta'
[3.735s] Level 1:colcon.colcon_core.package_identification:_identify(src/more_interfaces) by extensions ['ros']
[3.735s] Level 1:colcon.colcon_core.package_identification:_identify(src/more_interfaces) by extension 'ros'
[3.736s] DEBUG:colcon.colcon_core.package_identification:Package 'src/more_interfaces' with type 'ros.ament_cmake' and name 'more_interfaces'
[3.736s] Level 1:colcon.colcon_core.package_identification:_identify(src/my_custom_interfaces) by extensions ['ignore', 'ignore_ament_install']
[3.736s] Level 1:colcon.colcon_core.package_identification:_identify(src/my_custom_interfaces) by extension 'ignore'
[3.736s] Level 1:colcon.colcon_core.package_identification:_identify(src/my_custom_interfaces) by extension 'ignore_ament_install'
[3.736s] Level 1:colcon.colcon_core.package_identification:_identify(src/my_custom_interfaces) by extensions ['colcon_pkg']
[3.736s] Level 1:colcon.colcon_core.package_identification:_identify(src/my_custom_interfaces) by extension 'colcon_pkg'
[3.736s] Level 1:colcon.colcon_core.package_identification:_identify(src/my_custom_interfaces) by extensions ['colcon_meta']
[3.736s] Level 1:colcon.colcon_core.package_identification:_identify(src/my_custom_interfaces) by extension 'colcon_meta'
[3.737s] Level 1:colcon.colcon_core.package_identification:_identify(src/my_custom_interfaces) by extensions ['ros']
[3.737s] Level 1:colcon.colcon_core.package_identification:_identify(src/my_custom_interfaces) by extension 'ros'
[3.737s] DEBUG:colcon.colcon_core.package_identification:Package 'src/my_custom_interfaces' with type 'ros.ament_cmake' and name 'my_custom_interfaces'
[3.738s] Level 1:colcon.colcon_core.package_discovery:discover_packages(recursive) using defaults
[3.738s] Level 1:colcon.colcon_core.package_discovery:discover_packages(ignore) discover
[3.738s] Level 1:colcon.colcon_core.package_discovery:discover_packages(ignore) using defaults
[3.738s] Level 1:colcon.colcon_core.package_discovery:discover_packages(path) discover
[3.738s] Level 1:colcon.colcon_core.package_discovery:discover_packages(path) using defaults
[3.879s] Level 1:colcon.colcon_core.package_discovery:discover_packages(prefix_path) check parameters
[3.879s] Level 1:colcon.colcon_core.package_discovery:discover_packages(prefix_path) discover
[3.887s] DEBUG:colcon.colcon_installed_package_information.package_discovery:Found 4 installed packages in /home/alaa/ros2_ws/install
[3.888s] DEBUG:colcon.colcon_installed_package_information.package_discovery:Found 271 installed packages in /opt/ros/humble
[3.891s] Level 1:colcon.colcon_core.package_discovery:discover_packages(prefix_path) using defaults
[3.963s] Level 5:colcon.colcon_core.verb:set package 'more_interfaces' build argument 'cmake_args' from command line to 'None'
[3.963s] Level 5:colcon.colcon_core.verb:set package 'more_interfaces' build argument 'cmake_target' from command line to 'None'
[3.963s] Level 5:colcon.colcon_core.verb:set package 'more_interfaces' build argument 'cmake_target_skip_unavailable' from command line to 'False'
[3.963s] Level 5:colcon.colcon_core.verb:set package 'more_interfaces' build argument 'cmake_clean_cache' from command line to 'False'
[3.963s] Level 5:colcon.colcon_core.verb:set package 'more_interfaces' build argument 'cmake_clean_first' from command line to 'False'
[3.963s] Level 5:colcon.colcon_core.verb:set package 'more_interfaces' build argument 'cmake_force_configure' from command line to 'False'
[3.963s] Level 5:colcon.colcon_core.verb:set package 'more_interfaces' build argument 'ament_cmake_args' from command line to 'None'
[3.963s] Level 5:colcon.colcon_core.verb:set package 'more_interfaces' build argument 'catkin_cmake_args' from command line to 'None'
[3.963s] Level 5:colcon.colcon_core.verb:set package 'more_interfaces' build argument 'catkin_skip_building_tests' from command line to 'False'
[3.963s] DEBUG:colcon.colcon_core.verb:Building package 'more_interfaces' with the following arguments: {'ament_cmake_args': None, 'build_base': '/home/alaa/ros2_ws/build/more_interfaces', 'catkin_cmake_args': None, 'catkin_skip_building_tests': False, 'cmake_args': None, 'cmake_clean_cache': False, 'cmake_clean_first': False, 'cmake_force_configure': False, 'cmake_target': None, 'cmake_target_skip_unavailable': False, 'install_base': '/home/alaa/ros2_ws/install/more_interfaces', 'merge_install': False, 'path': '/home/alaa/ros2_ws/src/more_interfaces', 'symlink_install': True, 'test_result_base': None}
[3.964s] Level 5:colcon.colcon_core.verb:set package 'my_custom_interfaces' build argument 'cmake_args' from command line to 'None'
[3.964s] Level 5:colcon.colcon_core.verb:set package 'my_custom_interfaces' build argument 'cmake_target' from command line to 'None'
[3.964s] Level 5:colcon.colcon_core.verb:set package 'my_custom_interfaces' build argument 'cmake_target_skip_unavailable' from command line to 'False'
[3.964s] Level 5:colcon.colcon_core.verb:set package 'my_custom_interfaces' build argument 'cmake_clean_cache' from command line to 'False'
[3.964s] Level 5:colcon.colcon_core.verb:set package 'my_custom_interfaces' build argument 'cmake_clean_first' from command line to 'False'
[3.964s] Level 5:colcon.colcon_core.verb:set package 'my_custom_interfaces' build argument 'cmake_force_configure' from command line to 'False'
[3.964s] Level 5:colcon.colcon_core.verb:set package 'my_custom_interfaces' build argument 'ament_cmake_args' from command line to 'None'
[3.964s] Level 5:colcon.colcon_core.verb:set package 'my_custom_interfaces' build argument 'catkin_cmake_args' from command line to 'None'
[3.964s] Level 5:colcon.colcon_core.verb:set package 'my_custom_interfaces' build argument 'catkin_skip_building_tests' from command line to 'False'
[3.964s] DEBUG:colcon.colcon_core.verb:Building package 'my_custom_interfaces' with the following arguments: {'ament_cmake_args': None, 'build_base': '/home/alaa/ros2_ws/build/my_custom_interfaces', 'catkin_cmake_args': None, 'catkin_skip_building_tests': False, 'cmake_args': None, 'cmake_clean_cache': False, 'cmake_clean_first': False, 'cmake_force_configure': False, 'cmake_target': None, 'cmake_target_skip_unavailable': False, 'install_base': '/home/alaa/ros2_ws/install/my_custom_interfaces', 'merge_install': False, 'path': '/home/alaa/ros2_ws/src/my_custom_interfaces', 'symlink_install': True, 'test_result_base': None}
[3.965s] Level 5:colcon.colcon_core.verb:set package 'cpp_pubsub' build argument 'cmake_args' from command line to 'None'
[3.965s] Level 5:colcon.colcon_core.verb:set package 'cpp_pubsub' build argument 'cmake_target' from command line to 'None'
[3.965s] Level 5:colcon.colcon_core.verb:set package 'cpp_pubsub' build argument 'cmake_target_skip_unavailable' from command line to 'False'
[3.965s] Level 5:colcon.colcon_core.verb:set package 'cpp_pubsub' build argument 'cmake_clean_cache' from command line to 'False'
[3.965s] Level 5:colcon.colcon_core.verb:set package 'cpp_pubsub' build argument 'cmake_clean_first' from command line to 'False'
[3.965s] Level 5:colcon.colcon_core.verb:set package 'cpp_pubsub' build argument 'cmake_force_configure' from command line to 'False'
[3.965s] Level 5:colcon.colcon_core.verb:set package 'cpp_pubsub' build argument 'ament_cmake_args' from command line to 'None'
[3.965s] Level 5:colcon.colcon_core.verb:set package 'cpp_pubsub' build argument 'catkin_cmake_args' from command line to 'None'
[3.965s] Level 5:colcon.colcon_core.verb:set package 'cpp_pubsub' build argument 'catkin_skip_building_tests' from command line to 'False'
[3.965s] DEBUG:colcon.colcon_core.verb:Building package 'cpp_pubsub' with the following arguments: {'ament_cmake_args': None, 'build_base': '/home/alaa/ros2_ws/build/cpp_pubsub', 'catkin_cmake_args': None, 'catkin_skip_building_tests': False, 'cmake_args': None, 'cmake_clean_cache': False, 'cmake_clean_first': False, 'cmake_force_configure': False, 'cmake_target': None, 'cmake_target_skip_unavailable': False, 'install_base': '/home/alaa/ros2_ws/install/cpp_pubsub', 'merge_install': False, 'path': '/home/alaa/ros2_ws/src/cpp_pubsub', 'symlink_install': True, 'test_result_base': None}
[3.965s] Level 5:colcon.colcon_core.verb:set package 'cpp_service_demo' build argument 'cmake_args' from command line to 'None'
[3.965s] Level 5:colcon.colcon_core.verb:set package 'cpp_service_demo' build argument 'cmake_target' from command line to 'None'
[3.966s] Level 5:colcon.colcon_core.verb:set package 'cpp_service_demo' build argument 'cmake_target_skip_unavailable' from command line to 'False'
[3.966s] Level 5:colcon.colcon_core.verb:set package 'cpp_service_demo' build argument 'cmake_clean_cache' from command line to 'False'
[3.966s] Level 5:colcon.colcon_core.verb:set package 'cpp_service_demo' build argument 'cmake_clean_first' from command line to 'False'
[3.966s] Level 5:colcon.colcon_core.verb:set package 'cpp_service_demo' build argument 'cmake_force_configure' from command line to 'False'
[3.966s] Level 5:colcon.colcon_core.verb:set package 'cpp_service_demo' build argument 'ament_cmake_args' from command line to 'None'
[3.966s] Level 5:colcon.colcon_core.verb:set package 'cpp_service_demo' build argument 'catkin_cmake_args' from command line to 'None'
[3.966s] Level 5:colcon.colcon_core.verb:set package 'cpp_service_demo' build argument 'catkin_skip_building_tests' from command line to 'False'
[3.966s] DEBUG:colcon.colcon_core.verb:Building package 'cpp_service_demo' with the following arguments: {'ament_cmake_args': None, 'build_base': '/home/alaa/ros2_ws/build/cpp_service_demo', 'catkin_cmake_args': None, 'catkin_skip_building_tests': False, 'cmake_args': None, 'cmake_clean_cache': False, 'cmake_clean_first': False, 'cmake_force_configure': False, 'cmake_target': None, 'cmake_target_skip_unavailable': False, 'install_base': '/home/alaa/ros2_ws/install/cpp_service_demo', 'merge_install': False, 'path': '/home/alaa/ros2_ws/src/cpp_service_demo', 'symlink_install': True, 'test_result_base': None}
[3.966s] INFO:colcon.colcon_core.executor:Executing jobs using 'parallel' executor
[3.967s] DEBUG:colcon.colcon_parallel_executor.executor.parallel:run_until_complete
[3.967s] INFO:colcon.colcon_ros.task.ament_cmake.build:Building ROS package in '/home/alaa/ros2_ws/src/my_custom_interfaces' with build type 'ament_cmake'
[3.967s] INFO:colcon.colcon_cmake.task.cmake.build:Building CMake package in '/home/alaa/ros2_ws/src/my_custom_interfaces'
[3.973s] INFO:colcon.colcon_core.plugin_system:Skipping extension 'colcon_core.shell.bat': Not used on non-Windows systems
[3.973s] INFO:colcon.colcon_core.shell:Skip shell extension 'powershell' for command environment: Not usable outside of PowerShell
[3.973s] DEBUG:colcon.colcon_core.shell:Skip shell extension 'dsv' for command environment
[3.988s] INFO:colcon.colcon_ros.task.ament_cmake.build:Building ROS package in '/home/alaa/ros2_ws/src/more_interfaces' with build type 'ament_cmake'
[3.988s] INFO:colcon.colcon_cmake.task.cmake.build:Building CMake package in '/home/alaa/ros2_ws/src/more_interfaces'
[3.988s] INFO:colcon.colcon_core.shell:Skip shell extension 'powershell' for command environment: Not usable outside of PowerShell
[3.988s] DEBUG:colcon.colcon_core.shell:Skip shell extension 'dsv' for command environment
[3.999s] DEBUG:colcon.colcon_core.event_handler.log_command:Invoking command in '/home/alaa/ros2_ws/build/my_custom_interfaces': CMAKE_PREFIX_PATH=${CMAKE_PREFIX_PATH}:/opt/ros/humble /usr/bin/cmake --build /home/alaa/ros2_ws/build/my_custom_interfaces -- -j8 -l8
[4.003s] DEBUG:colcon.colcon_core.event_handler.log_command:Invoking command in '/home/alaa/ros2_ws/build/more_interfaces': CMAKE_PREFIX_PATH=${CMAKE_PREFIX_PATH}:/opt/ros/humble /usr/bin/cmake --build /home/alaa/ros2_ws/build/more_interfaces -- -j8 -l8
[4.440s] DEBUG:colcon.colcon_core.event_handler.log_command:Invoked command in '/home/alaa/ros2_ws/build/my_custom_interfaces' returned '0': CMAKE_PREFIX_PATH=${CMAKE_PREFIX_PATH}:/opt/ros/humble /usr/bin/cmake --build /home/alaa/ros2_ws/build/my_custom_interfaces -- -j8 -l8
[4.452s] DEBUG:colcon.colcon_core.event_handler.log_command:Invoking command in '/home/alaa/ros2_ws/build/my_custom_interfaces': CMAKE_PREFIX_PATH=${CMAKE_PREFIX_PATH}:/opt/ros/humble /usr/bin/cmake --install /home/alaa/ros2_ws/build/my_custom_interfaces
[4.759s] Level 1:colcon.colcon_core.environment:create_environment_scripts_only(my_custom_interfaces)
[4.760s] DEBUG:colcon.colcon_core.event_handler.log_command:Invoked command in '/home/alaa/ros2_ws/build/my_custom_interfaces' returned '0': CMAKE_PREFIX_PATH=${CMAKE_PREFIX_PATH}:/opt/ros/humble /usr/bin/cmake --install /home/alaa/ros2_ws/build/my_custom_interfaces
[4.808s] Level 1:colcon.colcon_core.environment:checking '/home/alaa/ros2_ws/install/my_custom_interfaces' for CMake module files
[4.810s] Level 1:colcon.colcon_core.environment:checking '/home/alaa/ros2_ws/install/my_custom_interfaces' for CMake config files
[4.814s] Level 1:colcon.colcon_core.shell:create_environment_hook('my_custom_interfaces', 'cmake_prefix_path')
[4.815s] INFO:colcon.colcon_core.shell:Creating environment hook '/home/alaa/ros2_ws/install/my_custom_interfaces/share/my_custom_interfaces/hook/cmake_prefix_path.ps1'
[4.817s] INFO:colcon.colcon_core.shell:Creating environment descriptor '/home/alaa/ros2_ws/install/my_custom_interfaces/share/my_custom_interfaces/hook/cmake_prefix_path.dsv'
[4.818s] INFO:colcon.colcon_core.shell:Creating environment hook '/home/alaa/ros2_ws/install/my_custom_interfaces/share/my_custom_interfaces/hook/cmake_prefix_path.sh'
[4.822s] Level 1:colcon.colcon_core.environment:checking '/home/alaa/ros2_ws/install/my_custom_interfaces/lib'
[4.823s] Level 1:colcon.colcon_core.shell:create_environment_hook('my_custom_interfaces', 'ld_library_path_lib')
[4.823s] INFO:colcon.colcon_core.shell:Creating environment hook '/home/alaa/ros2_ws/install/my_custom_interfaces/share/my_custom_interfaces/hook/ld_library_path_lib.ps1'
[4.825s] INFO:colcon.colcon_core.shell:Creating environment descriptor '/home/alaa/ros2_ws/install/my_custom_interfaces/share/my_custom_interfaces/hook/ld_library_path_lib.dsv'
[4.826s] INFO:colcon.colcon_core.shell:Creating environment hook '/home/alaa/ros2_ws/install/my_custom_interfaces/share/my_custom_interfaces/hook/ld_library_path_lib.sh'
[4.828s] Level 1:colcon.colcon_core.environment:checking '/home/alaa/ros2_ws/install/my_custom_interfaces/bin'
[4.828s] Level 1:colcon.colcon_core.environment:checking '/home/alaa/ros2_ws/install/my_custom_interfaces/lib/pkgconfig/my_custom_interfaces.pc'
[4.828s] Level 1:colcon.colcon_core.environment:checking '/home/alaa/ros2_ws/install/my_custom_interfaces/lib/python3.10/site-packages'
[4.829s] Level 1:colcon.colcon_core.environment:checking '/home/alaa/ros2_ws/install/my_custom_interfaces/bin'
[4.830s] INFO:colcon.colcon_core.shell:Creating package script '/home/alaa/ros2_ws/install/my_custom_interfaces/share/my_custom_interfaces/package.ps1'
[4.832s] INFO:colcon.colcon_core.shell:Creating package descriptor '/home/alaa/ros2_ws/install/my_custom_interfaces/share/my_custom_interfaces/package.dsv'
[4.834s] INFO:colcon.colcon_core.shell:Creating package script '/home/alaa/ros2_ws/install/my_custom_interfaces/share/my_custom_interfaces/package.sh'
[4.835s] INFO:colcon.colcon_core.shell:Creating package script '/home/alaa/ros2_ws/install/my_custom_interfaces/share/my_custom_interfaces/package.bash'
[4.837s] INFO:colcon.colcon_core.shell:Creating package script '/home/alaa/ros2_ws/install/my_custom_interfaces/share/my_custom_interfaces/package.zsh'
[4.838s] Level 1:colcon.colcon_core.environment:create_file_with_runtime_dependencies(/home/alaa/ros2_ws/install/my_custom_interfaces/share/colcon-core/packages/my_custom_interfaces)
[4.839s] Level 1:colcon.colcon_core.environment:create_environment_scripts_only(my_custom_interfaces)
[4.839s] Level 1:colcon.colcon_core.environment:checking '/home/alaa/ros2_ws/install/my_custom_interfaces' for CMake module files
[4.840s] Level 1:colcon.colcon_core.environment:checking '/home/alaa/ros2_ws/install/my_custom_interfaces' for CMake config files
[4.841s] Level 1:colcon.colcon_core.shell:create_environment_hook('my_custom_interfaces', 'cmake_prefix_path')
[4.842s] INFO:colcon.colcon_core.shell:Creating environment hook '/home/alaa/ros2_ws/install/my_custom_interfaces/share/my_custom_interfaces/hook/cmake_prefix_path.ps1'
[4.842s] INFO:colcon.colcon_core.shell:Creating environment descriptor '/home/alaa/ros2_ws/install/my_custom_interfaces/share/my_custom_interfaces/hook/cmake_prefix_path.dsv'
[4.843s] INFO:colcon.colcon_core.shell:Creating environment hook '/home/alaa/ros2_ws/install/my_custom_interfaces/share/my_custom_interfaces/hook/cmake_prefix_path.sh'
[4.843s] Level 1:colcon.colcon_core.environment:checking '/home/alaa/ros2_ws/install/my_custom_interfaces/lib'
[4.844s] Level 1:colcon.colcon_core.shell:create_environment_hook('my_custom_interfaces', 'ld_library_path_lib')
[4.844s] INFO:colcon.colcon_core.shell:Creating environment hook '/home/alaa/ros2_ws/install/my_custom_interfaces/share/my_custom_interfaces/hook/ld_library_path_lib.ps1'
[4.844s] INFO:colcon.colcon_core.shell:Creating environment descriptor '/home/alaa/ros2_ws/install/my_custom_interfaces/share/my_custom_interfaces/hook/ld_library_path_lib.dsv'
[4.845s] INFO:colcon.colcon_core.shell:Creating environment hook '/home/alaa/ros2_ws/install/my_custom_interfaces/share/my_custom_interfaces/hook/ld_library_path_lib.sh'
[4.845s] Level 1:colcon.colcon_core.environment:checking '/home/alaa/ros2_ws/install/my_custom_interfaces/bin'
[4.845s] Level 1:colcon.colcon_core.environment:checking '/home/alaa/ros2_ws/install/my_custom_interfaces/lib/pkgconfig/my_custom_interfaces.pc'
[4.846s] Level 1:colcon.colcon_core.environment:checking '/home/alaa/ros2_ws/install/my_custom_interfaces/lib/python3.10/site-packages'
[4.846s] Level 1:colcon.colcon_core.environment:checking '/home/alaa/ros2_ws/install/my_custom_interfaces/bin'
[4.846s] INFO:colcon.colcon_core.shell:Creating package script '/home/alaa/ros2_ws/install/my_custom_interfaces/share/my_custom_interfaces/package.ps1'
[4.847s] INFO:colcon.colcon_core.shell:Creating package descriptor '/home/alaa/ros2_ws/install/my_custom_interfaces/share/my_custom_interfaces/package.dsv'
[4.848s] INFO:colcon.colcon_core.shell:Creating package script '/home/alaa/ros2_ws/install/my_custom_interfaces/share/my_custom_interfaces/package.sh'
[4.848s] INFO:colcon.colcon_core.shell:Creating package script '/home/alaa/ros2_ws/install/my_custom_interfaces/share/my_custom_interfaces/package.bash'
[4.849s] INFO:colcon.colcon_core.shell:Creating package script '/home/alaa/ros2_ws/install/my_custom_interfaces/share/my_custom_interfaces/package.zsh'
[4.849s] Level 1:colcon.colcon_core.environment:create_file_with_runtime_dependencies(/home/alaa/ros2_ws/install/my_custom_interfaces/share/colcon-core/packages/my_custom_interfaces)
[4.850s] INFO:colcon.colcon_ros.task.ament_cmake.build:Building ROS package in '/home/alaa/ros2_ws/src/cpp_pubsub' with build type 'ament_cmake'
[4.850s] INFO:colcon.colcon_cmake.task.cmake.build:Building CMake package in '/home/alaa/ros2_ws/src/cpp_pubsub'
[4.850s] INFO:colcon.colcon_core.shell:Skip shell extension 'powershell' for command environment: Not usable outside of PowerShell
[4.850s] DEBUG:colcon.colcon_core.shell:Skip shell extension 'dsv' for command environment
[4.854s] INFO:colcon.colcon_ros.task.ament_cmake.build:Building ROS package in '/home/alaa/ros2_ws/src/cpp_service_demo' with build type 'ament_cmake'
[4.854s] INFO:colcon.colcon_cmake.task.cmake.build:Building CMake package in '/home/alaa/ros2_ws/src/cpp_service_demo'
[4.855s] INFO:colcon.colcon_core.shell:Skip shell extension 'powershell' for command environment: Not usable outside of PowerShell
[4.855s] DEBUG:colcon.colcon_core.shell:Skip shell extension 'dsv' for command environment
[4.905s] DEBUG:colcon.colcon_core.event_handler.log_command:Invoking command in '/home/alaa/ros2_ws/build/cpp_service_demo': CMAKE_PREFIX_PATH=/home/alaa/ros2_ws/install/my_custom_interfaces:/home/alaa/ros2_ws/install/more_interfaces:/home/alaa/ros2_ws/install/cpp_service_demo:/home/alaa/ros2_ws/install/cpp_pubsub:/opt/ros/humble LD_LIBRARY_PATH=/home/alaa/ros2_ws/install/my_custom_interfaces/lib:/home/alaa/ros2_ws/install/more_interfaces/lib:/opt/ros/humble/opt/rviz_ogre_vendor/lib:/opt/ros/humble/lib/x86_64-linux-gnu:/opt/ros/humble/lib /usr/bin/cmake --build /home/alaa/ros2_ws/build/cpp_service_demo -- -j8 -l8
[4.915s] DEBUG:colcon.colcon_core.event_handler.log_command:Invoking command in '/home/alaa/ros2_ws/build/cpp_pubsub': CMAKE_PREFIX_PATH=/home/alaa/ros2_ws/install/my_custom_interfaces:/home/alaa/ros2_ws/install/more_interfaces:/home/alaa/ros2_ws/install/cpp_service_demo:/home/alaa/ros2_ws/install/cpp_pubsub:/opt/ros/humble LD_LIBRARY_PATH=/home/alaa/ros2_ws/install/my_custom_interfaces/lib:/home/alaa/ros2_ws/install/more_interfaces/lib:/opt/ros/humble/opt/rviz_ogre_vendor/lib:/opt/ros/humble/lib/x86_64-linux-gnu:/opt/ros/humble/lib /usr/bin/cmake --build /home/alaa/ros2_ws/build/cpp_pubsub -- -j8 -l8
[5.025s] DEBUG:colcon.colcon_core.event_handler.log_command:Invoked command in '/home/alaa/ros2_ws/build/cpp_service_demo' returned '0': CMAKE_PREFIX_PATH=/home/alaa/ros2_ws/install/my_custom_interfaces:/home/alaa/ros2_ws/install/more_interfaces:/home/alaa/ros2_ws/install/cpp_service_demo:/home/alaa/ros2_ws/install/cpp_pubsub:/opt/ros/humble LD_LIBRARY_PATH=/home/alaa/ros2_ws/install/my_custom_interfaces/lib:/home/alaa/ros2_ws/install/more_interfaces/lib:/opt/ros/humble/opt/rviz_ogre_vendor/lib:/opt/ros/humble/lib/x86_64-linux-gnu:/opt/ros/humble/lib /usr/bin/cmake --build /home/alaa/ros2_ws/build/cpp_service_demo -- -j8 -l8
[5.026s] DEBUG:colcon.colcon_core.event_handler.log_command:Invoking command in '/home/alaa/ros2_ws/build/cpp_service_demo': CMAKE_PREFIX_PATH=/home/alaa/ros2_ws/install/my_custom_interfaces:/home/alaa/ros2_ws/install/more_interfaces:/home/alaa/ros2_ws/install/cpp_service_demo:/home/alaa/ros2_ws/install/cpp_pubsub:/opt/ros/humble LD_LIBRARY_PATH=/home/alaa/ros2_ws/install/my_custom_interfaces/lib:/home/alaa/ros2_ws/install/more_interfaces/lib:/opt/ros/humble/opt/rviz_ogre_vendor/lib:/opt/ros/humble/lib/x86_64-linux-gnu:/opt/ros/humble/lib /usr/bin/cmake --install /home/alaa/ros2_ws/build/cpp_service_demo
[5.051s] DEBUG:colcon.colcon_core.event_handler.log_command:Invoked command in '/home/alaa/ros2_ws/build/cpp_pubsub' returned '0': CMAKE_PREFIX_PATH=/home/alaa/ros2_ws/install/my_custom_interfaces:/home/alaa/ros2_ws/install/more_interfaces:/home/alaa/ros2_ws/install/cpp_service_demo:/home/alaa/ros2_ws/install/cpp_pubsub:/opt/ros/humble LD_LIBRARY_PATH=/home/alaa/ros2_ws/install/my_custom_interfaces/lib:/home/alaa/ros2_ws/install/more_interfaces/lib:/opt/ros/humble/opt/rviz_ogre_vendor/lib:/opt/ros/humble/lib/x86_64-linux-gnu:/opt/ros/humble/lib /usr/bin/cmake --build /home/alaa/ros2_ws/build/cpp_pubsub -- -j8 -l8
[5.052s] DEBUG:colcon.colcon_core.event_handler.log_command:Invoking command in '/home/alaa/ros2_ws/build/cpp_pubsub': CMAKE_PREFIX_PATH=/home/alaa/ros2_ws/install/my_custom_interfaces:/home/alaa/ros2_ws/install/more_interfaces:/home/alaa/ros2_ws/install/cpp_service_demo:/home/alaa/ros2_ws/install/cpp_pubsub:/opt/ros/humble LD_LIBRARY_PATH=/home/alaa/ros2_ws/install/my_custom_interfaces/lib:/home/alaa/ros2_ws/install/more_interfaces/lib:/opt/ros/humble/opt/rviz_ogre_vendor/lib:/opt/ros/humble/lib/x86_64-linux-gnu:/opt/ros/humble/lib /usr/bin/cmake --install /home/alaa/ros2_ws/build/cpp_pubsub
[5.053s] Level 1:colcon.colcon_core.environment:create_environment_scripts_only(cpp_service_demo)
[5.054s] Level 1:colcon.colcon_core.environment:checking '/home/alaa/ros2_ws/install/cpp_service_demo' for CMake module files
[5.054s] DEBUG:colcon.colcon_core.event_handler.log_command:Invoked command in '/home/alaa/ros2_ws/build/cpp_service_demo' returned '0': CMAKE_PREFIX_PATH=/home/alaa/ros2_ws/install/my_custom_interfaces:/home/alaa/ros2_ws/install/more_interfaces:/home/alaa/ros2_ws/install/cpp_service_demo:/home/alaa/ros2_ws/install/cpp_pubsub:/opt/ros/humble LD_LIBRARY_PATH=/home/alaa/ros2_ws/install/my_custom_interfaces/lib:/home/alaa/ros2_ws/install/more_interfaces/lib:/opt/ros/humble/opt/rviz_ogre_vendor/lib:/opt/ros/humble/lib/x86_64-linux-gnu:/opt/ros/humble/lib /usr/bin/cmake --install /home/alaa/ros2_ws/build/cpp_service_demo
[5.054s] Level 1:colcon.colcon_core.environment:checking '/home/alaa/ros2_ws/install/cpp_service_demo' for CMake config files
[5.055s] Level 1:colcon.colcon_core.shell:create_environment_hook('cpp_service_demo', 'cmake_prefix_path')
[5.055s] INFO:colcon.colcon_core.shell:Creating environment hook '/home/alaa/ros2_ws/install/cpp_service_demo/share/cpp_service_demo/hook/cmake_prefix_path.ps1'
[5.056s] INFO:colcon.colcon_core.shell:Creating environment descriptor '/home/alaa/ros2_ws/install/cpp_service_demo/share/cpp_service_demo/hook/cmake_prefix_path.dsv'
[5.056s] INFO:colcon.colcon_core.shell:Creating environment hook '/home/alaa/ros2_ws/install/cpp_service_demo/share/cpp_service_demo/hook/cmake_prefix_path.sh'
[5.057s] Level 1:colcon.colcon_core.environment:checking '/home/alaa/ros2_ws/install/cpp_service_demo/lib'
[5.057s] Level 1:colcon.colcon_core.environment:checking '/home/alaa/ros2_ws/install/cpp_service_demo/bin'
[5.057s] Level 1:colcon.colcon_core.environment:checking '/home/alaa/ros2_ws/install/cpp_service_demo/lib/pkgconfig/cpp_service_demo.pc'
[5.057s] Level 1:colcon.colcon_core.environment:checking '/home/alaa/ros2_ws/install/cpp_service_demo/lib/python3.10/site-packages'
[5.058s] Level 1:colcon.colcon_core.environment:checking '/home/alaa/ros2_ws/install/cpp_service_demo/bin'
[5.058s] INFO:colcon.colcon_core.shell:Creating package script '/home/alaa/ros2_ws/install/cpp_service_demo/share/cpp_service_demo/package.ps1'
[5.059s] INFO:colcon.colcon_core.shell:Creating package descriptor '/home/alaa/ros2_ws/install/cpp_service_demo/share/cpp_service_demo/package.dsv'
[5.059s] INFO:colcon.colcon_core.shell:Creating package script '/home/alaa/ros2_ws/install/cpp_service_demo/share/cpp_service_demo/package.sh'
[5.060s] INFO:colcon.colcon_core.shell:Creating package script '/home/alaa/ros2_ws/install/cpp_service_demo/share/cpp_service_demo/package.bash'
[5.060s] INFO:colcon.colcon_core.shell:Creating package script '/home/alaa/ros2_ws/install/cpp_service_demo/share/cpp_service_demo/package.zsh'
[5.061s] Level 1:colcon.colcon_core.environment:create_file_with_runtime_dependencies(/home/alaa/ros2_ws/install/cpp_service_demo/share/colcon-core/packages/cpp_service_demo)
[5.062s] Level 1:colcon.colcon_core.environment:create_environment_scripts_only(cpp_service_demo)
[5.063s] Level 1:colcon.colcon_core.environment:checking '/home/alaa/ros2_ws/install/cpp_service_demo' for CMake module files
[5.065s] Level 1:colcon.colcon_core.environment:checking '/home/alaa/ros2_ws/install/cpp_service_demo' for CMake config files
[5.066s] Level 1:colcon.colcon_core.shell:create_environment_hook('cpp_service_demo', 'cmake_prefix_path')
[5.066s] INFO:colcon.colcon_core.shell:Creating environment hook '/home/alaa/ros2_ws/install/cpp_service_demo/share/cpp_service_demo/hook/cmake_prefix_path.ps1'
[5.066s] INFO:colcon.colcon_core.shell:Creating environment descriptor '/home/alaa/ros2_ws/install/cpp_service_demo/share/cpp_service_demo/hook/cmake_prefix_path.dsv'
[5.067s] INFO:colcon.colcon_core.shell:Creating environment hook '/home/alaa/ros2_ws/install/cpp_service_demo/share/cpp_service_demo/hook/cmake_prefix_path.sh'
[5.068s] Level 1:colcon.colcon_core.environment:checking '/home/alaa/ros2_ws/install/cpp_service_demo/lib'
[5.068s] Level 1:colcon.colcon_core.environment:checking '/home/alaa/ros2_ws/install/cpp_service_demo/bin'
[5.068s] Level 1:colcon.colcon_core.environment:checking '/home/alaa/ros2_ws/install/cpp_service_demo/lib/pkgconfig/cpp_service_demo.pc'
[5.068s] Level 1:colcon.colcon_core.environment:checking '/home/alaa/ros2_ws/install/cpp_service_demo/lib/python3.10/site-packages'
[5.068s] Level 1:colcon.colcon_core.environment:checking '/home/alaa/ros2_ws/install/cpp_service_demo/bin'
[5.069s] INFO:colcon.colcon_core.shell:Creating package script '/home/alaa/ros2_ws/install/cpp_service_demo/share/cpp_service_demo/package.ps1'
[5.069s] INFO:colcon.colcon_core.shell:Creating package descriptor '/home/alaa/ros2_ws/install/cpp_service_demo/share/cpp_service_demo/package.dsv'
[5.070s] INFO:colcon.colcon_core.shell:Creating package script '/home/alaa/ros2_ws/install/cpp_service_demo/share/cpp_service_demo/package.sh'
[5.071s] INFO:colcon.colcon_core.shell:Creating package script '/home/alaa/ros2_ws/install/cpp_service_demo/share/cpp_service_demo/package.bash'
[5.071s] INFO:colcon.colcon_core.shell:Creating package script '/home/alaa/ros2_ws/install/cpp_service_demo/share/cpp_service_demo/package.zsh'
[5.072s] Level 1:colcon.colcon_core.environment:create_file_with_runtime_dependencies(/home/alaa/ros2_ws/install/cpp_service_demo/share/colcon-core/packages/cpp_service_demo)
[5.076s] Level 1:colcon.colcon_core.environment:create_environment_scripts_only(cpp_pubsub)
[5.077s] Level 1:colcon.colcon_core.environment:checking '/home/alaa/ros2_ws/install/cpp_pubsub' for CMake module files
[5.078s] DEBUG:colcon.colcon_core.event_handler.log_command:Invoked command in '/home/alaa/ros2_ws/build/cpp_pubsub' returned '0': CMAKE_PREFIX_PATH=/home/alaa/ros2_ws/install/my_custom_interfaces:/home/alaa/ros2_ws/install/more_interfaces:/home/alaa/ros2_ws/install/cpp_service_demo:/home/alaa/ros2_ws/install/cpp_pubsub:/opt/ros/humble LD_LIBRARY_PATH=/home/alaa/ros2_ws/install/my_custom_interfaces/lib:/home/alaa/ros2_ws/install/more_interfaces/lib:/opt/ros/humble/opt/rviz_ogre_vendor/lib:/opt/ros/humble/lib/x86_64-linux-gnu:/opt/ros/humble/lib /usr/bin/cmake --install /home/alaa/ros2_ws/build/cpp_pubsub
[5.078s] Level 1:colcon.colcon_core.environment:checking '/home/alaa/ros2_ws/install/cpp_pubsub' for CMake config files
[5.078s] Level 1:colcon.colcon_core.shell:create_environment_hook('cpp_pubsub', 'cmake_prefix_path')
[5.079s] INFO:colcon.colcon_core.shell:Creating environment hook '/home/alaa/ros2_ws/install/cpp_pubsub/share/cpp_pubsub/hook/cmake_prefix_path.ps1'
[5.079s] INFO:colcon.colcon_core.shell:Creating environment descriptor '/home/alaa/ros2_ws/install/cpp_pubsub/share/cpp_pubsub/hook/cmake_prefix_path.dsv'
[5.080s] INFO:colcon.colcon_core.shell:Creating environment hook '/home/alaa/ros2_ws/install/cpp_pubsub/share/cpp_pubsub/hook/cmake_prefix_path.sh'
[5.080s] Level 1:colcon.colcon_core.environment:checking '/home/alaa/ros2_ws/install/cpp_pubsub/lib'
[5.080s] Level 1:colcon.colcon_core.environment:checking '/home/alaa/ros2_ws/install/cpp_pubsub/bin'
[5.080s] Level 1:colcon.colcon_core.environment:checking '/home/alaa/ros2_ws/install/cpp_pubsub/lib/pkgconfig/cpp_pubsub.pc'
[5.081s] Level 1:colcon.colcon_core.environment:checking '/home/alaa/ros2_ws/install/cpp_pubsub/lib/python3.10/site-packages'
[5.081s] Level 1:colcon.colcon_core.environment:checking '/home/alaa/ros2_ws/install/cpp_pubsub/bin'
[5.081s] INFO:colcon.colcon_core.shell:Creating package script '/home/alaa/ros2_ws/install/cpp_pubsub/share/cpp_pubsub/package.ps1'
[5.082s] INFO:colcon.colcon_core.shell:Creating package descriptor '/home/alaa/ros2_ws/install/cpp_pubsub/share/cpp_pubsub/package.dsv'
[5.082s] INFO:colcon.colcon_core.shell:Creating package script '/home/alaa/ros2_ws/install/cpp_pubsub/share/cpp_pubsub/package.sh'
[5.083s] INFO:colcon.colcon_core.shell:Creating package script '/home/alaa/ros2_ws/install/cpp_pubsub/share/cpp_pubsub/package.bash'
[5.083s] INFO:colcon.colcon_core.shell:Creating package script '/home/alaa/ros2_ws/install/cpp_pubsub/share/cpp_pubsub/package.zsh'
[5.084s] Level 1:colcon.colcon_core.environment:create_file_with_runtime_dependencies(/home/alaa/ros2_ws/install/cpp_pubsub/share/colcon-core/packages/cpp_pubsub)
[5.085s] Level 1:colcon.colcon_core.environment:create_environment_scripts_only(cpp_pubsub)
[5.085s] Level 1:colcon.colcon_core.environment:checking '/home/alaa/ros2_ws/install/cpp_pubsub' for CMake module files
[5.086s] Level 1:colcon.colcon_core.environment:checking '/home/alaa/ros2_ws/install/cpp_pubsub' for CMake config files
[5.086s] Level 1:colcon.colcon_core.shell:create_environment_hook('cpp_pubsub', 'cmake_prefix_path')
[5.086s] INFO:colcon.colcon_core.shell:Creating environment hook '/home/alaa/ros2_ws/install/cpp_pubsub/share/cpp_pubsub/hook/cmake_prefix_path.ps1'
[5.087s] INFO:colcon.colcon_core.shell:Creating environment descriptor '/home/alaa/ros2_ws/install/cpp_pubsub/share/cpp_pubsub/hook/cmake_prefix_path.dsv'
[5.087s] INFO:colcon.colcon_core.shell:Creating environment hook '/home/alaa/ros2_ws/install/cpp_pubsub/share/cpp_pubsub/hook/cmake_prefix_path.sh'
[5.088s] Level 1:colcon.colcon_core.environment:checking '/home/alaa/ros2_ws/install/cpp_pubsub/lib'
[5.088s] Level 1:colcon.colcon_core.environment:checking '/home/alaa/ros2_ws/install/cpp_pubsub/bin'
[5.088s] Level 1:colcon.colcon_core.environment:checking '/home/alaa/ros2_ws/install/cpp_pubsub/lib/pkgconfig/cpp_pubsub.pc'
[5.088s] Level 1:colcon.colcon_core.environment:checking '/home/alaa/ros2_ws/install/cpp_pubsub/lib/python3.10/site-packages'
[5.088s] Level 1:colcon.colcon_core.environment:checking '/home/alaa/ros2_ws/install/cpp_pubsub/bin'
[5.089s] INFO:colcon.colcon_core.shell:Creating package script '/home/alaa/ros2_ws/install/cpp_pubsub/share/cpp_pubsub/package.ps1'
[5.089s] INFO:colcon.colcon_core.shell:Creating package descriptor '/home/alaa/ros2_ws/install/cpp_pubsub/share/cpp_pubsub/package.dsv'
[5.090s] INFO:colcon.colcon_core.shell:Creating package script '/home/alaa/ros2_ws/install/cpp_pubsub/share/cpp_pubsub/package.sh'
[5.091s] INFO:colcon.colcon_core.shell:Creating package script '/home/alaa/ros2_ws/install/cpp_pubsub/share/cpp_pubsub/package.bash'
[5.091s] INFO:colcon.colcon_core.shell:Creating package script '/home/alaa/ros2_ws/install/cpp_pubsub/share/cpp_pubsub/package.zsh'
[5.092s] Level 1:colcon.colcon_core.environment:create_file_with_runtime_dependencies(/home/alaa/ros2_ws/install/cpp_pubsub/share/colcon-core/packages/cpp_pubsub)
[6.069s] DEBUG:colcon.colcon_core.event_handler.log_command:Invoked command in '/home/alaa/ros2_ws/build/more_interfaces' returned '2': CMAKE_PREFIX_PATH=${CMAKE_PREFIX_PATH}:/opt/ros/humble /usr/bin/cmake --build /home/alaa/ros2_ws/build/more_interfaces -- -j8 -l8
[6.070s] Level 1:colcon.colcon_core.environment:create_environment_scripts_only(more_interfaces)
[6.070s] Level 1:colcon.colcon_core.environment:checking '/home/alaa/ros2_ws/install/more_interfaces' for CMake module files
[6.071s] Level 1:colcon.colcon_core.environment:checking '/home/alaa/ros2_ws/install/more_interfaces' for CMake config files
[6.072s] Level 1:colcon.colcon_core.shell:create_environment_hook('more_interfaces', 'cmake_prefix_path')
[6.072s] INFO:colcon.colcon_core.shell:Creating environment hook '/home/alaa/ros2_ws/install/more_interfaces/share/more_interfaces/hook/cmake_prefix_path.ps1'
[6.073s] INFO:colcon.colcon_core.shell:Creating environment descriptor '/home/alaa/ros2_ws/install/more_interfaces/share/more_interfaces/hook/cmake_prefix_path.dsv'
[6.073s] INFO:colcon.colcon_core.shell:Creating environment hook '/home/alaa/ros2_ws/install/more_interfaces/share/more_interfaces/hook/cmake_prefix_path.sh'
[6.074s] Level 1:colcon.colcon_core.environment:checking '/home/alaa/ros2_ws/install/more_interfaces/lib'
[6.074s] Level 1:colcon.colcon_core.shell:create_environment_hook('more_interfaces', 'ld_library_path_lib')
[6.074s] INFO:colcon.colcon_core.shell:Creating environment hook '/home/alaa/ros2_ws/install/more_interfaces/share/more_interfaces/hook/ld_library_path_lib.ps1'
[6.075s] INFO:colcon.colcon_core.shell:Creating environment descriptor '/home/alaa/ros2_ws/install/more_interfaces/share/more_interfaces/hook/ld_library_path_lib.dsv'
[6.075s] INFO:colcon.colcon_core.shell:Creating environment hook '/home/alaa/ros2_ws/install/more_interfaces/share/more_interfaces/hook/ld_library_path_lib.sh'
[6.075s] Level 1:colcon.colcon_core.environment:checking '/home/alaa/ros2_ws/install/more_interfaces/bin'
[6.076s] Level 1:colcon.colcon_core.environment:checking '/home/alaa/ros2_ws/install/more_interfaces/lib/pkgconfig/more_interfaces.pc'
[6.076s] Level 1:colcon.colcon_core.environment:checking '/home/alaa/ros2_ws/install/more_interfaces/lib/python3.10/site-packages'
[6.076s] Level 1:colcon.colcon_core.environment:checking '/home/alaa/ros2_ws/install/more_interfaces/bin'
[6.076s] INFO:colcon.colcon_core.shell:Creating package script '/home/alaa/ros2_ws/install/more_interfaces/share/more_interfaces/package.ps1'
[6.077s] INFO:colcon.colcon_core.shell:Creating package descriptor '/home/alaa/ros2_ws/install/more_interfaces/share/more_interfaces/package.dsv'
[6.078s] INFO:colcon.colcon_core.shell:Creating package script '/home/alaa/ros2_ws/install/more_interfaces/share/more_interfaces/package.sh'
[6.078s] INFO:colcon.colcon_core.shell:Creating package script '/home/alaa/ros2_ws/install/more_interfaces/share/more_interfaces/package.bash'
[6.079s] INFO:colcon.colcon_core.shell:Creating package script '/home/alaa/ros2_ws/install/more_interfaces/share/more_interfaces/package.zsh'
[6.079s] Level 1:colcon.colcon_core.environment:create_file_with_runtime_dependencies(/home/alaa/ros2_ws/install/more_interfaces/share/colcon-core/packages/more_interfaces)
[6.090s] DEBUG:colcon.colcon_parallel_executor.executor.parallel:closing loop
[6.090s] DEBUG:colcon.colcon_parallel_executor.executor.parallel:loop closed
[6.090s] DEBUG:colcon.colcon_parallel_executor.executor.parallel:run_until_complete finished with '2'
[6.090s] DEBUG:colcon.colcon_core.event_reactor:joining thread
[6.101s] INFO:colcon.colcon_core.plugin_system:Skipping extension 'colcon_notification.desktop_notification.terminal_notifier': Not used on non-Darwin systems
[6.102s] INFO:colcon.colcon_core.plugin_system:Skipping extension 'colcon_notification.desktop_notification.win32': Not used on non-Windows systems
[6.102s] INFO:colcon.colcon_notification.desktop_notification:Sending desktop notification using 'notify2'
[6.124s] DEBUG:colcon.colcon_core.event_reactor:joined thread
[6.125s] INFO:colcon.colcon_core.shell:Creating prefix script '/home/alaa/ros2_ws/install/local_setup.ps1'
[6.127s] INFO:colcon.colcon_core.shell:Creating prefix util module '/home/alaa/ros2_ws/install/_local_setup_util_ps1.py'
[6.129s] INFO:colcon.colcon_core.shell:Creating prefix chain script '/home/alaa/ros2_ws/install/setup.ps1'
[6.131s] INFO:colcon.colcon_core.shell:Creating prefix script '/home/alaa/ros2_ws/install/local_setup.sh'
[6.131s] INFO:colcon.colcon_core.shell:Creating prefix util module '/home/alaa/ros2_ws/install/_local_setup_util_sh.py'
[6.132s] INFO:colcon.colcon_core.shell:Creating prefix chain script '/home/alaa/ros2_ws/install/setup.sh'
[6.134s] INFO:colcon.colcon_core.shell:Creating prefix script '/home/alaa/ros2_ws/install/local_setup.bash'
[6.134s] INFO:colcon.colcon_core.shell:Creating prefix chain script '/home/alaa/ros2_ws/install/setup.bash'
[6.136s] INFO:colcon.colcon_core.shell:Creating prefix script '/home/alaa/ros2_ws/install/local_setup.zsh'
[6.136s] INFO:colcon.colcon_core.shell:Creating prefix chain script '/home/alaa/ros2_ws/install/setup.zsh'
