[0.135s] DEBUG:colcon:Command line arguments: ['/usr/bin/colcon', 'build', '--symlink-install']
[0.135s] DEBUG:colcon:Parsed command line arguments: Namespace(log_base=None, log_level=None, verb_name='build', build_base='build', install_base='install', merge_install=False, symlink_install=True, test_result_base=None, continue_on_error=False, executor='parallel', parallel_workers=8, event_handlers=None, ignore_user_meta=False, metas=['./colcon.meta'], base_paths=['.'], packages_ignore=None, packages_ignore_regex=None, paths=None, packages_up_to=None, packages_up_to_regex=None, packages_above=None, packages_above_and_dependencies=None, packages_above_depth=None, packages_select_by_dep=None, packages_skip_by_dep=None, packages_skip_up_to=None, packages_select_build_failed=False, packages_skip_build_finished=False, packages_select_test_failures=False, packages_skip_test_passed=False, packages_select=None, packages_skip=None, packages_select_regex=None, packages_skip_regex=None, packages_start=None, packages_end=None, allow_overriding=[], cmake_args=None, cmake_target=None, cmake_target_skip_unavailable=False, cmake_clean_cache=False, cmake_clean_first=False, cmake_force_configure=False, ament_cmake_args=None, catkin_cmake_args=None, catkin_skip_building_tests=False, verb_parser=<colcon_defaults.argument_parser.defaults.DefaultArgumentsDecorator object at 0x79faa039f0a0>, verb_extension=<colcon_core.verb.build.BuildVerb object at 0x79faa05d49a0>, main=<bound method BuildVerb.main of <colcon_core.verb.build.BuildVerb object at 0x79faa05d49a0>>)
[0.344s] Level 1:colcon.colcon_core.package_discovery:discover_packages(colcon_meta) check parameters
[0.344s] Level 1:colcon.colcon_core.package_discovery:discover_packages(recursive) check parameters
[0.344s] Level 1:colcon.colcon_core.package_discovery:discover_packages(ignore) check parameters
[0.344s] Level 1:colcon.colcon_core.package_discovery:discover_packages(path) check parameters
[0.344s] Level 1:colcon.colcon_core.package_discovery:discover_packages(colcon_meta) discover
[0.344s] Level 1:colcon.colcon_core.package_discovery:discover_packages(recursive) discover
[0.344s] INFO:colcon.colcon_core.package_discovery:Crawling recursively for packages in '/home/alaa/ros2_ws'
[0.344s] Level 1:colcon.colcon_core.package_identification:_identify(.) by extensions ['ignore', 'ignore_ament_install']
[0.344s] Level 1:colcon.colcon_core.package_identification:_identify(.) by extension 'ignore'
[0.344s] Level 1:colcon.colcon_core.package_identification:_identify(.) by extension 'ignore_ament_install'
[0.345s] Level 1:colcon.colcon_core.package_identification:_identify(.) by extensions ['colcon_pkg']
[0.345s] Level 1:colcon.colcon_core.package_identification:_identify(.) by extension 'colcon_pkg'
[0.345s] Level 1:colcon.colcon_core.package_identification:_identify(.) by extensions ['colcon_meta']
[0.345s] Level 1:colcon.colcon_core.package_identification:_identify(.) by extension 'colcon_meta'
[0.345s] Level 1:colcon.colcon_core.package_identification:_identify(.) by extensions ['ros']
[0.345s] Level 1:colcon.colcon_core.package_identification:_identify(.) by extension 'ros'
[0.359s] Level 1:colcon.colcon_core.package_identification:_identify(.) by extensions ['cmake', 'python']
[0.360s] Level 1:colcon.colcon_core.package_identification:_identify(.) by extension 'cmake'
[0.360s] Level 1:colcon.colcon_core.package_identification:_identify(.) by extension 'python'
[0.360s] Level 1:colcon.colcon_core.package_identification:_identify(.) by extensions ['python_setup_py']
[0.360s] Level 1:colcon.colcon_core.package_identification:_identify(.) by extension 'python_setup_py'
[0.360s] Level 1:colcon.colcon_core.package_identification:_identify(build) by extensions ['ignore', 'ignore_ament_install']
[0.360s] Level 1:colcon.colcon_core.package_identification:_identify(build) by extension 'ignore'
[0.360s] Level 1:colcon.colcon_core.package_identification:_identify(build) ignored
[0.360s] Level 1:colcon.colcon_core.package_identification:_identify(install) by extensions ['ignore', 'ignore_ament_install']
[0.360s] Level 1:colcon.colcon_core.package_identification:_identify(install) by extension 'ignore'
[0.360s] Level 1:colcon.colcon_core.package_identification:_identify(install) ignored
[0.361s] Level 1:colcon.colcon_core.package_identification:_identify(log) by extensions ['ignore', 'ignore_ament_install']
[0.361s] Level 1:colcon.colcon_core.package_identification:_identify(log) by extension 'ignore'
[0.361s] Level 1:colcon.colcon_core.package_identification:_identify(log) ignored
[0.361s] Level 1:colcon.colcon_core.package_identification:_identify(src) by extensions ['ignore', 'ignore_ament_install']
[0.361s] Level 1:colcon.colcon_core.package_identification:_identify(src) by extension 'ignore'
[0.361s] Level 1:colcon.colcon_core.package_identification:_identify(src) by extension 'ignore_ament_install'
[0.361s] Level 1:colcon.colcon_core.package_identification:_identify(src) by extensions ['colcon_pkg']
[0.361s] Level 1:colcon.colcon_core.package_identification:_identify(src) by extension 'colcon_pkg'
[0.361s] Level 1:colcon.colcon_core.package_identification:_identify(src) by extensions ['colcon_meta']
[0.361s] Level 1:colcon.colcon_core.package_identification:_identify(src) by extension 'colcon_meta'
[0.361s] Level 1:colcon.colcon_core.package_identification:_identify(src) by extensions ['ros']
[0.361s] Level 1:colcon.colcon_core.package_identification:_identify(src) by extension 'ros'
[0.361s] Level 1:colcon.colcon_core.package_identification:_identify(src) by extensions ['cmake', 'python']
[0.361s] Level 1:colcon.colcon_core.package_identification:_identify(src) by extension 'cmake'
[0.361s] Level 1:colcon.colcon_core.package_identification:_identify(src) by extension 'python'
[0.362s] Level 1:colcon.colcon_core.package_identification:_identify(src) by extensions ['python_setup_py']
[0.362s] Level 1:colcon.colcon_core.package_identification:_identify(src) by extension 'python_setup_py'
[0.362s] Level 1:colcon.colcon_core.package_identification:_identify(src/cpp_pubsub) by extensions ['ignore', 'ignore_ament_install']
[0.362s] Level 1:colcon.colcon_core.package_identification:_identify(src/cpp_pubsub) by extension 'ignore'
[0.362s] Level 1:colcon.colcon_core.package_identification:_identify(src/cpp_pubsub) by extension 'ignore_ament_install'
[0.362s] Level 1:colcon.colcon_core.package_identification:_identify(src/cpp_pubsub) by extensions ['colcon_pkg']
[0.362s] Level 1:colcon.colcon_core.package_identification:_identify(src/cpp_pubsub) by extension 'colcon_pkg'
[0.362s] Level 1:colcon.colcon_core.package_identification:_identify(src/cpp_pubsub) by extensions ['colcon_meta']
[0.362s] Level 1:colcon.colcon_core.package_identification:_identify(src/cpp_pubsub) by extension 'colcon_meta'
[0.362s] Level 1:colcon.colcon_core.package_identification:_identify(src/cpp_pubsub) by extensions ['ros']
[0.362s] Level 1:colcon.colcon_core.package_identification:_identify(src/cpp_pubsub) by extension 'ros'
[0.365s] DEBUG:colcon.colcon_core.package_identification:Package 'src/cpp_pubsub' with type 'ros.ament_cmake' and name 'cpp_pubsub'
[0.365s] Level 1:colcon.colcon_core.package_identification:_identify(src/cpp_service_demo) by extensions ['ignore', 'ignore_ament_install']
[0.366s] Level 1:colcon.colcon_core.package_identification:_identify(src/cpp_service_demo) by extension 'ignore'
[0.366s] Level 1:colcon.colcon_core.package_identification:_identify(src/cpp_service_demo) by extension 'ignore_ament_install'
[0.366s] Level 1:colcon.colcon_core.package_identification:_identify(src/cpp_service_demo) by extensions ['colcon_pkg']
[0.366s] Level 1:colcon.colcon_core.package_identification:_identify(src/cpp_service_demo) by extension 'colcon_pkg'
[0.366s] Level 1:colcon.colcon_core.package_identification:_identify(src/cpp_service_demo) by extensions ['colcon_meta']
[0.366s] Level 1:colcon.colcon_core.package_identification:_identify(src/cpp_service_demo) by extension 'colcon_meta'
[0.366s] Level 1:colcon.colcon_core.package_identification:_identify(src/cpp_service_demo) by extensions ['ros']
[0.366s] Level 1:colcon.colcon_core.package_identification:_identify(src/cpp_service_demo) by extension 'ros'
[0.367s] DEBUG:colcon.colcon_core.package_identification:Package 'src/cpp_service_demo' with type 'ros.ament_cmake' and name 'cpp_service_demo'
[0.367s] Level 1:colcon.colcon_core.package_discovery:discover_packages(recursive) using defaults
[0.367s] Level 1:colcon.colcon_core.package_discovery:discover_packages(ignore) discover
[0.367s] Level 1:colcon.colcon_core.package_discovery:discover_packages(ignore) using defaults
[0.367s] Level 1:colcon.colcon_core.package_discovery:discover_packages(path) discover
[0.367s] Level 1:colcon.colcon_core.package_discovery:discover_packages(path) using defaults
[0.392s] Level 1:colcon.colcon_core.package_discovery:discover_packages(prefix_path) check parameters
[0.392s] Level 1:colcon.colcon_core.package_discovery:discover_packages(prefix_path) discover
[0.394s] DEBUG:colcon.colcon_installed_package_information.package_discovery:Found 2 installed packages in /home/alaa/ros2_ws/install
[0.396s] DEBUG:colcon.colcon_installed_package_information.package_discovery:Found 271 installed packages in /opt/ros/humble
[0.398s] Level 1:colcon.colcon_core.package_discovery:discover_packages(prefix_path) using defaults
[0.457s] Level 5:colcon.colcon_core.verb:set package 'cpp_pubsub' build argument 'cmake_args' from command line to 'None'
[0.457s] Level 5:colcon.colcon_core.verb:set package 'cpp_pubsub' build argument 'cmake_target' from command line to 'None'
[0.457s] Level 5:colcon.colcon_core.verb:set package 'cpp_pubsub' build argument 'cmake_target_skip_unavailable' from command line to 'False'
[0.457s] Level 5:colcon.colcon_core.verb:set package 'cpp_pubsub' build argument 'cmake_clean_cache' from command line to 'False'
[0.457s] Level 5:colcon.colcon_core.verb:set package 'cpp_pubsub' build argument 'cmake_clean_first' from command line to 'False'
[0.457s] Level 5:colcon.colcon_core.verb:set package 'cpp_pubsub' build argument 'cmake_force_configure' from command line to 'False'
[0.457s] Level 5:colcon.colcon_core.verb:set package 'cpp_pubsub' build argument 'ament_cmake_args' from command line to 'None'
[0.457s] Level 5:colcon.colcon_core.verb:set package 'cpp_pubsub' build argument 'catkin_cmake_args' from command line to 'None'
[0.457s] Level 5:colcon.colcon_core.verb:set package 'cpp_pubsub' build argument 'catkin_skip_building_tests' from command line to 'False'
[0.457s] DEBUG:colcon.colcon_core.verb:Building package 'cpp_pubsub' with the following arguments: {'ament_cmake_args': None, 'build_base': '/home/alaa/ros2_ws/build/cpp_pubsub', 'catkin_cmake_args': None, 'catkin_skip_building_tests': False, 'cmake_args': None, 'cmake_clean_cache': False, 'cmake_clean_first': False, 'cmake_force_configure': False, 'cmake_target': None, 'cmake_target_skip_unavailable': False, 'install_base': '/home/alaa/ros2_ws/install/cpp_pubsub', 'merge_install': False, 'path': '/home/alaa/ros2_ws/src/cpp_pubsub', 'symlink_install': True, 'test_result_base': None}
[0.458s] Level 5:colcon.colcon_core.verb:set package 'cpp_service_demo' build argument 'cmake_args' from command line to 'None'
[0.458s] Level 5:colcon.colcon_core.verb:set package 'cpp_service_demo' build argument 'cmake_target' from command line to 'None'
[0.458s] Level 5:colcon.colcon_core.verb:set package 'cpp_service_demo' build argument 'cmake_target_skip_unavailable' from command line to 'False'
[0.458s] Level 5:colcon.colcon_core.verb:set package 'cpp_service_demo' build argument 'cmake_clean_cache' from command line to 'False'
[0.458s] Level 5:colcon.colcon_core.verb:set package 'cpp_service_demo' build argument 'cmake_clean_first' from command line to 'False'
[0.458s] Level 5:colcon.colcon_core.verb:set package 'cpp_service_demo' build argument 'cmake_force_configure' from command line to 'False'
[0.458s] Level 5:colcon.colcon_core.verb:set package 'cpp_service_demo' build argument 'ament_cmake_args' from command line to 'None'
[0.458s] Level 5:colcon.colcon_core.verb:set package 'cpp_service_demo' build argument 'catkin_cmake_args' from command line to 'None'
[0.458s] Level 5:colcon.colcon_core.verb:set package 'cpp_service_demo' build argument 'catkin_skip_building_tests' from command line to 'False'
[0.458s] DEBUG:colcon.colcon_core.verb:Building package 'cpp_service_demo' with the following arguments: {'ament_cmake_args': None, 'build_base': '/home/alaa/ros2_ws/build/cpp_service_demo', 'catkin_cmake_args': None, 'catkin_skip_building_tests': False, 'cmake_args': None, 'cmake_clean_cache': False, 'cmake_clean_first': False, 'cmake_force_configure': False, 'cmake_target': None, 'cmake_target_skip_unavailable': False, 'install_base': '/home/alaa/ros2_ws/install/cpp_service_demo', 'merge_install': False, 'path': '/home/alaa/ros2_ws/src/cpp_service_demo', 'symlink_install': True, 'test_result_base': None}
[0.458s] INFO:colcon.colcon_core.executor:Executing jobs using 'parallel' executor
[0.459s] DEBUG:colcon.colcon_parallel_executor.executor.parallel:run_until_complete
[0.460s] INFO:colcon.colcon_ros.task.ament_cmake.build:Building ROS package in '/home/alaa/ros2_ws/src/cpp_pubsub' with build type 'ament_cmake'
[0.460s] INFO:colcon.colcon_cmake.task.cmake.build:Building CMake package in '/home/alaa/ros2_ws/src/cpp_pubsub'
[0.462s] INFO:colcon.colcon_core.plugin_system:Skipping extension 'colcon_core.shell.bat': Not used on non-Windows systems
[0.462s] INFO:colcon.colcon_core.shell:Skip shell extension 'powershell' for command environment: Not usable outside of PowerShell
[0.462s] DEBUG:colcon.colcon_core.shell:Skip shell extension 'dsv' for command environment
[0.466s] INFO:colcon.colcon_ros.task.ament_cmake.build:Building ROS package in '/home/alaa/ros2_ws/src/cpp_service_demo' with build type 'ament_cmake'
[0.466s] INFO:colcon.colcon_cmake.task.cmake.build:Building CMake package in '/home/alaa/ros2_ws/src/cpp_service_demo'
[0.466s] INFO:colcon.colcon_core.shell:Skip shell extension 'powershell' for command environment: Not usable outside of PowerShell
[0.467s] DEBUG:colcon.colcon_core.shell:Skip shell extension 'dsv' for command environment
[0.476s] DEBUG:colcon.colcon_core.event_handler.log_command:Invoking command in '/home/alaa/ros2_ws/build/cpp_pubsub': CMAKE_PREFIX_PATH=${CMAKE_PREFIX_PATH}:/opt/ros/humble /usr/bin/cmake --build /home/alaa/ros2_ws/build/cpp_pubsub -- -j8 -l8
[0.480s] DEBUG:colcon.colcon_core.event_handler.log_command:Invoking command in '/home/alaa/ros2_ws/build/cpp_service_demo': CMAKE_PREFIX_PATH=${CMAKE_PREFIX_PATH}:/opt/ros/humble /usr/bin/cmake --build /home/alaa/ros2_ws/build/cpp_service_demo -- -j8 -l8
[0.547s] DEBUG:colcon.colcon_core.event_handler.log_command:Invoked command in '/home/alaa/ros2_ws/build/cpp_pubsub' returned '0': CMAKE_PREFIX_PATH=${CMAKE_PREFIX_PATH}:/opt/ros/humble /usr/bin/cmake --build /home/alaa/ros2_ws/build/cpp_pubsub -- -j8 -l8
[0.558s] DEBUG:colcon.colcon_core.event_handler.log_command:Invoking command in '/home/alaa/ros2_ws/build/cpp_pubsub': CMAKE_PREFIX_PATH=${CMAKE_PREFIX_PATH}:/opt/ros/humble /usr/bin/cmake --install /home/alaa/ros2_ws/build/cpp_pubsub
[0.581s] Level 1:colcon.colcon_core.environment:create_environment_scripts_only(cpp_pubsub)
[0.582s] DEBUG:colcon.colcon_core.event_handler.log_command:Invoked command in '/home/alaa/ros2_ws/build/cpp_pubsub' returned '0': CMAKE_PREFIX_PATH=${CMAKE_PREFIX_PATH}:/opt/ros/humble /usr/bin/cmake --install /home/alaa/ros2_ws/build/cpp_pubsub
[0.585s] Level 1:colcon.colcon_core.environment:checking '/home/alaa/ros2_ws/install/cpp_pubsub' for CMake module files
[0.585s] Level 1:colcon.colcon_core.environment:checking '/home/alaa/ros2_ws/install/cpp_pubsub' for CMake config files
[0.585s] Level 1:colcon.colcon_core.shell:create_environment_hook('cpp_pubsub', 'cmake_prefix_path')
[0.586s] INFO:colcon.colcon_core.shell:Creating environment hook '/home/alaa/ros2_ws/install/cpp_pubsub/share/cpp_pubsub/hook/cmake_prefix_path.ps1'
[0.587s] INFO:colcon.colcon_core.shell:Creating environment descriptor '/home/alaa/ros2_ws/install/cpp_pubsub/share/cpp_pubsub/hook/cmake_prefix_path.dsv'
[0.587s] INFO:colcon.colcon_core.shell:Creating environment hook '/home/alaa/ros2_ws/install/cpp_pubsub/share/cpp_pubsub/hook/cmake_prefix_path.sh'
[0.588s] Level 1:colcon.colcon_core.environment:checking '/home/alaa/ros2_ws/install/cpp_pubsub/lib'
[0.588s] Level 1:colcon.colcon_core.environment:checking '/home/alaa/ros2_ws/install/cpp_pubsub/bin'
[0.588s] Level 1:colcon.colcon_core.environment:checking '/home/alaa/ros2_ws/install/cpp_pubsub/lib/pkgconfig/cpp_pubsub.pc'
[0.589s] Level 1:colcon.colcon_core.environment:checking '/home/alaa/ros2_ws/install/cpp_pubsub/lib/python3.10/site-packages'
[0.589s] Level 1:colcon.colcon_core.environment:checking '/home/alaa/ros2_ws/install/cpp_pubsub/bin'
[0.590s] INFO:colcon.colcon_core.shell:Creating package script '/home/alaa/ros2_ws/install/cpp_pubsub/share/cpp_pubsub/package.ps1'
[0.591s] INFO:colcon.colcon_core.shell:Creating package descriptor '/home/alaa/ros2_ws/install/cpp_pubsub/share/cpp_pubsub/package.dsv'
[0.591s] INFO:colcon.colcon_core.shell:Creating package script '/home/alaa/ros2_ws/install/cpp_pubsub/share/cpp_pubsub/package.sh'
[0.592s] INFO:colcon.colcon_core.shell:Creating package script '/home/alaa/ros2_ws/install/cpp_pubsub/share/cpp_pubsub/package.bash'
[0.593s] INFO:colcon.colcon_core.shell:Creating package script '/home/alaa/ros2_ws/install/cpp_pubsub/share/cpp_pubsub/package.zsh'
[0.594s] Level 1:colcon.colcon_core.environment:create_file_with_runtime_dependencies(/home/alaa/ros2_ws/install/cpp_pubsub/share/colcon-core/packages/cpp_pubsub)
[0.595s] Level 1:colcon.colcon_core.environment:create_environment_scripts_only(cpp_pubsub)
[0.595s] Level 1:colcon.colcon_core.environment:checking '/home/alaa/ros2_ws/install/cpp_pubsub' for CMake module files
[0.596s] Level 1:colcon.colcon_core.environment:checking '/home/alaa/ros2_ws/install/cpp_pubsub' for CMake config files
[0.596s] Level 1:colcon.colcon_core.shell:create_environment_hook('cpp_pubsub', 'cmake_prefix_path')
[0.596s] INFO:colcon.colcon_core.shell:Creating environment hook '/home/alaa/ros2_ws/install/cpp_pubsub/share/cpp_pubsub/hook/cmake_prefix_path.ps1'
[0.607s] INFO:colcon.colcon_core.shell:Creating environment descriptor '/home/alaa/ros2_ws/install/cpp_pubsub/share/cpp_pubsub/hook/cmake_prefix_path.dsv'
[0.607s] INFO:colcon.colcon_core.shell:Creating environment hook '/home/alaa/ros2_ws/install/cpp_pubsub/share/cpp_pubsub/hook/cmake_prefix_path.sh'
[0.608s] Level 1:colcon.colcon_core.environment:checking '/home/alaa/ros2_ws/install/cpp_pubsub/lib'
[0.608s] Level 1:colcon.colcon_core.environment:checking '/home/alaa/ros2_ws/install/cpp_pubsub/bin'
[0.608s] Level 1:colcon.colcon_core.environment:checking '/home/alaa/ros2_ws/install/cpp_pubsub/lib/pkgconfig/cpp_pubsub.pc'
[0.609s] Level 1:colcon.colcon_core.environment:checking '/home/alaa/ros2_ws/install/cpp_pubsub/lib/python3.10/site-packages'
[0.609s] Level 1:colcon.colcon_core.environment:checking '/home/alaa/ros2_ws/install/cpp_pubsub/bin'
[0.609s] INFO:colcon.colcon_core.shell:Creating package script '/home/alaa/ros2_ws/install/cpp_pubsub/share/cpp_pubsub/package.ps1'
[0.610s] INFO:colcon.colcon_core.shell:Creating package descriptor '/home/alaa/ros2_ws/install/cpp_pubsub/share/cpp_pubsub/package.dsv'
[0.610s] INFO:colcon.colcon_core.shell:Creating package script '/home/alaa/ros2_ws/install/cpp_pubsub/share/cpp_pubsub/package.sh'
[0.611s] INFO:colcon.colcon_core.shell:Creating package script '/home/alaa/ros2_ws/install/cpp_pubsub/share/cpp_pubsub/package.bash'
[0.611s] INFO:colcon.colcon_core.shell:Creating package script '/home/alaa/ros2_ws/install/cpp_pubsub/share/cpp_pubsub/package.zsh'
[0.612s] Level 1:colcon.colcon_core.environment:create_file_with_runtime_dependencies(/home/alaa/ros2_ws/install/cpp_pubsub/share/colcon-core/packages/cpp_pubsub)
[4.159s] DEBUG:colcon.colcon_core.event_handler.log_command:Invoked command in '/home/alaa/ros2_ws/build/cpp_service_demo' returned '2': CMAKE_PREFIX_PATH=${CMAKE_PREFIX_PATH}:/opt/ros/humble /usr/bin/cmake --build /home/alaa/ros2_ws/build/cpp_service_demo -- -j8 -l8
[4.159s] Level 1:colcon.colcon_core.environment:create_environment_scripts_only(cpp_service_demo)
[4.159s] Level 1:colcon.colcon_core.environment:checking '/home/alaa/ros2_ws/install/cpp_service_demo' for CMake module files
[4.160s] Level 1:colcon.colcon_core.environment:checking '/home/alaa/ros2_ws/install/cpp_service_demo' for CMake config files
[4.160s] Level 1:colcon.colcon_core.shell:create_environment_hook('cpp_service_demo', 'cmake_prefix_path')
[4.161s] INFO:colcon.colcon_core.shell:Creating environment hook '/home/alaa/ros2_ws/install/cpp_service_demo/share/cpp_service_demo/hook/cmake_prefix_path.ps1'
[4.161s] INFO:colcon.colcon_core.shell:Creating environment descriptor '/home/alaa/ros2_ws/install/cpp_service_demo/share/cpp_service_demo/hook/cmake_prefix_path.dsv'
[4.162s] INFO:colcon.colcon_core.shell:Creating environment hook '/home/alaa/ros2_ws/install/cpp_service_demo/share/cpp_service_demo/hook/cmake_prefix_path.sh'
[4.162s] Level 1:colcon.colcon_core.environment:checking '/home/alaa/ros2_ws/install/cpp_service_demo/lib'
[4.162s] Level 1:colcon.colcon_core.environment:checking '/home/alaa/ros2_ws/install/cpp_service_demo/bin'
[4.162s] Level 1:colcon.colcon_core.environment:checking '/home/alaa/ros2_ws/install/cpp_service_demo/lib/pkgconfig/cpp_service_demo.pc'
[4.163s] Level 1:colcon.colcon_core.environment:checking '/home/alaa/ros2_ws/install/cpp_service_demo/lib/python3.10/site-packages'
[4.163s] Level 1:colcon.colcon_core.environment:checking '/home/alaa/ros2_ws/install/cpp_service_demo/bin'
[4.163s] INFO:colcon.colcon_core.shell:Creating package script '/home/alaa/ros2_ws/install/cpp_service_demo/share/cpp_service_demo/package.ps1'
[4.164s] INFO:colcon.colcon_core.shell:Creating package descriptor '/home/alaa/ros2_ws/install/cpp_service_demo/share/cpp_service_demo/package.dsv'
[4.164s] INFO:colcon.colcon_core.shell:Creating package script '/home/alaa/ros2_ws/install/cpp_service_demo/share/cpp_service_demo/package.sh'
[4.165s] INFO:colcon.colcon_core.shell:Creating package script '/home/alaa/ros2_ws/install/cpp_service_demo/share/cpp_service_demo/package.bash'
[4.166s] INFO:colcon.colcon_core.shell:Creating package script '/home/alaa/ros2_ws/install/cpp_service_demo/share/cpp_service_demo/package.zsh'
[4.166s] Level 1:colcon.colcon_core.environment:create_file_with_runtime_dependencies(/home/alaa/ros2_ws/install/cpp_service_demo/share/colcon-core/packages/cpp_service_demo)
[4.176s] DEBUG:colcon.colcon_parallel_executor.executor.parallel:closing loop
[4.177s] DEBUG:colcon.colcon_parallel_executor.executor.parallel:loop closed
[4.177s] DEBUG:colcon.colcon_parallel_executor.executor.parallel:run_until_complete finished with '2'
[4.177s] DEBUG:colcon.colcon_core.event_reactor:joining thread
[4.183s] INFO:colcon.colcon_core.plugin_system:Skipping extension 'colcon_notification.desktop_notification.terminal_notifier': Not used on non-Darwin systems
[4.183s] INFO:colcon.colcon_core.plugin_system:Skipping extension 'colcon_notification.desktop_notification.win32': Not used on non-Windows systems
[4.183s] INFO:colcon.colcon_notification.desktop_notification:Sending desktop notification using 'notify2'
[4.196s] DEBUG:colcon.colcon_core.event_reactor:joined thread
[4.196s] INFO:colcon.colcon_core.shell:Creating prefix script '/home/alaa/ros2_ws/install/local_setup.ps1'
[4.198s] INFO:colcon.colcon_core.shell:Creating prefix util module '/home/alaa/ros2_ws/install/_local_setup_util_ps1.py'
[4.200s] INFO:colcon.colcon_core.shell:Creating prefix chain script '/home/alaa/ros2_ws/install/setup.ps1'
[4.201s] INFO:colcon.colcon_core.shell:Creating prefix script '/home/alaa/ros2_ws/install/local_setup.sh'
[4.202s] INFO:colcon.colcon_core.shell:Creating prefix util module '/home/alaa/ros2_ws/install/_local_setup_util_sh.py'
[4.203s] INFO:colcon.colcon_core.shell:Creating prefix chain script '/home/alaa/ros2_ws/install/setup.sh'
[4.204s] INFO:colcon.colcon_core.shell:Creating prefix script '/home/alaa/ros2_ws/install/local_setup.bash'
[4.205s] INFO:colcon.colcon_core.shell:Creating prefix chain script '/home/alaa/ros2_ws/install/setup.bash'
[4.206s] INFO:colcon.colcon_core.shell:Creating prefix script '/home/alaa/ros2_ws/install/local_setup.zsh'
[4.235s] INFO:colcon.colcon_core.shell:Creating prefix chain script '/home/alaa/ros2_ws/install/setup.zsh'
