[0.012s] Invoking command in '/home/alaa/ros2_ws/build/more_interfaces': CMAKE_PREFIX_PATH=${CMAKE_PREFIX_PATH}:/opt/ros/humble /usr/bin/cmake /home/alaa/ros2_ws/src/more_interfaces -DAMENT_CMAKE_SYMLINK_INSTALL=1 -DCMAKE_INSTALL_PREFIX=/home/alaa/ros2_ws/install/more_interfaces
[0.199s] -- The C compiler identification is GNU 11.4.0
[0.282s] -- The CXX compiler identification is GNU 11.4.0
[0.312s] -- Detecting C compiler ABI info
[0.388s] -- Detecting C compiler ABI info - done
[0.398s] -- Check for working C compiler: /usr/bin/cc - skipped
[0.398s] -- Detecting C compile features
[0.399s] -- Detecting C compile features - done
[0.403s] -- Detecting CXX compiler ABI info
[0.493s] -- Detecting CXX compiler ABI info - done
[0.503s] -- Check for working CXX compiler: /usr/bin/c++ - skipped
[0.503s] -- Detecting CXX compile features
[0.504s] -- Detecting CXX compile features - done
[0.506s] -- Found ament_cmake: 1.3.11 (/opt/ros/humble/share/ament_cmake/cmake)
[0.694s] -- Found Python3: /usr/bin/python3 (found version "3.10.12") found components: Interpreter 
[0.774s] -- Override CMake install command with custom implementation using symlinks instead of copying resources
[0.809s] -- Found rosidl_default_generators: 1.2.0 (/opt/ros/humble/share/rosidl_default_generators/cmake)
[0.812s] -- Using all available rosidl_typesupport_c: rosidl_typesupport_fastrtps_c;rosidl_typesupport_introspection_c
[0.820s] -- Found rosidl_adapter: 3.1.6 (/opt/ros/humble/share/rosidl_adapter/cmake)
[0.868s] -- Using all available rosidl_typesupport_cpp: rosidl_typesupport_fastrtps_cpp;rosidl_typesupport_introspection_cpp
[1.210s] -- Found ament_cmake_ros: 0.10.0 (/opt/ros/humble/share/ament_cmake_ros/cmake)
[1.434s] -- Using all available rosidl_typesupport_c: rosidl_typesupport_fastrtps_c;rosidl_typesupport_introspection_c
[1.731s] -- Using all available rosidl_typesupport_cpp: rosidl_typesupport_fastrtps_cpp;rosidl_typesupport_introspection_cpp
[1.770s] -- Found PythonInterp: /usr/bin/python3 (found suitable version "3.10.12", minimum required is "3.6") 
[1.774s] -- Found python_cmake_module: 0.10.0 (/opt/ros/humble/share/python_cmake_module/cmake)
[1.824s] -- Found PythonLibs: /usr/lib/x86_64-linux-gnu/libpython3.10.so (found suitable version "3.10.12", minimum required is "3.5") 
[1.824s] -- Using PYTHON_EXECUTABLE: /usr/bin/python3
[1.824s] -- Using PYTHON_INCLUDE_DIRS: /usr/include/python3.10
[1.825s] -- Using PYTHON_LIBRARIES: /usr/lib/x86_64-linux-gnu/libpython3.10.so
[1.866s] -- Found PythonExtra: .so  
[1.945s] -- Found ament_lint_auto: 0.12.11 (/opt/ros/humble/share/ament_lint_auto/cmake)
[2.008s] -- Added test 'lint_cmake' to check CMake code style
[2.008s] -- Added test 'xmllint' to check XML markup files
[2.026s] -- Configuring done
[2.092s] -- Generating done
[2.113s] -- Build files have been written to: /home/alaa/ros2_ws/build/more_interfaces
[2.130s] Invoked command in '/home/alaa/ros2_ws/build/more_interfaces' returned '0': CMAKE_PREFIX_PATH=${CMAKE_PREFIX_PATH}:/opt/ros/humble /usr/bin/cmake /home/alaa/ros2_ws/src/more_interfaces -DAMENT_CMAKE_SYMLINK_INSTALL=1 -DCMAKE_INSTALL_PREFIX=/home/alaa/ros2_ws/install/more_interfaces
[2.133s] Invoking command in '/home/alaa/ros2_ws/build/more_interfaces': CMAKE_PREFIX_PATH=${CMAKE_PREFIX_PATH}:/opt/ros/humble /usr/bin/cmake --build /home/alaa/ros2_ws/build/more_interfaces -- -j8 -l8
[2.267s] [  3%] [34m[1mGenerating C code for ROS interfaces[0m
[2.300s] [  6%] [34m[1mGenerating C++ code for ROS interfaces[0m
[2.349s] [  6%] Built target ament_cmake_python_symlink_more_interfaces
[3.082s] running egg_info
[3.084s] creating more_interfaces.egg-info
[3.084s] writing more_interfaces.egg-info/PKG-INFO
[3.085s] writing dependency_links to more_interfaces.egg-info/dependency_links.txt
[3.085s] writing top-level names to more_interfaces.egg-info/top_level.txt
[3.085s] writing manifest file 'more_interfaces.egg-info/SOURCES.txt'
[3.090s] reading manifest file 'more_interfaces.egg-info/SOURCES.txt'
[3.091s] writing manifest file 'more_interfaces.egg-info/SOURCES.txt'
[3.111s] [  9%] [32mBuilding C object CMakeFiles/more_interfaces__rosidl_generator_c.dir/rosidl_generator_c/more_interfaces/msg/detail/address_book__functions.c.o[0m
[3.163s] [  9%] Built target ament_cmake_python_build_more_interfaces_egg
[3.217s] [  9%] Built target more_interfaces__cpp
[3.220s] [ 12%] [32m[1mLinking C shared library libmore_interfaces__rosidl_generator_c.so[0m
[3.248s] [ 16%] [34m[1mGenerating C++ type support dispatch for ROS interfaces[0m
[3.249s] [ 19%] [34m[1mGenerating C++ type support for eProsima Fast-RTPS[0m
[3.249s] [ 22%] [34m[1mGenerating C++ introspection for ROS interfaces[0m
[3.315s] [ 22%] Built target more_interfaces__rosidl_generator_c
[3.334s] [ 25%] [34m[1mGenerating C type support for eProsima Fast-RTPS[0m
[3.336s] [ 29%] [34m[1mGenerating C introspection for ROS interfaces[0m
[3.357s] [ 32%] [34m[1mGenerating C type support dispatch for ROS interfaces[0m
[3.870s] [ 35%] [32mBuilding C object CMakeFiles/more_interfaces__rosidl_typesupport_introspection_c.dir/rosidl_typesupport_introspection_c/more_interfaces/msg/detail/address_book__type_support.c.o[0m
[3.894s] [ 38%] [32mBuilding CXX object CMakeFiles/more_interfaces__rosidl_typesupport_introspection_cpp.dir/rosidl_typesupport_introspection_cpp/more_interfaces/msg/detail/address_book__type_support.cpp.o[0m
[3.907s] [ 41%] [32mBuilding CXX object CMakeFiles/more_interfaces__rosidl_typesupport_cpp.dir/rosidl_typesupport_cpp/more_interfaces/msg/address_book__type_support.cpp.o[0m
[3.919s] [ 48%] [32mBuilding CXX object CMakeFiles/more_interfaces__rosidl_typesupport_fastrtps_cpp.dir/rosidl_typesupport_fastrtps_cpp/more_interfaces/msg/detail/dds_fastrtps/address_book__type_support.cpp.o[0m
[3.920s] [ 48%] [32mBuilding CXX object CMakeFiles/more_interfaces__rosidl_typesupport_c.dir/rosidl_typesupport_c/more_interfaces/msg/address_book__type_support.cpp.o[0m
[3.925s] [ 51%] [32m[1mLinking C shared library libmore_interfaces__rosidl_typesupport_introspection_c.so[0m
[3.958s] [ 54%] [32mBuilding CXX object CMakeFiles/more_interfaces__rosidl_typesupport_fastrtps_c.dir/rosidl_typesupport_fastrtps_c/more_interfaces/msg/detail/address_book__type_support_c.cpp.o[0m
[3.971s] [ 58%] [32m[1mLinking CXX shared library libmore_interfaces__rosidl_typesupport_c.so[0m
[3.971s] [ 58%] Built target more_interfaces__rosidl_typesupport_introspection_c
[4.044s] [ 58%] Built target more_interfaces__rosidl_typesupport_c
[4.391s] [ 61%] [32m[1mLinking CXX shared library libmore_interfaces__rosidl_typesupport_cpp.so[0m
[4.466s] [ 61%] Built target more_interfaces__rosidl_typesupport_cpp
[4.579s] [ 64%] [32m[1mLinking CXX shared library libmore_interfaces__rosidl_typesupport_fastrtps_c.so[0m
[4.647s] [ 67%] [32m[1mLinking CXX shared library libmore_interfaces__rosidl_typesupport_introspection_cpp.so[0m
[4.680s] [ 70%] [32m[1mLinking CXX shared library libmore_interfaces__rosidl_typesupport_fastrtps_cpp.so[0m
[4.681s] [ 70%] Built target more_interfaces__rosidl_typesupport_fastrtps_c
[4.729s] [ 70%] Built target more_interfaces__rosidl_typesupport_introspection_cpp
[4.779s] [ 70%] Built target more_interfaces__rosidl_typesupport_fastrtps_cpp
[4.802s] [ 70%] Built target more_interfaces
[4.824s] [ 74%] [34m[1mGenerating Python code for ROS interfaces[0m
[5.245s] [ 74%] Built target more_interfaces__py
[5.267s] [ 77%] [32mBuilding C object CMakeFiles/more_interfaces__rosidl_generator_py.dir/rosidl_generator_py/more_interfaces/msg/_address_book_s.c.o[0m
[5.389s] [ 80%] [32m[1mLinking C shared library rosidl_generator_py/more_interfaces/libmore_interfaces__rosidl_generator_py.so[0m
[5.435s] [ 80%] Built target more_interfaces__rosidl_generator_py
[5.457s] [ 87%] [32mBuilding C object CMakeFiles/more_interfaces__rosidl_typesupport_introspection_c__pyext.dir/rosidl_generator_py/more_interfaces/_more_interfaces_s.ep.rosidl_typesupport_introspection_c.c.o[0m
[5.457s] [ 90%] [32mBuilding C object CMakeFiles/more_interfaces__rosidl_typesupport_c__pyext.dir/rosidl_generator_py/more_interfaces/_more_interfaces_s.ep.rosidl_typesupport_c.c.o[0m
[5.457s] [ 90%] [32mBuilding C object CMakeFiles/more_interfaces__rosidl_typesupport_fastrtps_c__pyext.dir/rosidl_generator_py/more_interfaces/_more_interfaces_s.ep.rosidl_typesupport_fastrtps_c.c.o[0m
[5.595s] [ 93%] [32m[1mLinking C shared library rosidl_generator_py/more_interfaces/more_interfaces_s__rosidl_typesupport_c.cpython-310-x86_64-linux-gnu.so[0m
[5.600s] [ 96%] [32m[1mLinking C shared library rosidl_generator_py/more_interfaces/more_interfaces_s__rosidl_typesupport_introspection_c.cpython-310-x86_64-linux-gnu.so[0m
[5.606s] [100%] [32m[1mLinking C shared library rosidl_generator_py/more_interfaces/more_interfaces_s__rosidl_typesupport_fastrtps_c.cpython-310-x86_64-linux-gnu.so[0m
[5.654s] [100%] Built target more_interfaces__rosidl_typesupport_c__pyext
[5.667s] [100%] Built target more_interfaces__rosidl_typesupport_introspection_c__pyext
[5.668s] [100%] Built target more_interfaces__rosidl_typesupport_fastrtps_c__pyext
[5.681s] Invoked command in '/home/alaa/ros2_ws/build/more_interfaces' returned '0': CMAKE_PREFIX_PATH=${CMAKE_PREFIX_PATH}:/opt/ros/humble /usr/bin/cmake --build /home/alaa/ros2_ws/build/more_interfaces -- -j8 -l8
[5.683s] Invoking command in '/home/alaa/ros2_ws/build/more_interfaces': CMAKE_PREFIX_PATH=${CMAKE_PREFIX_PATH}:/opt/ros/humble /usr/bin/cmake --install /home/alaa/ros2_ws/build/more_interfaces
[5.692s] -- Install configuration: ""
[5.692s] -- Execute custom install script
[5.693s] -- Symlinking: /home/alaa/ros2_ws/install/more_interfaces/share/ament_index/resource_index/rosidl_interfaces/more_interfaces
[5.703s] -- Symlinking: /home/alaa/ros2_ws/install/more_interfaces/include/more_interfaces/more_interfaces/msg/address_book.h
[5.713s] -- Symlinking: /home/alaa/ros2_ws/install/more_interfaces/include/more_interfaces/more_interfaces/msg/detail/address_book__functions.h
[5.722s] -- Symlinking: /home/alaa/ros2_ws/install/more_interfaces/include/more_interfaces/more_interfaces/msg/detail/address_book__struct.h
[5.732s] -- Symlinking: /home/alaa/ros2_ws/install/more_interfaces/include/more_interfaces/more_interfaces/msg/detail/address_book__type_support.h
[5.741s] -- Symlinking: /home/alaa/ros2_ws/install/more_interfaces/include/more_interfaces/more_interfaces/msg/rosidl_generator_c__visibility_control.h
[5.751s] -- Symlinking: /home/alaa/ros2_ws/install/more_interfaces/share/more_interfaces/environment/library_path.sh
[5.762s] -- Symlinking: /home/alaa/ros2_ws/install/more_interfaces/share/more_interfaces/environment/library_path.dsv
[5.772s] -- Symlinking: /home/alaa/ros2_ws/install/more_interfaces/include/more_interfaces/more_interfaces/msg/detail/address_book__rosidl_typesupport_fastrtps_c.h
[5.782s] -- Symlinking: /home/alaa/ros2_ws/install/more_interfaces/include/more_interfaces/more_interfaces/msg/rosidl_typesupport_fastrtps_c__visibility_control.h
[5.792s] -- Symlinking: /home/alaa/ros2_ws/install/more_interfaces/include/more_interfaces/more_interfaces/msg/detail/address_book__rosidl_typesupport_introspection_c.h
[5.801s] -- Symlinking: /home/alaa/ros2_ws/install/more_interfaces/include/more_interfaces/more_interfaces/msg/rosidl_typesupport_introspection_c__visibility_control.h
[5.811s] -- Symlinking: /home/alaa/ros2_ws/install/more_interfaces/include/more_interfaces/more_interfaces/msg/address_book.hpp
[5.820s] -- Symlinking: /home/alaa/ros2_ws/install/more_interfaces/include/more_interfaces/more_interfaces/msg/detail/address_book__builder.hpp
[5.830s] -- Symlinking: /home/alaa/ros2_ws/install/more_interfaces/include/more_interfaces/more_interfaces/msg/detail/address_book__struct.hpp
[5.840s] -- Symlinking: /home/alaa/ros2_ws/install/more_interfaces/include/more_interfaces/more_interfaces/msg/detail/address_book__traits.hpp
[5.849s] -- Symlinking: /home/alaa/ros2_ws/install/more_interfaces/include/more_interfaces/more_interfaces/msg/detail/address_book__type_support.hpp
[5.860s] -- Symlinking: /home/alaa/ros2_ws/install/more_interfaces/include/more_interfaces/more_interfaces/msg/rosidl_generator_cpp__visibility_control.hpp
[5.870s] -- Symlinking: /home/alaa/ros2_ws/install/more_interfaces/include/more_interfaces/more_interfaces/msg/detail/address_book__rosidl_typesupport_fastrtps_cpp.hpp
[5.880s] -- Symlinking: /home/alaa/ros2_ws/install/more_interfaces/include/more_interfaces/more_interfaces/msg/rosidl_typesupport_fastrtps_cpp__visibility_control.h
[5.890s] -- Symlinking: /home/alaa/ros2_ws/install/more_interfaces/include/more_interfaces/more_interfaces/msg/detail/address_book__rosidl_typesupport_introspection_cpp.hpp
[5.899s] -- Symlinking: /home/alaa/ros2_ws/install/more_interfaces/share/more_interfaces/environment/pythonpath.sh
[5.909s] -- Symlinking: /home/alaa/ros2_ws/install/more_interfaces/share/more_interfaces/environment/pythonpath.dsv
[5.919s] -- Symlinking: /home/alaa/ros2_ws/install/more_interfaces/local/lib/python3.10/dist-packages/more_interfaces-0.0.0-py3.10.egg-info/PKG-INFO
[5.929s] -- Symlinking: /home/alaa/ros2_ws/install/more_interfaces/local/lib/python3.10/dist-packages/more_interfaces-0.0.0-py3.10.egg-info/SOURCES.txt
[5.939s] -- Symlinking: /home/alaa/ros2_ws/install/more_interfaces/local/lib/python3.10/dist-packages/more_interfaces-0.0.0-py3.10.egg-info/dependency_links.txt
[5.949s] -- Symlinking: /home/alaa/ros2_ws/install/more_interfaces/local/lib/python3.10/dist-packages/more_interfaces-0.0.0-py3.10.egg-info/top_level.txt
[5.960s] -- Symlinking: /home/alaa/ros2_ws/install/more_interfaces/local/lib/python3.10/dist-packages/more_interfaces/__init__.py
[5.970s] -- Symlinking: /home/alaa/ros2_ws/install/more_interfaces/local/lib/python3.10/dist-packages/more_interfaces/_more_interfaces_s.ep.rosidl_typesupport_c.c
[5.980s] -- Symlinking: /home/alaa/ros2_ws/install/more_interfaces/local/lib/python3.10/dist-packages/more_interfaces/_more_interfaces_s.ep.rosidl_typesupport_fastrtps_c.c
[5.990s] -- Symlinking: /home/alaa/ros2_ws/install/more_interfaces/local/lib/python3.10/dist-packages/more_interfaces/_more_interfaces_s.ep.rosidl_typesupport_introspection_c.c
[5.999s] -- Symlinking: /home/alaa/ros2_ws/install/more_interfaces/local/lib/python3.10/dist-packages/more_interfaces/libmore_interfaces__rosidl_generator_py.so
[6.009s] -- Symlinking: /home/alaa/ros2_ws/install/more_interfaces/local/lib/python3.10/dist-packages/more_interfaces/more_interfaces_s__rosidl_typesupport_c.cpython-310-x86_64-linux-gnu.so
[6.019s] -- Symlinking: /home/alaa/ros2_ws/install/more_interfaces/local/lib/python3.10/dist-packages/more_interfaces/more_interfaces_s__rosidl_typesupport_fastrtps_c.cpython-310-x86_64-linux-gnu.so
[6.029s] -- Symlinking: /home/alaa/ros2_ws/install/more_interfaces/local/lib/python3.10/dist-packages/more_interfaces/more_interfaces_s__rosidl_typesupport_introspection_c.cpython-310-x86_64-linux-gnu.so
[6.039s] -- Symlinking: /home/alaa/ros2_ws/install/more_interfaces/local/lib/python3.10/dist-packages/more_interfaces/msg/__init__.py
[6.049s] -- Symlinking: /home/alaa/ros2_ws/install/more_interfaces/local/lib/python3.10/dist-packages/more_interfaces/msg/_address_book.py
[6.060s] -- Symlinking: /home/alaa/ros2_ws/install/more_interfaces/local/lib/python3.10/dist-packages/more_interfaces/msg/_address_book_s.c
[6.070s] -- Up-to-date symlink: /home/alaa/ros2_ws/install/more_interfaces/local/lib/python3.10/dist-packages/more_interfaces/more_interfaces_s__rosidl_typesupport_fastrtps_c.cpython-310-x86_64-linux-gnu.so
[6.070s] -- Up-to-date symlink: /home/alaa/ros2_ws/install/more_interfaces/local/lib/python3.10/dist-packages/more_interfaces/more_interfaces_s__rosidl_typesupport_introspection_c.cpython-310-x86_64-linux-gnu.so
[6.070s] -- Up-to-date symlink: /home/alaa/ros2_ws/install/more_interfaces/local/lib/python3.10/dist-packages/more_interfaces/more_interfaces_s__rosidl_typesupport_c.cpython-310-x86_64-linux-gnu.so
[6.071s] -- Symlinking: /home/alaa/ros2_ws/install/more_interfaces/share/more_interfaces/msg/AddressBook.idl
[6.081s] -- Symlinking: /home/alaa/ros2_ws/install/more_interfaces/share/more_interfaces/msg/AddressBook.msg
[6.091s] -- Symlinking: /home/alaa/ros2_ws/install/more_interfaces/share/ament_index/resource_index/package_run_dependencies/more_interfaces
[6.101s] -- Symlinking: /home/alaa/ros2_ws/install/more_interfaces/share/ament_index/resource_index/parent_prefix_path/more_interfaces
[6.111s] -- Symlinking: /home/alaa/ros2_ws/install/more_interfaces/share/more_interfaces/environment/ament_prefix_path.sh
[6.122s] -- Symlinking: /home/alaa/ros2_ws/install/more_interfaces/share/more_interfaces/environment/ament_prefix_path.dsv
[6.132s] -- Symlinking: /home/alaa/ros2_ws/install/more_interfaces/share/more_interfaces/environment/path.sh
[6.142s] -- Symlinking: /home/alaa/ros2_ws/install/more_interfaces/share/more_interfaces/environment/path.dsv
[6.152s] -- Symlinking: /home/alaa/ros2_ws/install/more_interfaces/share/more_interfaces/local_setup.bash
[6.168s] -- Symlinking: /home/alaa/ros2_ws/install/more_interfaces/share/more_interfaces/local_setup.sh
[6.178s] -- Symlinking: /home/alaa/ros2_ws/install/more_interfaces/share/more_interfaces/local_setup.zsh
[6.188s] -- Symlinking: /home/alaa/ros2_ws/install/more_interfaces/share/more_interfaces/local_setup.dsv
[6.198s] -- Symlinking: /home/alaa/ros2_ws/install/more_interfaces/share/more_interfaces/package.dsv
[6.208s] -- Symlinking: /home/alaa/ros2_ws/install/more_interfaces/share/ament_index/resource_index/packages/more_interfaces
[6.219s] -- Symlinking: /home/alaa/ros2_ws/install/more_interfaces/share/more_interfaces/cmake/rosidl_cmake-extras.cmake
[6.229s] -- Symlinking: /home/alaa/ros2_ws/install/more_interfaces/share/more_interfaces/cmake/ament_cmake_export_include_directories-extras.cmake
[6.239s] -- Symlinking: /home/alaa/ros2_ws/install/more_interfaces/share/more_interfaces/cmake/ament_cmake_export_libraries-extras.cmake
[6.249s] -- Symlinking: /home/alaa/ros2_ws/install/more_interfaces/share/more_interfaces/cmake/ament_cmake_export_targets-extras.cmake
[6.260s] -- Symlinking: /home/alaa/ros2_ws/install/more_interfaces/share/more_interfaces/cmake/rosidl_cmake_export_typesupport_targets-extras.cmake
[6.270s] -- Symlinking: /home/alaa/ros2_ws/install/more_interfaces/share/more_interfaces/cmake/ament_cmake_export_dependencies-extras.cmake
[6.281s] -- Symlinking: /home/alaa/ros2_ws/install/more_interfaces/share/more_interfaces/cmake/rosidl_cmake_export_typesupport_libraries-extras.cmake
[6.292s] -- Symlinking: /home/alaa/ros2_ws/install/more_interfaces/share/more_interfaces/cmake/more_interfacesConfig.cmake
[6.302s] -- Symlinking: /home/alaa/ros2_ws/install/more_interfaces/share/more_interfaces/cmake/more_interfacesConfig-version.cmake
[6.313s] -- Symlinking: /home/alaa/ros2_ws/install/more_interfaces/share/more_interfaces/package.xml
[6.323s] -- Installing: /home/alaa/ros2_ws/install/more_interfaces/lib/libmore_interfaces__rosidl_generator_c.so
[6.324s] -- Set runtime path of "/home/alaa/ros2_ws/install/more_interfaces/lib/libmore_interfaces__rosidl_generator_c.so" to ""
[6.324s] -- Installing: /home/alaa/ros2_ws/install/more_interfaces/lib/libmore_interfaces__rosidl_typesupport_fastrtps_c.so
[6.324s] -- Set runtime path of "/home/alaa/ros2_ws/install/more_interfaces/lib/libmore_interfaces__rosidl_typesupport_fastrtps_c.so" to ""
[6.324s] -- Installing: /home/alaa/ros2_ws/install/more_interfaces/lib/libmore_interfaces__rosidl_typesupport_introspection_c.so
[6.325s] -- Set runtime path of "/home/alaa/ros2_ws/install/more_interfaces/lib/libmore_interfaces__rosidl_typesupport_introspection_c.so" to ""
[6.325s] -- Installing: /home/alaa/ros2_ws/install/more_interfaces/lib/libmore_interfaces__rosidl_typesupport_c.so
[6.325s] -- Set runtime path of "/home/alaa/ros2_ws/install/more_interfaces/lib/libmore_interfaces__rosidl_typesupport_c.so" to ""
[6.326s] -- Installing: /home/alaa/ros2_ws/install/more_interfaces/lib/libmore_interfaces__rosidl_typesupport_fastrtps_cpp.so
[6.326s] -- Set runtime path of "/home/alaa/ros2_ws/install/more_interfaces/lib/libmore_interfaces__rosidl_typesupport_fastrtps_cpp.so" to ""
[6.326s] -- Installing: /home/alaa/ros2_ws/install/more_interfaces/lib/libmore_interfaces__rosidl_typesupport_introspection_cpp.so
[6.327s] -- Set runtime path of "/home/alaa/ros2_ws/install/more_interfaces/lib/libmore_interfaces__rosidl_typesupport_introspection_cpp.so" to ""
[6.327s] -- Installing: /home/alaa/ros2_ws/install/more_interfaces/lib/libmore_interfaces__rosidl_typesupport_cpp.so
[6.327s] -- Set runtime path of "/home/alaa/ros2_ws/install/more_interfaces/lib/libmore_interfaces__rosidl_typesupport_cpp.so" to ""
[6.373s] Listing '/home/alaa/ros2_ws/install/more_interfaces/local/lib/python3.10/dist-packages/more_interfaces'...
[6.373s] Compiling '/home/alaa/ros2_ws/install/more_interfaces/local/lib/python3.10/dist-packages/more_interfaces/__init__.py'...
[6.373s] Listing '/home/alaa/ros2_ws/install/more_interfaces/local/lib/python3.10/dist-packages/more_interfaces/msg'...
[6.373s] Compiling '/home/alaa/ros2_ws/install/more_interfaces/local/lib/python3.10/dist-packages/more_interfaces/msg/__init__.py'...
[6.374s] Compiling '/home/alaa/ros2_ws/install/more_interfaces/local/lib/python3.10/dist-packages/more_interfaces/msg/_address_book.py'...
[6.380s] -- Installing: /home/alaa/ros2_ws/install/more_interfaces/lib/libmore_interfaces__rosidl_generator_py.so
[6.380s] -- Set runtime path of "/home/alaa/ros2_ws/install/more_interfaces/lib/libmore_interfaces__rosidl_generator_py.so" to ""
[6.381s] -- Installing: /home/alaa/ros2_ws/install/more_interfaces/share/more_interfaces/cmake/export_more_interfaces__rosidl_generator_cExport.cmake
[6.381s] -- Installing: /home/alaa/ros2_ws/install/more_interfaces/share/more_interfaces/cmake/export_more_interfaces__rosidl_generator_cExport-noconfig.cmake
[6.381s] -- Installing: /home/alaa/ros2_ws/install/more_interfaces/share/more_interfaces/cmake/export_more_interfaces__rosidl_typesupport_fastrtps_cExport.cmake
[6.381s] -- Installing: /home/alaa/ros2_ws/install/more_interfaces/share/more_interfaces/cmake/export_more_interfaces__rosidl_typesupport_fastrtps_cExport-noconfig.cmake
[6.382s] -- Installing: /home/alaa/ros2_ws/install/more_interfaces/share/more_interfaces/cmake/more_interfaces__rosidl_typesupport_introspection_cExport.cmake
[6.382s] -- Installing: /home/alaa/ros2_ws/install/more_interfaces/share/more_interfaces/cmake/more_interfaces__rosidl_typesupport_introspection_cExport-noconfig.cmake
[6.382s] -- Installing: /home/alaa/ros2_ws/install/more_interfaces/share/more_interfaces/cmake/more_interfaces__rosidl_typesupport_cExport.cmake
[6.382s] -- Installing: /home/alaa/ros2_ws/install/more_interfaces/share/more_interfaces/cmake/more_interfaces__rosidl_typesupport_cExport-noconfig.cmake
[6.383s] -- Installing: /home/alaa/ros2_ws/install/more_interfaces/share/more_interfaces/cmake/export_more_interfaces__rosidl_generator_cppExport.cmake
[6.383s] -- Installing: /home/alaa/ros2_ws/install/more_interfaces/share/more_interfaces/cmake/export_more_interfaces__rosidl_typesupport_fastrtps_cppExport.cmake
[6.383s] -- Installing: /home/alaa/ros2_ws/install/more_interfaces/share/more_interfaces/cmake/export_more_interfaces__rosidl_typesupport_fastrtps_cppExport-noconfig.cmake
[6.383s] -- Installing: /home/alaa/ros2_ws/install/more_interfaces/share/more_interfaces/cmake/more_interfaces__rosidl_typesupport_introspection_cppExport.cmake
[6.384s] -- Installing: /home/alaa/ros2_ws/install/more_interfaces/share/more_interfaces/cmake/more_interfaces__rosidl_typesupport_introspection_cppExport-noconfig.cmake
[6.384s] -- Installing: /home/alaa/ros2_ws/install/more_interfaces/share/more_interfaces/cmake/more_interfaces__rosidl_typesupport_cppExport.cmake
[6.384s] -- Installing: /home/alaa/ros2_ws/install/more_interfaces/share/more_interfaces/cmake/more_interfaces__rosidl_typesupport_cppExport-noconfig.cmake
[6.384s] -- Installing: /home/alaa/ros2_ws/install/more_interfaces/share/more_interfaces/cmake/export_more_interfaces__rosidl_generator_pyExport.cmake
[6.385s] -- Installing: /home/alaa/ros2_ws/install/more_interfaces/share/more_interfaces/cmake/export_more_interfaces__rosidl_generator_pyExport-noconfig.cmake
[6.389s] Invoked command in '/home/alaa/ros2_ws/build/more_interfaces' returned '0': CMAKE_PREFIX_PATH=${CMAKE_PREFIX_PATH}:/opt/ros/humble /usr/bin/cmake --install /home/alaa/ros2_ws/build/more_interfaces
