[0.136s] DEBUG:colcon:Command line arguments: ['/usr/bin/colcon', 'build', '--symlink-install']
[0.136s] DEBUG:colcon:Parsed command line arguments: Namespace(log_base=None, log_level=None, verb_name='build', build_base='build', install_base='install', merge_install=False, symlink_install=True, test_result_base=None, continue_on_error=False, executor='parallel', parallel_workers=8, event_handlers=None, ignore_user_meta=False, metas=['./colcon.meta'], base_paths=['.'], packages_ignore=None, packages_ignore_regex=None, paths=None, packages_up_to=None, packages_up_to_regex=None, packages_above=None, packages_above_and_dependencies=None, packages_above_depth=None, packages_select_by_dep=None, packages_skip_by_dep=None, packages_skip_up_to=None, packages_select_build_failed=False, packages_skip_build_finished=False, packages_select_test_failures=False, packages_skip_test_passed=False, packages_select=None, packages_skip=None, packages_select_regex=None, packages_skip_regex=None, packages_start=None, packages_end=None, allow_overriding=[], cmake_args=None, cmake_target=None, cmake_target_skip_unavailable=False, cmake_clean_cache=False, cmake_clean_first=False, cmake_force_configure=False, ament_cmake_args=None, catkin_cmake_args=None, catkin_skip_building_tests=False, verb_parser=<colcon_defaults.argument_parser.defaults.DefaultArgumentsDecorator object at 0x72f3ded33580>, verb_extension=<colcon_core.verb.build.BuildVerb object at 0x72f3deedce80>, main=<bound method BuildVerb.main of <colcon_core.verb.build.BuildVerb object at 0x72f3deedce80>>)
[0.346s] Level 1:colcon.colcon_core.package_discovery:discover_packages(colcon_meta) check parameters
[0.346s] Level 1:colcon.colcon_core.package_discovery:discover_packages(recursive) check parameters
[0.346s] Level 1:colcon.colcon_core.package_discovery:discover_packages(ignore) check parameters
[0.346s] Level 1:colcon.colcon_core.package_discovery:discover_packages(path) check parameters
[0.346s] Level 1:colcon.colcon_core.package_discovery:discover_packages(colcon_meta) discover
[0.346s] Level 1:colcon.colcon_core.package_discovery:discover_packages(recursive) discover
[0.346s] INFO:colcon.colcon_core.package_discovery:Crawling recursively for packages in '/home/alaa/ros2_ws'
[0.346s] Level 1:colcon.colcon_core.package_identification:_identify(.) by extensions ['ignore', 'ignore_ament_install']
[0.346s] Level 1:colcon.colcon_core.package_identification:_identify(.) by extension 'ignore'
[0.347s] Level 1:colcon.colcon_core.package_identification:_identify(.) by extension 'ignore_ament_install'
[0.347s] Level 1:colcon.colcon_core.package_identification:_identify(.) by extensions ['colcon_pkg']
[0.347s] Level 1:colcon.colcon_core.package_identification:_identify(.) by extension 'colcon_pkg'
[0.347s] Level 1:colcon.colcon_core.package_identification:_identify(.) by extensions ['colcon_meta']
[0.347s] Level 1:colcon.colcon_core.package_identification:_identify(.) by extension 'colcon_meta'
[0.347s] Level 1:colcon.colcon_core.package_identification:_identify(.) by extensions ['ros']
[0.347s] Level 1:colcon.colcon_core.package_identification:_identify(.) by extension 'ros'
[0.361s] Level 1:colcon.colcon_core.package_identification:_identify(.) by extensions ['cmake', 'python']
[0.361s] Level 1:colcon.colcon_core.package_identification:_identify(.) by extension 'cmake'
[0.361s] Level 1:colcon.colcon_core.package_identification:_identify(.) by extension 'python'
[0.362s] Level 1:colcon.colcon_core.package_identification:_identify(.) by extensions ['python_setup_py']
[0.362s] Level 1:colcon.colcon_core.package_identification:_identify(.) by extension 'python_setup_py'
[0.362s] Level 1:colcon.colcon_core.package_identification:_identify(build) by extensions ['ignore', 'ignore_ament_install']
[0.362s] Level 1:colcon.colcon_core.package_identification:_identify(build) by extension 'ignore'
[0.362s] Level 1:colcon.colcon_core.package_identification:_identify(build) ignored
[0.362s] Level 1:colcon.colcon_core.package_identification:_identify(install) by extensions ['ignore', 'ignore_ament_install']
[0.362s] Level 1:colcon.colcon_core.package_identification:_identify(install) by extension 'ignore'
[0.362s] Level 1:colcon.colcon_core.package_identification:_identify(install) ignored
[0.362s] Level 1:colcon.colcon_core.package_identification:_identify(log) by extensions ['ignore', 'ignore_ament_install']
[0.363s] Level 1:colcon.colcon_core.package_identification:_identify(log) by extension 'ignore'
[0.363s] Level 1:colcon.colcon_core.package_identification:_identify(log) ignored
[0.363s] Level 1:colcon.colcon_core.package_identification:_identify(src) by extensions ['ignore', 'ignore_ament_install']
[0.363s] Level 1:colcon.colcon_core.package_identification:_identify(src) by extension 'ignore'
[0.363s] Level 1:colcon.colcon_core.package_identification:_identify(src) by extension 'ignore_ament_install'
[0.363s] Level 1:colcon.colcon_core.package_identification:_identify(src) by extensions ['colcon_pkg']
[0.363s] Level 1:colcon.colcon_core.package_identification:_identify(src) by extension 'colcon_pkg'
[0.363s] Level 1:colcon.colcon_core.package_identification:_identify(src) by extensions ['colcon_meta']
[0.363s] Level 1:colcon.colcon_core.package_identification:_identify(src) by extension 'colcon_meta'
[0.363s] Level 1:colcon.colcon_core.package_identification:_identify(src) by extensions ['ros']
[0.363s] Level 1:colcon.colcon_core.package_identification:_identify(src) by extension 'ros'
[0.363s] Level 1:colcon.colcon_core.package_identification:_identify(src) by extensions ['cmake', 'python']
[0.363s] Level 1:colcon.colcon_core.package_identification:_identify(src) by extension 'cmake'
[0.363s] Level 1:colcon.colcon_core.package_identification:_identify(src) by extension 'python'
[0.363s] Level 1:colcon.colcon_core.package_identification:_identify(src) by extensions ['python_setup_py']
[0.363s] Level 1:colcon.colcon_core.package_identification:_identify(src) by extension 'python_setup_py'
[0.364s] Level 1:colcon.colcon_core.package_identification:_identify(src/cpp_pubsub) by extensions ['ignore', 'ignore_ament_install']
[0.364s] Level 1:colcon.colcon_core.package_identification:_identify(src/cpp_pubsub) by extension 'ignore'
[0.364s] Level 1:colcon.colcon_core.package_identification:_identify(src/cpp_pubsub) by extension 'ignore_ament_install'
[0.364s] Level 1:colcon.colcon_core.package_identification:_identify(src/cpp_pubsub) by extensions ['colcon_pkg']
[0.364s] Level 1:colcon.colcon_core.package_identification:_identify(src/cpp_pubsub) by extension 'colcon_pkg'
[0.364s] Level 1:colcon.colcon_core.package_identification:_identify(src/cpp_pubsub) by extensions ['colcon_meta']
[0.364s] Level 1:colcon.colcon_core.package_identification:_identify(src/cpp_pubsub) by extension 'colcon_meta'
[0.364s] Level 1:colcon.colcon_core.package_identification:_identify(src/cpp_pubsub) by extensions ['ros']
[0.364s] Level 1:colcon.colcon_core.package_identification:_identify(src/cpp_pubsub) by extension 'ros'
[0.367s] DEBUG:colcon.colcon_core.package_identification:Package 'src/cpp_pubsub' with type 'ros.ament_cmake' and name 'cpp_pubsub'
[0.367s] Level 1:colcon.colcon_core.package_identification:_identify(src/cpp_service_demo) by extensions ['ignore', 'ignore_ament_install']
[0.367s] Level 1:colcon.colcon_core.package_identification:_identify(src/cpp_service_demo) by extension 'ignore'
[0.368s] Level 1:colcon.colcon_core.package_identification:_identify(src/cpp_service_demo) by extension 'ignore_ament_install'
[0.368s] Level 1:colcon.colcon_core.package_identification:_identify(src/cpp_service_demo) by extensions ['colcon_pkg']
[0.368s] Level 1:colcon.colcon_core.package_identification:_identify(src/cpp_service_demo) by extension 'colcon_pkg'
[0.368s] Level 1:colcon.colcon_core.package_identification:_identify(src/cpp_service_demo) by extensions ['colcon_meta']
[0.368s] Level 1:colcon.colcon_core.package_identification:_identify(src/cpp_service_demo) by extension 'colcon_meta'
[0.368s] Level 1:colcon.colcon_core.package_identification:_identify(src/cpp_service_demo) by extensions ['ros']
[0.368s] Level 1:colcon.colcon_core.package_identification:_identify(src/cpp_service_demo) by extension 'ros'
[0.369s] DEBUG:colcon.colcon_core.package_identification:Package 'src/cpp_service_demo' with type 'ros.ament_cmake' and name 'cpp_service_demo'
[0.369s] Level 1:colcon.colcon_core.package_identification:_identify(src/more_interfaces) by extensions ['ignore', 'ignore_ament_install']
[0.369s] Level 1:colcon.colcon_core.package_identification:_identify(src/more_interfaces) by extension 'ignore'
[0.369s] Level 1:colcon.colcon_core.package_identification:_identify(src/more_interfaces) by extension 'ignore_ament_install'
[0.369s] Level 1:colcon.colcon_core.package_identification:_identify(src/more_interfaces) by extensions ['colcon_pkg']
[0.369s] Level 1:colcon.colcon_core.package_identification:_identify(src/more_interfaces) by extension 'colcon_pkg'
[0.369s] Level 1:colcon.colcon_core.package_identification:_identify(src/more_interfaces) by extensions ['colcon_meta']
[0.370s] Level 1:colcon.colcon_core.package_identification:_identify(src/more_interfaces) by extension 'colcon_meta'
[0.370s] Level 1:colcon.colcon_core.package_identification:_identify(src/more_interfaces) by extensions ['ros']
[0.370s] Level 1:colcon.colcon_core.package_identification:_identify(src/more_interfaces) by extension 'ros'
[0.370s] DEBUG:colcon.colcon_core.package_identification:Package 'src/more_interfaces' with type 'ros.ament_cmake' and name 'more_interfaces'
[0.371s] Level 1:colcon.colcon_core.package_identification:_identify(src/my_custom_interfaces) by extensions ['ignore', 'ignore_ament_install']
[0.371s] Level 1:colcon.colcon_core.package_identification:_identify(src/my_custom_interfaces) by extension 'ignore'
[0.371s] Level 1:colcon.colcon_core.package_identification:_identify(src/my_custom_interfaces) by extension 'ignore_ament_install'
[0.371s] Level 1:colcon.colcon_core.package_identification:_identify(src/my_custom_interfaces) by extensions ['colcon_pkg']
[0.371s] Level 1:colcon.colcon_core.package_identification:_identify(src/my_custom_interfaces) by extension 'colcon_pkg'
[0.371s] Level 1:colcon.colcon_core.package_identification:_identify(src/my_custom_interfaces) by extensions ['colcon_meta']
[0.371s] Level 1:colcon.colcon_core.package_identification:_identify(src/my_custom_interfaces) by extension 'colcon_meta'
[0.371s] Level 1:colcon.colcon_core.package_identification:_identify(src/my_custom_interfaces) by extensions ['ros']
[0.371s] Level 1:colcon.colcon_core.package_identification:_identify(src/my_custom_interfaces) by extension 'ros'
[0.372s] DEBUG:colcon.colcon_core.package_identification:Package 'src/my_custom_interfaces' with type 'ros.ament_cmake' and name 'my_custom_interfaces'
[0.372s] Level 1:colcon.colcon_core.package_discovery:discover_packages(recursive) using defaults
[0.372s] Level 1:colcon.colcon_core.package_discovery:discover_packages(ignore) discover
[0.372s] Level 1:colcon.colcon_core.package_discovery:discover_packages(ignore) using defaults
[0.372s] Level 1:colcon.colcon_core.package_discovery:discover_packages(path) discover
[0.372s] Level 1:colcon.colcon_core.package_discovery:discover_packages(path) using defaults
[0.398s] Level 1:colcon.colcon_core.package_discovery:discover_packages(prefix_path) check parameters
[0.398s] Level 1:colcon.colcon_core.package_discovery:discover_packages(prefix_path) discover
[0.400s] DEBUG:colcon.colcon_installed_package_information.package_discovery:Found 4 installed packages in /home/alaa/ros2_ws/install
[0.402s] DEBUG:colcon.colcon_installed_package_information.package_discovery:Found 271 installed packages in /opt/ros/humble
[0.404s] Level 1:colcon.colcon_core.package_discovery:discover_packages(prefix_path) using defaults
[0.462s] Level 5:colcon.colcon_core.verb:set package 'more_interfaces' build argument 'cmake_args' from command line to 'None'
[0.462s] Level 5:colcon.colcon_core.verb:set package 'more_interfaces' build argument 'cmake_target' from command line to 'None'
[0.462s] Level 5:colcon.colcon_core.verb:set package 'more_interfaces' build argument 'cmake_target_skip_unavailable' from command line to 'False'
[0.462s] Level 5:colcon.colcon_core.verb:set package 'more_interfaces' build argument 'cmake_clean_cache' from command line to 'False'
[0.462s] Level 5:colcon.colcon_core.verb:set package 'more_interfaces' build argument 'cmake_clean_first' from command line to 'False'
[0.462s] Level 5:colcon.colcon_core.verb:set package 'more_interfaces' build argument 'cmake_force_configure' from command line to 'False'
[0.462s] Level 5:colcon.colcon_core.verb:set package 'more_interfaces' build argument 'ament_cmake_args' from command line to 'None'
[0.462s] Level 5:colcon.colcon_core.verb:set package 'more_interfaces' build argument 'catkin_cmake_args' from command line to 'None'
[0.462s] Level 5:colcon.colcon_core.verb:set package 'more_interfaces' build argument 'catkin_skip_building_tests' from command line to 'False'
[0.462s] DEBUG:colcon.colcon_core.verb:Building package 'more_interfaces' with the following arguments: {'ament_cmake_args': None, 'build_base': '/home/alaa/ros2_ws/build/more_interfaces', 'catkin_cmake_args': None, 'catkin_skip_building_tests': False, 'cmake_args': None, 'cmake_clean_cache': False, 'cmake_clean_first': False, 'cmake_force_configure': False, 'cmake_target': None, 'cmake_target_skip_unavailable': False, 'install_base': '/home/alaa/ros2_ws/install/more_interfaces', 'merge_install': False, 'path': '/home/alaa/ros2_ws/src/more_interfaces', 'symlink_install': True, 'test_result_base': None}
[0.463s] Level 5:colcon.colcon_core.verb:set package 'my_custom_interfaces' build argument 'cmake_args' from command line to 'None'
[0.463s] Level 5:colcon.colcon_core.verb:set package 'my_custom_interfaces' build argument 'cmake_target' from command line to 'None'
[0.463s] Level 5:colcon.colcon_core.verb:set package 'my_custom_interfaces' build argument 'cmake_target_skip_unavailable' from command line to 'False'
[0.463s] Level 5:colcon.colcon_core.verb:set package 'my_custom_interfaces' build argument 'cmake_clean_cache' from command line to 'False'
[0.463s] Level 5:colcon.colcon_core.verb:set package 'my_custom_interfaces' build argument 'cmake_clean_first' from command line to 'False'
[0.463s] Level 5:colcon.colcon_core.verb:set package 'my_custom_interfaces' build argument 'cmake_force_configure' from command line to 'False'
[0.463s] Level 5:colcon.colcon_core.verb:set package 'my_custom_interfaces' build argument 'ament_cmake_args' from command line to 'None'
[0.463s] Level 5:colcon.colcon_core.verb:set package 'my_custom_interfaces' build argument 'catkin_cmake_args' from command line to 'None'
[0.463s] Level 5:colcon.colcon_core.verb:set package 'my_custom_interfaces' build argument 'catkin_skip_building_tests' from command line to 'False'
[0.463s] DEBUG:colcon.colcon_core.verb:Building package 'my_custom_interfaces' with the following arguments: {'ament_cmake_args': None, 'build_base': '/home/alaa/ros2_ws/build/my_custom_interfaces', 'catkin_cmake_args': None, 'catkin_skip_building_tests': False, 'cmake_args': None, 'cmake_clean_cache': False, 'cmake_clean_first': False, 'cmake_force_configure': False, 'cmake_target': None, 'cmake_target_skip_unavailable': False, 'install_base': '/home/alaa/ros2_ws/install/my_custom_interfaces', 'merge_install': False, 'path': '/home/alaa/ros2_ws/src/my_custom_interfaces', 'symlink_install': True, 'test_result_base': None}
[0.463s] Level 5:colcon.colcon_core.verb:set package 'cpp_pubsub' build argument 'cmake_args' from command line to 'None'
[0.463s] Level 5:colcon.colcon_core.verb:set package 'cpp_pubsub' build argument 'cmake_target' from command line to 'None'
[0.463s] Level 5:colcon.colcon_core.verb:set package 'cpp_pubsub' build argument 'cmake_target_skip_unavailable' from command line to 'False'
[0.463s] Level 5:colcon.colcon_core.verb:set package 'cpp_pubsub' build argument 'cmake_clean_cache' from command line to 'False'
[0.464s] Level 5:colcon.colcon_core.verb:set package 'cpp_pubsub' build argument 'cmake_clean_first' from command line to 'False'
[0.464s] Level 5:colcon.colcon_core.verb:set package 'cpp_pubsub' build argument 'cmake_force_configure' from command line to 'False'
[0.464s] Level 5:colcon.colcon_core.verb:set package 'cpp_pubsub' build argument 'ament_cmake_args' from command line to 'None'
[0.464s] Level 5:colcon.colcon_core.verb:set package 'cpp_pubsub' build argument 'catkin_cmake_args' from command line to 'None'
[0.464s] Level 5:colcon.colcon_core.verb:set package 'cpp_pubsub' build argument 'catkin_skip_building_tests' from command line to 'False'
[0.464s] DEBUG:colcon.colcon_core.verb:Building package 'cpp_pubsub' with the following arguments: {'ament_cmake_args': None, 'build_base': '/home/alaa/ros2_ws/build/cpp_pubsub', 'catkin_cmake_args': None, 'catkin_skip_building_tests': False, 'cmake_args': None, 'cmake_clean_cache': False, 'cmake_clean_first': False, 'cmake_force_configure': False, 'cmake_target': None, 'cmake_target_skip_unavailable': False, 'install_base': '/home/alaa/ros2_ws/install/cpp_pubsub', 'merge_install': False, 'path': '/home/alaa/ros2_ws/src/cpp_pubsub', 'symlink_install': True, 'test_result_base': None}
[0.464s] Level 5:colcon.colcon_core.verb:set package 'cpp_service_demo' build argument 'cmake_args' from command line to 'None'
[0.464s] Level 5:colcon.colcon_core.verb:set package 'cpp_service_demo' build argument 'cmake_target' from command line to 'None'
[0.464s] Level 5:colcon.colcon_core.verb:set package 'cpp_service_demo' build argument 'cmake_target_skip_unavailable' from command line to 'False'
[0.464s] Level 5:colcon.colcon_core.verb:set package 'cpp_service_demo' build argument 'cmake_clean_cache' from command line to 'False'
[0.464s] Level 5:colcon.colcon_core.verb:set package 'cpp_service_demo' build argument 'cmake_clean_first' from command line to 'False'
[0.464s] Level 5:colcon.colcon_core.verb:set package 'cpp_service_demo' build argument 'cmake_force_configure' from command line to 'False'
[0.464s] Level 5:colcon.colcon_core.verb:set package 'cpp_service_demo' build argument 'ament_cmake_args' from command line to 'None'
[0.464s] Level 5:colcon.colcon_core.verb:set package 'cpp_service_demo' build argument 'catkin_cmake_args' from command line to 'None'
[0.464s] Level 5:colcon.colcon_core.verb:set package 'cpp_service_demo' build argument 'catkin_skip_building_tests' from command line to 'False'
[0.464s] DEBUG:colcon.colcon_core.verb:Building package 'cpp_service_demo' with the following arguments: {'ament_cmake_args': None, 'build_base': '/home/alaa/ros2_ws/build/cpp_service_demo', 'catkin_cmake_args': None, 'catkin_skip_building_tests': False, 'cmake_args': None, 'cmake_clean_cache': False, 'cmake_clean_first': False, 'cmake_force_configure': False, 'cmake_target': None, 'cmake_target_skip_unavailable': False, 'install_base': '/home/alaa/ros2_ws/install/cpp_service_demo', 'merge_install': False, 'path': '/home/alaa/ros2_ws/src/cpp_service_demo', 'symlink_install': True, 'test_result_base': None}
[0.465s] INFO:colcon.colcon_core.executor:Executing jobs using 'parallel' executor
[0.466s] DEBUG:colcon.colcon_parallel_executor.executor.parallel:run_until_complete
[0.466s] INFO:colcon.colcon_ros.task.ament_cmake.build:Building ROS package in '/home/alaa/ros2_ws/src/my_custom_interfaces' with build type 'ament_cmake'
[0.466s] INFO:colcon.colcon_cmake.task.cmake.build:Building CMake package in '/home/alaa/ros2_ws/src/my_custom_interfaces'
[0.469s] INFO:colcon.colcon_core.plugin_system:Skipping extension 'colcon_core.shell.bat': Not used on non-Windows systems
[0.469s] INFO:colcon.colcon_core.shell:Skip shell extension 'powershell' for command environment: Not usable outside of PowerShell
[0.469s] DEBUG:colcon.colcon_core.shell:Skip shell extension 'dsv' for command environment
[0.473s] INFO:colcon.colcon_ros.task.ament_cmake.build:Building ROS package in '/home/alaa/ros2_ws/src/more_interfaces' with build type 'ament_cmake'
[0.473s] INFO:colcon.colcon_cmake.task.cmake.build:Building CMake package in '/home/alaa/ros2_ws/src/more_interfaces'
[0.473s] INFO:colcon.colcon_core.shell:Skip shell extension 'powershell' for command environment: Not usable outside of PowerShell
[0.473s] DEBUG:colcon.colcon_core.shell:Skip shell extension 'dsv' for command environment
[0.483s] DEBUG:colcon.colcon_core.event_handler.log_command:Invoking command in '/home/alaa/ros2_ws/build/my_custom_interfaces': CMAKE_PREFIX_PATH=${CMAKE_PREFIX_PATH}:/opt/ros/humble /usr/bin/cmake --build /home/alaa/ros2_ws/build/my_custom_interfaces -- -j8 -l8
[0.487s] DEBUG:colcon.colcon_core.event_handler.log_command:Invoking command in '/home/alaa/ros2_ws/build/more_interfaces': CMAKE_PREFIX_PATH=${CMAKE_PREFIX_PATH}:/opt/ros/humble /usr/bin/cmake --build /home/alaa/ros2_ws/build/more_interfaces -- -j8 -l8
[0.919s] DEBUG:colcon.colcon_core.event_handler.log_command:Invoked command in '/home/alaa/ros2_ws/build/my_custom_interfaces' returned '0': CMAKE_PREFIX_PATH=${CMAKE_PREFIX_PATH}:/opt/ros/humble /usr/bin/cmake --build /home/alaa/ros2_ws/build/my_custom_interfaces -- -j8 -l8
[0.930s] DEBUG:colcon.colcon_core.event_handler.log_command:Invoking command in '/home/alaa/ros2_ws/build/my_custom_interfaces': CMAKE_PREFIX_PATH=${CMAKE_PREFIX_PATH}:/opt/ros/humble /usr/bin/cmake --install /home/alaa/ros2_ws/build/my_custom_interfaces
[1.018s] Level 1:colcon.colcon_core.environment:create_environment_scripts_only(my_custom_interfaces)
[1.019s] DEBUG:colcon.colcon_core.event_handler.log_command:Invoked command in '/home/alaa/ros2_ws/build/my_custom_interfaces' returned '0': CMAKE_PREFIX_PATH=${CMAKE_PREFIX_PATH}:/opt/ros/humble /usr/bin/cmake --install /home/alaa/ros2_ws/build/my_custom_interfaces
[1.021s] Level 1:colcon.colcon_core.environment:checking '/home/alaa/ros2_ws/install/my_custom_interfaces' for CMake module files
[1.022s] Level 1:colcon.colcon_core.environment:checking '/home/alaa/ros2_ws/install/my_custom_interfaces' for CMake config files
[1.023s] Level 1:colcon.colcon_core.shell:create_environment_hook('my_custom_interfaces', 'cmake_prefix_path')
[1.024s] INFO:colcon.colcon_core.shell:Creating environment hook '/home/alaa/ros2_ws/install/my_custom_interfaces/share/my_custom_interfaces/hook/cmake_prefix_path.ps1'
[1.024s] INFO:colcon.colcon_core.shell:Creating environment descriptor '/home/alaa/ros2_ws/install/my_custom_interfaces/share/my_custom_interfaces/hook/cmake_prefix_path.dsv'
[1.025s] INFO:colcon.colcon_core.shell:Creating environment hook '/home/alaa/ros2_ws/install/my_custom_interfaces/share/my_custom_interfaces/hook/cmake_prefix_path.sh'
[1.026s] Level 1:colcon.colcon_core.environment:checking '/home/alaa/ros2_ws/install/my_custom_interfaces/lib'
[1.026s] Level 1:colcon.colcon_core.shell:create_environment_hook('my_custom_interfaces', 'ld_library_path_lib')
[1.026s] INFO:colcon.colcon_core.shell:Creating environment hook '/home/alaa/ros2_ws/install/my_custom_interfaces/share/my_custom_interfaces/hook/ld_library_path_lib.ps1'
[1.027s] INFO:colcon.colcon_core.shell:Creating environment descriptor '/home/alaa/ros2_ws/install/my_custom_interfaces/share/my_custom_interfaces/hook/ld_library_path_lib.dsv'
[1.027s] INFO:colcon.colcon_core.shell:Creating environment hook '/home/alaa/ros2_ws/install/my_custom_interfaces/share/my_custom_interfaces/hook/ld_library_path_lib.sh'
[1.028s] Level 1:colcon.colcon_core.environment:checking '/home/alaa/ros2_ws/install/my_custom_interfaces/bin'
[1.028s] Level 1:colcon.colcon_core.environment:checking '/home/alaa/ros2_ws/install/my_custom_interfaces/lib/pkgconfig/my_custom_interfaces.pc'
[1.028s] Level 1:colcon.colcon_core.environment:checking '/home/alaa/ros2_ws/install/my_custom_interfaces/lib/python3.10/site-packages'
[1.028s] Level 1:colcon.colcon_core.environment:checking '/home/alaa/ros2_ws/install/my_custom_interfaces/bin'
[1.029s] INFO:colcon.colcon_core.shell:Creating package script '/home/alaa/ros2_ws/install/my_custom_interfaces/share/my_custom_interfaces/package.ps1'
[1.030s] INFO:colcon.colcon_core.shell:Creating package descriptor '/home/alaa/ros2_ws/install/my_custom_interfaces/share/my_custom_interfaces/package.dsv'
[1.031s] INFO:colcon.colcon_core.shell:Creating package script '/home/alaa/ros2_ws/install/my_custom_interfaces/share/my_custom_interfaces/package.sh'
[1.032s] INFO:colcon.colcon_core.shell:Creating package script '/home/alaa/ros2_ws/install/my_custom_interfaces/share/my_custom_interfaces/package.bash'
[1.033s] INFO:colcon.colcon_core.shell:Creating package script '/home/alaa/ros2_ws/install/my_custom_interfaces/share/my_custom_interfaces/package.zsh'
[1.033s] Level 1:colcon.colcon_core.environment:create_file_with_runtime_dependencies(/home/alaa/ros2_ws/install/my_custom_interfaces/share/colcon-core/packages/my_custom_interfaces)
[1.034s] Level 1:colcon.colcon_core.environment:create_environment_scripts_only(my_custom_interfaces)
[1.034s] Level 1:colcon.colcon_core.environment:checking '/home/alaa/ros2_ws/install/my_custom_interfaces' for CMake module files
[1.035s] Level 1:colcon.colcon_core.environment:checking '/home/alaa/ros2_ws/install/my_custom_interfaces' for CMake config files
[1.036s] Level 1:colcon.colcon_core.shell:create_environment_hook('my_custom_interfaces', 'cmake_prefix_path')
[1.037s] INFO:colcon.colcon_core.shell:Creating environment hook '/home/alaa/ros2_ws/install/my_custom_interfaces/share/my_custom_interfaces/hook/cmake_prefix_path.ps1'
[1.037s] INFO:colcon.colcon_core.shell:Creating environment descriptor '/home/alaa/ros2_ws/install/my_custom_interfaces/share/my_custom_interfaces/hook/cmake_prefix_path.dsv'
[1.037s] INFO:colcon.colcon_core.shell:Creating environment hook '/home/alaa/ros2_ws/install/my_custom_interfaces/share/my_custom_interfaces/hook/cmake_prefix_path.sh'
[1.038s] Level 1:colcon.colcon_core.environment:checking '/home/alaa/ros2_ws/install/my_custom_interfaces/lib'
[1.038s] Level 1:colcon.colcon_core.shell:create_environment_hook('my_custom_interfaces', 'ld_library_path_lib')
[1.038s] INFO:colcon.colcon_core.shell:Creating environment hook '/home/alaa/ros2_ws/install/my_custom_interfaces/share/my_custom_interfaces/hook/ld_library_path_lib.ps1'
[1.039s] INFO:colcon.colcon_core.shell:Creating environment descriptor '/home/alaa/ros2_ws/install/my_custom_interfaces/share/my_custom_interfaces/hook/ld_library_path_lib.dsv'
[1.039s] INFO:colcon.colcon_core.shell:Creating environment hook '/home/alaa/ros2_ws/install/my_custom_interfaces/share/my_custom_interfaces/hook/ld_library_path_lib.sh'
[1.040s] Level 1:colcon.colcon_core.environment:checking '/home/alaa/ros2_ws/install/my_custom_interfaces/bin'
[1.040s] Level 1:colcon.colcon_core.environment:checking '/home/alaa/ros2_ws/install/my_custom_interfaces/lib/pkgconfig/my_custom_interfaces.pc'
[1.040s] Level 1:colcon.colcon_core.environment:checking '/home/alaa/ros2_ws/install/my_custom_interfaces/lib/python3.10/site-packages'
[1.040s] Level 1:colcon.colcon_core.environment:checking '/home/alaa/ros2_ws/install/my_custom_interfaces/bin'
[1.041s] INFO:colcon.colcon_core.shell:Creating package script '/home/alaa/ros2_ws/install/my_custom_interfaces/share/my_custom_interfaces/package.ps1'
[1.042s] INFO:colcon.colcon_core.shell:Creating package descriptor '/home/alaa/ros2_ws/install/my_custom_interfaces/share/my_custom_interfaces/package.dsv'
[1.042s] INFO:colcon.colcon_core.shell:Creating package script '/home/alaa/ros2_ws/install/my_custom_interfaces/share/my_custom_interfaces/package.sh'
[1.043s] INFO:colcon.colcon_core.shell:Creating package script '/home/alaa/ros2_ws/install/my_custom_interfaces/share/my_custom_interfaces/package.bash'
[1.043s] INFO:colcon.colcon_core.shell:Creating package script '/home/alaa/ros2_ws/install/my_custom_interfaces/share/my_custom_interfaces/package.zsh'
[1.044s] Level 1:colcon.colcon_core.environment:create_file_with_runtime_dependencies(/home/alaa/ros2_ws/install/my_custom_interfaces/share/colcon-core/packages/my_custom_interfaces)
[1.044s] INFO:colcon.colcon_ros.task.ament_cmake.build:Building ROS package in '/home/alaa/ros2_ws/src/cpp_pubsub' with build type 'ament_cmake'
[1.044s] INFO:colcon.colcon_cmake.task.cmake.build:Building CMake package in '/home/alaa/ros2_ws/src/cpp_pubsub'
[1.045s] INFO:colcon.colcon_core.shell:Skip shell extension 'powershell' for command environment: Not usable outside of PowerShell
[1.045s] DEBUG:colcon.colcon_core.shell:Skip shell extension 'dsv' for command environment
[1.049s] INFO:colcon.colcon_ros.task.ament_cmake.build:Building ROS package in '/home/alaa/ros2_ws/src/cpp_service_demo' with build type 'ament_cmake'
[1.049s] INFO:colcon.colcon_cmake.task.cmake.build:Building CMake package in '/home/alaa/ros2_ws/src/cpp_service_demo'
[1.049s] INFO:colcon.colcon_core.shell:Skip shell extension 'powershell' for command environment: Not usable outside of PowerShell
[1.049s] DEBUG:colcon.colcon_core.shell:Skip shell extension 'dsv' for command environment
[1.058s] DEBUG:colcon.colcon_core.event_handler.log_command:Invoking command in '/home/alaa/ros2_ws/build/cpp_pubsub': CMAKE_PREFIX_PATH=/home/alaa/ros2_ws/install/my_custom_interfaces:/home/alaa/ros2_ws/install/more_interfaces:/home/alaa/ros2_ws/install/cpp_service_demo:/home/alaa/ros2_ws/install/cpp_pubsub:/opt/ros/humble LD_LIBRARY_PATH=/home/alaa/ros2_ws/install/my_custom_interfaces/lib:/home/alaa/ros2_ws/install/more_interfaces/lib:/opt/ros/humble/opt/rviz_ogre_vendor/lib:/opt/ros/humble/lib/x86_64-linux-gnu:/opt/ros/humble/lib /usr/bin/cmake --build /home/alaa/ros2_ws/build/cpp_pubsub -- -j8 -l8
[1.062s] DEBUG:colcon.colcon_core.event_handler.log_command:Invoking command in '/home/alaa/ros2_ws/build/cpp_service_demo': CMAKE_PREFIX_PATH=/home/alaa/ros2_ws/install/my_custom_interfaces:/home/alaa/ros2_ws/install/more_interfaces:/home/alaa/ros2_ws/install/cpp_service_demo:/home/alaa/ros2_ws/install/cpp_pubsub:/opt/ros/humble LD_LIBRARY_PATH=/home/alaa/ros2_ws/install/my_custom_interfaces/lib:/home/alaa/ros2_ws/install/more_interfaces/lib:/opt/ros/humble/opt/rviz_ogre_vendor/lib:/opt/ros/humble/lib/x86_64-linux-gnu:/opt/ros/humble/lib /usr/bin/cmake --build /home/alaa/ros2_ws/build/cpp_service_demo -- -j8 -l8
[1.155s] DEBUG:colcon.colcon_core.event_handler.log_command:Invoked command in '/home/alaa/ros2_ws/build/cpp_pubsub' returned '0': CMAKE_PREFIX_PATH=/home/alaa/ros2_ws/install/my_custom_interfaces:/home/alaa/ros2_ws/install/more_interfaces:/home/alaa/ros2_ws/install/cpp_service_demo:/home/alaa/ros2_ws/install/cpp_pubsub:/opt/ros/humble LD_LIBRARY_PATH=/home/alaa/ros2_ws/install/my_custom_interfaces/lib:/home/alaa/ros2_ws/install/more_interfaces/lib:/opt/ros/humble/opt/rviz_ogre_vendor/lib:/opt/ros/humble/lib/x86_64-linux-gnu:/opt/ros/humble/lib /usr/bin/cmake --build /home/alaa/ros2_ws/build/cpp_pubsub -- -j8 -l8
[1.158s] DEBUG:colcon.colcon_core.event_handler.log_command:Invoking command in '/home/alaa/ros2_ws/build/cpp_pubsub': CMAKE_PREFIX_PATH=/home/alaa/ros2_ws/install/my_custom_interfaces:/home/alaa/ros2_ws/install/more_interfaces:/home/alaa/ros2_ws/install/cpp_service_demo:/home/alaa/ros2_ws/install/cpp_pubsub:/opt/ros/humble LD_LIBRARY_PATH=/home/alaa/ros2_ws/install/my_custom_interfaces/lib:/home/alaa/ros2_ws/install/more_interfaces/lib:/opt/ros/humble/opt/rviz_ogre_vendor/lib:/opt/ros/humble/lib/x86_64-linux-gnu:/opt/ros/humble/lib /usr/bin/cmake --install /home/alaa/ros2_ws/build/cpp_pubsub
[1.161s] DEBUG:colcon.colcon_core.event_handler.log_command:Invoked command in '/home/alaa/ros2_ws/build/cpp_service_demo' returned '0': CMAKE_PREFIX_PATH=/home/alaa/ros2_ws/install/my_custom_interfaces:/home/alaa/ros2_ws/install/more_interfaces:/home/alaa/ros2_ws/install/cpp_service_demo:/home/alaa/ros2_ws/install/cpp_pubsub:/opt/ros/humble LD_LIBRARY_PATH=/home/alaa/ros2_ws/install/my_custom_interfaces/lib:/home/alaa/ros2_ws/install/more_interfaces/lib:/opt/ros/humble/opt/rviz_ogre_vendor/lib:/opt/ros/humble/lib/x86_64-linux-gnu:/opt/ros/humble/lib /usr/bin/cmake --build /home/alaa/ros2_ws/build/cpp_service_demo -- -j8 -l8
[1.163s] DEBUG:colcon.colcon_core.event_handler.log_command:Invoking command in '/home/alaa/ros2_ws/build/cpp_service_demo': CMAKE_PREFIX_PATH=/home/alaa/ros2_ws/install/my_custom_interfaces:/home/alaa/ros2_ws/install/more_interfaces:/home/alaa/ros2_ws/install/cpp_service_demo:/home/alaa/ros2_ws/install/cpp_pubsub:/opt/ros/humble LD_LIBRARY_PATH=/home/alaa/ros2_ws/install/my_custom_interfaces/lib:/home/alaa/ros2_ws/install/more_interfaces/lib:/opt/ros/humble/opt/rviz_ogre_vendor/lib:/opt/ros/humble/lib/x86_64-linux-gnu:/opt/ros/humble/lib /usr/bin/cmake --install /home/alaa/ros2_ws/build/cpp_service_demo
[1.185s] Level 1:colcon.colcon_core.environment:create_environment_scripts_only(cpp_pubsub)
[1.186s] Level 1:colcon.colcon_core.environment:checking '/home/alaa/ros2_ws/install/cpp_pubsub' for CMake module files
[1.186s] DEBUG:colcon.colcon_core.event_handler.log_command:Invoked command in '/home/alaa/ros2_ws/build/cpp_pubsub' returned '0': CMAKE_PREFIX_PATH=/home/alaa/ros2_ws/install/my_custom_interfaces:/home/alaa/ros2_ws/install/more_interfaces:/home/alaa/ros2_ws/install/cpp_service_demo:/home/alaa/ros2_ws/install/cpp_pubsub:/opt/ros/humble LD_LIBRARY_PATH=/home/alaa/ros2_ws/install/my_custom_interfaces/lib:/home/alaa/ros2_ws/install/more_interfaces/lib:/opt/ros/humble/opt/rviz_ogre_vendor/lib:/opt/ros/humble/lib/x86_64-linux-gnu:/opt/ros/humble/lib /usr/bin/cmake --install /home/alaa/ros2_ws/build/cpp_pubsub
[1.187s] Level 1:colcon.colcon_core.environment:checking '/home/alaa/ros2_ws/install/cpp_pubsub' for CMake config files
[1.187s] Level 1:colcon.colcon_core.shell:create_environment_hook('cpp_pubsub', 'cmake_prefix_path')
[1.187s] INFO:colcon.colcon_core.shell:Creating environment hook '/home/alaa/ros2_ws/install/cpp_pubsub/share/cpp_pubsub/hook/cmake_prefix_path.ps1'
[1.188s] INFO:colcon.colcon_core.shell:Creating environment descriptor '/home/alaa/ros2_ws/install/cpp_pubsub/share/cpp_pubsub/hook/cmake_prefix_path.dsv'
[1.188s] INFO:colcon.colcon_core.shell:Creating environment hook '/home/alaa/ros2_ws/install/cpp_pubsub/share/cpp_pubsub/hook/cmake_prefix_path.sh'
[1.189s] Level 1:colcon.colcon_core.environment:checking '/home/alaa/ros2_ws/install/cpp_pubsub/lib'
[1.189s] Level 1:colcon.colcon_core.environment:checking '/home/alaa/ros2_ws/install/cpp_pubsub/bin'
[1.189s] Level 1:colcon.colcon_core.environment:checking '/home/alaa/ros2_ws/install/cpp_pubsub/lib/pkgconfig/cpp_pubsub.pc'
[1.189s] Level 1:colcon.colcon_core.environment:checking '/home/alaa/ros2_ws/install/cpp_pubsub/lib/python3.10/site-packages'
[1.190s] Level 1:colcon.colcon_core.environment:checking '/home/alaa/ros2_ws/install/cpp_pubsub/bin'
[1.190s] INFO:colcon.colcon_core.shell:Creating package script '/home/alaa/ros2_ws/install/cpp_pubsub/share/cpp_pubsub/package.ps1'
[1.191s] INFO:colcon.colcon_core.shell:Creating package descriptor '/home/alaa/ros2_ws/install/cpp_pubsub/share/cpp_pubsub/package.dsv'
[1.191s] INFO:colcon.colcon_core.shell:Creating package script '/home/alaa/ros2_ws/install/cpp_pubsub/share/cpp_pubsub/package.sh'
[1.192s] INFO:colcon.colcon_core.shell:Creating package script '/home/alaa/ros2_ws/install/cpp_pubsub/share/cpp_pubsub/package.bash'
[1.192s] INFO:colcon.colcon_core.shell:Creating package script '/home/alaa/ros2_ws/install/cpp_pubsub/share/cpp_pubsub/package.zsh'
[1.192s] Level 1:colcon.colcon_core.environment:create_file_with_runtime_dependencies(/home/alaa/ros2_ws/install/cpp_pubsub/share/colcon-core/packages/cpp_pubsub)
[1.193s] Level 1:colcon.colcon_core.environment:create_environment_scripts_only(cpp_pubsub)
[1.193s] Level 1:colcon.colcon_core.environment:checking '/home/alaa/ros2_ws/install/cpp_pubsub' for CMake module files
[1.194s] Level 1:colcon.colcon_core.environment:checking '/home/alaa/ros2_ws/install/cpp_pubsub' for CMake config files
[1.194s] Level 1:colcon.colcon_core.shell:create_environment_hook('cpp_pubsub', 'cmake_prefix_path')
[1.195s] INFO:colcon.colcon_core.shell:Creating environment hook '/home/alaa/ros2_ws/install/cpp_pubsub/share/cpp_pubsub/hook/cmake_prefix_path.ps1'
[1.195s] INFO:colcon.colcon_core.shell:Creating environment descriptor '/home/alaa/ros2_ws/install/cpp_pubsub/share/cpp_pubsub/hook/cmake_prefix_path.dsv'
[1.195s] INFO:colcon.colcon_core.shell:Creating environment hook '/home/alaa/ros2_ws/install/cpp_pubsub/share/cpp_pubsub/hook/cmake_prefix_path.sh'
[1.196s] Level 1:colcon.colcon_core.environment:checking '/home/alaa/ros2_ws/install/cpp_pubsub/lib'
[1.196s] Level 1:colcon.colcon_core.environment:checking '/home/alaa/ros2_ws/install/cpp_pubsub/bin'
[1.196s] Level 1:colcon.colcon_core.environment:checking '/home/alaa/ros2_ws/install/cpp_pubsub/lib/pkgconfig/cpp_pubsub.pc'
[1.197s] Level 1:colcon.colcon_core.environment:checking '/home/alaa/ros2_ws/install/cpp_pubsub/lib/python3.10/site-packages'
[1.197s] Level 1:colcon.colcon_core.environment:checking '/home/alaa/ros2_ws/install/cpp_pubsub/bin'
[1.197s] INFO:colcon.colcon_core.shell:Creating package script '/home/alaa/ros2_ws/install/cpp_pubsub/share/cpp_pubsub/package.ps1'
[1.198s] INFO:colcon.colcon_core.shell:Creating package descriptor '/home/alaa/ros2_ws/install/cpp_pubsub/share/cpp_pubsub/package.dsv'
[1.198s] INFO:colcon.colcon_core.shell:Creating package script '/home/alaa/ros2_ws/install/cpp_pubsub/share/cpp_pubsub/package.sh'
[1.199s] INFO:colcon.colcon_core.shell:Creating package script '/home/alaa/ros2_ws/install/cpp_pubsub/share/cpp_pubsub/package.bash'
[1.200s] INFO:colcon.colcon_core.shell:Creating package script '/home/alaa/ros2_ws/install/cpp_pubsub/share/cpp_pubsub/package.zsh'
[1.200s] Level 1:colcon.colcon_core.environment:create_file_with_runtime_dependencies(/home/alaa/ros2_ws/install/cpp_pubsub/share/colcon-core/packages/cpp_pubsub)
[1.201s] Level 1:colcon.colcon_core.environment:create_environment_scripts_only(cpp_service_demo)
[1.201s] Level 1:colcon.colcon_core.environment:checking '/home/alaa/ros2_ws/install/cpp_service_demo' for CMake module files
[1.203s] DEBUG:colcon.colcon_core.event_handler.log_command:Invoked command in '/home/alaa/ros2_ws/build/cpp_service_demo' returned '0': CMAKE_PREFIX_PATH=/home/alaa/ros2_ws/install/my_custom_interfaces:/home/alaa/ros2_ws/install/more_interfaces:/home/alaa/ros2_ws/install/cpp_service_demo:/home/alaa/ros2_ws/install/cpp_pubsub:/opt/ros/humble LD_LIBRARY_PATH=/home/alaa/ros2_ws/install/my_custom_interfaces/lib:/home/alaa/ros2_ws/install/more_interfaces/lib:/opt/ros/humble/opt/rviz_ogre_vendor/lib:/opt/ros/humble/lib/x86_64-linux-gnu:/opt/ros/humble/lib /usr/bin/cmake --install /home/alaa/ros2_ws/build/cpp_service_demo
[1.203s] Level 1:colcon.colcon_core.environment:checking '/home/alaa/ros2_ws/install/cpp_service_demo' for CMake config files
[1.203s] Level 1:colcon.colcon_core.shell:create_environment_hook('cpp_service_demo', 'cmake_prefix_path')
[1.203s] INFO:colcon.colcon_core.shell:Creating environment hook '/home/alaa/ros2_ws/install/cpp_service_demo/share/cpp_service_demo/hook/cmake_prefix_path.ps1'
[1.204s] INFO:colcon.colcon_core.shell:Creating environment descriptor '/home/alaa/ros2_ws/install/cpp_service_demo/share/cpp_service_demo/hook/cmake_prefix_path.dsv'
[1.204s] INFO:colcon.colcon_core.shell:Creating environment hook '/home/alaa/ros2_ws/install/cpp_service_demo/share/cpp_service_demo/hook/cmake_prefix_path.sh'
[1.205s] Level 1:colcon.colcon_core.environment:checking '/home/alaa/ros2_ws/install/cpp_service_demo/lib'
[1.205s] Level 1:colcon.colcon_core.environment:checking '/home/alaa/ros2_ws/install/cpp_service_demo/bin'
[1.205s] Level 1:colcon.colcon_core.environment:checking '/home/alaa/ros2_ws/install/cpp_service_demo/lib/pkgconfig/cpp_service_demo.pc'
[1.205s] Level 1:colcon.colcon_core.environment:checking '/home/alaa/ros2_ws/install/cpp_service_demo/lib/python3.10/site-packages'
[1.206s] Level 1:colcon.colcon_core.environment:checking '/home/alaa/ros2_ws/install/cpp_service_demo/bin'
[1.206s] INFO:colcon.colcon_core.shell:Creating package script '/home/alaa/ros2_ws/install/cpp_service_demo/share/cpp_service_demo/package.ps1'
[1.207s] INFO:colcon.colcon_core.shell:Creating package descriptor '/home/alaa/ros2_ws/install/cpp_service_demo/share/cpp_service_demo/package.dsv'
[1.207s] INFO:colcon.colcon_core.shell:Creating package script '/home/alaa/ros2_ws/install/cpp_service_demo/share/cpp_service_demo/package.sh'
[1.208s] INFO:colcon.colcon_core.shell:Creating package script '/home/alaa/ros2_ws/install/cpp_service_demo/share/cpp_service_demo/package.bash'
[1.208s] INFO:colcon.colcon_core.shell:Creating package script '/home/alaa/ros2_ws/install/cpp_service_demo/share/cpp_service_demo/package.zsh'
[1.209s] Level 1:colcon.colcon_core.environment:create_file_with_runtime_dependencies(/home/alaa/ros2_ws/install/cpp_service_demo/share/colcon-core/packages/cpp_service_demo)
[1.209s] Level 1:colcon.colcon_core.environment:create_environment_scripts_only(cpp_service_demo)
[1.209s] Level 1:colcon.colcon_core.environment:checking '/home/alaa/ros2_ws/install/cpp_service_demo' for CMake module files
[1.210s] Level 1:colcon.colcon_core.environment:checking '/home/alaa/ros2_ws/install/cpp_service_demo' for CMake config files
[1.210s] Level 1:colcon.colcon_core.shell:create_environment_hook('cpp_service_demo', 'cmake_prefix_path')
[1.211s] INFO:colcon.colcon_core.shell:Creating environment hook '/home/alaa/ros2_ws/install/cpp_service_demo/share/cpp_service_demo/hook/cmake_prefix_path.ps1'
[1.211s] INFO:colcon.colcon_core.shell:Creating environment descriptor '/home/alaa/ros2_ws/install/cpp_service_demo/share/cpp_service_demo/hook/cmake_prefix_path.dsv'
[1.211s] INFO:colcon.colcon_core.shell:Creating environment hook '/home/alaa/ros2_ws/install/cpp_service_demo/share/cpp_service_demo/hook/cmake_prefix_path.sh'
[1.212s] Level 1:colcon.colcon_core.environment:checking '/home/alaa/ros2_ws/install/cpp_service_demo/lib'
[1.212s] Level 1:colcon.colcon_core.environment:checking '/home/alaa/ros2_ws/install/cpp_service_demo/bin'
[1.212s] Level 1:colcon.colcon_core.environment:checking '/home/alaa/ros2_ws/install/cpp_service_demo/lib/pkgconfig/cpp_service_demo.pc'
[1.213s] Level 1:colcon.colcon_core.environment:checking '/home/alaa/ros2_ws/install/cpp_service_demo/lib/python3.10/site-packages'
[1.213s] Level 1:colcon.colcon_core.environment:checking '/home/alaa/ros2_ws/install/cpp_service_demo/bin'
[1.213s] INFO:colcon.colcon_core.shell:Creating package script '/home/alaa/ros2_ws/install/cpp_service_demo/share/cpp_service_demo/package.ps1'
[1.214s] INFO:colcon.colcon_core.shell:Creating package descriptor '/home/alaa/ros2_ws/install/cpp_service_demo/share/cpp_service_demo/package.dsv'
[1.214s] INFO:colcon.colcon_core.shell:Creating package script '/home/alaa/ros2_ws/install/cpp_service_demo/share/cpp_service_demo/package.sh'
[1.215s] INFO:colcon.colcon_core.shell:Creating package script '/home/alaa/ros2_ws/install/cpp_service_demo/share/cpp_service_demo/package.bash'
[1.215s] INFO:colcon.colcon_core.shell:Creating package script '/home/alaa/ros2_ws/install/cpp_service_demo/share/cpp_service_demo/package.zsh'
[1.216s] Level 1:colcon.colcon_core.environment:create_file_with_runtime_dependencies(/home/alaa/ros2_ws/install/cpp_service_demo/share/colcon-core/packages/cpp_service_demo)
[1.959s] DEBUG:colcon.colcon_core.event_handler.log_command:Invoked command in '/home/alaa/ros2_ws/build/more_interfaces' returned '2': CMAKE_PREFIX_PATH=${CMAKE_PREFIX_PATH}:/opt/ros/humble /usr/bin/cmake --build /home/alaa/ros2_ws/build/more_interfaces -- -j8 -l8
[1.959s] Level 1:colcon.colcon_core.environment:create_environment_scripts_only(more_interfaces)
[1.960s] Level 1:colcon.colcon_core.environment:checking '/home/alaa/ros2_ws/install/more_interfaces' for CMake module files
[1.960s] Level 1:colcon.colcon_core.environment:checking '/home/alaa/ros2_ws/install/more_interfaces' for CMake config files
[1.961s] Level 1:colcon.colcon_core.shell:create_environment_hook('more_interfaces', 'cmake_prefix_path')
[1.961s] INFO:colcon.colcon_core.shell:Creating environment hook '/home/alaa/ros2_ws/install/more_interfaces/share/more_interfaces/hook/cmake_prefix_path.ps1'
[1.962s] INFO:colcon.colcon_core.shell:Creating environment descriptor '/home/alaa/ros2_ws/install/more_interfaces/share/more_interfaces/hook/cmake_prefix_path.dsv'
[1.962s] INFO:colcon.colcon_core.shell:Creating environment hook '/home/alaa/ros2_ws/install/more_interfaces/share/more_interfaces/hook/cmake_prefix_path.sh'
[1.963s] Level 1:colcon.colcon_core.environment:checking '/home/alaa/ros2_ws/install/more_interfaces/lib'
[1.963s] Level 1:colcon.colcon_core.shell:create_environment_hook('more_interfaces', 'ld_library_path_lib')
[1.964s] INFO:colcon.colcon_core.shell:Creating environment hook '/home/alaa/ros2_ws/install/more_interfaces/share/more_interfaces/hook/ld_library_path_lib.ps1'
[1.964s] INFO:colcon.colcon_core.shell:Creating environment descriptor '/home/alaa/ros2_ws/install/more_interfaces/share/more_interfaces/hook/ld_library_path_lib.dsv'
[1.964s] INFO:colcon.colcon_core.shell:Creating environment hook '/home/alaa/ros2_ws/install/more_interfaces/share/more_interfaces/hook/ld_library_path_lib.sh'
[1.965s] Level 1:colcon.colcon_core.environment:checking '/home/alaa/ros2_ws/install/more_interfaces/bin'
[1.965s] Level 1:colcon.colcon_core.environment:checking '/home/alaa/ros2_ws/install/more_interfaces/lib/pkgconfig/more_interfaces.pc'
[1.965s] Level 1:colcon.colcon_core.environment:checking '/home/alaa/ros2_ws/install/more_interfaces/lib/python3.10/site-packages'
[1.966s] Level 1:colcon.colcon_core.environment:checking '/home/alaa/ros2_ws/install/more_interfaces/bin'
[1.966s] INFO:colcon.colcon_core.shell:Creating package script '/home/alaa/ros2_ws/install/more_interfaces/share/more_interfaces/package.ps1'
[1.967s] INFO:colcon.colcon_core.shell:Creating package descriptor '/home/alaa/ros2_ws/install/more_interfaces/share/more_interfaces/package.dsv'
[1.967s] INFO:colcon.colcon_core.shell:Creating package script '/home/alaa/ros2_ws/install/more_interfaces/share/more_interfaces/package.sh'
[1.968s] INFO:colcon.colcon_core.shell:Creating package script '/home/alaa/ros2_ws/install/more_interfaces/share/more_interfaces/package.bash'
[1.969s] INFO:colcon.colcon_core.shell:Creating package script '/home/alaa/ros2_ws/install/more_interfaces/share/more_interfaces/package.zsh'
[1.969s] Level 1:colcon.colcon_core.environment:create_file_with_runtime_dependencies(/home/alaa/ros2_ws/install/more_interfaces/share/colcon-core/packages/more_interfaces)
[1.980s] DEBUG:colcon.colcon_parallel_executor.executor.parallel:closing loop
[1.980s] DEBUG:colcon.colcon_parallel_executor.executor.parallel:loop closed
[1.980s] DEBUG:colcon.colcon_parallel_executor.executor.parallel:run_until_complete finished with '2'
[1.980s] DEBUG:colcon.colcon_core.event_reactor:joining thread
[1.991s] INFO:colcon.colcon_core.plugin_system:Skipping extension 'colcon_notification.desktop_notification.terminal_notifier': Not used on non-Darwin systems
[1.991s] INFO:colcon.colcon_core.plugin_system:Skipping extension 'colcon_notification.desktop_notification.win32': Not used on non-Windows systems
[1.991s] INFO:colcon.colcon_notification.desktop_notification:Sending desktop notification using 'notify2'
[2.004s] DEBUG:colcon.colcon_core.event_reactor:joined thread
[2.005s] INFO:colcon.colcon_core.shell:Creating prefix script '/home/alaa/ros2_ws/install/local_setup.ps1'
[2.006s] INFO:colcon.colcon_core.shell:Creating prefix util module '/home/alaa/ros2_ws/install/_local_setup_util_ps1.py'
[2.008s] INFO:colcon.colcon_core.shell:Creating prefix chain script '/home/alaa/ros2_ws/install/setup.ps1'
[2.009s] INFO:colcon.colcon_core.shell:Creating prefix script '/home/alaa/ros2_ws/install/local_setup.sh'
[2.010s] INFO:colcon.colcon_core.shell:Creating prefix util module '/home/alaa/ros2_ws/install/_local_setup_util_sh.py'
[2.011s] INFO:colcon.colcon_core.shell:Creating prefix chain script '/home/alaa/ros2_ws/install/setup.sh'
[2.012s] INFO:colcon.colcon_core.shell:Creating prefix script '/home/alaa/ros2_ws/install/local_setup.bash'
[2.013s] INFO:colcon.colcon_core.shell:Creating prefix chain script '/home/alaa/ros2_ws/install/setup.bash'
[2.014s] INFO:colcon.colcon_core.shell:Creating prefix script '/home/alaa/ros2_ws/install/local_setup.zsh'
[2.015s] INFO:colcon.colcon_core.shell:Creating prefix chain script '/home/alaa/ros2_ws/install/setup.zsh'
