[0.013s] Invoking command in '/home/alaa/ros2_ws/build/cpp_service_demo': CMAKE_PREFIX_PATH=${CMAKE_PREFIX_PATH}:/opt/ros/humble /usr/bin/cmake --build /home/alaa/ros2_ws/build/cpp_service_demo -- -j8 -l8
[0.057s] [35m[1mConsolidate compiler generated dependencies of target client_node[0m
[0.070s] [ 50%] Built target service_node
[0.074s] [ 75%] [32mBuilding CXX object CMakeFiles/client_node.dir/src/client_node.cpp.o[0m
[4.466s] [100%] [32m[1mLinking CXX executable client_node[0m
[4.647s] [100%] Built target client_node
[4.659s] Invoked command in '/home/alaa/ros2_ws/build/cpp_service_demo' returned '0': CMAKE_PREFIX_PATH=${CMAKE_PREFIX_PATH}:/opt/ros/humble /usr/bin/cmake --build /home/alaa/ros2_ws/build/cpp_service_demo -- -j8 -l8
[4.660s] Invoking command in '/home/alaa/ros2_ws/build/cpp_service_demo': CMAKE_PREFIX_PATH=${CMAKE_PREFIX_PATH}:/opt/ros/humble /usr/bin/cmake --install /home/alaa/ros2_ws/build/cpp_service_demo
[4.668s] -- Install configuration: ""
[4.668s] -- Execute custom install script
[4.669s] -- Up-to-date symlink: /home/alaa/ros2_ws/install/cpp_service_demo/lib/cpp_service_demo/service_node
[4.669s] -- Up-to-date symlink: /home/alaa/ros2_ws/install/cpp_service_demo/lib/cpp_service_demo/client_node
[4.669s] -- Up-to-date symlink: /home/alaa/ros2_ws/install/cpp_service_demo/share/ament_index/resource_index/package_run_dependencies/cpp_service_demo
[4.669s] -- Up-to-date symlink: /home/alaa/ros2_ws/install/cpp_service_demo/share/ament_index/resource_index/parent_prefix_path/cpp_service_demo
[4.670s] -- Up-to-date symlink: /home/alaa/ros2_ws/install/cpp_service_demo/share/cpp_service_demo/environment/ament_prefix_path.sh
[4.670s] -- Up-to-date symlink: /home/alaa/ros2_ws/install/cpp_service_demo/share/cpp_service_demo/environment/ament_prefix_path.dsv
[4.670s] -- Up-to-date symlink: /home/alaa/ros2_ws/install/cpp_service_demo/share/cpp_service_demo/environment/path.sh
[4.670s] -- Up-to-date symlink: /home/alaa/ros2_ws/install/cpp_service_demo/share/cpp_service_demo/environment/path.dsv
[4.670s] -- Up-to-date symlink: /home/alaa/ros2_ws/install/cpp_service_demo/share/cpp_service_demo/local_setup.bash
[4.670s] -- Up-to-date symlink: /home/alaa/ros2_ws/install/cpp_service_demo/share/cpp_service_demo/local_setup.sh
[4.671s] -- Up-to-date symlink: /home/alaa/ros2_ws/install/cpp_service_demo/share/cpp_service_demo/local_setup.zsh
[4.671s] -- Up-to-date symlink: /home/alaa/ros2_ws/install/cpp_service_demo/share/cpp_service_demo/local_setup.dsv
[4.671s] -- Symlinking: /home/alaa/ros2_ws/install/cpp_service_demo/share/cpp_service_demo/package.dsv
[4.680s] -- Up-to-date symlink: /home/alaa/ros2_ws/install/cpp_service_demo/share/ament_index/resource_index/packages/cpp_service_demo
[4.681s] -- Up-to-date symlink: /home/alaa/ros2_ws/install/cpp_service_demo/share/cpp_service_demo/cmake/cpp_service_demoConfig.cmake
[4.681s] -- Up-to-date symlink: /home/alaa/ros2_ws/install/cpp_service_demo/share/cpp_service_demo/cmake/cpp_service_demoConfig-version.cmake
[4.681s] -- Up-to-date symlink: /home/alaa/ros2_ws/install/cpp_service_demo/share/cpp_service_demo/package.xml
[4.683s] Invoked command in '/home/alaa/ros2_ws/build/cpp_service_demo' returned '0': CMAKE_PREFIX_PATH=${CMAKE_PREFIX_PATH}:/opt/ros/humble /usr/bin/cmake --install /home/alaa/ros2_ws/build/cpp_service_demo
