[0.135s] DEBUG:colcon:Command line arguments: ['/usr/bin/colcon', 'build', '--symlink-install']
[0.135s] DEBUG:colcon:Parsed command line arguments: Namespace(log_base=None, log_level=None, verb_name='build', build_base='build', install_base='install', merge_install=False, symlink_install=True, test_result_base=None, continue_on_error=False, executor='parallel', parallel_workers=8, event_handlers=None, ignore_user_meta=False, metas=['./colcon.meta'], base_paths=['.'], packages_ignore=None, packages_ignore_regex=None, paths=None, packages_up_to=None, packages_up_to_regex=None, packages_above=None, packages_above_and_dependencies=None, packages_above_depth=None, packages_select_by_dep=None, packages_skip_by_dep=None, packages_skip_up_to=None, packages_select_build_failed=False, packages_skip_build_finished=False, packages_select_test_failures=False, packages_skip_test_passed=False, packages_select=None, packages_skip=None, packages_select_regex=None, packages_skip_regex=None, packages_start=None, packages_end=None, allow_overriding=[], cmake_args=None, cmake_target=None, cmake_target_skip_unavailable=False, cmake_clean_cache=False, cmake_clean_first=False, cmake_force_configure=False, ament_cmake_args=None, catkin_cmake_args=None, catkin_skip_building_tests=False, verb_parser=<colcon_defaults.argument_parser.defaults.DefaultArgumentsDecorator object at 0x785fefe2b310>, verb_extension=<colcon_core.verb.build.BuildVerb object at 0x785feffd8c10>, main=<bound method BuildVerb.main of <colcon_core.verb.build.BuildVerb object at 0x785feffd8c10>>)
[0.343s] Level 1:colcon.colcon_core.package_discovery:discover_packages(colcon_meta) check parameters
[0.343s] Level 1:colcon.colcon_core.package_discovery:discover_packages(recursive) check parameters
[0.343s] Level 1:colcon.colcon_core.package_discovery:discover_packages(ignore) check parameters
[0.343s] Level 1:colcon.colcon_core.package_discovery:discover_packages(path) check parameters
[0.343s] Level 1:colcon.colcon_core.package_discovery:discover_packages(colcon_meta) discover
[0.343s] Level 1:colcon.colcon_core.package_discovery:discover_packages(recursive) discover
[0.343s] INFO:colcon.colcon_core.package_discovery:Crawling recursively for packages in '/home/alaa/ros2_ws'
[0.343s] Level 1:colcon.colcon_core.package_identification:_identify(.) by extensions ['ignore', 'ignore_ament_install']
[0.343s] Level 1:colcon.colcon_core.package_identification:_identify(.) by extension 'ignore'
[0.343s] Level 1:colcon.colcon_core.package_identification:_identify(.) by extension 'ignore_ament_install'
[0.344s] Level 1:colcon.colcon_core.package_identification:_identify(.) by extensions ['colcon_pkg']
[0.344s] Level 1:colcon.colcon_core.package_identification:_identify(.) by extension 'colcon_pkg'
[0.344s] Level 1:colcon.colcon_core.package_identification:_identify(.) by extensions ['colcon_meta']
[0.344s] Level 1:colcon.colcon_core.package_identification:_identify(.) by extension 'colcon_meta'
[0.344s] Level 1:colcon.colcon_core.package_identification:_identify(.) by extensions ['ros']
[0.344s] Level 1:colcon.colcon_core.package_identification:_identify(.) by extension 'ros'
[0.358s] Level 1:colcon.colcon_core.package_identification:_identify(.) by extensions ['cmake', 'python']
[0.358s] Level 1:colcon.colcon_core.package_identification:_identify(.) by extension 'cmake'
[0.358s] Level 1:colcon.colcon_core.package_identification:_identify(.) by extension 'python'
[0.358s] Level 1:colcon.colcon_core.package_identification:_identify(.) by extensions ['python_setup_py']
[0.359s] Level 1:colcon.colcon_core.package_identification:_identify(.) by extension 'python_setup_py'
[0.359s] Level 1:colcon.colcon_core.package_identification:_identify(build) by extensions ['ignore', 'ignore_ament_install']
[0.359s] Level 1:colcon.colcon_core.package_identification:_identify(build) by extension 'ignore'
[0.359s] Level 1:colcon.colcon_core.package_identification:_identify(build) ignored
[0.359s] Level 1:colcon.colcon_core.package_identification:_identify(install) by extensions ['ignore', 'ignore_ament_install']
[0.359s] Level 1:colcon.colcon_core.package_identification:_identify(install) by extension 'ignore'
[0.359s] Level 1:colcon.colcon_core.package_identification:_identify(install) ignored
[0.359s] Level 1:colcon.colcon_core.package_identification:_identify(log) by extensions ['ignore', 'ignore_ament_install']
[0.359s] Level 1:colcon.colcon_core.package_identification:_identify(log) by extension 'ignore'
[0.359s] Level 1:colcon.colcon_core.package_identification:_identify(log) ignored
[0.360s] Level 1:colcon.colcon_core.package_identification:_identify(src) by extensions ['ignore', 'ignore_ament_install']
[0.360s] Level 1:colcon.colcon_core.package_identification:_identify(src) by extension 'ignore'
[0.360s] Level 1:colcon.colcon_core.package_identification:_identify(src) by extension 'ignore_ament_install'
[0.360s] Level 1:colcon.colcon_core.package_identification:_identify(src) by extensions ['colcon_pkg']
[0.360s] Level 1:colcon.colcon_core.package_identification:_identify(src) by extension 'colcon_pkg'
[0.360s] Level 1:colcon.colcon_core.package_identification:_identify(src) by extensions ['colcon_meta']
[0.360s] Level 1:colcon.colcon_core.package_identification:_identify(src) by extension 'colcon_meta'
[0.360s] Level 1:colcon.colcon_core.package_identification:_identify(src) by extensions ['ros']
[0.360s] Level 1:colcon.colcon_core.package_identification:_identify(src) by extension 'ros'
[0.360s] Level 1:colcon.colcon_core.package_identification:_identify(src) by extensions ['cmake', 'python']
[0.360s] Level 1:colcon.colcon_core.package_identification:_identify(src) by extension 'cmake'
[0.360s] Level 1:colcon.colcon_core.package_identification:_identify(src) by extension 'python'
[0.360s] Level 1:colcon.colcon_core.package_identification:_identify(src) by extensions ['python_setup_py']
[0.360s] Level 1:colcon.colcon_core.package_identification:_identify(src) by extension 'python_setup_py'
[0.360s] Level 1:colcon.colcon_core.package_identification:_identify(src/cpp_pubsub) by extensions ['ignore', 'ignore_ament_install']
[0.361s] Level 1:colcon.colcon_core.package_identification:_identify(src/cpp_pubsub) by extension 'ignore'
[0.361s] Level 1:colcon.colcon_core.package_identification:_identify(src/cpp_pubsub) by extension 'ignore_ament_install'
[0.361s] Level 1:colcon.colcon_core.package_identification:_identify(src/cpp_pubsub) by extensions ['colcon_pkg']
[0.361s] Level 1:colcon.colcon_core.package_identification:_identify(src/cpp_pubsub) by extension 'colcon_pkg'
[0.361s] Level 1:colcon.colcon_core.package_identification:_identify(src/cpp_pubsub) by extensions ['colcon_meta']
[0.361s] Level 1:colcon.colcon_core.package_identification:_identify(src/cpp_pubsub) by extension 'colcon_meta'
[0.361s] Level 1:colcon.colcon_core.package_identification:_identify(src/cpp_pubsub) by extensions ['ros']
[0.361s] Level 1:colcon.colcon_core.package_identification:_identify(src/cpp_pubsub) by extension 'ros'
[0.364s] DEBUG:colcon.colcon_core.package_identification:Package 'src/cpp_pubsub' with type 'ros.ament_cmake' and name 'cpp_pubsub'
[0.364s] Level 1:colcon.colcon_core.package_identification:_identify(src/cpp_service_demo) by extensions ['ignore', 'ignore_ament_install']
[0.364s] Level 1:colcon.colcon_core.package_identification:_identify(src/cpp_service_demo) by extension 'ignore'
[0.364s] Level 1:colcon.colcon_core.package_identification:_identify(src/cpp_service_demo) by extension 'ignore_ament_install'
[0.365s] Level 1:colcon.colcon_core.package_identification:_identify(src/cpp_service_demo) by extensions ['colcon_pkg']
[0.365s] Level 1:colcon.colcon_core.package_identification:_identify(src/cpp_service_demo) by extension 'colcon_pkg'
[0.365s] Level 1:colcon.colcon_core.package_identification:_identify(src/cpp_service_demo) by extensions ['colcon_meta']
[0.365s] Level 1:colcon.colcon_core.package_identification:_identify(src/cpp_service_demo) by extension 'colcon_meta'
[0.365s] Level 1:colcon.colcon_core.package_identification:_identify(src/cpp_service_demo) by extensions ['ros']
[0.365s] Level 1:colcon.colcon_core.package_identification:_identify(src/cpp_service_demo) by extension 'ros'
[0.366s] DEBUG:colcon.colcon_core.package_identification:Package 'src/cpp_service_demo' with type 'ros.ament_cmake' and name 'cpp_service_demo'
[0.366s] Level 1:colcon.colcon_core.package_identification:_identify(src/my_custom_interfaces) by extensions ['ignore', 'ignore_ament_install']
[0.366s] Level 1:colcon.colcon_core.package_identification:_identify(src/my_custom_interfaces) by extension 'ignore'
[0.366s] Level 1:colcon.colcon_core.package_identification:_identify(src/my_custom_interfaces) by extension 'ignore_ament_install'
[0.366s] Level 1:colcon.colcon_core.package_identification:_identify(src/my_custom_interfaces) by extensions ['colcon_pkg']
[0.366s] Level 1:colcon.colcon_core.package_identification:_identify(src/my_custom_interfaces) by extension 'colcon_pkg'
[0.366s] Level 1:colcon.colcon_core.package_identification:_identify(src/my_custom_interfaces) by extensions ['colcon_meta']
[0.366s] Level 1:colcon.colcon_core.package_identification:_identify(src/my_custom_interfaces) by extension 'colcon_meta'
[0.367s] Level 1:colcon.colcon_core.package_identification:_identify(src/my_custom_interfaces) by extensions ['ros']
[0.367s] Level 1:colcon.colcon_core.package_identification:_identify(src/my_custom_interfaces) by extension 'ros'
[0.367s] DEBUG:colcon.colcon_core.package_identification:Package 'src/my_custom_interfaces' with type 'ros.ament_cmake' and name 'my_custom_interfaces'
[0.367s] Level 1:colcon.colcon_core.package_discovery:discover_packages(recursive) using defaults
[0.367s] Level 1:colcon.colcon_core.package_discovery:discover_packages(ignore) discover
[0.367s] Level 1:colcon.colcon_core.package_discovery:discover_packages(ignore) using defaults
[0.368s] Level 1:colcon.colcon_core.package_discovery:discover_packages(path) discover
[0.368s] Level 1:colcon.colcon_core.package_discovery:discover_packages(path) using defaults
[0.393s] Level 1:colcon.colcon_core.package_discovery:discover_packages(prefix_path) check parameters
[0.393s] Level 1:colcon.colcon_core.package_discovery:discover_packages(prefix_path) discover
[0.395s] DEBUG:colcon.colcon_installed_package_information.package_discovery:Found 3 installed packages in /home/alaa/ros2_ws/install
[0.397s] DEBUG:colcon.colcon_installed_package_information.package_discovery:Found 271 installed packages in /opt/ros/humble
[0.399s] Level 1:colcon.colcon_core.package_discovery:discover_packages(prefix_path) using defaults
[0.457s] Level 5:colcon.colcon_core.verb:set package 'my_custom_interfaces' build argument 'cmake_args' from command line to 'None'
[0.457s] Level 5:colcon.colcon_core.verb:set package 'my_custom_interfaces' build argument 'cmake_target' from command line to 'None'
[0.457s] Level 5:colcon.colcon_core.verb:set package 'my_custom_interfaces' build argument 'cmake_target_skip_unavailable' from command line to 'False'
[0.457s] Level 5:colcon.colcon_core.verb:set package 'my_custom_interfaces' build argument 'cmake_clean_cache' from command line to 'False'
[0.457s] Level 5:colcon.colcon_core.verb:set package 'my_custom_interfaces' build argument 'cmake_clean_first' from command line to 'False'
[0.457s] Level 5:colcon.colcon_core.verb:set package 'my_custom_interfaces' build argument 'cmake_force_configure' from command line to 'False'
[0.457s] Level 5:colcon.colcon_core.verb:set package 'my_custom_interfaces' build argument 'ament_cmake_args' from command line to 'None'
[0.457s] Level 5:colcon.colcon_core.verb:set package 'my_custom_interfaces' build argument 'catkin_cmake_args' from command line to 'None'
[0.457s] Level 5:colcon.colcon_core.verb:set package 'my_custom_interfaces' build argument 'catkin_skip_building_tests' from command line to 'False'
[0.457s] DEBUG:colcon.colcon_core.verb:Building package 'my_custom_interfaces' with the following arguments: {'ament_cmake_args': None, 'build_base': '/home/alaa/ros2_ws/build/my_custom_interfaces', 'catkin_cmake_args': None, 'catkin_skip_building_tests': False, 'cmake_args': None, 'cmake_clean_cache': False, 'cmake_clean_first': False, 'cmake_force_configure': False, 'cmake_target': None, 'cmake_target_skip_unavailable': False, 'install_base': '/home/alaa/ros2_ws/install/my_custom_interfaces', 'merge_install': False, 'path': '/home/alaa/ros2_ws/src/my_custom_interfaces', 'symlink_install': True, 'test_result_base': None}
[0.458s] Level 5:colcon.colcon_core.verb:set package 'cpp_pubsub' build argument 'cmake_args' from command line to 'None'
[0.458s] Level 5:colcon.colcon_core.verb:set package 'cpp_pubsub' build argument 'cmake_target' from command line to 'None'
[0.458s] Level 5:colcon.colcon_core.verb:set package 'cpp_pubsub' build argument 'cmake_target_skip_unavailable' from command line to 'False'
[0.458s] Level 5:colcon.colcon_core.verb:set package 'cpp_pubsub' build argument 'cmake_clean_cache' from command line to 'False'
[0.458s] Level 5:colcon.colcon_core.verb:set package 'cpp_pubsub' build argument 'cmake_clean_first' from command line to 'False'
[0.458s] Level 5:colcon.colcon_core.verb:set package 'cpp_pubsub' build argument 'cmake_force_configure' from command line to 'False'
[0.458s] Level 5:colcon.colcon_core.verb:set package 'cpp_pubsub' build argument 'ament_cmake_args' from command line to 'None'
[0.458s] Level 5:colcon.colcon_core.verb:set package 'cpp_pubsub' build argument 'catkin_cmake_args' from command line to 'None'
[0.458s] Level 5:colcon.colcon_core.verb:set package 'cpp_pubsub' build argument 'catkin_skip_building_tests' from command line to 'False'
[0.458s] DEBUG:colcon.colcon_core.verb:Building package 'cpp_pubsub' with the following arguments: {'ament_cmake_args': None, 'build_base': '/home/alaa/ros2_ws/build/cpp_pubsub', 'catkin_cmake_args': None, 'catkin_skip_building_tests': False, 'cmake_args': None, 'cmake_clean_cache': False, 'cmake_clean_first': False, 'cmake_force_configure': False, 'cmake_target': None, 'cmake_target_skip_unavailable': False, 'install_base': '/home/alaa/ros2_ws/install/cpp_pubsub', 'merge_install': False, 'path': '/home/alaa/ros2_ws/src/cpp_pubsub', 'symlink_install': True, 'test_result_base': None}
[0.459s] Level 5:colcon.colcon_core.verb:set package 'cpp_service_demo' build argument 'cmake_args' from command line to 'None'
[0.459s] Level 5:colcon.colcon_core.verb:set package 'cpp_service_demo' build argument 'cmake_target' from command line to 'None'
[0.459s] Level 5:colcon.colcon_core.verb:set package 'cpp_service_demo' build argument 'cmake_target_skip_unavailable' from command line to 'False'
[0.459s] Level 5:colcon.colcon_core.verb:set package 'cpp_service_demo' build argument 'cmake_clean_cache' from command line to 'False'
[0.459s] Level 5:colcon.colcon_core.verb:set package 'cpp_service_demo' build argument 'cmake_clean_first' from command line to 'False'
[0.459s] Level 5:colcon.colcon_core.verb:set package 'cpp_service_demo' build argument 'cmake_force_configure' from command line to 'False'
[0.459s] Level 5:colcon.colcon_core.verb:set package 'cpp_service_demo' build argument 'ament_cmake_args' from command line to 'None'
[0.459s] Level 5:colcon.colcon_core.verb:set package 'cpp_service_demo' build argument 'catkin_cmake_args' from command line to 'None'
[0.459s] Level 5:colcon.colcon_core.verb:set package 'cpp_service_demo' build argument 'catkin_skip_building_tests' from command line to 'False'
[0.459s] DEBUG:colcon.colcon_core.verb:Building package 'cpp_service_demo' with the following arguments: {'ament_cmake_args': None, 'build_base': '/home/alaa/ros2_ws/build/cpp_service_demo', 'catkin_cmake_args': None, 'catkin_skip_building_tests': False, 'cmake_args': None, 'cmake_clean_cache': False, 'cmake_clean_first': False, 'cmake_force_configure': False, 'cmake_target': None, 'cmake_target_skip_unavailable': False, 'install_base': '/home/alaa/ros2_ws/install/cpp_service_demo', 'merge_install': False, 'path': '/home/alaa/ros2_ws/src/cpp_service_demo', 'symlink_install': True, 'test_result_base': None}
[0.459s] INFO:colcon.colcon_core.executor:Executing jobs using 'parallel' executor
[0.460s] DEBUG:colcon.colcon_parallel_executor.executor.parallel:run_until_complete
[0.460s] INFO:colcon.colcon_ros.task.ament_cmake.build:Building ROS package in '/home/alaa/ros2_ws/src/my_custom_interfaces' with build type 'ament_cmake'
[0.460s] INFO:colcon.colcon_cmake.task.cmake.build:Building CMake package in '/home/alaa/ros2_ws/src/my_custom_interfaces'
[0.463s] INFO:colcon.colcon_core.plugin_system:Skipping extension 'colcon_core.shell.bat': Not used on non-Windows systems
[0.463s] INFO:colcon.colcon_core.shell:Skip shell extension 'powershell' for command environment: Not usable outside of PowerShell
[0.463s] DEBUG:colcon.colcon_core.shell:Skip shell extension 'dsv' for command environment
[0.473s] DEBUG:colcon.colcon_core.event_handler.log_command:Invoking command in '/home/alaa/ros2_ws/build/my_custom_interfaces': CMAKE_PREFIX_PATH=${CMAKE_PREFIX_PATH}:/opt/ros/humble /usr/bin/cmake --build /home/alaa/ros2_ws/build/my_custom_interfaces -- -j8 -l8
[0.900s] DEBUG:colcon.colcon_core.event_handler.log_command:Invoked command in '/home/alaa/ros2_ws/build/my_custom_interfaces' returned '0': CMAKE_PREFIX_PATH=${CMAKE_PREFIX_PATH}:/opt/ros/humble /usr/bin/cmake --build /home/alaa/ros2_ws/build/my_custom_interfaces -- -j8 -l8
[0.911s] DEBUG:colcon.colcon_core.event_handler.log_command:Invoking command in '/home/alaa/ros2_ws/build/my_custom_interfaces': CMAKE_PREFIX_PATH=${CMAKE_PREFIX_PATH}:/opt/ros/humble /usr/bin/cmake --install /home/alaa/ros2_ws/build/my_custom_interfaces
[0.998s] Level 1:colcon.colcon_core.environment:create_environment_scripts_only(my_custom_interfaces)
[0.999s] DEBUG:colcon.colcon_core.event_handler.log_command:Invoked command in '/home/alaa/ros2_ws/build/my_custom_interfaces' returned '0': CMAKE_PREFIX_PATH=${CMAKE_PREFIX_PATH}:/opt/ros/humble /usr/bin/cmake --install /home/alaa/ros2_ws/build/my_custom_interfaces
[1.001s] Level 1:colcon.colcon_core.environment:checking '/home/alaa/ros2_ws/install/my_custom_interfaces' for CMake module files
[1.002s] Level 1:colcon.colcon_core.environment:checking '/home/alaa/ros2_ws/install/my_custom_interfaces' for CMake config files
[1.003s] Level 1:colcon.colcon_core.shell:create_environment_hook('my_custom_interfaces', 'cmake_prefix_path')
[1.003s] INFO:colcon.colcon_core.shell:Creating environment hook '/home/alaa/ros2_ws/install/my_custom_interfaces/share/my_custom_interfaces/hook/cmake_prefix_path.ps1'
[1.004s] INFO:colcon.colcon_core.shell:Creating environment descriptor '/home/alaa/ros2_ws/install/my_custom_interfaces/share/my_custom_interfaces/hook/cmake_prefix_path.dsv'
[1.005s] INFO:colcon.colcon_core.shell:Creating environment hook '/home/alaa/ros2_ws/install/my_custom_interfaces/share/my_custom_interfaces/hook/cmake_prefix_path.sh'
[1.006s] Level 1:colcon.colcon_core.environment:checking '/home/alaa/ros2_ws/install/my_custom_interfaces/lib'
[1.006s] Level 1:colcon.colcon_core.shell:create_environment_hook('my_custom_interfaces', 'ld_library_path_lib')
[1.006s] INFO:colcon.colcon_core.shell:Creating environment hook '/home/alaa/ros2_ws/install/my_custom_interfaces/share/my_custom_interfaces/hook/ld_library_path_lib.ps1'
[1.007s] INFO:colcon.colcon_core.shell:Creating environment descriptor '/home/alaa/ros2_ws/install/my_custom_interfaces/share/my_custom_interfaces/hook/ld_library_path_lib.dsv'
[1.007s] INFO:colcon.colcon_core.shell:Creating environment hook '/home/alaa/ros2_ws/install/my_custom_interfaces/share/my_custom_interfaces/hook/ld_library_path_lib.sh'
[1.007s] Level 1:colcon.colcon_core.environment:checking '/home/alaa/ros2_ws/install/my_custom_interfaces/bin'
[1.008s] Level 1:colcon.colcon_core.environment:checking '/home/alaa/ros2_ws/install/my_custom_interfaces/lib/pkgconfig/my_custom_interfaces.pc'
[1.008s] Level 1:colcon.colcon_core.environment:checking '/home/alaa/ros2_ws/install/my_custom_interfaces/lib/python3.10/site-packages'
[1.008s] Level 1:colcon.colcon_core.environment:checking '/home/alaa/ros2_ws/install/my_custom_interfaces/bin'
[1.009s] INFO:colcon.colcon_core.shell:Creating package script '/home/alaa/ros2_ws/install/my_custom_interfaces/share/my_custom_interfaces/package.ps1'
[1.010s] INFO:colcon.colcon_core.shell:Creating package descriptor '/home/alaa/ros2_ws/install/my_custom_interfaces/share/my_custom_interfaces/package.dsv'
[1.010s] INFO:colcon.colcon_core.shell:Creating package script '/home/alaa/ros2_ws/install/my_custom_interfaces/share/my_custom_interfaces/package.sh'
[1.011s] INFO:colcon.colcon_core.shell:Creating package script '/home/alaa/ros2_ws/install/my_custom_interfaces/share/my_custom_interfaces/package.bash'
[1.012s] INFO:colcon.colcon_core.shell:Creating package script '/home/alaa/ros2_ws/install/my_custom_interfaces/share/my_custom_interfaces/package.zsh'
[1.013s] Level 1:colcon.colcon_core.environment:create_file_with_runtime_dependencies(/home/alaa/ros2_ws/install/my_custom_interfaces/share/colcon-core/packages/my_custom_interfaces)
[1.014s] Level 1:colcon.colcon_core.environment:create_environment_scripts_only(my_custom_interfaces)
[1.014s] Level 1:colcon.colcon_core.environment:checking '/home/alaa/ros2_ws/install/my_custom_interfaces' for CMake module files
[1.015s] Level 1:colcon.colcon_core.environment:checking '/home/alaa/ros2_ws/install/my_custom_interfaces' for CMake config files
[1.016s] Level 1:colcon.colcon_core.shell:create_environment_hook('my_custom_interfaces', 'cmake_prefix_path')
[1.016s] INFO:colcon.colcon_core.shell:Creating environment hook '/home/alaa/ros2_ws/install/my_custom_interfaces/share/my_custom_interfaces/hook/cmake_prefix_path.ps1'
[1.017s] INFO:colcon.colcon_core.shell:Creating environment descriptor '/home/alaa/ros2_ws/install/my_custom_interfaces/share/my_custom_interfaces/hook/cmake_prefix_path.dsv'
[1.017s] INFO:colcon.colcon_core.shell:Creating environment hook '/home/alaa/ros2_ws/install/my_custom_interfaces/share/my_custom_interfaces/hook/cmake_prefix_path.sh'
[1.018s] Level 1:colcon.colcon_core.environment:checking '/home/alaa/ros2_ws/install/my_custom_interfaces/lib'
[1.018s] Level 1:colcon.colcon_core.shell:create_environment_hook('my_custom_interfaces', 'ld_library_path_lib')
[1.018s] INFO:colcon.colcon_core.shell:Creating environment hook '/home/alaa/ros2_ws/install/my_custom_interfaces/share/my_custom_interfaces/hook/ld_library_path_lib.ps1'
[1.019s] INFO:colcon.colcon_core.shell:Creating environment descriptor '/home/alaa/ros2_ws/install/my_custom_interfaces/share/my_custom_interfaces/hook/ld_library_path_lib.dsv'
[1.019s] INFO:colcon.colcon_core.shell:Creating environment hook '/home/alaa/ros2_ws/install/my_custom_interfaces/share/my_custom_interfaces/hook/ld_library_path_lib.sh'
[1.019s] Level 1:colcon.colcon_core.environment:checking '/home/alaa/ros2_ws/install/my_custom_interfaces/bin'
[1.020s] Level 1:colcon.colcon_core.environment:checking '/home/alaa/ros2_ws/install/my_custom_interfaces/lib/pkgconfig/my_custom_interfaces.pc'
[1.020s] Level 1:colcon.colcon_core.environment:checking '/home/alaa/ros2_ws/install/my_custom_interfaces/lib/python3.10/site-packages'
[1.020s] Level 1:colcon.colcon_core.environment:checking '/home/alaa/ros2_ws/install/my_custom_interfaces/bin'
[1.021s] INFO:colcon.colcon_core.shell:Creating package script '/home/alaa/ros2_ws/install/my_custom_interfaces/share/my_custom_interfaces/package.ps1'
[1.021s] INFO:colcon.colcon_core.shell:Creating package descriptor '/home/alaa/ros2_ws/install/my_custom_interfaces/share/my_custom_interfaces/package.dsv'
[1.022s] INFO:colcon.colcon_core.shell:Creating package script '/home/alaa/ros2_ws/install/my_custom_interfaces/share/my_custom_interfaces/package.sh'
[1.022s] INFO:colcon.colcon_core.shell:Creating package script '/home/alaa/ros2_ws/install/my_custom_interfaces/share/my_custom_interfaces/package.bash'
[1.023s] INFO:colcon.colcon_core.shell:Creating package script '/home/alaa/ros2_ws/install/my_custom_interfaces/share/my_custom_interfaces/package.zsh'
[1.023s] Level 1:colcon.colcon_core.environment:create_file_with_runtime_dependencies(/home/alaa/ros2_ws/install/my_custom_interfaces/share/colcon-core/packages/my_custom_interfaces)
[1.024s] INFO:colcon.colcon_ros.task.ament_cmake.build:Building ROS package in '/home/alaa/ros2_ws/src/cpp_pubsub' with build type 'ament_cmake'
[1.024s] INFO:colcon.colcon_cmake.task.cmake.build:Building CMake package in '/home/alaa/ros2_ws/src/cpp_pubsub'
[1.024s] INFO:colcon.colcon_core.shell:Skip shell extension 'powershell' for command environment: Not usable outside of PowerShell
[1.024s] DEBUG:colcon.colcon_core.shell:Skip shell extension 'dsv' for command environment
[1.028s] INFO:colcon.colcon_ros.task.ament_cmake.build:Building ROS package in '/home/alaa/ros2_ws/src/cpp_service_demo' with build type 'ament_cmake'
[1.029s] INFO:colcon.colcon_cmake.task.cmake.build:Building CMake package in '/home/alaa/ros2_ws/src/cpp_service_demo'
[1.029s] INFO:colcon.colcon_core.shell:Skip shell extension 'powershell' for command environment: Not usable outside of PowerShell
[1.029s] DEBUG:colcon.colcon_core.shell:Skip shell extension 'dsv' for command environment
[1.038s] DEBUG:colcon.colcon_core.event_handler.log_command:Invoking command in '/home/alaa/ros2_ws/build/cpp_pubsub': CMAKE_PREFIX_PATH=${CMAKE_PREFIX_PATH}:/opt/ros/humble /usr/bin/cmake --build /home/alaa/ros2_ws/build/cpp_pubsub -- -j8 -l8
[1.041s] DEBUG:colcon.colcon_core.event_handler.log_command:Invoking command in '/home/alaa/ros2_ws/build/cpp_service_demo': CMAKE_PREFIX_PATH=${CMAKE_PREFIX_PATH}:/opt/ros/humble /usr/bin/cmake --build /home/alaa/ros2_ws/build/cpp_service_demo -- -j8 -l8
[6.705s] DEBUG:colcon.colcon_core.event_handler.log_command:Invoked command in '/home/alaa/ros2_ws/build/cpp_service_demo' returned '0': CMAKE_PREFIX_PATH=${CMAKE_PREFIX_PATH}:/opt/ros/humble /usr/bin/cmake --build /home/alaa/ros2_ws/build/cpp_service_demo -- -j8 -l8
[6.707s] DEBUG:colcon.colcon_core.event_handler.log_command:Invoking command in '/home/alaa/ros2_ws/build/cpp_service_demo': CMAKE_PREFIX_PATH=${CMAKE_PREFIX_PATH}:/opt/ros/humble /usr/bin/cmake --install /home/alaa/ros2_ws/build/cpp_service_demo
[6.750s] Level 1:colcon.colcon_core.environment:create_environment_scripts_only(cpp_service_demo)
[6.750s] Level 1:colcon.colcon_core.environment:checking '/home/alaa/ros2_ws/install/cpp_service_demo' for CMake module files
[6.751s] DEBUG:colcon.colcon_core.event_handler.log_command:Invoked command in '/home/alaa/ros2_ws/build/cpp_service_demo' returned '0': CMAKE_PREFIX_PATH=${CMAKE_PREFIX_PATH}:/opt/ros/humble /usr/bin/cmake --install /home/alaa/ros2_ws/build/cpp_service_demo
[6.751s] Level 1:colcon.colcon_core.environment:checking '/home/alaa/ros2_ws/install/cpp_service_demo' for CMake config files
[6.752s] Level 1:colcon.colcon_core.shell:create_environment_hook('cpp_service_demo', 'cmake_prefix_path')
[6.752s] INFO:colcon.colcon_core.shell:Creating environment hook '/home/alaa/ros2_ws/install/cpp_service_demo/share/cpp_service_demo/hook/cmake_prefix_path.ps1'
[6.753s] INFO:colcon.colcon_core.shell:Creating environment descriptor '/home/alaa/ros2_ws/install/cpp_service_demo/share/cpp_service_demo/hook/cmake_prefix_path.dsv'
[6.753s] INFO:colcon.colcon_core.shell:Creating environment hook '/home/alaa/ros2_ws/install/cpp_service_demo/share/cpp_service_demo/hook/cmake_prefix_path.sh'
[6.754s] Level 1:colcon.colcon_core.environment:checking '/home/alaa/ros2_ws/install/cpp_service_demo/lib'
[6.754s] Level 1:colcon.colcon_core.environment:checking '/home/alaa/ros2_ws/install/cpp_service_demo/bin'
[6.754s] Level 1:colcon.colcon_core.environment:checking '/home/alaa/ros2_ws/install/cpp_service_demo/lib/pkgconfig/cpp_service_demo.pc'
[6.754s] Level 1:colcon.colcon_core.environment:checking '/home/alaa/ros2_ws/install/cpp_service_demo/lib/python3.10/site-packages'
[6.754s] Level 1:colcon.colcon_core.environment:checking '/home/alaa/ros2_ws/install/cpp_service_demo/bin'
[6.755s] INFO:colcon.colcon_core.shell:Creating package script '/home/alaa/ros2_ws/install/cpp_service_demo/share/cpp_service_demo/package.ps1'
[6.755s] INFO:colcon.colcon_core.shell:Creating package descriptor '/home/alaa/ros2_ws/install/cpp_service_demo/share/cpp_service_demo/package.dsv'
[6.756s] INFO:colcon.colcon_core.shell:Creating package script '/home/alaa/ros2_ws/install/cpp_service_demo/share/cpp_service_demo/package.sh'
[6.756s] INFO:colcon.colcon_core.shell:Creating package script '/home/alaa/ros2_ws/install/cpp_service_demo/share/cpp_service_demo/package.bash'
[6.757s] INFO:colcon.colcon_core.shell:Creating package script '/home/alaa/ros2_ws/install/cpp_service_demo/share/cpp_service_demo/package.zsh'
[6.757s] Level 1:colcon.colcon_core.environment:create_file_with_runtime_dependencies(/home/alaa/ros2_ws/install/cpp_service_demo/share/colcon-core/packages/cpp_service_demo)
[6.758s] Level 1:colcon.colcon_core.environment:create_environment_scripts_only(cpp_service_demo)
[6.758s] Level 1:colcon.colcon_core.environment:checking '/home/alaa/ros2_ws/install/cpp_service_demo' for CMake module files
[6.759s] Level 1:colcon.colcon_core.environment:checking '/home/alaa/ros2_ws/install/cpp_service_demo' for CMake config files
[6.759s] Level 1:colcon.colcon_core.shell:create_environment_hook('cpp_service_demo', 'cmake_prefix_path')
[6.759s] INFO:colcon.colcon_core.shell:Creating environment hook '/home/alaa/ros2_ws/install/cpp_service_demo/share/cpp_service_demo/hook/cmake_prefix_path.ps1'
[6.760s] INFO:colcon.colcon_core.shell:Creating environment descriptor '/home/alaa/ros2_ws/install/cpp_service_demo/share/cpp_service_demo/hook/cmake_prefix_path.dsv'
[6.760s] INFO:colcon.colcon_core.shell:Creating environment hook '/home/alaa/ros2_ws/install/cpp_service_demo/share/cpp_service_demo/hook/cmake_prefix_path.sh'
[6.761s] Level 1:colcon.colcon_core.environment:checking '/home/alaa/ros2_ws/install/cpp_service_demo/lib'
[6.761s] Level 1:colcon.colcon_core.environment:checking '/home/alaa/ros2_ws/install/cpp_service_demo/bin'
[6.761s] Level 1:colcon.colcon_core.environment:checking '/home/alaa/ros2_ws/install/cpp_service_demo/lib/pkgconfig/cpp_service_demo.pc'
[6.761s] Level 1:colcon.colcon_core.environment:checking '/home/alaa/ros2_ws/install/cpp_service_demo/lib/python3.10/site-packages'
[6.762s] Level 1:colcon.colcon_core.environment:checking '/home/alaa/ros2_ws/install/cpp_service_demo/bin'
[6.762s] INFO:colcon.colcon_core.shell:Creating package script '/home/alaa/ros2_ws/install/cpp_service_demo/share/cpp_service_demo/package.ps1'
[6.763s] INFO:colcon.colcon_core.shell:Creating package descriptor '/home/alaa/ros2_ws/install/cpp_service_demo/share/cpp_service_demo/package.dsv'
[6.763s] INFO:colcon.colcon_core.shell:Creating package script '/home/alaa/ros2_ws/install/cpp_service_demo/share/cpp_service_demo/package.sh'
[6.764s] INFO:colcon.colcon_core.shell:Creating package script '/home/alaa/ros2_ws/install/cpp_service_demo/share/cpp_service_demo/package.bash'
[6.764s] INFO:colcon.colcon_core.shell:Creating package script '/home/alaa/ros2_ws/install/cpp_service_demo/share/cpp_service_demo/package.zsh'
[6.765s] Level 1:colcon.colcon_core.environment:create_file_with_runtime_dependencies(/home/alaa/ros2_ws/install/cpp_service_demo/share/colcon-core/packages/cpp_service_demo)
[12.077s] DEBUG:colcon.colcon_core.event_handler.log_command:Invoked command in '/home/alaa/ros2_ws/build/cpp_pubsub' returned '0': CMAKE_PREFIX_PATH=${CMAKE_PREFIX_PATH}:/opt/ros/humble /usr/bin/cmake --build /home/alaa/ros2_ws/build/cpp_pubsub -- -j8 -l8
[12.078s] DEBUG:colcon.colcon_core.event_handler.log_command:Invoking command in '/home/alaa/ros2_ws/build/cpp_pubsub': CMAKE_PREFIX_PATH=${CMAKE_PREFIX_PATH}:/opt/ros/humble /usr/bin/cmake --install /home/alaa/ros2_ws/build/cpp_pubsub
[12.101s] Level 1:colcon.colcon_core.environment:create_environment_scripts_only(cpp_pubsub)
[12.102s] Level 1:colcon.colcon_core.environment:checking '/home/alaa/ros2_ws/install/cpp_pubsub' for CMake module files
[12.103s] DEBUG:colcon.colcon_core.event_handler.log_command:Invoked command in '/home/alaa/ros2_ws/build/cpp_pubsub' returned '0': CMAKE_PREFIX_PATH=${CMAKE_PREFIX_PATH}:/opt/ros/humble /usr/bin/cmake --install /home/alaa/ros2_ws/build/cpp_pubsub
[12.103s] Level 1:colcon.colcon_core.environment:checking '/home/alaa/ros2_ws/install/cpp_pubsub' for CMake config files
[12.103s] Level 1:colcon.colcon_core.shell:create_environment_hook('cpp_pubsub', 'cmake_prefix_path')
[12.103s] INFO:colcon.colcon_core.shell:Creating environment hook '/home/alaa/ros2_ws/install/cpp_pubsub/share/cpp_pubsub/hook/cmake_prefix_path.ps1'
[12.104s] INFO:colcon.colcon_core.shell:Creating environment descriptor '/home/alaa/ros2_ws/install/cpp_pubsub/share/cpp_pubsub/hook/cmake_prefix_path.dsv'
[12.104s] INFO:colcon.colcon_core.shell:Creating environment hook '/home/alaa/ros2_ws/install/cpp_pubsub/share/cpp_pubsub/hook/cmake_prefix_path.sh'
[12.105s] Level 1:colcon.colcon_core.environment:checking '/home/alaa/ros2_ws/install/cpp_pubsub/lib'
[12.105s] Level 1:colcon.colcon_core.environment:checking '/home/alaa/ros2_ws/install/cpp_pubsub/bin'
[12.105s] Level 1:colcon.colcon_core.environment:checking '/home/alaa/ros2_ws/install/cpp_pubsub/lib/pkgconfig/cpp_pubsub.pc'
[12.106s] Level 1:colcon.colcon_core.environment:checking '/home/alaa/ros2_ws/install/cpp_pubsub/lib/python3.10/site-packages'
[12.106s] Level 1:colcon.colcon_core.environment:checking '/home/alaa/ros2_ws/install/cpp_pubsub/bin'
[12.106s] INFO:colcon.colcon_core.shell:Creating package script '/home/alaa/ros2_ws/install/cpp_pubsub/share/cpp_pubsub/package.ps1'
[12.107s] INFO:colcon.colcon_core.shell:Creating package descriptor '/home/alaa/ros2_ws/install/cpp_pubsub/share/cpp_pubsub/package.dsv'
[12.107s] INFO:colcon.colcon_core.shell:Creating package script '/home/alaa/ros2_ws/install/cpp_pubsub/share/cpp_pubsub/package.sh'
[12.108s] INFO:colcon.colcon_core.shell:Creating package script '/home/alaa/ros2_ws/install/cpp_pubsub/share/cpp_pubsub/package.bash'
[12.108s] INFO:colcon.colcon_core.shell:Creating package script '/home/alaa/ros2_ws/install/cpp_pubsub/share/cpp_pubsub/package.zsh'
[12.109s] Level 1:colcon.colcon_core.environment:create_file_with_runtime_dependencies(/home/alaa/ros2_ws/install/cpp_pubsub/share/colcon-core/packages/cpp_pubsub)
[12.109s] Level 1:colcon.colcon_core.environment:create_environment_scripts_only(cpp_pubsub)
[12.110s] Level 1:colcon.colcon_core.environment:checking '/home/alaa/ros2_ws/install/cpp_pubsub' for CMake module files
[12.110s] Level 1:colcon.colcon_core.environment:checking '/home/alaa/ros2_ws/install/cpp_pubsub' for CMake config files
[12.110s] Level 1:colcon.colcon_core.shell:create_environment_hook('cpp_pubsub', 'cmake_prefix_path')
[12.111s] INFO:colcon.colcon_core.shell:Creating environment hook '/home/alaa/ros2_ws/install/cpp_pubsub/share/cpp_pubsub/hook/cmake_prefix_path.ps1'
[12.111s] INFO:colcon.colcon_core.shell:Creating environment descriptor '/home/alaa/ros2_ws/install/cpp_pubsub/share/cpp_pubsub/hook/cmake_prefix_path.dsv'
[12.111s] INFO:colcon.colcon_core.shell:Creating environment hook '/home/alaa/ros2_ws/install/cpp_pubsub/share/cpp_pubsub/hook/cmake_prefix_path.sh'
[12.112s] Level 1:colcon.colcon_core.environment:checking '/home/alaa/ros2_ws/install/cpp_pubsub/lib'
[12.112s] Level 1:colcon.colcon_core.environment:checking '/home/alaa/ros2_ws/install/cpp_pubsub/bin'
[12.112s] Level 1:colcon.colcon_core.environment:checking '/home/alaa/ros2_ws/install/cpp_pubsub/lib/pkgconfig/cpp_pubsub.pc'
[12.113s] Level 1:colcon.colcon_core.environment:checking '/home/alaa/ros2_ws/install/cpp_pubsub/lib/python3.10/site-packages'
[12.113s] Level 1:colcon.colcon_core.environment:checking '/home/alaa/ros2_ws/install/cpp_pubsub/bin'
[12.113s] INFO:colcon.colcon_core.shell:Creating package script '/home/alaa/ros2_ws/install/cpp_pubsub/share/cpp_pubsub/package.ps1'
[12.114s] INFO:colcon.colcon_core.shell:Creating package descriptor '/home/alaa/ros2_ws/install/cpp_pubsub/share/cpp_pubsub/package.dsv'
[12.114s] INFO:colcon.colcon_core.shell:Creating package script '/home/alaa/ros2_ws/install/cpp_pubsub/share/cpp_pubsub/package.sh'
[12.115s] INFO:colcon.colcon_core.shell:Creating package script '/home/alaa/ros2_ws/install/cpp_pubsub/share/cpp_pubsub/package.bash'
[12.115s] INFO:colcon.colcon_core.shell:Creating package script '/home/alaa/ros2_ws/install/cpp_pubsub/share/cpp_pubsub/package.zsh'
[12.116s] Level 1:colcon.colcon_core.environment:create_file_with_runtime_dependencies(/home/alaa/ros2_ws/install/cpp_pubsub/share/colcon-core/packages/cpp_pubsub)
[12.116s] DEBUG:colcon.colcon_parallel_executor.executor.parallel:closing loop
[12.116s] DEBUG:colcon.colcon_parallel_executor.executor.parallel:loop closed
[12.116s] DEBUG:colcon.colcon_parallel_executor.executor.parallel:run_until_complete finished with '0'
[12.117s] DEBUG:colcon.colcon_core.event_reactor:joining thread
[12.123s] INFO:colcon.colcon_core.plugin_system:Skipping extension 'colcon_notification.desktop_notification.terminal_notifier': Not used on non-Darwin systems
[12.123s] INFO:colcon.colcon_core.plugin_system:Skipping extension 'colcon_notification.desktop_notification.win32': Not used on non-Windows systems
[12.124s] INFO:colcon.colcon_notification.desktop_notification:Sending desktop notification using 'notify2'
[12.139s] DEBUG:colcon.colcon_core.event_reactor:joined thread
[12.140s] INFO:colcon.colcon_core.shell:Creating prefix script '/home/alaa/ros2_ws/install/local_setup.ps1'
[12.141s] INFO:colcon.colcon_core.shell:Creating prefix util module '/home/alaa/ros2_ws/install/_local_setup_util_ps1.py'
[12.143s] INFO:colcon.colcon_core.shell:Creating prefix chain script '/home/alaa/ros2_ws/install/setup.ps1'
[12.145s] INFO:colcon.colcon_core.shell:Creating prefix script '/home/alaa/ros2_ws/install/local_setup.sh'
[12.146s] INFO:colcon.colcon_core.shell:Creating prefix util module '/home/alaa/ros2_ws/install/_local_setup_util_sh.py'
[12.147s] INFO:colcon.colcon_core.shell:Creating prefix chain script '/home/alaa/ros2_ws/install/setup.sh'
[12.149s] INFO:colcon.colcon_core.shell:Creating prefix script '/home/alaa/ros2_ws/install/local_setup.bash'
[12.149s] INFO:colcon.colcon_core.shell:Creating prefix chain script '/home/alaa/ros2_ws/install/setup.bash'
[12.151s] INFO:colcon.colcon_core.shell:Creating prefix script '/home/alaa/ros2_ws/install/local_setup.zsh'
[12.151s] INFO:colcon.colcon_core.shell:Creating prefix chain script '/home/alaa/ros2_ws/install/setup.zsh'
