[0.013s] Invoking command in '/home/alaa/ros2_ws/build/more_interfaces': CMAKE_PREFIX_PATH=${CMAKE_PREFIX_PATH}:/opt/ros/humble /usr/bin/cmake --build /home/alaa/ros2_ws/build/more_interfaces -- -j8 -l8
[0.041s] -- Found ament_cmake: 1.3.11 (/opt/ros/humble/share/ament_cmake/cmake)
[0.232s] -- Override CMake install command with custom implementation using symlinks instead of copying resources
[0.246s] -- Found rosidl_default_generators: 1.2.0 (/opt/ros/humble/share/rosidl_default_generators/cmake)
[0.249s] -- Using all available rosidl_typesupport_c: rosidl_typesupport_fastrtps_c;rosidl_typesupport_introspection_c
[0.253s] -- Found rosidl_adapter: 3.1.6 (/opt/ros/humble/share/rosidl_adapter/cmake)
[0.291s] -- Using all available rosidl_typesupport_cpp: rosidl_typesupport_fastrtps_cpp;rosidl_typesupport_introspection_cpp
[0.325s] -- Found rclcpp: 16.0.11 (/opt/ros/humble/share/rclcpp/cmake)
[0.374s] -- Found rmw_implementation_cmake: 6.1.2 (/opt/ros/humble/share/rmw_implementation_cmake/cmake)
[0.376s] -- Found rmw_fastrtps_cpp: 6.2.7 (/opt/ros/humble/share/rmw_fastrtps_cpp/cmake)
[0.493s] -- Using RMW implementation 'rmw_fastrtps_cpp' as default
[0.943s] -- Found ament_cmake_ros: 0.10.0 (/opt/ros/humble/share/ament_cmake_ros/cmake)
[1.174s] -- Using all available rosidl_typesupport_c: rosidl_typesupport_fastrtps_c;rosidl_typesupport_introspection_c
[1.466s] -- Using all available rosidl_typesupport_cpp: rosidl_typesupport_fastrtps_cpp;rosidl_typesupport_introspection_cpp
[1.494s] -- Found python_cmake_module: 0.10.0 (/opt/ros/humble/share/python_cmake_module/cmake)
[1.522s] -- Using PYTHON_EXECUTABLE: /usr/bin/python3
[1.522s] -- Using PYTHON_INCLUDE_DIRS: /usr/include/python3.10
[1.522s] -- Using PYTHON_LIBRARIES: /usr/lib/x86_64-linux-gnu/libpython3.10.so
[1.555s] -- Found ament_lint_auto: 0.12.11 (/opt/ros/humble/share/ament_lint_auto/cmake)
[1.652s] -- Added test 'cppcheck' to perform static code analysis on C / C++ code
[1.654s] -- Configured cppcheck include dirs: 
[1.655s] -- Configured cppcheck exclude dirs and/or files: 
[1.658s] -- Added test 'lint_cmake' to check CMake code style
[1.661s] -- Added test 'uncrustify' to check C / C++ code style
[1.662s] -- Configured uncrustify additional arguments: 
[1.664s] -- Added test 'xmllint' to check XML markup files
[1.674s] -- Configuring done
[1.681s] [31mCMake Error at CMakeLists.txt:26 (add_executable):
[1.681s]   Cannot find source file:
[1.681s] 
[1.681s]     src/address_book_publisher.cpp
[1.681s] 
[1.681s]   Tried extensions .c .C .c++ .cc .cpp .cxx .cu .mpp .m .M .mm .ixx .cppm .h
[1.682s]   .hh .h++ .hm .hpp .hxx .in .txx .f .F .for .f77 .f90 .f95 .f03 .hip .ispc
[1.682s] 
[1.682s] [0m
[1.684s] [31mCMake Error at CMakeLists.txt:26 (add_executable):
[1.684s]   No SOURCES given to target: address_book_publisher
[1.684s] 
[1.684s] [0m
[1.684s] [0mCMake Generate step failed.  Build files cannot be regenerated correctly.[0m
[1.692s] gmake: *** [Makefile:747: cmake_check_build_system] Error 1
[1.694s] Invoked command in '/home/alaa/ros2_ws/build/more_interfaces' returned '2': CMAKE_PREFIX_PATH=${CMAKE_PREFIX_PATH}:/opt/ros/humble /usr/bin/cmake --build /home/alaa/ros2_ws/build/more_interfaces -- -j8 -l8
