[0.016s] Invoking command in '/home/alaa/ros2_ws/build/my_custom_interfaces': CMAKE_PREFIX_PATH=${CMAKE_PREFIX_PATH}:/opt/ros/humble /usr/bin/cmake /home/alaa/ros2_ws/src/my_custom_interfaces -DAMENT_CMAKE_SYMLINK_INSTALL=1 -DCMAKE_INSTALL_PREFIX=/home/alaa/ros2_ws/install/my_custom_interfaces
[0.076s] -- The C compiler identification is GNU 11.4.0
[0.147s] -- The CXX compiler identification is GNU 11.4.0
[0.160s] -- Detecting C compiler ABI info
[0.239s] -- Detecting C compiler ABI info - done
[0.250s] -- Check for working C compiler: /usr/bin/cc - skipped
[0.250s] -- Detecting C compile features
[0.250s] -- Detecting C compile features - done
[0.254s] -- Detecting CXX compiler ABI info
[0.343s] -- Detecting CXX compiler ABI info - done
[0.354s] -- Check for working CXX compiler: /usr/bin/c++ - skipped
[0.354s] -- Detecting CXX compile features
[0.355s] -- Detecting CXX compile features - done
[0.357s] -- Found ament_cmake: 1.3.11 (/opt/ros/humble/share/ament_cmake/cmake)
[0.541s] -- Found Python3: /usr/bin/python3 (found version "3.10.12") found components: Interpreter 
[0.622s] -- Override CMake install command with custom implementation using symlinks instead of copying resources
[0.669s] -- Found geometry_msgs: 4.2.4 (/opt/ros/humble/share/geometry_msgs/cmake)
[0.721s] -- Found rosidl_generator_c: 3.1.6 (/opt/ros/humble/share/rosidl_generator_c/cmake)
[0.727s] -- Found rosidl_adapter: 3.1.6 (/opt/ros/humble/share/rosidl_adapter/cmake)
[0.737s] -- Found rosidl_generator_cpp: 3.1.6 (/opt/ros/humble/share/rosidl_generator_cpp/cmake)
[0.753s] -- Using all available rosidl_typesupport_c: rosidl_typesupport_fastrtps_c;rosidl_typesupport_introspection_c
[0.773s] -- Using all available rosidl_typesupport_cpp: rosidl_typesupport_fastrtps_cpp;rosidl_typesupport_introspection_cpp
[0.852s] -- Found rosidl_default_generators: 1.2.0 (/opt/ros/humble/share/rosidl_default_generators/cmake)
[1.349s] -- Found ament_cmake_ros: 0.10.0 (/opt/ros/humble/share/ament_cmake_ros/cmake)
[1.928s] -- Using all available rosidl_typesupport_c: rosidl_typesupport_fastrtps_c;rosidl_typesupport_introspection_c
[2.150s] -- Using all available rosidl_typesupport_cpp: rosidl_typesupport_fastrtps_cpp;rosidl_typesupport_introspection_cpp
[2.188s] -- Found PythonInterp: /usr/bin/python3 (found suitable version "3.10.12", minimum required is "3.6") 
[2.198s] -- Found python_cmake_module: 0.10.0 (/opt/ros/humble/share/python_cmake_module/cmake)
[2.291s] -- Found PythonLibs: /usr/lib/x86_64-linux-gnu/libpython3.10.so (found suitable version "3.10.12", minimum required is "3.5") 
[2.291s] -- Using PYTHON_EXECUTABLE: /usr/bin/python3
[2.292s] -- Using PYTHON_INCLUDE_DIRS: /usr/include/python3.10
[2.292s] -- Using PYTHON_LIBRARIES: /usr/lib/x86_64-linux-gnu/libpython3.10.so
[2.318s] -- Found PythonExtra: .so  
[2.414s] -- Found ament_lint_auto: 0.12.11 (/opt/ros/humble/share/ament_lint_auto/cmake)
[2.464s] -- Added test 'lint_cmake' to check CMake code style
[2.466s] -- Added test 'xmllint' to check XML markup files
[2.470s] -- Configuring done
[2.517s] -- Generating done
[2.533s] -- Build files have been written to: /home/alaa/ros2_ws/build/my_custom_interfaces
[2.543s] Invoked command in '/home/alaa/ros2_ws/build/my_custom_interfaces' returned '0': CMAKE_PREFIX_PATH=${CMAKE_PREFIX_PATH}:/opt/ros/humble /usr/bin/cmake /home/alaa/ros2_ws/src/my_custom_interfaces -DAMENT_CMAKE_SYMLINK_INSTALL=1 -DCMAKE_INSTALL_PREFIX=/home/alaa/ros2_ws/install/my_custom_interfaces
[2.545s] Invoking command in '/home/alaa/ros2_ws/build/my_custom_interfaces': CMAKE_PREFIX_PATH=${CMAKE_PREFIX_PATH}:/opt/ros/humble /usr/bin/cmake --build /home/alaa/ros2_ws/build/my_custom_interfaces -- -j8 -l8
[2.589s] [  2%] [34m[1mGenerating C code for ROS interfaces[0m
[2.601s] [  4%] [34m[1mGenerating C++ code for ROS interfaces[0m
[2.625s] [  4%] Built target ament_cmake_python_symlink_my_custom_interfaces
[2.982s] running egg_info
[2.984s] creating my_custom_interfaces.egg-info
[2.984s] writing my_custom_interfaces.egg-info/PKG-INFO
[2.984s] writing dependency_links to my_custom_interfaces.egg-info/dependency_links.txt
[2.985s] writing top-level names to my_custom_interfaces.egg-info/top_level.txt
[2.985s] writing manifest file 'my_custom_interfaces.egg-info/SOURCES.txt'
[2.991s] reading manifest file 'my_custom_interfaces.egg-info/SOURCES.txt'
[2.992s] writing manifest file 'my_custom_interfaces.egg-info/SOURCES.txt'
[3.041s] [  4%] Built target ament_cmake_python_build_my_custom_interfaces_egg
[3.269s] [  4%] Built target my_custom_interfaces__cpp
[3.285s] [  8%] [34m[1mGenerating C++ type support for eProsima Fast-RTPS[0m
[3.286s] [  8%] [34m[1mGenerating C++ type support dispatch for ROS interfaces[0m
[3.290s] [ 10%] [34m[1mGenerating C++ introspection for ROS interfaces[0m
[3.371s] [ 17%] [32mBuilding C object CMakeFiles/my_custom_interfaces__rosidl_generator_c.dir/rosidl_generator_c/my_custom_interfaces/msg/detail/sphere__functions.c.o[0m
[3.371s] [ 17%] [32mBuilding C object CMakeFiles/my_custom_interfaces__rosidl_generator_c.dir/rosidl_generator_c/my_custom_interfaces/msg/detail/num__functions.c.o[0m
[3.372s] [ 17%] [32mBuilding C object CMakeFiles/my_custom_interfaces__rosidl_generator_c.dir/rosidl_generator_c/my_custom_interfaces/srv/detail/add_three_ints__functions.c.o[0m
[3.539s] [ 19%] [32m[1mLinking C shared library libmy_custom_interfaces__rosidl_generator_c.so[0m
[3.617s] [ 19%] Built target my_custom_interfaces__rosidl_generator_c
[3.636s] [ 21%] [34m[1mGenerating C introspection for ROS interfaces[0m
[3.640s] [ 23%] [34m[1mGenerating C type support for eProsima Fast-RTPS[0m
[3.641s] [ 25%] [34m[1mGenerating C type support dispatch for ROS interfaces[0m
[3.824s] [ 27%] [32mBuilding CXX object CMakeFiles/my_custom_interfaces__rosidl_typesupport_cpp.dir/rosidl_typesupport_cpp/my_custom_interfaces/srv/add_three_ints__type_support.cpp.o[0m
[3.836s] [ 29%] [32mBuilding CXX object CMakeFiles/my_custom_interfaces__rosidl_typesupport_cpp.dir/rosidl_typesupport_cpp/my_custom_interfaces/msg/sphere__type_support.cpp.o[0m
[3.837s] [ 31%] [32mBuilding CXX object CMakeFiles/my_custom_interfaces__rosidl_typesupport_cpp.dir/rosidl_typesupport_cpp/my_custom_interfaces/msg/num__type_support.cpp.o[0m
[4.260s] [ 34%] [32mBuilding CXX object CMakeFiles/my_custom_interfaces__rosidl_typesupport_introspection_cpp.dir/rosidl_typesupport_introspection_cpp/my_custom_interfaces/msg/detail/num__type_support.cpp.o[0m
[4.367s] [ 36%] [32mBuilding CXX object CMakeFiles/my_custom_interfaces__rosidl_typesupport_fastrtps_cpp.dir/rosidl_typesupport_fastrtps_cpp/my_custom_interfaces/msg/detail/dds_fastrtps/num__type_support.cpp.o[0m
[4.380s] [ 38%] [32mBuilding CXX object CMakeFiles/my_custom_interfaces__rosidl_typesupport_c.dir/rosidl_typesupport_c/my_custom_interfaces/msg/num__type_support.cpp.o[0m
[4.490s] [ 40%] [32mBuilding CXX object CMakeFiles/my_custom_interfaces__rosidl_typesupport_c.dir/rosidl_typesupport_c/my_custom_interfaces/msg/sphere__type_support.cpp.o[0m
[4.563s] [ 42%] [32mBuilding CXX object CMakeFiles/my_custom_interfaces__rosidl_typesupport_c.dir/rosidl_typesupport_c/my_custom_interfaces/srv/add_three_ints__type_support.cpp.o[0m
[4.566s] [ 44%] [32mBuilding CXX object CMakeFiles/my_custom_interfaces__rosidl_typesupport_introspection_cpp.dir/rosidl_typesupport_introspection_cpp/my_custom_interfaces/msg/detail/sphere__type_support.cpp.o[0m
[4.586s] [ 46%] [32mBuilding CXX object CMakeFiles/my_custom_interfaces__rosidl_typesupport_introspection_cpp.dir/rosidl_typesupport_introspection_cpp/my_custom_interfaces/srv/detail/add_three_ints__type_support.cpp.o[0m
[4.596s] [ 48%] [32m[1mLinking CXX shared library libmy_custom_interfaces__rosidl_typesupport_cpp.so[0m
[4.638s] [ 51%] [32m[1mLinking CXX shared library libmy_custom_interfaces__rosidl_typesupport_c.so[0m
[4.662s] [ 53%] [32mBuilding C object CMakeFiles/my_custom_interfaces__rosidl_typesupport_introspection_c.dir/rosidl_typesupport_introspection_c/my_custom_interfaces/msg/detail/num__type_support.c.o[0m
[4.691s] [ 55%] [32mBuilding CXX object CMakeFiles/my_custom_interfaces__rosidl_typesupport_fastrtps_c.dir/rosidl_typesupport_fastrtps_c/my_custom_interfaces/msg/detail/num__type_support_c.cpp.o[0m
[4.706s] [ 55%] Built target my_custom_interfaces__rosidl_typesupport_cpp
[4.724s] [ 57%] [32mBuilding CXX object CMakeFiles/my_custom_interfaces__rosidl_typesupport_fastrtps_c.dir/rosidl_typesupport_fastrtps_c/my_custom_interfaces/msg/detail/sphere__type_support_c.cpp.o[0m
[4.752s] [ 59%] [32mBuilding C object CMakeFiles/my_custom_interfaces__rosidl_typesupport_introspection_c.dir/rosidl_typesupport_introspection_c/my_custom_interfaces/msg/detail/sphere__type_support.c.o[0m
[4.771s] [ 59%] Built target my_custom_interfaces__rosidl_typesupport_c
[4.802s] [ 61%] [32mBuilding CXX object CMakeFiles/my_custom_interfaces__rosidl_typesupport_fastrtps_c.dir/rosidl_typesupport_fastrtps_c/my_custom_interfaces/srv/detail/add_three_ints__type_support_c.cpp.o[0m
[4.874s] [ 63%] [32mBuilding C object CMakeFiles/my_custom_interfaces__rosidl_typesupport_introspection_c.dir/rosidl_typesupport_introspection_c/my_custom_interfaces/srv/detail/add_three_ints__type_support.c.o[0m
[5.003s] [ 65%] [32m[1mLinking C shared library libmy_custom_interfaces__rosidl_typesupport_introspection_c.so[0m
[5.123s] [ 65%] Built target my_custom_interfaces__rosidl_typesupport_introspection_c
[5.151s] [ 68%] [32mBuilding CXX object CMakeFiles/my_custom_interfaces__rosidl_typesupport_fastrtps_cpp.dir/rosidl_typesupport_fastrtps_cpp/my_custom_interfaces/msg/detail/dds_fastrtps/sphere__type_support.cpp.o[0m
[5.164s] [ 70%] [32mBuilding CXX object CMakeFiles/my_custom_interfaces__rosidl_typesupport_fastrtps_cpp.dir/rosidl_typesupport_fastrtps_cpp/my_custom_interfaces/srv/detail/dds_fastrtps/add_three_ints__type_support.cpp.o[0m
[5.697s] [ 72%] [32m[1mLinking CXX shared library libmy_custom_interfaces__rosidl_typesupport_fastrtps_c.so[0m
[5.776s] [ 74%] [32m[1mLinking CXX shared library libmy_custom_interfaces__rosidl_typesupport_introspection_cpp.so[0m
[5.879s] [ 74%] Built target my_custom_interfaces__rosidl_typesupport_fastrtps_c
[5.901s] [ 74%] Built target my_custom_interfaces__rosidl_typesupport_introspection_cpp
[6.031s] [ 76%] [32m[1mLinking CXX shared library libmy_custom_interfaces__rosidl_typesupport_fastrtps_cpp.so[0m
[6.126s] [ 76%] Built target my_custom_interfaces__rosidl_typesupport_fastrtps_cpp
[6.148s] [ 76%] Built target my_custom_interfaces
[6.172s] [ 78%] [34m[1mGenerating Python code for ROS interfaces[0m
[7.008s] [ 78%] Built target my_custom_interfaces__py
[7.029s] [ 82%] [32mBuilding C object CMakeFiles/my_custom_interfaces__rosidl_generator_py.dir/rosidl_generator_py/my_custom_interfaces/msg/_num_s.c.o[0m
[7.029s] [ 82%] [32mBuilding C object CMakeFiles/my_custom_interfaces__rosidl_generator_py.dir/rosidl_generator_py/my_custom_interfaces/msg/_sphere_s.c.o[0m
[7.029s] [ 85%] [32mBuilding C object CMakeFiles/my_custom_interfaces__rosidl_generator_py.dir/rosidl_generator_py/my_custom_interfaces/srv/_add_three_ints_s.c.o[0m
[7.818s] [ 87%] [32m[1mLinking C shared library rosidl_generator_py/my_custom_interfaces/libmy_custom_interfaces__rosidl_generator_py.so[0m
[7.904s] [ 87%] Built target my_custom_interfaces__rosidl_generator_py
[7.925s] [ 91%] [32mBuilding C object CMakeFiles/my_custom_interfaces__rosidl_typesupport_c__pyext.dir/rosidl_generator_py/my_custom_interfaces/_my_custom_interfaces_s.ep.rosidl_typesupport_c.c.o[0m
[7.925s] [ 91%] [32mBuilding C object CMakeFiles/my_custom_interfaces__rosidl_typesupport_fastrtps_c__pyext.dir/rosidl_generator_py/my_custom_interfaces/_my_custom_interfaces_s.ep.rosidl_typesupport_fastrtps_c.c.o[0m
[7.926s] [ 93%] [32mBuilding C object CMakeFiles/my_custom_interfaces__rosidl_typesupport_introspection_c__pyext.dir/rosidl_generator_py/my_custom_interfaces/_my_custom_interfaces_s.ep.rosidl_typesupport_introspection_c.c.o[0m
[8.057s] [100%] [32m[1mLinking C shared library rosidl_generator_py/my_custom_interfaces/my_custom_interfaces_s__rosidl_typesupport_fastrtps_c.cpython-310-x86_64-linux-gnu.so[0m
[8.058s] [100%] [32m[1mLinking C shared library rosidl_generator_py/my_custom_interfaces/my_custom_interfaces_s__rosidl_typesupport_c.cpython-310-x86_64-linux-gnu.so[0m
[8.058s] [100%] [32m[1mLinking C shared library rosidl_generator_py/my_custom_interfaces/my_custom_interfaces_s__rosidl_typesupport_introspection_c.cpython-310-x86_64-linux-gnu.so[0m
[8.104s] [100%] Built target my_custom_interfaces__rosidl_typesupport_fastrtps_c__pyext
[8.104s] [100%] Built target my_custom_interfaces__rosidl_typesupport_c__pyext
[8.104s] [100%] Built target my_custom_interfaces__rosidl_typesupport_introspection_c__pyext
[8.117s] Invoked command in '/home/alaa/ros2_ws/build/my_custom_interfaces' returned '0': CMAKE_PREFIX_PATH=${CMAKE_PREFIX_PATH}:/opt/ros/humble /usr/bin/cmake --build /home/alaa/ros2_ws/build/my_custom_interfaces -- -j8 -l8
[8.119s] Invoking command in '/home/alaa/ros2_ws/build/my_custom_interfaces': CMAKE_PREFIX_PATH=${CMAKE_PREFIX_PATH}:/opt/ros/humble /usr/bin/cmake --install /home/alaa/ros2_ws/build/my_custom_interfaces
[8.127s] -- Install configuration: ""
[8.127s] -- Execute custom install script
[8.128s] -- Symlinking: /home/alaa/ros2_ws/install/my_custom_interfaces/share/ament_index/resource_index/rosidl_interfaces/my_custom_interfaces
[8.137s] -- Symlinking: /home/alaa/ros2_ws/install/my_custom_interfaces/include/my_custom_interfaces/my_custom_interfaces/msg/detail/num__functions.h
[8.147s] -- Symlinking: /home/alaa/ros2_ws/install/my_custom_interfaces/include/my_custom_interfaces/my_custom_interfaces/msg/detail/num__struct.h
[8.156s] -- Symlinking: /home/alaa/ros2_ws/install/my_custom_interfaces/include/my_custom_interfaces/my_custom_interfaces/msg/detail/num__type_support.h
[8.165s] -- Symlinking: /home/alaa/ros2_ws/install/my_custom_interfaces/include/my_custom_interfaces/my_custom_interfaces/msg/detail/sphere__functions.h
[8.174s] -- Symlinking: /home/alaa/ros2_ws/install/my_custom_interfaces/include/my_custom_interfaces/my_custom_interfaces/msg/detail/sphere__struct.h
[8.183s] -- Symlinking: /home/alaa/ros2_ws/install/my_custom_interfaces/include/my_custom_interfaces/my_custom_interfaces/msg/detail/sphere__type_support.h
[8.192s] -- Symlinking: /home/alaa/ros2_ws/install/my_custom_interfaces/include/my_custom_interfaces/my_custom_interfaces/msg/num.h
[8.201s] -- Symlinking: /home/alaa/ros2_ws/install/my_custom_interfaces/include/my_custom_interfaces/my_custom_interfaces/msg/rosidl_generator_c__visibility_control.h
[8.210s] -- Symlinking: /home/alaa/ros2_ws/install/my_custom_interfaces/include/my_custom_interfaces/my_custom_interfaces/msg/sphere.h
[8.219s] -- Symlinking: /home/alaa/ros2_ws/install/my_custom_interfaces/include/my_custom_interfaces/my_custom_interfaces/srv/add_three_ints.h
[8.228s] -- Symlinking: /home/alaa/ros2_ws/install/my_custom_interfaces/include/my_custom_interfaces/my_custom_interfaces/srv/detail/add_three_ints__functions.h
[8.237s] -- Symlinking: /home/alaa/ros2_ws/install/my_custom_interfaces/include/my_custom_interfaces/my_custom_interfaces/srv/detail/add_three_ints__struct.h
[8.247s] -- Symlinking: /home/alaa/ros2_ws/install/my_custom_interfaces/include/my_custom_interfaces/my_custom_interfaces/srv/detail/add_three_ints__type_support.h
[8.256s] -- Symlinking: /home/alaa/ros2_ws/install/my_custom_interfaces/share/my_custom_interfaces/environment/library_path.sh
[8.266s] -- Symlinking: /home/alaa/ros2_ws/install/my_custom_interfaces/share/my_custom_interfaces/environment/library_path.dsv
[8.275s] -- Symlinking: /home/alaa/ros2_ws/install/my_custom_interfaces/include/my_custom_interfaces/my_custom_interfaces/msg/detail/num__rosidl_typesupport_fastrtps_c.h
[8.284s] -- Symlinking: /home/alaa/ros2_ws/install/my_custom_interfaces/include/my_custom_interfaces/my_custom_interfaces/msg/detail/sphere__rosidl_typesupport_fastrtps_c.h
[8.293s] -- Symlinking: /home/alaa/ros2_ws/install/my_custom_interfaces/include/my_custom_interfaces/my_custom_interfaces/msg/rosidl_typesupport_fastrtps_c__visibility_control.h
[8.302s] -- Symlinking: /home/alaa/ros2_ws/install/my_custom_interfaces/include/my_custom_interfaces/my_custom_interfaces/srv/detail/add_three_ints__rosidl_typesupport_fastrtps_c.h
[8.311s] -- Symlinking: /home/alaa/ros2_ws/install/my_custom_interfaces/include/my_custom_interfaces/my_custom_interfaces/msg/detail/num__builder.hpp
[8.320s] -- Symlinking: /home/alaa/ros2_ws/install/my_custom_interfaces/include/my_custom_interfaces/my_custom_interfaces/msg/detail/num__struct.hpp
[8.329s] -- Symlinking: /home/alaa/ros2_ws/install/my_custom_interfaces/include/my_custom_interfaces/my_custom_interfaces/msg/detail/num__traits.hpp
[8.338s] -- Symlinking: /home/alaa/ros2_ws/install/my_custom_interfaces/include/my_custom_interfaces/my_custom_interfaces/msg/detail/num__type_support.hpp
[8.348s] -- Symlinking: /home/alaa/ros2_ws/install/my_custom_interfaces/include/my_custom_interfaces/my_custom_interfaces/msg/detail/sphere__builder.hpp
[8.357s] -- Symlinking: /home/alaa/ros2_ws/install/my_custom_interfaces/include/my_custom_interfaces/my_custom_interfaces/msg/detail/sphere__struct.hpp
[8.366s] -- Symlinking: /home/alaa/ros2_ws/install/my_custom_interfaces/include/my_custom_interfaces/my_custom_interfaces/msg/detail/sphere__traits.hpp
[8.375s] -- Symlinking: /home/alaa/ros2_ws/install/my_custom_interfaces/include/my_custom_interfaces/my_custom_interfaces/msg/detail/sphere__type_support.hpp
[8.384s] -- Symlinking: /home/alaa/ros2_ws/install/my_custom_interfaces/include/my_custom_interfaces/my_custom_interfaces/msg/num.hpp
[8.393s] -- Symlinking: /home/alaa/ros2_ws/install/my_custom_interfaces/include/my_custom_interfaces/my_custom_interfaces/msg/rosidl_generator_cpp__visibility_control.hpp
[8.402s] -- Symlinking: /home/alaa/ros2_ws/install/my_custom_interfaces/include/my_custom_interfaces/my_custom_interfaces/msg/sphere.hpp
[8.411s] -- Symlinking: /home/alaa/ros2_ws/install/my_custom_interfaces/include/my_custom_interfaces/my_custom_interfaces/srv/add_three_ints.hpp
[8.420s] -- Symlinking: /home/alaa/ros2_ws/install/my_custom_interfaces/include/my_custom_interfaces/my_custom_interfaces/srv/detail/add_three_ints__builder.hpp
[8.429s] -- Symlinking: /home/alaa/ros2_ws/install/my_custom_interfaces/include/my_custom_interfaces/my_custom_interfaces/srv/detail/add_three_ints__struct.hpp
[8.438s] -- Symlinking: /home/alaa/ros2_ws/install/my_custom_interfaces/include/my_custom_interfaces/my_custom_interfaces/srv/detail/add_three_ints__traits.hpp
[8.447s] -- Symlinking: /home/alaa/ros2_ws/install/my_custom_interfaces/include/my_custom_interfaces/my_custom_interfaces/srv/detail/add_three_ints__type_support.hpp
[8.457s] -- Symlinking: /home/alaa/ros2_ws/install/my_custom_interfaces/include/my_custom_interfaces/my_custom_interfaces/msg/detail/num__rosidl_typesupport_fastrtps_cpp.hpp
[8.468s] -- Symlinking: /home/alaa/ros2_ws/install/my_custom_interfaces/include/my_custom_interfaces/my_custom_interfaces/msg/detail/sphere__rosidl_typesupport_fastrtps_cpp.hpp
[8.477s] -- Symlinking: /home/alaa/ros2_ws/install/my_custom_interfaces/include/my_custom_interfaces/my_custom_interfaces/msg/rosidl_typesupport_fastrtps_cpp__visibility_control.h
[8.487s] -- Symlinking: /home/alaa/ros2_ws/install/my_custom_interfaces/include/my_custom_interfaces/my_custom_interfaces/srv/detail/add_three_ints__rosidl_typesupport_fastrtps_cpp.hpp
[8.496s] -- Symlinking: /home/alaa/ros2_ws/install/my_custom_interfaces/include/my_custom_interfaces/my_custom_interfaces/msg/detail/num__rosidl_typesupport_introspection_c.h
[8.505s] -- Symlinking: /home/alaa/ros2_ws/install/my_custom_interfaces/include/my_custom_interfaces/my_custom_interfaces/msg/detail/sphere__rosidl_typesupport_introspection_c.h
[8.514s] -- Symlinking: /home/alaa/ros2_ws/install/my_custom_interfaces/include/my_custom_interfaces/my_custom_interfaces/msg/rosidl_typesupport_introspection_c__visibility_control.h
[8.523s] -- Symlinking: /home/alaa/ros2_ws/install/my_custom_interfaces/include/my_custom_interfaces/my_custom_interfaces/srv/detail/add_three_ints__rosidl_typesupport_introspection_c.h
[8.532s] -- Symlinking: /home/alaa/ros2_ws/install/my_custom_interfaces/include/my_custom_interfaces/my_custom_interfaces/msg/detail/num__rosidl_typesupport_introspection_cpp.hpp
[8.542s] -- Symlinking: /home/alaa/ros2_ws/install/my_custom_interfaces/include/my_custom_interfaces/my_custom_interfaces/msg/detail/sphere__rosidl_typesupport_introspection_cpp.hpp
[8.551s] -- Symlinking: /home/alaa/ros2_ws/install/my_custom_interfaces/include/my_custom_interfaces/my_custom_interfaces/srv/detail/add_three_ints__rosidl_typesupport_introspection_cpp.hpp
[8.560s] -- Symlinking: /home/alaa/ros2_ws/install/my_custom_interfaces/share/my_custom_interfaces/environment/pythonpath.sh
[8.570s] -- Symlinking: /home/alaa/ros2_ws/install/my_custom_interfaces/share/my_custom_interfaces/environment/pythonpath.dsv
[8.579s] -- Symlinking: /home/alaa/ros2_ws/install/my_custom_interfaces/local/lib/python3.10/dist-packages/my_custom_interfaces-0.0.0-py3.10.egg-info/PKG-INFO
[8.588s] -- Symlinking: /home/alaa/ros2_ws/install/my_custom_interfaces/local/lib/python3.10/dist-packages/my_custom_interfaces-0.0.0-py3.10.egg-info/SOURCES.txt
[8.597s] -- Symlinking: /home/alaa/ros2_ws/install/my_custom_interfaces/local/lib/python3.10/dist-packages/my_custom_interfaces-0.0.0-py3.10.egg-info/dependency_links.txt
[8.606s] -- Symlinking: /home/alaa/ros2_ws/install/my_custom_interfaces/local/lib/python3.10/dist-packages/my_custom_interfaces-0.0.0-py3.10.egg-info/top_level.txt
[8.615s] -- Symlinking: /home/alaa/ros2_ws/install/my_custom_interfaces/local/lib/python3.10/dist-packages/my_custom_interfaces/__init__.py
[8.624s] -- Symlinking: /home/alaa/ros2_ws/install/my_custom_interfaces/local/lib/python3.10/dist-packages/my_custom_interfaces/_my_custom_interfaces_s.ep.rosidl_typesupport_c.c
[8.633s] -- Symlinking: /home/alaa/ros2_ws/install/my_custom_interfaces/local/lib/python3.10/dist-packages/my_custom_interfaces/_my_custom_interfaces_s.ep.rosidl_typesupport_fastrtps_c.c
[8.642s] -- Symlinking: /home/alaa/ros2_ws/install/my_custom_interfaces/local/lib/python3.10/dist-packages/my_custom_interfaces/_my_custom_interfaces_s.ep.rosidl_typesupport_introspection_c.c
[8.652s] -- Symlinking: /home/alaa/ros2_ws/install/my_custom_interfaces/local/lib/python3.10/dist-packages/my_custom_interfaces/libmy_custom_interfaces__rosidl_generator_py.so
[8.661s] -- Symlinking: /home/alaa/ros2_ws/install/my_custom_interfaces/local/lib/python3.10/dist-packages/my_custom_interfaces/msg/__init__.py
[8.670s] -- Symlinking: /home/alaa/ros2_ws/install/my_custom_interfaces/local/lib/python3.10/dist-packages/my_custom_interfaces/msg/_num.py
[8.679s] -- Symlinking: /home/alaa/ros2_ws/install/my_custom_interfaces/local/lib/python3.10/dist-packages/my_custom_interfaces/msg/_num_s.c
[8.688s] -- Symlinking: /home/alaa/ros2_ws/install/my_custom_interfaces/local/lib/python3.10/dist-packages/my_custom_interfaces/msg/_sphere.py
[8.697s] -- Symlinking: /home/alaa/ros2_ws/install/my_custom_interfaces/local/lib/python3.10/dist-packages/my_custom_interfaces/msg/_sphere_s.c
[8.706s] -- Symlinking: /home/alaa/ros2_ws/install/my_custom_interfaces/local/lib/python3.10/dist-packages/my_custom_interfaces/my_custom_interfaces_s__rosidl_typesupport_c.cpython-310-x86_64-linux-gnu.so
[8.715s] -- Symlinking: /home/alaa/ros2_ws/install/my_custom_interfaces/local/lib/python3.10/dist-packages/my_custom_interfaces/my_custom_interfaces_s__rosidl_typesupport_fastrtps_c.cpython-310-x86_64-linux-gnu.so
[8.724s] -- Symlinking: /home/alaa/ros2_ws/install/my_custom_interfaces/local/lib/python3.10/dist-packages/my_custom_interfaces/my_custom_interfaces_s__rosidl_typesupport_introspection_c.cpython-310-x86_64-linux-gnu.so
[8.733s] -- Symlinking: /home/alaa/ros2_ws/install/my_custom_interfaces/local/lib/python3.10/dist-packages/my_custom_interfaces/srv/__init__.py
[8.742s] -- Symlinking: /home/alaa/ros2_ws/install/my_custom_interfaces/local/lib/python3.10/dist-packages/my_custom_interfaces/srv/_add_three_ints.py
[8.751s] -- Symlinking: /home/alaa/ros2_ws/install/my_custom_interfaces/local/lib/python3.10/dist-packages/my_custom_interfaces/srv/_add_three_ints_s.c
[8.761s] -- Up-to-date symlink: /home/alaa/ros2_ws/install/my_custom_interfaces/local/lib/python3.10/dist-packages/my_custom_interfaces/my_custom_interfaces_s__rosidl_typesupport_fastrtps_c.cpython-310-x86_64-linux-gnu.so
[8.761s] -- Up-to-date symlink: /home/alaa/ros2_ws/install/my_custom_interfaces/local/lib/python3.10/dist-packages/my_custom_interfaces/my_custom_interfaces_s__rosidl_typesupport_introspection_c.cpython-310-x86_64-linux-gnu.so
[8.761s] -- Up-to-date symlink: /home/alaa/ros2_ws/install/my_custom_interfaces/local/lib/python3.10/dist-packages/my_custom_interfaces/my_custom_interfaces_s__rosidl_typesupport_c.cpython-310-x86_64-linux-gnu.so
[8.761s] -- Symlinking: /home/alaa/ros2_ws/install/my_custom_interfaces/share/my_custom_interfaces/msg/Num.idl
[8.771s] -- Symlinking: /home/alaa/ros2_ws/install/my_custom_interfaces/share/my_custom_interfaces/msg/Sphere.idl
[8.780s] -- Symlinking: /home/alaa/ros2_ws/install/my_custom_interfaces/share/my_custom_interfaces/srv/AddThreeInts.idl
[8.789s] -- Symlinking: /home/alaa/ros2_ws/install/my_custom_interfaces/share/my_custom_interfaces/msg/Num.msg
[8.804s] -- Symlinking: /home/alaa/ros2_ws/install/my_custom_interfaces/share/my_custom_interfaces/msg/Sphere.msg
[8.818s] -- Symlinking: /home/alaa/ros2_ws/install/my_custom_interfaces/share/my_custom_interfaces/srv/AddThreeInts.srv
[8.827s] -- Symlinking: /home/alaa/ros2_ws/install/my_custom_interfaces/share/my_custom_interfaces/srv/AddThreeInts_Request.msg
[8.836s] -- Symlinking: /home/alaa/ros2_ws/install/my_custom_interfaces/share/my_custom_interfaces/srv/AddThreeInts_Response.msg
[8.846s] -- Symlinking: /home/alaa/ros2_ws/install/my_custom_interfaces/share/ament_index/resource_index/package_run_dependencies/my_custom_interfaces
[8.855s] -- Symlinking: /home/alaa/ros2_ws/install/my_custom_interfaces/share/ament_index/resource_index/parent_prefix_path/my_custom_interfaces
[8.864s] -- Symlinking: /home/alaa/ros2_ws/install/my_custom_interfaces/share/my_custom_interfaces/environment/ament_prefix_path.sh
[8.873s] -- Symlinking: /home/alaa/ros2_ws/install/my_custom_interfaces/share/my_custom_interfaces/environment/ament_prefix_path.dsv
[8.882s] -- Symlinking: /home/alaa/ros2_ws/install/my_custom_interfaces/share/my_custom_interfaces/environment/path.sh
[8.892s] -- Symlinking: /home/alaa/ros2_ws/install/my_custom_interfaces/share/my_custom_interfaces/environment/path.dsv
[8.901s] -- Symlinking: /home/alaa/ros2_ws/install/my_custom_interfaces/share/my_custom_interfaces/local_setup.bash
[8.909s] -- Symlinking: /home/alaa/ros2_ws/install/my_custom_interfaces/share/my_custom_interfaces/local_setup.sh
[8.918s] -- Symlinking: /home/alaa/ros2_ws/install/my_custom_interfaces/share/my_custom_interfaces/local_setup.zsh
[8.927s] -- Symlinking: /home/alaa/ros2_ws/install/my_custom_interfaces/share/my_custom_interfaces/local_setup.dsv
[8.937s] -- Symlinking: /home/alaa/ros2_ws/install/my_custom_interfaces/share/my_custom_interfaces/package.dsv
[8.946s] -- Symlinking: /home/alaa/ros2_ws/install/my_custom_interfaces/share/ament_index/resource_index/packages/my_custom_interfaces
[8.956s] -- Symlinking: /home/alaa/ros2_ws/install/my_custom_interfaces/share/my_custom_interfaces/cmake/rosidl_cmake-extras.cmake
[8.965s] -- Symlinking: /home/alaa/ros2_ws/install/my_custom_interfaces/share/my_custom_interfaces/cmake/ament_cmake_export_dependencies-extras.cmake
[8.974s] -- Symlinking: /home/alaa/ros2_ws/install/my_custom_interfaces/share/my_custom_interfaces/cmake/ament_cmake_export_include_directories-extras.cmake
[8.983s] -- Symlinking: /home/alaa/ros2_ws/install/my_custom_interfaces/share/my_custom_interfaces/cmake/ament_cmake_export_libraries-extras.cmake
[8.992s] -- Symlinking: /home/alaa/ros2_ws/install/my_custom_interfaces/share/my_custom_interfaces/cmake/ament_cmake_export_targets-extras.cmake
[9.001s] -- Symlinking: /home/alaa/ros2_ws/install/my_custom_interfaces/share/my_custom_interfaces/cmake/rosidl_cmake_export_typesupport_targets-extras.cmake
[9.010s] -- Symlinking: /home/alaa/ros2_ws/install/my_custom_interfaces/share/my_custom_interfaces/cmake/rosidl_cmake_export_typesupport_libraries-extras.cmake
[9.019s] -- Symlinking: /home/alaa/ros2_ws/install/my_custom_interfaces/share/my_custom_interfaces/cmake/my_custom_interfacesConfig.cmake
[9.028s] -- Symlinking: /home/alaa/ros2_ws/install/my_custom_interfaces/share/my_custom_interfaces/cmake/my_custom_interfacesConfig-version.cmake
[9.037s] -- Symlinking: /home/alaa/ros2_ws/install/my_custom_interfaces/share/my_custom_interfaces/package.xml
[9.047s] -- Installing: /home/alaa/ros2_ws/install/my_custom_interfaces/lib/libmy_custom_interfaces__rosidl_generator_c.so
[9.047s] -- Set runtime path of "/home/alaa/ros2_ws/install/my_custom_interfaces/lib/libmy_custom_interfaces__rosidl_generator_c.so" to ""
[9.047s] -- Installing: /home/alaa/ros2_ws/install/my_custom_interfaces/lib/libmy_custom_interfaces__rosidl_typesupport_fastrtps_c.so
[9.048s] -- Set runtime path of "/home/alaa/ros2_ws/install/my_custom_interfaces/lib/libmy_custom_interfaces__rosidl_typesupport_fastrtps_c.so" to ""
[9.048s] -- Installing: /home/alaa/ros2_ws/install/my_custom_interfaces/lib/libmy_custom_interfaces__rosidl_typesupport_fastrtps_cpp.so
[9.048s] -- Set runtime path of "/home/alaa/ros2_ws/install/my_custom_interfaces/lib/libmy_custom_interfaces__rosidl_typesupport_fastrtps_cpp.so" to ""
[9.048s] -- Installing: /home/alaa/ros2_ws/install/my_custom_interfaces/lib/libmy_custom_interfaces__rosidl_typesupport_introspection_c.so
[9.048s] -- Set runtime path of "/home/alaa/ros2_ws/install/my_custom_interfaces/lib/libmy_custom_interfaces__rosidl_typesupport_introspection_c.so" to ""
[9.048s] -- Installing: /home/alaa/ros2_ws/install/my_custom_interfaces/lib/libmy_custom_interfaces__rosidl_typesupport_c.so
[9.049s] -- Set runtime path of "/home/alaa/ros2_ws/install/my_custom_interfaces/lib/libmy_custom_interfaces__rosidl_typesupport_c.so" to ""
[9.049s] -- Installing: /home/alaa/ros2_ws/install/my_custom_interfaces/lib/libmy_custom_interfaces__rosidl_typesupport_introspection_cpp.so
[9.049s] -- Set runtime path of "/home/alaa/ros2_ws/install/my_custom_interfaces/lib/libmy_custom_interfaces__rosidl_typesupport_introspection_cpp.so" to ""
[9.049s] -- Installing: /home/alaa/ros2_ws/install/my_custom_interfaces/lib/libmy_custom_interfaces__rosidl_typesupport_cpp.so
[9.049s] -- Set runtime path of "/home/alaa/ros2_ws/install/my_custom_interfaces/lib/libmy_custom_interfaces__rosidl_typesupport_cpp.so" to ""
[9.115s] Listing '/home/alaa/ros2_ws/install/my_custom_interfaces/local/lib/python3.10/dist-packages/my_custom_interfaces'...
[9.115s] Compiling '/home/alaa/ros2_ws/install/my_custom_interfaces/local/lib/python3.10/dist-packages/my_custom_interfaces/__init__.py'...
[9.116s] Listing '/home/alaa/ros2_ws/install/my_custom_interfaces/local/lib/python3.10/dist-packages/my_custom_interfaces/msg'...
[9.116s] Compiling '/home/alaa/ros2_ws/install/my_custom_interfaces/local/lib/python3.10/dist-packages/my_custom_interfaces/msg/__init__.py'...
[9.116s] Compiling '/home/alaa/ros2_ws/install/my_custom_interfaces/local/lib/python3.10/dist-packages/my_custom_interfaces/msg/_num.py'...
[9.116s] Compiling '/home/alaa/ros2_ws/install/my_custom_interfaces/local/lib/python3.10/dist-packages/my_custom_interfaces/msg/_sphere.py'...
[9.116s] Listing '/home/alaa/ros2_ws/install/my_custom_interfaces/local/lib/python3.10/dist-packages/my_custom_interfaces/srv'...
[9.116s] Compiling '/home/alaa/ros2_ws/install/my_custom_interfaces/local/lib/python3.10/dist-packages/my_custom_interfaces/srv/__init__.py'...
[9.116s] Compiling '/home/alaa/ros2_ws/install/my_custom_interfaces/local/lib/python3.10/dist-packages/my_custom_interfaces/srv/_add_three_ints.py'...
[9.121s] -- Installing: /home/alaa/ros2_ws/install/my_custom_interfaces/lib/libmy_custom_interfaces__rosidl_generator_py.so
[9.121s] -- Set runtime path of "/home/alaa/ros2_ws/install/my_custom_interfaces/lib/libmy_custom_interfaces__rosidl_generator_py.so" to ""
[9.122s] -- Installing: /home/alaa/ros2_ws/install/my_custom_interfaces/share/my_custom_interfaces/cmake/export_my_custom_interfaces__rosidl_generator_cExport.cmake
[9.122s] -- Installing: /home/alaa/ros2_ws/install/my_custom_interfaces/share/my_custom_interfaces/cmake/export_my_custom_interfaces__rosidl_generator_cExport-noconfig.cmake
[9.122s] -- Installing: /home/alaa/ros2_ws/install/my_custom_interfaces/share/my_custom_interfaces/cmake/export_my_custom_interfaces__rosidl_typesupport_fastrtps_cExport.cmake
[9.122s] -- Installing: /home/alaa/ros2_ws/install/my_custom_interfaces/share/my_custom_interfaces/cmake/export_my_custom_interfaces__rosidl_typesupport_fastrtps_cExport-noconfig.cmake
[9.122s] -- Installing: /home/alaa/ros2_ws/install/my_custom_interfaces/share/my_custom_interfaces/cmake/export_my_custom_interfaces__rosidl_generator_cppExport.cmake
[9.122s] -- Installing: /home/alaa/ros2_ws/install/my_custom_interfaces/share/my_custom_interfaces/cmake/export_my_custom_interfaces__rosidl_typesupport_fastrtps_cppExport.cmake
[9.122s] -- Installing: /home/alaa/ros2_ws/install/my_custom_interfaces/share/my_custom_interfaces/cmake/export_my_custom_interfaces__rosidl_typesupport_fastrtps_cppExport-noconfig.cmake
[9.123s] -- Installing: /home/alaa/ros2_ws/install/my_custom_interfaces/share/my_custom_interfaces/cmake/my_custom_interfaces__rosidl_typesupport_introspection_cExport.cmake
[9.123s] -- Installing: /home/alaa/ros2_ws/install/my_custom_interfaces/share/my_custom_interfaces/cmake/my_custom_interfaces__rosidl_typesupport_introspection_cExport-noconfig.cmake
[9.123s] -- Installing: /home/alaa/ros2_ws/install/my_custom_interfaces/share/my_custom_interfaces/cmake/my_custom_interfaces__rosidl_typesupport_cExport.cmake
[9.123s] -- Installing: /home/alaa/ros2_ws/install/my_custom_interfaces/share/my_custom_interfaces/cmake/my_custom_interfaces__rosidl_typesupport_cExport-noconfig.cmake
[9.123s] -- Installing: /home/alaa/ros2_ws/install/my_custom_interfaces/share/my_custom_interfaces/cmake/my_custom_interfaces__rosidl_typesupport_introspection_cppExport.cmake
[9.123s] -- Installing: /home/alaa/ros2_ws/install/my_custom_interfaces/share/my_custom_interfaces/cmake/my_custom_interfaces__rosidl_typesupport_introspection_cppExport-noconfig.cmake
[9.124s] -- Installing: /home/alaa/ros2_ws/install/my_custom_interfaces/share/my_custom_interfaces/cmake/my_custom_interfaces__rosidl_typesupport_cppExport.cmake
[9.124s] -- Installing: /home/alaa/ros2_ws/install/my_custom_interfaces/share/my_custom_interfaces/cmake/my_custom_interfaces__rosidl_typesupport_cppExport-noconfig.cmake
[9.124s] -- Installing: /home/alaa/ros2_ws/install/my_custom_interfaces/share/my_custom_interfaces/cmake/export_my_custom_interfaces__rosidl_generator_pyExport.cmake
[9.124s] -- Installing: /home/alaa/ros2_ws/install/my_custom_interfaces/share/my_custom_interfaces/cmake/export_my_custom_interfaces__rosidl_generator_pyExport-noconfig.cmake
[9.127s] Invoked command in '/home/alaa/ros2_ws/build/my_custom_interfaces' returned '0': CMAKE_PREFIX_PATH=${CMAKE_PREFIX_PATH}:/opt/ros/humble /usr/bin/cmake --install /home/alaa/ros2_ws/build/my_custom_interfaces
