[0.015s] Invoking command in '/home/alaa/ros2_ws/build/cpp_pubsub': CMAKE_PREFIX_PATH=${CMAKE_PREFIX_PATH}:/opt/ros/humble /usr/bin/cmake --build /home/alaa/ros2_ws/build/cpp_pubsub -- -j8 -l8
[0.075s] [ 50%] Built target minimal_publisher
[0.075s] [100%] Built target minimal_subscriber
[0.088s] Invoked command in '/home/alaa/ros2_ws/build/cpp_pubsub' returned '0': CMAKE_PREFIX_PATH=${CMAKE_PREFIX_PATH}:/opt/ros/humble /usr/bin/cmake --build /home/alaa/ros2_ws/build/cpp_pubsub -- -j8 -l8
[0.099s] Invoking command in '/home/alaa/ros2_ws/build/cpp_pubsub': CMAKE_PREFIX_PATH=${CMAKE_PREFIX_PATH}:/opt/ros/humble /usr/bin/cmake --install /home/alaa/ros2_ws/build/cpp_pubsub
[0.107s] -- Install configuration: ""
[0.107s] -- Execute custom install script
[0.108s] -- Up-to-date symlink: /home/alaa/ros2_ws/install/cpp_pubsub/lib/cpp_pubsub/minimal_publisher
[0.108s] -- Up-to-date symlink: /home/alaa/ros2_ws/install/cpp_pubsub/lib/cpp_pubsub/minimal_subscriber
[0.108s] -- Up-to-date symlink: /home/alaa/ros2_ws/install/cpp_pubsub/share/ament_index/resource_index/package_run_dependencies/cpp_pubsub
[0.109s] -- Up-to-date symlink: /home/alaa/ros2_ws/install/cpp_pubsub/share/ament_index/resource_index/parent_prefix_path/cpp_pubsub
[0.109s] -- Up-to-date symlink: /home/alaa/ros2_ws/install/cpp_pubsub/share/cpp_pubsub/environment/ament_prefix_path.sh
[0.109s] -- Up-to-date symlink: /home/alaa/ros2_ws/install/cpp_pubsub/share/cpp_pubsub/environment/ament_prefix_path.dsv
[0.110s] -- Up-to-date symlink: /home/alaa/ros2_ws/install/cpp_pubsub/share/cpp_pubsub/environment/path.sh
[0.110s] -- Up-to-date symlink: /home/alaa/ros2_ws/install/cpp_pubsub/share/cpp_pubsub/environment/path.dsv
[0.110s] -- Up-to-date symlink: /home/alaa/ros2_ws/install/cpp_pubsub/share/cpp_pubsub/local_setup.bash
[0.110s] -- Up-to-date symlink: /home/alaa/ros2_ws/install/cpp_pubsub/share/cpp_pubsub/local_setup.sh
[0.111s] -- Up-to-date symlink: /home/alaa/ros2_ws/install/cpp_pubsub/share/cpp_pubsub/local_setup.zsh
[0.111s] -- Up-to-date symlink: /home/alaa/ros2_ws/install/cpp_pubsub/share/cpp_pubsub/local_setup.dsv
[0.111s] -- Symlinking: /home/alaa/ros2_ws/install/cpp_pubsub/share/cpp_pubsub/package.dsv
[0.123s] -- Up-to-date symlink: /home/alaa/ros2_ws/install/cpp_pubsub/share/ament_index/resource_index/packages/cpp_pubsub
[0.123s] -- Up-to-date symlink: /home/alaa/ros2_ws/install/cpp_pubsub/share/cpp_pubsub/cmake/cpp_pubsubConfig.cmake
[0.123s] -- Up-to-date symlink: /home/alaa/ros2_ws/install/cpp_pubsub/share/cpp_pubsub/cmake/cpp_pubsubConfig-version.cmake
[0.123s] -- Up-to-date symlink: /home/alaa/ros2_ws/install/cpp_pubsub/share/cpp_pubsub/package.xml
[0.126s] Invoked command in '/home/alaa/ros2_ws/build/cpp_pubsub' returned '0': CMAKE_PREFIX_PATH=${CMAKE_PREFIX_PATH}:/opt/ros/humble /usr/bin/cmake --install /home/alaa/ros2_ws/build/cpp_pubsub
