[0.016s] Invoking command in '/home/alaa/ros2_ws/build/my_custom_interfaces': CMAKE_PREFIX_PATH=${CMAKE_PREFIX_PATH}:/opt/ros/humble /usr/bin/cmake --build /home/alaa/ros2_ws/build/my_custom_interfaces -- -j8 -l8
[0.071s] [  2%] Built target my_custom_interfaces__cpp
[0.072s] [ 12%] Built target my_custom_interfaces__rosidl_generator_c
[0.086s] [ 12%] Built target ament_cmake_python_symlink_my_custom_interfaces
[0.109s] [ 46%] Built target my_custom_interfaces__rosidl_typesupport_cpp
[0.109s] [ 46%] Built target my_custom_interfaces__rosidl_typesupport_introspection_c
[0.109s] [ 48%] Built target my_custom_interfaces__rosidl_typesupport_c
[0.109s] [ 65%] Built target my_custom_interfaces__rosidl_typesupport_fastrtps_c
[0.109s] [ 55%] Built target my_custom_interfaces__rosidl_typesupport_introspection_cpp
[0.111s] [ 76%] Built target my_custom_interfaces__rosidl_typesupport_fastrtps_cpp
[0.134s] [ 76%] Built target my_custom_interfaces
[0.157s] [ 78%] Built target my_custom_interfaces__py
[0.182s] [ 87%] Built target my_custom_interfaces__rosidl_generator_py
[0.208s] [ 95%] Built target my_custom_interfaces__rosidl_typesupport_introspection_c__pyext
[0.208s] [ 95%] Built target my_custom_interfaces__rosidl_typesupport_c__pyext
[0.220s] [100%] Built target my_custom_interfaces__rosidl_typesupport_fastrtps_c__pyext
[0.417s] running egg_info
[0.418s] writing my_custom_interfaces.egg-info/PKG-INFO
[0.419s] writing dependency_links to my_custom_interfaces.egg-info/dependency_links.txt
[0.419s] writing top-level names to my_custom_interfaces.egg-info/top_level.txt
[0.422s] reading manifest file 'my_custom_interfaces.egg-info/SOURCES.txt'
[0.422s] writing manifest file 'my_custom_interfaces.egg-info/SOURCES.txt'
[0.455s] [100%] Built target ament_cmake_python_build_my_custom_interfaces_egg
[0.467s] Invoked command in '/home/alaa/ros2_ws/build/my_custom_interfaces' returned '0': CMAKE_PREFIX_PATH=${CMAKE_PREFIX_PATH}:/opt/ros/humble /usr/bin/cmake --build /home/alaa/ros2_ws/build/my_custom_interfaces -- -j8 -l8
[0.478s] Invoking command in '/home/alaa/ros2_ws/build/my_custom_interfaces': CMAKE_PREFIX_PATH=${CMAKE_PREFIX_PATH}:/opt/ros/humble /usr/bin/cmake --install /home/alaa/ros2_ws/build/my_custom_interfaces
[0.487s] -- Install configuration: ""
[0.487s] -- Execute custom install script
[0.488s] -- Up-to-date symlink: /home/alaa/ros2_ws/install/my_custom_interfaces/share/ament_index/resource_index/rosidl_interfaces/my_custom_interfaces
[0.488s] -- Up-to-date symlink: /home/alaa/ros2_ws/install/my_custom_interfaces/include/my_custom_interfaces/my_custom_interfaces/msg/detail/num__functions.h
[0.488s] -- Up-to-date symlink: /home/alaa/ros2_ws/install/my_custom_interfaces/include/my_custom_interfaces/my_custom_interfaces/msg/detail/num__struct.h
[0.488s] -- Up-to-date symlink: /home/alaa/ros2_ws/install/my_custom_interfaces/include/my_custom_interfaces/my_custom_interfaces/msg/detail/num__type_support.h
[0.489s] -- Up-to-date symlink: /home/alaa/ros2_ws/install/my_custom_interfaces/include/my_custom_interfaces/my_custom_interfaces/msg/detail/sphere__functions.h
[0.489s] -- Up-to-date symlink: /home/alaa/ros2_ws/install/my_custom_interfaces/include/my_custom_interfaces/my_custom_interfaces/msg/detail/sphere__struct.h
[0.489s] -- Up-to-date symlink: /home/alaa/ros2_ws/install/my_custom_interfaces/include/my_custom_interfaces/my_custom_interfaces/msg/detail/sphere__type_support.h
[0.489s] -- Up-to-date symlink: /home/alaa/ros2_ws/install/my_custom_interfaces/include/my_custom_interfaces/my_custom_interfaces/msg/num.h
[0.489s] -- Up-to-date symlink: /home/alaa/ros2_ws/install/my_custom_interfaces/include/my_custom_interfaces/my_custom_interfaces/msg/rosidl_generator_c__visibility_control.h
[0.489s] -- Up-to-date symlink: /home/alaa/ros2_ws/install/my_custom_interfaces/include/my_custom_interfaces/my_custom_interfaces/msg/sphere.h
[0.489s] -- Up-to-date symlink: /home/alaa/ros2_ws/install/my_custom_interfaces/include/my_custom_interfaces/my_custom_interfaces/srv/add_three_ints.h
[0.490s] -- Up-to-date symlink: /home/alaa/ros2_ws/install/my_custom_interfaces/include/my_custom_interfaces/my_custom_interfaces/srv/detail/add_three_ints__functions.h
[0.490s] -- Up-to-date symlink: /home/alaa/ros2_ws/install/my_custom_interfaces/include/my_custom_interfaces/my_custom_interfaces/srv/detail/add_three_ints__struct.h
[0.490s] -- Up-to-date symlink: /home/alaa/ros2_ws/install/my_custom_interfaces/include/my_custom_interfaces/my_custom_interfaces/srv/detail/add_three_ints__type_support.h
[0.490s] -- Up-to-date symlink: /home/alaa/ros2_ws/install/my_custom_interfaces/share/my_custom_interfaces/environment/library_path.sh
[0.490s] -- Up-to-date symlink: /home/alaa/ros2_ws/install/my_custom_interfaces/share/my_custom_interfaces/environment/library_path.dsv
[0.491s] -- Up-to-date symlink: /home/alaa/ros2_ws/install/my_custom_interfaces/include/my_custom_interfaces/my_custom_interfaces/msg/detail/num__rosidl_typesupport_fastrtps_c.h
[0.491s] -- Up-to-date symlink: /home/alaa/ros2_ws/install/my_custom_interfaces/include/my_custom_interfaces/my_custom_interfaces/msg/detail/sphere__rosidl_typesupport_fastrtps_c.h
[0.491s] -- Up-to-date symlink: /home/alaa/ros2_ws/install/my_custom_interfaces/include/my_custom_interfaces/my_custom_interfaces/msg/rosidl_typesupport_fastrtps_c__visibility_control.h
[0.491s] -- Up-to-date symlink: /home/alaa/ros2_ws/install/my_custom_interfaces/include/my_custom_interfaces/my_custom_interfaces/srv/detail/add_three_ints__rosidl_typesupport_fastrtps_c.h
[0.492s] -- Up-to-date symlink: /home/alaa/ros2_ws/install/my_custom_interfaces/include/my_custom_interfaces/my_custom_interfaces/msg/detail/num__builder.hpp
[0.492s] -- Up-to-date symlink: /home/alaa/ros2_ws/install/my_custom_interfaces/include/my_custom_interfaces/my_custom_interfaces/msg/detail/num__struct.hpp
[0.492s] -- Up-to-date symlink: /home/alaa/ros2_ws/install/my_custom_interfaces/include/my_custom_interfaces/my_custom_interfaces/msg/detail/num__traits.hpp
[0.492s] -- Up-to-date symlink: /home/alaa/ros2_ws/install/my_custom_interfaces/include/my_custom_interfaces/my_custom_interfaces/msg/detail/num__type_support.hpp
[0.492s] -- Up-to-date symlink: /home/alaa/ros2_ws/install/my_custom_interfaces/include/my_custom_interfaces/my_custom_interfaces/msg/detail/sphere__builder.hpp
[0.492s] -- Up-to-date symlink: /home/alaa/ros2_ws/install/my_custom_interfaces/include/my_custom_interfaces/my_custom_interfaces/msg/detail/sphere__struct.hpp
[0.492s] -- Up-to-date symlink: /home/alaa/ros2_ws/install/my_custom_interfaces/include/my_custom_interfaces/my_custom_interfaces/msg/detail/sphere__traits.hpp
[0.493s] -- Up-to-date symlink: /home/alaa/ros2_ws/install/my_custom_interfaces/include/my_custom_interfaces/my_custom_interfaces/msg/detail/sphere__type_support.hpp
[0.493s] -- Up-to-date symlink: /home/alaa/ros2_ws/install/my_custom_interfaces/include/my_custom_interfaces/my_custom_interfaces/msg/num.hpp
[0.493s] -- Up-to-date symlink: /home/alaa/ros2_ws/install/my_custom_interfaces/include/my_custom_interfaces/my_custom_interfaces/msg/rosidl_generator_cpp__visibility_control.hpp
[0.493s] -- Up-to-date symlink: /home/alaa/ros2_ws/install/my_custom_interfaces/include/my_custom_interfaces/my_custom_interfaces/msg/sphere.hpp
[0.493s] -- Up-to-date symlink: /home/alaa/ros2_ws/install/my_custom_interfaces/include/my_custom_interfaces/my_custom_interfaces/srv/add_three_ints.hpp
[0.493s] -- Up-to-date symlink: /home/alaa/ros2_ws/install/my_custom_interfaces/include/my_custom_interfaces/my_custom_interfaces/srv/detail/add_three_ints__builder.hpp
[0.493s] -- Up-to-date symlink: /home/alaa/ros2_ws/install/my_custom_interfaces/include/my_custom_interfaces/my_custom_interfaces/srv/detail/add_three_ints__struct.hpp
[0.494s] -- Up-to-date symlink: /home/alaa/ros2_ws/install/my_custom_interfaces/include/my_custom_interfaces/my_custom_interfaces/srv/detail/add_three_ints__traits.hpp
[0.494s] -- Up-to-date symlink: /home/alaa/ros2_ws/install/my_custom_interfaces/include/my_custom_interfaces/my_custom_interfaces/srv/detail/add_three_ints__type_support.hpp
[0.494s] -- Up-to-date symlink: /home/alaa/ros2_ws/install/my_custom_interfaces/include/my_custom_interfaces/my_custom_interfaces/msg/detail/num__rosidl_typesupport_fastrtps_cpp.hpp
[0.494s] -- Up-to-date symlink: /home/alaa/ros2_ws/install/my_custom_interfaces/include/my_custom_interfaces/my_custom_interfaces/msg/detail/sphere__rosidl_typesupport_fastrtps_cpp.hpp
[0.494s] -- Up-to-date symlink: /home/alaa/ros2_ws/install/my_custom_interfaces/include/my_custom_interfaces/my_custom_interfaces/msg/rosidl_typesupport_fastrtps_cpp__visibility_control.h
[0.495s] -- Up-to-date symlink: /home/alaa/ros2_ws/install/my_custom_interfaces/include/my_custom_interfaces/my_custom_interfaces/srv/detail/add_three_ints__rosidl_typesupport_fastrtps_cpp.hpp
[0.495s] -- Up-to-date symlink: /home/alaa/ros2_ws/install/my_custom_interfaces/include/my_custom_interfaces/my_custom_interfaces/msg/detail/num__rosidl_typesupport_introspection_c.h
[0.495s] -- Up-to-date symlink: /home/alaa/ros2_ws/install/my_custom_interfaces/include/my_custom_interfaces/my_custom_interfaces/msg/detail/sphere__rosidl_typesupport_introspection_c.h
[0.495s] -- Up-to-date symlink: /home/alaa/ros2_ws/install/my_custom_interfaces/include/my_custom_interfaces/my_custom_interfaces/msg/rosidl_typesupport_introspection_c__visibility_control.h
[0.495s] -- Up-to-date symlink: /home/alaa/ros2_ws/install/my_custom_interfaces/include/my_custom_interfaces/my_custom_interfaces/srv/detail/add_three_ints__rosidl_typesupport_introspection_c.h
[0.496s] -- Up-to-date symlink: /home/alaa/ros2_ws/install/my_custom_interfaces/include/my_custom_interfaces/my_custom_interfaces/msg/detail/num__rosidl_typesupport_introspection_cpp.hpp
[0.496s] -- Up-to-date symlink: /home/alaa/ros2_ws/install/my_custom_interfaces/include/my_custom_interfaces/my_custom_interfaces/msg/detail/sphere__rosidl_typesupport_introspection_cpp.hpp
[0.496s] -- Up-to-date symlink: /home/alaa/ros2_ws/install/my_custom_interfaces/include/my_custom_interfaces/my_custom_interfaces/srv/detail/add_three_ints__rosidl_typesupport_introspection_cpp.hpp
[0.496s] -- Up-to-date symlink: /home/alaa/ros2_ws/install/my_custom_interfaces/share/my_custom_interfaces/environment/pythonpath.sh
[0.496s] -- Up-to-date symlink: /home/alaa/ros2_ws/install/my_custom_interfaces/share/my_custom_interfaces/environment/pythonpath.dsv
[0.497s] -- Up-to-date symlink: /home/alaa/ros2_ws/install/my_custom_interfaces/local/lib/python3.10/dist-packages/my_custom_interfaces-0.0.0-py3.10.egg-info/PKG-INFO
[0.497s] -- Up-to-date symlink: /home/alaa/ros2_ws/install/my_custom_interfaces/local/lib/python3.10/dist-packages/my_custom_interfaces-0.0.0-py3.10.egg-info/SOURCES.txt
[0.497s] -- Up-to-date symlink: /home/alaa/ros2_ws/install/my_custom_interfaces/local/lib/python3.10/dist-packages/my_custom_interfaces-0.0.0-py3.10.egg-info/dependency_links.txt
[0.497s] -- Up-to-date symlink: /home/alaa/ros2_ws/install/my_custom_interfaces/local/lib/python3.10/dist-packages/my_custom_interfaces-0.0.0-py3.10.egg-info/top_level.txt
[0.498s] -- Up-to-date symlink: /home/alaa/ros2_ws/install/my_custom_interfaces/local/lib/python3.10/dist-packages/my_custom_interfaces/__init__.py
[0.498s] -- Up-to-date symlink: /home/alaa/ros2_ws/install/my_custom_interfaces/local/lib/python3.10/dist-packages/my_custom_interfaces/_my_custom_interfaces_s.ep.rosidl_typesupport_c.c
[0.498s] -- Up-to-date symlink: /home/alaa/ros2_ws/install/my_custom_interfaces/local/lib/python3.10/dist-packages/my_custom_interfaces/_my_custom_interfaces_s.ep.rosidl_typesupport_fastrtps_c.c
[0.498s] -- Up-to-date symlink: /home/alaa/ros2_ws/install/my_custom_interfaces/local/lib/python3.10/dist-packages/my_custom_interfaces/_my_custom_interfaces_s.ep.rosidl_typesupport_introspection_c.c
[0.498s] -- Up-to-date symlink: /home/alaa/ros2_ws/install/my_custom_interfaces/local/lib/python3.10/dist-packages/my_custom_interfaces/libmy_custom_interfaces__rosidl_generator_py.so
[0.499s] -- Up-to-date symlink: /home/alaa/ros2_ws/install/my_custom_interfaces/local/lib/python3.10/dist-packages/my_custom_interfaces/msg/__init__.py
[0.499s] -- Up-to-date symlink: /home/alaa/ros2_ws/install/my_custom_interfaces/local/lib/python3.10/dist-packages/my_custom_interfaces/msg/_num.py
[0.499s] -- Up-to-date symlink: /home/alaa/ros2_ws/install/my_custom_interfaces/local/lib/python3.10/dist-packages/my_custom_interfaces/msg/_num_s.c
[0.499s] -- Up-to-date symlink: /home/alaa/ros2_ws/install/my_custom_interfaces/local/lib/python3.10/dist-packages/my_custom_interfaces/msg/_sphere.py
[0.499s] -- Up-to-date symlink: /home/alaa/ros2_ws/install/my_custom_interfaces/local/lib/python3.10/dist-packages/my_custom_interfaces/msg/_sphere_s.c
[0.499s] -- Up-to-date symlink: /home/alaa/ros2_ws/install/my_custom_interfaces/local/lib/python3.10/dist-packages/my_custom_interfaces/my_custom_interfaces_s__rosidl_typesupport_c.cpython-310-x86_64-linux-gnu.so
[0.499s] -- Up-to-date symlink: /home/alaa/ros2_ws/install/my_custom_interfaces/local/lib/python3.10/dist-packages/my_custom_interfaces/my_custom_interfaces_s__rosidl_typesupport_fastrtps_c.cpython-310-x86_64-linux-gnu.so
[0.500s] -- Up-to-date symlink: /home/alaa/ros2_ws/install/my_custom_interfaces/local/lib/python3.10/dist-packages/my_custom_interfaces/my_custom_interfaces_s__rosidl_typesupport_introspection_c.cpython-310-x86_64-linux-gnu.so
[0.500s] -- Up-to-date symlink: /home/alaa/ros2_ws/install/my_custom_interfaces/local/lib/python3.10/dist-packages/my_custom_interfaces/srv/__init__.py
[0.500s] -- Up-to-date symlink: /home/alaa/ros2_ws/install/my_custom_interfaces/local/lib/python3.10/dist-packages/my_custom_interfaces/srv/_add_three_ints.py
[0.500s] -- Up-to-date symlink: /home/alaa/ros2_ws/install/my_custom_interfaces/local/lib/python3.10/dist-packages/my_custom_interfaces/srv/_add_three_ints_s.c
[0.500s] -- Up-to-date symlink: /home/alaa/ros2_ws/install/my_custom_interfaces/local/lib/python3.10/dist-packages/my_custom_interfaces/my_custom_interfaces_s__rosidl_typesupport_fastrtps_c.cpython-310-x86_64-linux-gnu.so
[0.500s] -- Up-to-date symlink: /home/alaa/ros2_ws/install/my_custom_interfaces/local/lib/python3.10/dist-packages/my_custom_interfaces/my_custom_interfaces_s__rosidl_typesupport_introspection_c.cpython-310-x86_64-linux-gnu.so
[0.501s] -- Up-to-date symlink: /home/alaa/ros2_ws/install/my_custom_interfaces/local/lib/python3.10/dist-packages/my_custom_interfaces/my_custom_interfaces_s__rosidl_typesupport_c.cpython-310-x86_64-linux-gnu.so
[0.501s] -- Up-to-date symlink: /home/alaa/ros2_ws/install/my_custom_interfaces/share/my_custom_interfaces/msg/Num.idl
[0.501s] -- Up-to-date symlink: /home/alaa/ros2_ws/install/my_custom_interfaces/share/my_custom_interfaces/msg/Sphere.idl
[0.501s] -- Up-to-date symlink: /home/alaa/ros2_ws/install/my_custom_interfaces/share/my_custom_interfaces/srv/AddThreeInts.idl
[0.501s] -- Up-to-date symlink: /home/alaa/ros2_ws/install/my_custom_interfaces/share/my_custom_interfaces/msg/Num.msg
[0.502s] -- Up-to-date symlink: /home/alaa/ros2_ws/install/my_custom_interfaces/share/my_custom_interfaces/msg/Sphere.msg
[0.502s] -- Up-to-date symlink: /home/alaa/ros2_ws/install/my_custom_interfaces/share/my_custom_interfaces/srv/AddThreeInts.srv
[0.502s] -- Up-to-date symlink: /home/alaa/ros2_ws/install/my_custom_interfaces/share/my_custom_interfaces/srv/AddThreeInts_Request.msg
[0.502s] -- Up-to-date symlink: /home/alaa/ros2_ws/install/my_custom_interfaces/share/my_custom_interfaces/srv/AddThreeInts_Response.msg
[0.502s] -- Up-to-date symlink: /home/alaa/ros2_ws/install/my_custom_interfaces/share/ament_index/resource_index/package_run_dependencies/my_custom_interfaces
[0.502s] -- Up-to-date symlink: /home/alaa/ros2_ws/install/my_custom_interfaces/share/ament_index/resource_index/parent_prefix_path/my_custom_interfaces
[0.503s] -- Up-to-date symlink: /home/alaa/ros2_ws/install/my_custom_interfaces/share/my_custom_interfaces/environment/ament_prefix_path.sh
[0.503s] -- Up-to-date symlink: /home/alaa/ros2_ws/install/my_custom_interfaces/share/my_custom_interfaces/environment/ament_prefix_path.dsv
[0.503s] -- Up-to-date symlink: /home/alaa/ros2_ws/install/my_custom_interfaces/share/my_custom_interfaces/environment/path.sh
[0.503s] -- Up-to-date symlink: /home/alaa/ros2_ws/install/my_custom_interfaces/share/my_custom_interfaces/environment/path.dsv
[0.503s] -- Up-to-date symlink: /home/alaa/ros2_ws/install/my_custom_interfaces/share/my_custom_interfaces/local_setup.bash
[0.504s] -- Up-to-date symlink: /home/alaa/ros2_ws/install/my_custom_interfaces/share/my_custom_interfaces/local_setup.sh
[0.504s] -- Up-to-date symlink: /home/alaa/ros2_ws/install/my_custom_interfaces/share/my_custom_interfaces/local_setup.zsh
[0.504s] -- Up-to-date symlink: /home/alaa/ros2_ws/install/my_custom_interfaces/share/my_custom_interfaces/local_setup.dsv
[0.504s] -- Symlinking: /home/alaa/ros2_ws/install/my_custom_interfaces/share/my_custom_interfaces/package.dsv
[0.514s] -- Up-to-date symlink: /home/alaa/ros2_ws/install/my_custom_interfaces/share/ament_index/resource_index/packages/my_custom_interfaces
[0.514s] -- Up-to-date symlink: /home/alaa/ros2_ws/install/my_custom_interfaces/share/my_custom_interfaces/cmake/rosidl_cmake-extras.cmake
[0.514s] -- Up-to-date symlink: /home/alaa/ros2_ws/install/my_custom_interfaces/share/my_custom_interfaces/cmake/ament_cmake_export_dependencies-extras.cmake
[0.514s] -- Up-to-date symlink: /home/alaa/ros2_ws/install/my_custom_interfaces/share/my_custom_interfaces/cmake/ament_cmake_export_include_directories-extras.cmake
[0.515s] -- Up-to-date symlink: /home/alaa/ros2_ws/install/my_custom_interfaces/share/my_custom_interfaces/cmake/ament_cmake_export_libraries-extras.cmake
[0.515s] -- Up-to-date symlink: /home/alaa/ros2_ws/install/my_custom_interfaces/share/my_custom_interfaces/cmake/ament_cmake_export_targets-extras.cmake
[0.515s] -- Up-to-date symlink: /home/alaa/ros2_ws/install/my_custom_interfaces/share/my_custom_interfaces/cmake/rosidl_cmake_export_typesupport_targets-extras.cmake
[0.515s] -- Up-to-date symlink: /home/alaa/ros2_ws/install/my_custom_interfaces/share/my_custom_interfaces/cmake/rosidl_cmake_export_typesupport_libraries-extras.cmake
[0.515s] -- Up-to-date symlink: /home/alaa/ros2_ws/install/my_custom_interfaces/share/my_custom_interfaces/cmake/my_custom_interfacesConfig.cmake
[0.515s] -- Up-to-date symlink: /home/alaa/ros2_ws/install/my_custom_interfaces/share/my_custom_interfaces/cmake/my_custom_interfacesConfig-version.cmake
[0.515s] -- Up-to-date symlink: /home/alaa/ros2_ws/install/my_custom_interfaces/share/my_custom_interfaces/package.xml
[0.516s] -- Up-to-date: /home/alaa/ros2_ws/install/my_custom_interfaces/lib/libmy_custom_interfaces__rosidl_generator_c.so
[0.516s] -- Up-to-date: /home/alaa/ros2_ws/install/my_custom_interfaces/lib/libmy_custom_interfaces__rosidl_typesupport_fastrtps_c.so
[0.516s] -- Up-to-date: /home/alaa/ros2_ws/install/my_custom_interfaces/lib/libmy_custom_interfaces__rosidl_typesupport_fastrtps_cpp.so
[0.517s] -- Up-to-date: /home/alaa/ros2_ws/install/my_custom_interfaces/lib/libmy_custom_interfaces__rosidl_typesupport_introspection_c.so
[0.517s] -- Up-to-date: /home/alaa/ros2_ws/install/my_custom_interfaces/lib/libmy_custom_interfaces__rosidl_typesupport_c.so
[0.517s] -- Up-to-date: /home/alaa/ros2_ws/install/my_custom_interfaces/lib/libmy_custom_interfaces__rosidl_typesupport_introspection_cpp.so
[0.517s] -- Up-to-date: /home/alaa/ros2_ws/install/my_custom_interfaces/lib/libmy_custom_interfaces__rosidl_typesupport_cpp.so
[0.559s] Listing '/home/alaa/ros2_ws/install/my_custom_interfaces/local/lib/python3.10/dist-packages/my_custom_interfaces'...
[0.559s] Listing '/home/alaa/ros2_ws/install/my_custom_interfaces/local/lib/python3.10/dist-packages/my_custom_interfaces/msg'...
[0.559s] Listing '/home/alaa/ros2_ws/install/my_custom_interfaces/local/lib/python3.10/dist-packages/my_custom_interfaces/srv'...
[0.564s] -- Up-to-date: /home/alaa/ros2_ws/install/my_custom_interfaces/lib/libmy_custom_interfaces__rosidl_generator_py.so
[0.564s] -- Up-to-date: /home/alaa/ros2_ws/install/my_custom_interfaces/share/my_custom_interfaces/cmake/export_my_custom_interfaces__rosidl_generator_cExport.cmake
[0.565s] -- Up-to-date: /home/alaa/ros2_ws/install/my_custom_interfaces/share/my_custom_interfaces/cmake/export_my_custom_interfaces__rosidl_generator_cExport-noconfig.cmake
[0.565s] -- Up-to-date: /home/alaa/ros2_ws/install/my_custom_interfaces/share/my_custom_interfaces/cmake/export_my_custom_interfaces__rosidl_typesupport_fastrtps_cExport.cmake
[0.565s] -- Up-to-date: /home/alaa/ros2_ws/install/my_custom_interfaces/share/my_custom_interfaces/cmake/export_my_custom_interfaces__rosidl_typesupport_fastrtps_cExport-noconfig.cmake
[0.565s] -- Up-to-date: /home/alaa/ros2_ws/install/my_custom_interfaces/share/my_custom_interfaces/cmake/export_my_custom_interfaces__rosidl_generator_cppExport.cmake
[0.565s] -- Up-to-date: /home/alaa/ros2_ws/install/my_custom_interfaces/share/my_custom_interfaces/cmake/export_my_custom_interfaces__rosidl_typesupport_fastrtps_cppExport.cmake
[0.566s] -- Up-to-date: /home/alaa/ros2_ws/install/my_custom_interfaces/share/my_custom_interfaces/cmake/export_my_custom_interfaces__rosidl_typesupport_fastrtps_cppExport-noconfig.cmake
[0.566s] -- Up-to-date: /home/alaa/ros2_ws/install/my_custom_interfaces/share/my_custom_interfaces/cmake/my_custom_interfaces__rosidl_typesupport_introspection_cExport.cmake
[0.566s] -- Up-to-date: /home/alaa/ros2_ws/install/my_custom_interfaces/share/my_custom_interfaces/cmake/my_custom_interfaces__rosidl_typesupport_introspection_cExport-noconfig.cmake
[0.566s] -- Up-to-date: /home/alaa/ros2_ws/install/my_custom_interfaces/share/my_custom_interfaces/cmake/my_custom_interfaces__rosidl_typesupport_cExport.cmake
[0.566s] -- Up-to-date: /home/alaa/ros2_ws/install/my_custom_interfaces/share/my_custom_interfaces/cmake/my_custom_interfaces__rosidl_typesupport_cExport-noconfig.cmake
[0.566s] -- Up-to-date: /home/alaa/ros2_ws/install/my_custom_interfaces/share/my_custom_interfaces/cmake/my_custom_interfaces__rosidl_typesupport_introspection_cppExport.cmake
[0.566s] -- Up-to-date: /home/alaa/ros2_ws/install/my_custom_interfaces/share/my_custom_interfaces/cmake/my_custom_interfaces__rosidl_typesupport_introspection_cppExport-noconfig.cmake
[0.567s] -- Up-to-date: /home/alaa/ros2_ws/install/my_custom_interfaces/share/my_custom_interfaces/cmake/my_custom_interfaces__rosidl_typesupport_cppExport.cmake
[0.567s] -- Up-to-date: /home/alaa/ros2_ws/install/my_custom_interfaces/share/my_custom_interfaces/cmake/my_custom_interfaces__rosidl_typesupport_cppExport-noconfig.cmake
[0.567s] -- Up-to-date: /home/alaa/ros2_ws/install/my_custom_interfaces/share/my_custom_interfaces/cmake/export_my_custom_interfaces__rosidl_generator_pyExport.cmake
[0.567s] -- Up-to-date: /home/alaa/ros2_ws/install/my_custom_interfaces/share/my_custom_interfaces/cmake/export_my_custom_interfaces__rosidl_generator_pyExport-noconfig.cmake
[0.568s] Invoked command in '/home/alaa/ros2_ws/build/my_custom_interfaces' returned '0': CMAKE_PREFIX_PATH=${CMAKE_PREFIX_PATH}:/opt/ros/humble /usr/bin/cmake --install /home/alaa/ros2_ws/build/my_custom_interfaces
