[0.013s] Invoking command in '/home/alaa/ros2_ws/build/more_interfaces': CMAKE_PREFIX_PATH=${CMAKE_PREFIX_PATH}:/opt/ros/humble /usr/bin/cmake --build /home/alaa/ros2_ws/build/more_interfaces -- -j8 -l8
[0.041s] -- Found ament_cmake: 1.3.11 (/opt/ros/humble/share/ament_cmake/cmake)
[0.215s] -- Override CMake install command with custom implementation using symlinks instead of copying resources
[0.225s] -- Found rosidl_default_generators: 1.2.0 (/opt/ros/humble/share/rosidl_default_generators/cmake)
[0.227s] -- Using all available rosidl_typesupport_c: rosidl_typesupport_fastrtps_c;rosidl_typesupport_introspection_c
[0.231s] -- Found rosidl_adapter: 3.1.6 (/opt/ros/humble/share/rosidl_adapter/cmake)
[0.268s] -- Using all available rosidl_typesupport_cpp: rosidl_typesupport_fastrtps_cpp;rosidl_typesupport_introspection_cpp
[0.301s] -- Found rclcpp: 16.0.11 (/opt/ros/humble/share/rclcpp/cmake)
[0.351s] -- Found rmw_implementation_cmake: 6.1.2 (/opt/ros/humble/share/rmw_implementation_cmake/cmake)
[0.352s] -- Found rmw_fastrtps_cpp: 6.2.7 (/opt/ros/humble/share/rmw_fastrtps_cpp/cmake)
[0.470s] -- Using RMW implementation 'rmw_fastrtps_cpp' as default
[0.875s] -- Found ament_cmake_ros: 0.10.0 (/opt/ros/humble/share/ament_cmake_ros/cmake)
[1.095s] -- Using all available rosidl_typesupport_c: rosidl_typesupport_fastrtps_c;rosidl_typesupport_introspection_c
[1.386s] -- Using all available rosidl_typesupport_cpp: rosidl_typesupport_fastrtps_cpp;rosidl_typesupport_introspection_cpp
[1.413s] -- Found python_cmake_module: 0.10.0 (/opt/ros/humble/share/python_cmake_module/cmake)
[1.442s] -- Using PYTHON_EXECUTABLE: /usr/bin/python3
[1.442s] -- Using PYTHON_INCLUDE_DIRS: /usr/include/python3.10
[1.442s] -- Using PYTHON_LIBRARIES: /usr/lib/x86_64-linux-gnu/libpython3.10.so
[1.459s] -- Found ament_lint_auto: 0.12.11 (/opt/ros/humble/share/ament_lint_auto/cmake)
[1.472s] -- Added test 'cppcheck' to perform static code analysis on C / C++ code
[1.473s] -- Configured cppcheck include dirs: 
[1.473s] -- Configured cppcheck exclude dirs and/or files: 
[1.473s] -- Added test 'lint_cmake' to check CMake code style
[1.474s] -- Added test 'uncrustify' to check C / C++ code style
[1.474s] -- Configured uncrustify additional arguments: 
[1.475s] -- Added test 'xmllint' to check XML markup files
[1.478s] -- Configuring done
[1.519s] -- Generating done
[1.536s] -- Build files have been written to: /home/alaa/ros2_ws/build/more_interfaces
[1.565s] [35m[1mConsolidate compiler generated dependencies of target more_interfaces__rosidl_generator_c[0m
[1.575s] [  2%] Built target more_interfaces__cpp
[1.576s] [ 11%] Built target more_interfaces__rosidl_generator_c
[1.589s] [ 11%] Built target ament_cmake_python_symlink_more_interfaces
[1.589s] [35m[1mConsolidate compiler generated dependencies of target more_interfaces__rosidl_typesupport_c[0m
[1.590s] [35m[1mConsolidate compiler generated dependencies of target more_interfaces__rosidl_typesupport_cpp[0m
[1.591s] [35m[1mConsolidate compiler generated dependencies of target more_interfaces__rosidl_typesupport_introspection_cpp[0m
[1.591s] [35m[1mConsolidate compiler generated dependencies of target more_interfaces__rosidl_typesupport_fastrtps_cpp[0m
[1.593s] [35m[1mConsolidate compiler generated dependencies of target more_interfaces__rosidl_typesupport_introspection_c[0m
[1.593s] [35m[1mConsolidate compiler generated dependencies of target more_interfaces__rosidl_typesupport_fastrtps_c[0m
[1.605s] [ 20%] Built target more_interfaces__rosidl_typesupport_c
[1.608s] [ 28%] Built target more_interfaces__rosidl_typesupport_introspection_cpp
[1.609s] [ 37%] Built target more_interfaces__rosidl_typesupport_fastrtps_cpp
[1.609s] [ 51%] Built target more_interfaces__rosidl_typesupport_cpp
[1.609s] [ 54%] Built target more_interfaces__rosidl_typesupport_introspection_c
[1.612s] [ 62%] Built target more_interfaces__rosidl_typesupport_fastrtps_c
[1.622s] [35m[1mConsolidate compiler generated dependencies of target publish_address_book[0m
[1.633s] [ 62%] Built target more_interfaces
[1.633s] [ 65%] [32mBuilding CXX object CMakeFiles/address_book_subscriber.dir/src/address_book_subscriber.cpp.o[0m
[1.641s] [ 71%] Built target publish_address_book
[1.656s] [ 74%] Built target more_interfaces__py
[1.667s] [35m[1mConsolidate compiler generated dependencies of target more_interfaces__rosidl_generator_py[0m
[1.681s] [ 80%] Built target more_interfaces__rosidl_generator_py
[1.692s] [35m[1mConsolidate compiler generated dependencies of target more_interfaces__rosidl_typesupport_fastrtps_c__pyext[0m
[1.693s] [35m[1mConsolidate compiler generated dependencies of target more_interfaces__rosidl_typesupport_c__pyext[0m
[1.695s] [35m[1mConsolidate compiler generated dependencies of target more_interfaces__rosidl_typesupport_introspection_c__pyext[0m
[1.707s] [ 85%] Built target more_interfaces__rosidl_typesupport_fastrtps_c__pyext
[1.707s] [ 91%] Built target more_interfaces__rosidl_typesupport_c__pyext
[1.716s] [ 97%] Built target more_interfaces__rosidl_typesupport_introspection_c__pyext
[1.904s] running egg_info
[1.905s] writing more_interfaces.egg-info/PKG-INFO
[1.905s] writing dependency_links to more_interfaces.egg-info/dependency_links.txt
[1.905s] writing top-level names to more_interfaces.egg-info/top_level.txt
[1.908s] reading manifest file 'more_interfaces.egg-info/SOURCES.txt'
[1.908s] writing manifest file 'more_interfaces.egg-info/SOURCES.txt'
[1.939s] [ 97%] Built target ament_cmake_python_build_more_interfaces_egg
[11.895s] [100%] [32m[1mLinking CXX executable address_book_subscriber[0m
[12.310s] [100%] Built target address_book_subscriber
[12.322s] Invoked command in '/home/alaa/ros2_ws/build/more_interfaces' returned '0': CMAKE_PREFIX_PATH=${CMAKE_PREFIX_PATH}:/opt/ros/humble /usr/bin/cmake --build /home/alaa/ros2_ws/build/more_interfaces -- -j8 -l8
[12.324s] Invoking command in '/home/alaa/ros2_ws/build/more_interfaces': CMAKE_PREFIX_PATH=${CMAKE_PREFIX_PATH}:/opt/ros/humble /usr/bin/cmake --install /home/alaa/ros2_ws/build/more_interfaces
[12.333s] -- Install configuration: ""
[12.333s] -- Execute custom install script
[12.333s] -- Up-to-date symlink: /home/alaa/ros2_ws/install/more_interfaces/share/ament_index/resource_index/rosidl_interfaces/more_interfaces
[12.334s] -- Up-to-date symlink: /home/alaa/ros2_ws/install/more_interfaces/include/more_interfaces/more_interfaces/msg/address_book.h
[12.334s] -- Up-to-date symlink: /home/alaa/ros2_ws/install/more_interfaces/include/more_interfaces/more_interfaces/msg/detail/address_book__functions.h
[12.334s] -- Up-to-date symlink: /home/alaa/ros2_ws/install/more_interfaces/include/more_interfaces/more_interfaces/msg/detail/address_book__struct.h
[12.334s] -- Up-to-date symlink: /home/alaa/ros2_ws/install/more_interfaces/include/more_interfaces/more_interfaces/msg/detail/address_book__type_support.h
[12.334s] -- Up-to-date symlink: /home/alaa/ros2_ws/install/more_interfaces/include/more_interfaces/more_interfaces/msg/rosidl_generator_c__visibility_control.h
[12.335s] -- Up-to-date symlink: /home/alaa/ros2_ws/install/more_interfaces/share/more_interfaces/environment/library_path.sh
[12.335s] -- Up-to-date symlink: /home/alaa/ros2_ws/install/more_interfaces/share/more_interfaces/environment/library_path.dsv
[12.335s] -- Up-to-date symlink: /home/alaa/ros2_ws/install/more_interfaces/include/more_interfaces/more_interfaces/msg/detail/address_book__rosidl_typesupport_fastrtps_c.h
[12.335s] -- Up-to-date symlink: /home/alaa/ros2_ws/install/more_interfaces/include/more_interfaces/more_interfaces/msg/rosidl_typesupport_fastrtps_c__visibility_control.h
[12.336s] -- Up-to-date symlink: /home/alaa/ros2_ws/install/more_interfaces/include/more_interfaces/more_interfaces/msg/detail/address_book__rosidl_typesupport_introspection_c.h
[12.336s] -- Up-to-date symlink: /home/alaa/ros2_ws/install/more_interfaces/include/more_interfaces/more_interfaces/msg/rosidl_typesupport_introspection_c__visibility_control.h
[12.336s] -- Up-to-date symlink: /home/alaa/ros2_ws/install/more_interfaces/include/more_interfaces/more_interfaces/msg/address_book.hpp
[12.336s] -- Up-to-date symlink: /home/alaa/ros2_ws/install/more_interfaces/include/more_interfaces/more_interfaces/msg/detail/address_book__builder.hpp
[12.337s] -- Up-to-date symlink: /home/alaa/ros2_ws/install/more_interfaces/include/more_interfaces/more_interfaces/msg/detail/address_book__struct.hpp
[12.337s] -- Up-to-date symlink: /home/alaa/ros2_ws/install/more_interfaces/include/more_interfaces/more_interfaces/msg/detail/address_book__traits.hpp
[12.337s] -- Up-to-date symlink: /home/alaa/ros2_ws/install/more_interfaces/include/more_interfaces/more_interfaces/msg/detail/address_book__type_support.hpp
[12.337s] -- Up-to-date symlink: /home/alaa/ros2_ws/install/more_interfaces/include/more_interfaces/more_interfaces/msg/rosidl_generator_cpp__visibility_control.hpp
[12.337s] -- Up-to-date symlink: /home/alaa/ros2_ws/install/more_interfaces/include/more_interfaces/more_interfaces/msg/detail/address_book__rosidl_typesupport_fastrtps_cpp.hpp
[12.338s] -- Up-to-date symlink: /home/alaa/ros2_ws/install/more_interfaces/include/more_interfaces/more_interfaces/msg/rosidl_typesupport_fastrtps_cpp__visibility_control.h
[12.338s] -- Up-to-date symlink: /home/alaa/ros2_ws/install/more_interfaces/include/more_interfaces/more_interfaces/msg/detail/address_book__rosidl_typesupport_introspection_cpp.hpp
[12.338s] -- Up-to-date symlink: /home/alaa/ros2_ws/install/more_interfaces/share/more_interfaces/environment/pythonpath.sh
[12.338s] -- Up-to-date symlink: /home/alaa/ros2_ws/install/more_interfaces/share/more_interfaces/environment/pythonpath.dsv
[12.339s] -- Up-to-date symlink: /home/alaa/ros2_ws/install/more_interfaces/local/lib/python3.10/dist-packages/more_interfaces-0.0.0-py3.10.egg-info/PKG-INFO
[12.339s] -- Up-to-date symlink: /home/alaa/ros2_ws/install/more_interfaces/local/lib/python3.10/dist-packages/more_interfaces-0.0.0-py3.10.egg-info/SOURCES.txt
[12.339s] -- Up-to-date symlink: /home/alaa/ros2_ws/install/more_interfaces/local/lib/python3.10/dist-packages/more_interfaces-0.0.0-py3.10.egg-info/dependency_links.txt
[12.339s] -- Up-to-date symlink: /home/alaa/ros2_ws/install/more_interfaces/local/lib/python3.10/dist-packages/more_interfaces-0.0.0-py3.10.egg-info/top_level.txt
[12.340s] -- Up-to-date symlink: /home/alaa/ros2_ws/install/more_interfaces/local/lib/python3.10/dist-packages/more_interfaces/__init__.py
[12.340s] -- Up-to-date symlink: /home/alaa/ros2_ws/install/more_interfaces/local/lib/python3.10/dist-packages/more_interfaces/_more_interfaces_s.ep.rosidl_typesupport_c.c
[12.340s] -- Up-to-date symlink: /home/alaa/ros2_ws/install/more_interfaces/local/lib/python3.10/dist-packages/more_interfaces/_more_interfaces_s.ep.rosidl_typesupport_fastrtps_c.c
[12.340s] -- Up-to-date symlink: /home/alaa/ros2_ws/install/more_interfaces/local/lib/python3.10/dist-packages/more_interfaces/_more_interfaces_s.ep.rosidl_typesupport_introspection_c.c
[12.340s] -- Up-to-date symlink: /home/alaa/ros2_ws/install/more_interfaces/local/lib/python3.10/dist-packages/more_interfaces/libmore_interfaces__rosidl_generator_py.so
[12.340s] -- Up-to-date symlink: /home/alaa/ros2_ws/install/more_interfaces/local/lib/python3.10/dist-packages/more_interfaces/more_interfaces_s__rosidl_typesupport_c.cpython-310-x86_64-linux-gnu.so
[12.340s] -- Up-to-date symlink: /home/alaa/ros2_ws/install/more_interfaces/local/lib/python3.10/dist-packages/more_interfaces/more_interfaces_s__rosidl_typesupport_fastrtps_c.cpython-310-x86_64-linux-gnu.so
[12.340s] -- Up-to-date symlink: /home/alaa/ros2_ws/install/more_interfaces/local/lib/python3.10/dist-packages/more_interfaces/more_interfaces_s__rosidl_typesupport_introspection_c.cpython-310-x86_64-linux-gnu.so
[12.341s] -- Up-to-date symlink: /home/alaa/ros2_ws/install/more_interfaces/local/lib/python3.10/dist-packages/more_interfaces/msg/__init__.py
[12.341s] -- Up-to-date symlink: /home/alaa/ros2_ws/install/more_interfaces/local/lib/python3.10/dist-packages/more_interfaces/msg/_address_book.py
[12.341s] -- Up-to-date symlink: /home/alaa/ros2_ws/install/more_interfaces/local/lib/python3.10/dist-packages/more_interfaces/msg/_address_book_s.c
[12.341s] -- Up-to-date symlink: /home/alaa/ros2_ws/install/more_interfaces/local/lib/python3.10/dist-packages/more_interfaces/more_interfaces_s__rosidl_typesupport_fastrtps_c.cpython-310-x86_64-linux-gnu.so
[12.341s] -- Up-to-date symlink: /home/alaa/ros2_ws/install/more_interfaces/local/lib/python3.10/dist-packages/more_interfaces/more_interfaces_s__rosidl_typesupport_introspection_c.cpython-310-x86_64-linux-gnu.so
[12.342s] -- Up-to-date symlink: /home/alaa/ros2_ws/install/more_interfaces/local/lib/python3.10/dist-packages/more_interfaces/more_interfaces_s__rosidl_typesupport_c.cpython-310-x86_64-linux-gnu.so
[12.342s] -- Up-to-date symlink: /home/alaa/ros2_ws/install/more_interfaces/share/more_interfaces/msg/AddressBook.idl
[12.342s] -- Up-to-date symlink: /home/alaa/ros2_ws/install/more_interfaces/share/more_interfaces/msg/AddressBook.msg
[12.342s] -- Up-to-date symlink: /home/alaa/ros2_ws/install/more_interfaces/lib/more_interfaces/publish_address_book
[12.343s] -- Symlinking: /home/alaa/ros2_ws/install/more_interfaces/lib/more_interfaces/address_book_subscriber
[12.352s] -- Up-to-date symlink: /home/alaa/ros2_ws/install/more_interfaces/share/ament_index/resource_index/package_run_dependencies/more_interfaces
[12.352s] -- Up-to-date symlink: /home/alaa/ros2_ws/install/more_interfaces/share/ament_index/resource_index/parent_prefix_path/more_interfaces
[12.352s] -- Up-to-date symlink: /home/alaa/ros2_ws/install/more_interfaces/share/more_interfaces/environment/ament_prefix_path.sh
[12.353s] -- Up-to-date symlink: /home/alaa/ros2_ws/install/more_interfaces/share/more_interfaces/environment/ament_prefix_path.dsv
[12.353s] -- Up-to-date symlink: /home/alaa/ros2_ws/install/more_interfaces/share/more_interfaces/environment/path.sh
[12.353s] -- Up-to-date symlink: /home/alaa/ros2_ws/install/more_interfaces/share/more_interfaces/environment/path.dsv
[12.353s] -- Up-to-date symlink: /home/alaa/ros2_ws/install/more_interfaces/share/more_interfaces/local_setup.bash
[12.353s] -- Up-to-date symlink: /home/alaa/ros2_ws/install/more_interfaces/share/more_interfaces/local_setup.sh
[12.353s] -- Up-to-date symlink: /home/alaa/ros2_ws/install/more_interfaces/share/more_interfaces/local_setup.zsh
[12.354s] -- Up-to-date symlink: /home/alaa/ros2_ws/install/more_interfaces/share/more_interfaces/local_setup.dsv
[12.354s] -- Symlinking: /home/alaa/ros2_ws/install/more_interfaces/share/more_interfaces/package.dsv
[12.364s] -- Up-to-date symlink: /home/alaa/ros2_ws/install/more_interfaces/share/ament_index/resource_index/packages/more_interfaces
[12.364s] -- Up-to-date symlink: /home/alaa/ros2_ws/install/more_interfaces/share/more_interfaces/cmake/rosidl_cmake-extras.cmake
[12.364s] -- Up-to-date symlink: /home/alaa/ros2_ws/install/more_interfaces/share/more_interfaces/cmake/ament_cmake_export_include_directories-extras.cmake
[12.364s] -- Up-to-date symlink: /home/alaa/ros2_ws/install/more_interfaces/share/more_interfaces/cmake/ament_cmake_export_libraries-extras.cmake
[12.364s] -- Up-to-date symlink: /home/alaa/ros2_ws/install/more_interfaces/share/more_interfaces/cmake/ament_cmake_export_targets-extras.cmake
[12.364s] -- Up-to-date symlink: /home/alaa/ros2_ws/install/more_interfaces/share/more_interfaces/cmake/rosidl_cmake_export_typesupport_targets-extras.cmake
[12.365s] -- Up-to-date symlink: /home/alaa/ros2_ws/install/more_interfaces/share/more_interfaces/cmake/ament_cmake_export_dependencies-extras.cmake
[12.365s] -- Up-to-date symlink: /home/alaa/ros2_ws/install/more_interfaces/share/more_interfaces/cmake/rosidl_cmake_export_typesupport_libraries-extras.cmake
[12.365s] -- Up-to-date symlink: /home/alaa/ros2_ws/install/more_interfaces/share/more_interfaces/cmake/more_interfacesConfig.cmake
[12.365s] -- Up-to-date symlink: /home/alaa/ros2_ws/install/more_interfaces/share/more_interfaces/cmake/more_interfacesConfig-version.cmake
[12.365s] -- Up-to-date symlink: /home/alaa/ros2_ws/install/more_interfaces/share/more_interfaces/package.xml
[12.365s] -- Up-to-date: /home/alaa/ros2_ws/install/more_interfaces/lib/libmore_interfaces__rosidl_generator_c.so
[12.366s] -- Up-to-date: /home/alaa/ros2_ws/install/more_interfaces/lib/libmore_interfaces__rosidl_typesupport_fastrtps_c.so
[12.366s] -- Up-to-date: /home/alaa/ros2_ws/install/more_interfaces/lib/libmore_interfaces__rosidl_typesupport_introspection_c.so
[12.366s] -- Up-to-date: /home/alaa/ros2_ws/install/more_interfaces/lib/libmore_interfaces__rosidl_typesupport_c.so
[12.367s] -- Up-to-date: /home/alaa/ros2_ws/install/more_interfaces/lib/libmore_interfaces__rosidl_typesupport_fastrtps_cpp.so
[12.367s] -- Up-to-date: /home/alaa/ros2_ws/install/more_interfaces/lib/libmore_interfaces__rosidl_typesupport_introspection_cpp.so
[12.367s] -- Up-to-date: /home/alaa/ros2_ws/install/more_interfaces/lib/libmore_interfaces__rosidl_typesupport_cpp.so
[12.408s] Listing '/home/alaa/ros2_ws/install/more_interfaces/local/lib/python3.10/dist-packages/more_interfaces'...
[12.408s] Compiling '/home/alaa/ros2_ws/install/more_interfaces/local/lib/python3.10/dist-packages/more_interfaces/__init__.py'...
[12.408s] Listing '/home/alaa/ros2_ws/install/more_interfaces/local/lib/python3.10/dist-packages/more_interfaces/msg'...
[12.414s] -- Up-to-date: /home/alaa/ros2_ws/install/more_interfaces/lib/libmore_interfaces__rosidl_generator_py.so
[12.414s] -- Up-to-date: /home/alaa/ros2_ws/install/more_interfaces/share/more_interfaces/cmake/export_more_interfaces__rosidl_generator_cExport.cmake
[12.414s] -- Up-to-date: /home/alaa/ros2_ws/install/more_interfaces/share/more_interfaces/cmake/export_more_interfaces__rosidl_generator_cExport-noconfig.cmake
[12.414s] -- Up-to-date: /home/alaa/ros2_ws/install/more_interfaces/share/more_interfaces/cmake/export_more_interfaces__rosidl_typesupport_fastrtps_cExport.cmake
[12.415s] -- Up-to-date: /home/alaa/ros2_ws/install/more_interfaces/share/more_interfaces/cmake/export_more_interfaces__rosidl_typesupport_fastrtps_cExport-noconfig.cmake
[12.415s] -- Up-to-date: /home/alaa/ros2_ws/install/more_interfaces/share/more_interfaces/cmake/more_interfaces__rosidl_typesupport_introspection_cExport.cmake
[12.415s] -- Up-to-date: /home/alaa/ros2_ws/install/more_interfaces/share/more_interfaces/cmake/more_interfaces__rosidl_typesupport_introspection_cExport-noconfig.cmake
[12.415s] -- Up-to-date: /home/alaa/ros2_ws/install/more_interfaces/share/more_interfaces/cmake/more_interfaces__rosidl_typesupport_cExport.cmake
[12.415s] -- Up-to-date: /home/alaa/ros2_ws/install/more_interfaces/share/more_interfaces/cmake/more_interfaces__rosidl_typesupport_cExport-noconfig.cmake
[12.415s] -- Up-to-date: /home/alaa/ros2_ws/install/more_interfaces/share/more_interfaces/cmake/export_more_interfaces__rosidl_generator_cppExport.cmake
[12.415s] -- Up-to-date: /home/alaa/ros2_ws/install/more_interfaces/share/more_interfaces/cmake/export_more_interfaces__rosidl_typesupport_fastrtps_cppExport.cmake
[12.415s] -- Up-to-date: /home/alaa/ros2_ws/install/more_interfaces/share/more_interfaces/cmake/export_more_interfaces__rosidl_typesupport_fastrtps_cppExport-noconfig.cmake
[12.415s] -- Up-to-date: /home/alaa/ros2_ws/install/more_interfaces/share/more_interfaces/cmake/more_interfaces__rosidl_typesupport_introspection_cppExport.cmake
[12.416s] -- Up-to-date: /home/alaa/ros2_ws/install/more_interfaces/share/more_interfaces/cmake/more_interfaces__rosidl_typesupport_introspection_cppExport-noconfig.cmake
[12.416s] -- Up-to-date: /home/alaa/ros2_ws/install/more_interfaces/share/more_interfaces/cmake/more_interfaces__rosidl_typesupport_cppExport.cmake
[12.416s] -- Up-to-date: /home/alaa/ros2_ws/install/more_interfaces/share/more_interfaces/cmake/more_interfaces__rosidl_typesupport_cppExport-noconfig.cmake
[12.416s] -- Up-to-date: /home/alaa/ros2_ws/install/more_interfaces/share/more_interfaces/cmake/export_more_interfaces__rosidl_generator_pyExport.cmake
[12.416s] -- Up-to-date: /home/alaa/ros2_ws/install/more_interfaces/share/more_interfaces/cmake/export_more_interfaces__rosidl_generator_pyExport-noconfig.cmake
[12.418s] Invoked command in '/home/alaa/ros2_ws/build/more_interfaces' returned '0': CMAKE_PREFIX_PATH=${CMAKE_PREFIX_PATH}:/opt/ros/humble /usr/bin/cmake --install /home/alaa/ros2_ws/build/more_interfaces
