[0.016s] Invoking command in '/home/alaa/ros2_ws/build/my_custom_interfaces': CMAKE_PREFIX_PATH=${CMAKE_PREFIX_PATH}:/opt/ros/humble /usr/bin/cmake --build /home/alaa/ros2_ws/build/my_custom_interfaces -- -j8 -l8
[0.060s] [35m[1mConsolidate compiler generated dependencies of target my_custom_interfaces__rosidl_generator_c[0m
[0.072s] [  2%] Built target my_custom_interfaces__cpp
[0.078s] [ 12%] Built target my_custom_interfaces__rosidl_generator_c
[0.090s] [ 12%] Built target ament_cmake_python_symlink_my_custom_interfaces
[0.090s] [35m[1mConsolidate compiler generated dependencies of target my_custom_interfaces__rosidl_typesupport_cpp[0m
[0.090s] [35m[1mConsolidate compiler generated dependencies of target my_custom_interfaces__rosidl_typesupport_introspection_cpp[0m
[0.091s] [35m[1mConsolidate compiler generated dependencies of target my_custom_interfaces__rosidl_typesupport_fastrtps_cpp[0m
[0.096s] [35m[1mConsolidate compiler generated dependencies of target my_custom_interfaces__rosidl_typesupport_fastrtps_c[0m
[0.098s] [35m[1mConsolidate compiler generated dependencies of target my_custom_interfaces__rosidl_typesupport_introspection_c[0m
[0.098s] [35m[1mConsolidate compiler generated dependencies of target my_custom_interfaces__rosidl_typesupport_c[0m
[0.110s] [ 23%] Built target my_custom_interfaces__rosidl_typesupport_cpp
[0.113s] [ 34%] Built target my_custom_interfaces__rosidl_typesupport_introspection_cpp
[0.113s] [ 44%] Built target my_custom_interfaces__rosidl_typesupport_fastrtps_cpp
[0.118s] [ 55%] Built target my_custom_interfaces__rosidl_typesupport_c
[0.118s] [ 65%] Built target my_custom_interfaces__rosidl_typesupport_introspection_c
[0.120s] [ 76%] Built target my_custom_interfaces__rosidl_typesupport_fastrtps_c
[0.142s] [ 76%] Built target my_custom_interfaces
[0.165s] [ 78%] Built target my_custom_interfaces__py
[0.177s] [35m[1mConsolidate compiler generated dependencies of target my_custom_interfaces__rosidl_generator_py[0m
[0.192s] [ 87%] Built target my_custom_interfaces__rosidl_generator_py
[0.204s] [35m[1mConsolidate compiler generated dependencies of target my_custom_interfaces__rosidl_typesupport_c__pyext[0m
[0.204s] [35m[1mConsolidate compiler generated dependencies of target my_custom_interfaces__rosidl_typesupport_introspection_c__pyext[0m
[0.207s] [35m[1mConsolidate compiler generated dependencies of target my_custom_interfaces__rosidl_typesupport_fastrtps_c__pyext[0m
[0.219s] [ 91%] Built target my_custom_interfaces__rosidl_typesupport_introspection_c__pyext
[0.219s] [ 95%] Built target my_custom_interfaces__rosidl_typesupport_c__pyext
[0.222s] [100%] Built target my_custom_interfaces__rosidl_typesupport_fastrtps_c__pyext
[0.417s] running egg_info
[0.418s] writing my_custom_interfaces.egg-info/PKG-INFO
[0.418s] writing dependency_links to my_custom_interfaces.egg-info/dependency_links.txt
[0.418s] writing top-level names to my_custom_interfaces.egg-info/top_level.txt
[0.421s] reading manifest file 'my_custom_interfaces.egg-info/SOURCES.txt'
[0.421s] writing manifest file 'my_custom_interfaces.egg-info/SOURCES.txt'
[0.451s] [100%] Built target ament_cmake_python_build_my_custom_interfaces_egg
[0.463s] Invoked command in '/home/alaa/ros2_ws/build/my_custom_interfaces' returned '0': CMAKE_PREFIX_PATH=${CMAKE_PREFIX_PATH}:/opt/ros/humble /usr/bin/cmake --build /home/alaa/ros2_ws/build/my_custom_interfaces -- -j8 -l8
[0.465s] Invoking command in '/home/alaa/ros2_ws/build/my_custom_interfaces': CMAKE_PREFIX_PATH=${CMAKE_PREFIX_PATH}:/opt/ros/humble /usr/bin/cmake --install /home/alaa/ros2_ws/build/my_custom_interfaces
[0.474s] -- Install configuration: ""
[0.475s] -- Execute custom install script
[0.475s] -- Up-to-date symlink: /home/alaa/ros2_ws/install/my_custom_interfaces/share/ament_index/resource_index/rosidl_interfaces/my_custom_interfaces
[0.475s] -- Up-to-date symlink: /home/alaa/ros2_ws/install/my_custom_interfaces/include/my_custom_interfaces/my_custom_interfaces/msg/detail/num__functions.h
[0.476s] -- Up-to-date symlink: /home/alaa/ros2_ws/install/my_custom_interfaces/include/my_custom_interfaces/my_custom_interfaces/msg/detail/num__struct.h
[0.476s] -- Up-to-date symlink: /home/alaa/ros2_ws/install/my_custom_interfaces/include/my_custom_interfaces/my_custom_interfaces/msg/detail/num__type_support.h
[0.476s] -- Up-to-date symlink: /home/alaa/ros2_ws/install/my_custom_interfaces/include/my_custom_interfaces/my_custom_interfaces/msg/detail/sphere__functions.h
[0.476s] -- Up-to-date symlink: /home/alaa/ros2_ws/install/my_custom_interfaces/include/my_custom_interfaces/my_custom_interfaces/msg/detail/sphere__struct.h
[0.476s] -- Up-to-date symlink: /home/alaa/ros2_ws/install/my_custom_interfaces/include/my_custom_interfaces/my_custom_interfaces/msg/detail/sphere__type_support.h
[0.476s] -- Up-to-date symlink: /home/alaa/ros2_ws/install/my_custom_interfaces/include/my_custom_interfaces/my_custom_interfaces/msg/num.h
[0.476s] -- Up-to-date symlink: /home/alaa/ros2_ws/install/my_custom_interfaces/include/my_custom_interfaces/my_custom_interfaces/msg/rosidl_generator_c__visibility_control.h
[0.476s] -- Up-to-date symlink: /home/alaa/ros2_ws/install/my_custom_interfaces/include/my_custom_interfaces/my_custom_interfaces/msg/sphere.h
[0.476s] -- Up-to-date symlink: /home/alaa/ros2_ws/install/my_custom_interfaces/include/my_custom_interfaces/my_custom_interfaces/srv/add_three_ints.h
[0.477s] -- Up-to-date symlink: /home/alaa/ros2_ws/install/my_custom_interfaces/include/my_custom_interfaces/my_custom_interfaces/srv/detail/add_three_ints__functions.h
[0.477s] -- Up-to-date symlink: /home/alaa/ros2_ws/install/my_custom_interfaces/include/my_custom_interfaces/my_custom_interfaces/srv/detail/add_three_ints__struct.h
[0.477s] -- Up-to-date symlink: /home/alaa/ros2_ws/install/my_custom_interfaces/include/my_custom_interfaces/my_custom_interfaces/srv/detail/add_three_ints__type_support.h
[0.477s] -- Up-to-date symlink: /home/alaa/ros2_ws/install/my_custom_interfaces/share/my_custom_interfaces/environment/library_path.sh
[0.477s] -- Up-to-date symlink: /home/alaa/ros2_ws/install/my_custom_interfaces/share/my_custom_interfaces/environment/library_path.dsv
[0.478s] -- Up-to-date symlink: /home/alaa/ros2_ws/install/my_custom_interfaces/include/my_custom_interfaces/my_custom_interfaces/msg/detail/num__rosidl_typesupport_fastrtps_c.h
[0.478s] -- Up-to-date symlink: /home/alaa/ros2_ws/install/my_custom_interfaces/include/my_custom_interfaces/my_custom_interfaces/msg/detail/sphere__rosidl_typesupport_fastrtps_c.h
[0.478s] -- Up-to-date symlink: /home/alaa/ros2_ws/install/my_custom_interfaces/include/my_custom_interfaces/my_custom_interfaces/msg/rosidl_typesupport_fastrtps_c__visibility_control.h
[0.478s] -- Up-to-date symlink: /home/alaa/ros2_ws/install/my_custom_interfaces/include/my_custom_interfaces/my_custom_interfaces/srv/detail/add_three_ints__rosidl_typesupport_fastrtps_c.h
[0.479s] -- Up-to-date symlink: /home/alaa/ros2_ws/install/my_custom_interfaces/include/my_custom_interfaces/my_custom_interfaces/msg/detail/num__builder.hpp
[0.479s] -- Up-to-date symlink: /home/alaa/ros2_ws/install/my_custom_interfaces/include/my_custom_interfaces/my_custom_interfaces/msg/detail/num__struct.hpp
[0.479s] -- Up-to-date symlink: /home/alaa/ros2_ws/install/my_custom_interfaces/include/my_custom_interfaces/my_custom_interfaces/msg/detail/num__traits.hpp
[0.479s] -- Up-to-date symlink: /home/alaa/ros2_ws/install/my_custom_interfaces/include/my_custom_interfaces/my_custom_interfaces/msg/detail/num__type_support.hpp
[0.479s] -- Up-to-date symlink: /home/alaa/ros2_ws/install/my_custom_interfaces/include/my_custom_interfaces/my_custom_interfaces/msg/detail/sphere__builder.hpp
[0.479s] -- Up-to-date symlink: /home/alaa/ros2_ws/install/my_custom_interfaces/include/my_custom_interfaces/my_custom_interfaces/msg/detail/sphere__struct.hpp
[0.480s] -- Up-to-date symlink: /home/alaa/ros2_ws/install/my_custom_interfaces/include/my_custom_interfaces/my_custom_interfaces/msg/detail/sphere__traits.hpp
[0.480s] -- Up-to-date symlink: /home/alaa/ros2_ws/install/my_custom_interfaces/include/my_custom_interfaces/my_custom_interfaces/msg/detail/sphere__type_support.hpp
[0.480s] -- Up-to-date symlink: /home/alaa/ros2_ws/install/my_custom_interfaces/include/my_custom_interfaces/my_custom_interfaces/msg/num.hpp
[0.480s] -- Up-to-date symlink: /home/alaa/ros2_ws/install/my_custom_interfaces/include/my_custom_interfaces/my_custom_interfaces/msg/rosidl_generator_cpp__visibility_control.hpp
[0.480s] -- Up-to-date symlink: /home/alaa/ros2_ws/install/my_custom_interfaces/include/my_custom_interfaces/my_custom_interfaces/msg/sphere.hpp
[0.480s] -- Up-to-date symlink: /home/alaa/ros2_ws/install/my_custom_interfaces/include/my_custom_interfaces/my_custom_interfaces/srv/add_three_ints.hpp
[0.480s] -- Up-to-date symlink: /home/alaa/ros2_ws/install/my_custom_interfaces/include/my_custom_interfaces/my_custom_interfaces/srv/detail/add_three_ints__builder.hpp
[0.480s] -- Up-to-date symlink: /home/alaa/ros2_ws/install/my_custom_interfaces/include/my_custom_interfaces/my_custom_interfaces/srv/detail/add_three_ints__struct.hpp
[0.481s] -- Up-to-date symlink: /home/alaa/ros2_ws/install/my_custom_interfaces/include/my_custom_interfaces/my_custom_interfaces/srv/detail/add_three_ints__traits.hpp
[0.481s] -- Up-to-date symlink: /home/alaa/ros2_ws/install/my_custom_interfaces/include/my_custom_interfaces/my_custom_interfaces/srv/detail/add_three_ints__type_support.hpp
[0.481s] -- Up-to-date symlink: /home/alaa/ros2_ws/install/my_custom_interfaces/include/my_custom_interfaces/my_custom_interfaces/msg/detail/num__rosidl_typesupport_fastrtps_cpp.hpp
[0.481s] -- Up-to-date symlink: /home/alaa/ros2_ws/install/my_custom_interfaces/include/my_custom_interfaces/my_custom_interfaces/msg/detail/sphere__rosidl_typesupport_fastrtps_cpp.hpp
[0.482s] -- Up-to-date symlink: /home/alaa/ros2_ws/install/my_custom_interfaces/include/my_custom_interfaces/my_custom_interfaces/msg/rosidl_typesupport_fastrtps_cpp__visibility_control.h
[0.482s] -- Up-to-date symlink: /home/alaa/ros2_ws/install/my_custom_interfaces/include/my_custom_interfaces/my_custom_interfaces/srv/detail/add_three_ints__rosidl_typesupport_fastrtps_cpp.hpp
[0.482s] -- Up-to-date symlink: /home/alaa/ros2_ws/install/my_custom_interfaces/include/my_custom_interfaces/my_custom_interfaces/msg/detail/num__rosidl_typesupport_introspection_c.h
[0.482s] -- Up-to-date symlink: /home/alaa/ros2_ws/install/my_custom_interfaces/include/my_custom_interfaces/my_custom_interfaces/msg/detail/sphere__rosidl_typesupport_introspection_c.h
[0.482s] -- Up-to-date symlink: /home/alaa/ros2_ws/install/my_custom_interfaces/include/my_custom_interfaces/my_custom_interfaces/msg/rosidl_typesupport_introspection_c__visibility_control.h
[0.483s] -- Up-to-date symlink: /home/alaa/ros2_ws/install/my_custom_interfaces/include/my_custom_interfaces/my_custom_interfaces/srv/detail/add_three_ints__rosidl_typesupport_introspection_c.h
[0.483s] -- Up-to-date symlink: /home/alaa/ros2_ws/install/my_custom_interfaces/include/my_custom_interfaces/my_custom_interfaces/msg/detail/num__rosidl_typesupport_introspection_cpp.hpp
[0.483s] -- Up-to-date symlink: /home/alaa/ros2_ws/install/my_custom_interfaces/include/my_custom_interfaces/my_custom_interfaces/msg/detail/sphere__rosidl_typesupport_introspection_cpp.hpp
[0.483s] -- Up-to-date symlink: /home/alaa/ros2_ws/install/my_custom_interfaces/include/my_custom_interfaces/my_custom_interfaces/srv/detail/add_three_ints__rosidl_typesupport_introspection_cpp.hpp
[0.483s] -- Up-to-date symlink: /home/alaa/ros2_ws/install/my_custom_interfaces/share/my_custom_interfaces/environment/pythonpath.sh
[0.484s] -- Up-to-date symlink: /home/alaa/ros2_ws/install/my_custom_interfaces/share/my_custom_interfaces/environment/pythonpath.dsv
[0.484s] -- Up-to-date symlink: /home/alaa/ros2_ws/install/my_custom_interfaces/local/lib/python3.10/dist-packages/my_custom_interfaces-0.0.0-py3.10.egg-info/PKG-INFO
[0.484s] -- Up-to-date symlink: /home/alaa/ros2_ws/install/my_custom_interfaces/local/lib/python3.10/dist-packages/my_custom_interfaces-0.0.0-py3.10.egg-info/SOURCES.txt
[0.484s] -- Up-to-date symlink: /home/alaa/ros2_ws/install/my_custom_interfaces/local/lib/python3.10/dist-packages/my_custom_interfaces-0.0.0-py3.10.egg-info/dependency_links.txt
[0.484s] -- Up-to-date symlink: /home/alaa/ros2_ws/install/my_custom_interfaces/local/lib/python3.10/dist-packages/my_custom_interfaces-0.0.0-py3.10.egg-info/top_level.txt
[0.485s] -- Up-to-date symlink: /home/alaa/ros2_ws/install/my_custom_interfaces/local/lib/python3.10/dist-packages/my_custom_interfaces/__init__.py
[0.485s] -- Up-to-date symlink: /home/alaa/ros2_ws/install/my_custom_interfaces/local/lib/python3.10/dist-packages/my_custom_interfaces/_my_custom_interfaces_s.ep.rosidl_typesupport_c.c
[0.485s] -- Up-to-date symlink: /home/alaa/ros2_ws/install/my_custom_interfaces/local/lib/python3.10/dist-packages/my_custom_interfaces/_my_custom_interfaces_s.ep.rosidl_typesupport_fastrtps_c.c
[0.485s] -- Up-to-date symlink: /home/alaa/ros2_ws/install/my_custom_interfaces/local/lib/python3.10/dist-packages/my_custom_interfaces/_my_custom_interfaces_s.ep.rosidl_typesupport_introspection_c.c
[0.486s] -- Up-to-date symlink: /home/alaa/ros2_ws/install/my_custom_interfaces/local/lib/python3.10/dist-packages/my_custom_interfaces/libmy_custom_interfaces__rosidl_generator_py.so
[0.486s] -- Up-to-date symlink: /home/alaa/ros2_ws/install/my_custom_interfaces/local/lib/python3.10/dist-packages/my_custom_interfaces/msg/__init__.py
[0.486s] -- Up-to-date symlink: /home/alaa/ros2_ws/install/my_custom_interfaces/local/lib/python3.10/dist-packages/my_custom_interfaces/msg/_num.py
[0.486s] -- Up-to-date symlink: /home/alaa/ros2_ws/install/my_custom_interfaces/local/lib/python3.10/dist-packages/my_custom_interfaces/msg/_num_s.c
[0.486s] -- Up-to-date symlink: /home/alaa/ros2_ws/install/my_custom_interfaces/local/lib/python3.10/dist-packages/my_custom_interfaces/msg/_sphere.py
[0.486s] -- Up-to-date symlink: /home/alaa/ros2_ws/install/my_custom_interfaces/local/lib/python3.10/dist-packages/my_custom_interfaces/msg/_sphere_s.c
[0.486s] -- Up-to-date symlink: /home/alaa/ros2_ws/install/my_custom_interfaces/local/lib/python3.10/dist-packages/my_custom_interfaces/my_custom_interfaces_s__rosidl_typesupport_c.cpython-310-x86_64-linux-gnu.so
[0.486s] -- Up-to-date symlink: /home/alaa/ros2_ws/install/my_custom_interfaces/local/lib/python3.10/dist-packages/my_custom_interfaces/my_custom_interfaces_s__rosidl_typesupport_fastrtps_c.cpython-310-x86_64-linux-gnu.so
[0.487s] -- Up-to-date symlink: /home/alaa/ros2_ws/install/my_custom_interfaces/local/lib/python3.10/dist-packages/my_custom_interfaces/my_custom_interfaces_s__rosidl_typesupport_introspection_c.cpython-310-x86_64-linux-gnu.so
[0.487s] -- Up-to-date symlink: /home/alaa/ros2_ws/install/my_custom_interfaces/local/lib/python3.10/dist-packages/my_custom_interfaces/srv/__init__.py
[0.487s] -- Up-to-date symlink: /home/alaa/ros2_ws/install/my_custom_interfaces/local/lib/python3.10/dist-packages/my_custom_interfaces/srv/_add_three_ints.py
[0.487s] -- Up-to-date symlink: /home/alaa/ros2_ws/install/my_custom_interfaces/local/lib/python3.10/dist-packages/my_custom_interfaces/srv/_add_three_ints_s.c
[0.487s] -- Up-to-date symlink: /home/alaa/ros2_ws/install/my_custom_interfaces/local/lib/python3.10/dist-packages/my_custom_interfaces/my_custom_interfaces_s__rosidl_typesupport_fastrtps_c.cpython-310-x86_64-linux-gnu.so
[0.488s] -- Up-to-date symlink: /home/alaa/ros2_ws/install/my_custom_interfaces/local/lib/python3.10/dist-packages/my_custom_interfaces/my_custom_interfaces_s__rosidl_typesupport_introspection_c.cpython-310-x86_64-linux-gnu.so
[0.488s] -- Up-to-date symlink: /home/alaa/ros2_ws/install/my_custom_interfaces/local/lib/python3.10/dist-packages/my_custom_interfaces/my_custom_interfaces_s__rosidl_typesupport_c.cpython-310-x86_64-linux-gnu.so
[0.488s] -- Up-to-date symlink: /home/alaa/ros2_ws/install/my_custom_interfaces/share/my_custom_interfaces/msg/Num.idl
[0.488s] -- Up-to-date symlink: /home/alaa/ros2_ws/install/my_custom_interfaces/share/my_custom_interfaces/msg/Sphere.idl
[0.488s] -- Up-to-date symlink: /home/alaa/ros2_ws/install/my_custom_interfaces/share/my_custom_interfaces/srv/AddThreeInts.idl
[0.489s] -- Up-to-date symlink: /home/alaa/ros2_ws/install/my_custom_interfaces/share/my_custom_interfaces/msg/Num.msg
[0.489s] -- Up-to-date symlink: /home/alaa/ros2_ws/install/my_custom_interfaces/share/my_custom_interfaces/msg/Sphere.msg
[0.489s] -- Up-to-date symlink: /home/alaa/ros2_ws/install/my_custom_interfaces/share/my_custom_interfaces/srv/AddThreeInts.srv
[0.489s] -- Up-to-date symlink: /home/alaa/ros2_ws/install/my_custom_interfaces/share/my_custom_interfaces/srv/AddThreeInts_Request.msg
[0.489s] -- Up-to-date symlink: /home/alaa/ros2_ws/install/my_custom_interfaces/share/my_custom_interfaces/srv/AddThreeInts_Response.msg
[0.490s] -- Up-to-date symlink: /home/alaa/ros2_ws/install/my_custom_interfaces/share/ament_index/resource_index/package_run_dependencies/my_custom_interfaces
[0.490s] -- Up-to-date symlink: /home/alaa/ros2_ws/install/my_custom_interfaces/share/ament_index/resource_index/parent_prefix_path/my_custom_interfaces
[0.490s] -- Up-to-date symlink: /home/alaa/ros2_ws/install/my_custom_interfaces/share/my_custom_interfaces/environment/ament_prefix_path.sh
[0.490s] -- Up-to-date symlink: /home/alaa/ros2_ws/install/my_custom_interfaces/share/my_custom_interfaces/environment/ament_prefix_path.dsv
[0.490s] -- Up-to-date symlink: /home/alaa/ros2_ws/install/my_custom_interfaces/share/my_custom_interfaces/environment/path.sh
[0.490s] -- Up-to-date symlink: /home/alaa/ros2_ws/install/my_custom_interfaces/share/my_custom_interfaces/environment/path.dsv
[0.491s] -- Up-to-date symlink: /home/alaa/ros2_ws/install/my_custom_interfaces/share/my_custom_interfaces/local_setup.bash
[0.491s] -- Up-to-date symlink: /home/alaa/ros2_ws/install/my_custom_interfaces/share/my_custom_interfaces/local_setup.sh
[0.491s] -- Up-to-date symlink: /home/alaa/ros2_ws/install/my_custom_interfaces/share/my_custom_interfaces/local_setup.zsh
[0.491s] -- Up-to-date symlink: /home/alaa/ros2_ws/install/my_custom_interfaces/share/my_custom_interfaces/local_setup.dsv
[0.491s] -- Symlinking: /home/alaa/ros2_ws/install/my_custom_interfaces/share/my_custom_interfaces/package.dsv
[0.501s] -- Up-to-date symlink: /home/alaa/ros2_ws/install/my_custom_interfaces/share/ament_index/resource_index/packages/my_custom_interfaces
[0.501s] -- Up-to-date symlink: /home/alaa/ros2_ws/install/my_custom_interfaces/share/my_custom_interfaces/cmake/rosidl_cmake-extras.cmake
[0.501s] -- Up-to-date symlink: /home/alaa/ros2_ws/install/my_custom_interfaces/share/my_custom_interfaces/cmake/ament_cmake_export_dependencies-extras.cmake
[0.501s] -- Up-to-date symlink: /home/alaa/ros2_ws/install/my_custom_interfaces/share/my_custom_interfaces/cmake/ament_cmake_export_include_directories-extras.cmake
[0.501s] -- Up-to-date symlink: /home/alaa/ros2_ws/install/my_custom_interfaces/share/my_custom_interfaces/cmake/ament_cmake_export_libraries-extras.cmake
[0.502s] -- Up-to-date symlink: /home/alaa/ros2_ws/install/my_custom_interfaces/share/my_custom_interfaces/cmake/ament_cmake_export_targets-extras.cmake
[0.502s] -- Up-to-date symlink: /home/alaa/ros2_ws/install/my_custom_interfaces/share/my_custom_interfaces/cmake/rosidl_cmake_export_typesupport_targets-extras.cmake
[0.502s] -- Up-to-date symlink: /home/alaa/ros2_ws/install/my_custom_interfaces/share/my_custom_interfaces/cmake/rosidl_cmake_export_typesupport_libraries-extras.cmake
[0.502s] -- Up-to-date symlink: /home/alaa/ros2_ws/install/my_custom_interfaces/share/my_custom_interfaces/cmake/my_custom_interfacesConfig.cmake
[0.502s] -- Up-to-date symlink: /home/alaa/ros2_ws/install/my_custom_interfaces/share/my_custom_interfaces/cmake/my_custom_interfacesConfig-version.cmake
[0.502s] -- Up-to-date symlink: /home/alaa/ros2_ws/install/my_custom_interfaces/share/my_custom_interfaces/package.xml
[0.503s] -- Up-to-date: /home/alaa/ros2_ws/install/my_custom_interfaces/lib/libmy_custom_interfaces__rosidl_generator_c.so
[0.503s] -- Up-to-date: /home/alaa/ros2_ws/install/my_custom_interfaces/lib/libmy_custom_interfaces__rosidl_typesupport_fastrtps_c.so
[0.503s] -- Up-to-date: /home/alaa/ros2_ws/install/my_custom_interfaces/lib/libmy_custom_interfaces__rosidl_typesupport_fastrtps_cpp.so
[0.503s] -- Up-to-date: /home/alaa/ros2_ws/install/my_custom_interfaces/lib/libmy_custom_interfaces__rosidl_typesupport_introspection_c.so
[0.504s] -- Up-to-date: /home/alaa/ros2_ws/install/my_custom_interfaces/lib/libmy_custom_interfaces__rosidl_typesupport_c.so
[0.504s] -- Up-to-date: /home/alaa/ros2_ws/install/my_custom_interfaces/lib/libmy_custom_interfaces__rosidl_typesupport_introspection_cpp.so
[0.504s] -- Up-to-date: /home/alaa/ros2_ws/install/my_custom_interfaces/lib/libmy_custom_interfaces__rosidl_typesupport_cpp.so
[0.544s] Listing '/home/alaa/ros2_ws/install/my_custom_interfaces/local/lib/python3.10/dist-packages/my_custom_interfaces'...
[0.544s] Listing '/home/alaa/ros2_ws/install/my_custom_interfaces/local/lib/python3.10/dist-packages/my_custom_interfaces/msg'...
[0.544s] Listing '/home/alaa/ros2_ws/install/my_custom_interfaces/local/lib/python3.10/dist-packages/my_custom_interfaces/srv'...
[0.549s] -- Up-to-date: /home/alaa/ros2_ws/install/my_custom_interfaces/lib/libmy_custom_interfaces__rosidl_generator_py.so
[0.549s] -- Up-to-date: /home/alaa/ros2_ws/install/my_custom_interfaces/share/my_custom_interfaces/cmake/export_my_custom_interfaces__rosidl_generator_cExport.cmake
[0.549s] -- Up-to-date: /home/alaa/ros2_ws/install/my_custom_interfaces/share/my_custom_interfaces/cmake/export_my_custom_interfaces__rosidl_generator_cExport-noconfig.cmake
[0.550s] -- Up-to-date: /home/alaa/ros2_ws/install/my_custom_interfaces/share/my_custom_interfaces/cmake/export_my_custom_interfaces__rosidl_typesupport_fastrtps_cExport.cmake
[0.550s] -- Up-to-date: /home/alaa/ros2_ws/install/my_custom_interfaces/share/my_custom_interfaces/cmake/export_my_custom_interfaces__rosidl_typesupport_fastrtps_cExport-noconfig.cmake
[0.550s] -- Up-to-date: /home/alaa/ros2_ws/install/my_custom_interfaces/share/my_custom_interfaces/cmake/export_my_custom_interfaces__rosidl_generator_cppExport.cmake
[0.550s] -- Up-to-date: /home/alaa/ros2_ws/install/my_custom_interfaces/share/my_custom_interfaces/cmake/export_my_custom_interfaces__rosidl_typesupport_fastrtps_cppExport.cmake
[0.550s] -- Up-to-date: /home/alaa/ros2_ws/install/my_custom_interfaces/share/my_custom_interfaces/cmake/export_my_custom_interfaces__rosidl_typesupport_fastrtps_cppExport-noconfig.cmake
[0.550s] -- Up-to-date: /home/alaa/ros2_ws/install/my_custom_interfaces/share/my_custom_interfaces/cmake/my_custom_interfaces__rosidl_typesupport_introspection_cExport.cmake
[0.550s] -- Up-to-date: /home/alaa/ros2_ws/install/my_custom_interfaces/share/my_custom_interfaces/cmake/my_custom_interfaces__rosidl_typesupport_introspection_cExport-noconfig.cmake
[0.550s] -- Up-to-date: /home/alaa/ros2_ws/install/my_custom_interfaces/share/my_custom_interfaces/cmake/my_custom_interfaces__rosidl_typesupport_cExport.cmake
[0.550s] -- Up-to-date: /home/alaa/ros2_ws/install/my_custom_interfaces/share/my_custom_interfaces/cmake/my_custom_interfaces__rosidl_typesupport_cExport-noconfig.cmake
[0.551s] -- Up-to-date: /home/alaa/ros2_ws/install/my_custom_interfaces/share/my_custom_interfaces/cmake/my_custom_interfaces__rosidl_typesupport_introspection_cppExport.cmake
[0.551s] -- Up-to-date: /home/alaa/ros2_ws/install/my_custom_interfaces/share/my_custom_interfaces/cmake/my_custom_interfaces__rosidl_typesupport_introspection_cppExport-noconfig.cmake
[0.551s] -- Up-to-date: /home/alaa/ros2_ws/install/my_custom_interfaces/share/my_custom_interfaces/cmake/my_custom_interfaces__rosidl_typesupport_cppExport.cmake
[0.551s] -- Up-to-date: /home/alaa/ros2_ws/install/my_custom_interfaces/share/my_custom_interfaces/cmake/my_custom_interfaces__rosidl_typesupport_cppExport-noconfig.cmake
[0.551s] -- Up-to-date: /home/alaa/ros2_ws/install/my_custom_interfaces/share/my_custom_interfaces/cmake/export_my_custom_interfaces__rosidl_generator_pyExport.cmake
[0.551s] -- Up-to-date: /home/alaa/ros2_ws/install/my_custom_interfaces/share/my_custom_interfaces/cmake/export_my_custom_interfaces__rosidl_generator_pyExport-noconfig.cmake
[0.553s] Invoked command in '/home/alaa/ros2_ws/build/my_custom_interfaces' returned '0': CMAKE_PREFIX_PATH=${CMAKE_PREFIX_PATH}:/opt/ros/humble /usr/bin/cmake --install /home/alaa/ros2_ws/build/my_custom_interfaces
