[0.013s] Invoking command in '/home/alaa/ros2_ws/build/more_interfaces': CMAKE_PREFIX_PATH=${CMAKE_PREFIX_PATH}:/opt/ros/humble /usr/bin/cmake --build /home/alaa/ros2_ws/build/more_interfaces -- -j8 -l8
[0.041s] -- Found ament_cmake: 1.3.11 (/opt/ros/humble/share/ament_cmake/cmake)
[0.218s] -- Override CMake install command with custom implementation using symlinks instead of copying resources
[0.232s] -- Found rosidl_default_generators: 1.2.0 (/opt/ros/humble/share/rosidl_default_generators/cmake)
[0.236s] -- Using all available rosidl_typesupport_c: rosidl_typesupport_fastrtps_c;rosidl_typesupport_introspection_c
[0.241s] -- Found rosidl_adapter: 3.1.6 (/opt/ros/humble/share/rosidl_adapter/cmake)
[0.278s] -- Using all available rosidl_typesupport_cpp: rosidl_typesupport_fastrtps_cpp;rosidl_typesupport_introspection_cpp
[0.310s] -- Found rclcpp: 16.0.11 (/opt/ros/humble/share/rclcpp/cmake)
[0.359s] -- Found rmw_implementation_cmake: 6.1.2 (/opt/ros/humble/share/rmw_implementation_cmake/cmake)
[0.360s] -- Found rmw_fastrtps_cpp: 6.2.7 (/opt/ros/humble/share/rmw_fastrtps_cpp/cmake)
[0.476s] -- Using RMW implementation 'rmw_fastrtps_cpp' as default
[0.888s] -- Found ament_cmake_ros: 0.10.0 (/opt/ros/humble/share/ament_cmake_ros/cmake)
[1.107s] -- Using all available rosidl_typesupport_c: rosidl_typesupport_fastrtps_c;rosidl_typesupport_introspection_c
[1.396s] -- Using all available rosidl_typesupport_cpp: rosidl_typesupport_fastrtps_cpp;rosidl_typesupport_introspection_cpp
[1.424s] -- Found python_cmake_module: 0.10.0 (/opt/ros/humble/share/python_cmake_module/cmake)
[1.452s] -- Using PYTHON_EXECUTABLE: /usr/bin/python3
[1.452s] -- Using PYTHON_INCLUDE_DIRS: /usr/include/python3.10
[1.452s] -- Using PYTHON_LIBRARIES: /usr/lib/x86_64-linux-gnu/libpython3.10.so
[1.469s] -- Found ament_lint_auto: 0.12.11 (/opt/ros/humble/share/ament_lint_auto/cmake)
[1.481s] -- Added test 'cppcheck' to perform static code analysis on C / C++ code
[1.482s] -- Configured cppcheck include dirs: 
[1.482s] -- Configured cppcheck exclude dirs and/or files: 
[1.483s] -- Added test 'lint_cmake' to check CMake code style
[1.484s] -- Added test 'uncrustify' to check C / C++ code style
[1.484s] -- Configured uncrustify additional arguments: 
[1.484s] -- Added test 'xmllint' to check XML markup files
[1.487s] -- Configuring done
[1.524s] -- Generating done
[1.539s] -- Build files have been written to: /home/alaa/ros2_ws/build/more_interfaces
[1.567s] [35m[1mConsolidate compiler generated dependencies of target more_interfaces__rosidl_generator_c[0m
[1.578s] [  3%] Built target more_interfaces__cpp
[1.579s] [ 12%] Built target more_interfaces__rosidl_generator_c
[1.591s] [35m[1mConsolidate compiler generated dependencies of target more_interfaces__rosidl_typesupport_introspection_cpp[0m
[1.591s] [ 12%] Built target ament_cmake_python_symlink_more_interfaces
[1.595s] [35m[1mConsolidate compiler generated dependencies of target more_interfaces__rosidl_typesupport_fastrtps_c[0m
[1.595s] [35m[1mConsolidate compiler generated dependencies of target more_interfaces__rosidl_typesupport_cpp[0m
[1.595s] [35m[1mConsolidate compiler generated dependencies of target more_interfaces__rosidl_typesupport_introspection_c[0m
[1.596s] [35m[1mConsolidate compiler generated dependencies of target more_interfaces__rosidl_typesupport_fastrtps_cpp[0m
[1.596s] [35m[1mConsolidate compiler generated dependencies of target more_interfaces__rosidl_typesupport_c[0m
[1.609s] [ 21%] Built target more_interfaces__rosidl_typesupport_introspection_cpp
[1.609s] [ 30%] Built target more_interfaces__rosidl_typesupport_fastrtps_c
[1.611s] [ 42%] Built target more_interfaces__rosidl_typesupport_c
[1.611s] [ 48%] Built target more_interfaces__rosidl_typesupport_introspection_c
[1.611s] [ 57%] Built target more_interfaces__rosidl_typesupport_fastrtps_cpp
[1.612s] [ 66%] Built target more_interfaces__rosidl_typesupport_cpp
[1.634s] [ 69%] Built target more_interfaces
[1.634s] [ 69%] [32mBuilding CXX object CMakeFiles/publish_address_book.dir/src/publish_address_book.cpp.o[0m
[1.656s] [ 72%] Built target more_interfaces__py
[1.667s] [35m[1mConsolidate compiler generated dependencies of target more_interfaces__rosidl_generator_py[0m
[1.681s] [ 78%] Built target more_interfaces__rosidl_generator_py
[1.692s] [35m[1mConsolidate compiler generated dependencies of target more_interfaces__rosidl_typesupport_introspection_c__pyext[0m
[1.692s] [35m[1mConsolidate compiler generated dependencies of target more_interfaces__rosidl_typesupport_c__pyext[0m
[1.693s] [35m[1mConsolidate compiler generated dependencies of target more_interfaces__rosidl_typesupport_fastrtps_c__pyext[0m
[1.706s] [ 96%] Built target more_interfaces__rosidl_typesupport_introspection_c__pyext
[1.706s] [ 96%] Built target more_interfaces__rosidl_typesupport_c__pyext
[1.706s] [ 96%] Built target more_interfaces__rosidl_typesupport_fastrtps_c__pyext
[1.903s] running egg_info
[1.904s] writing more_interfaces.egg-info/PKG-INFO
[1.904s] writing dependency_links to more_interfaces.egg-info/dependency_links.txt
[1.904s] writing top-level names to more_interfaces.egg-info/top_level.txt
[1.907s] reading manifest file 'more_interfaces.egg-info/SOURCES.txt'
[1.908s] writing manifest file 'more_interfaces.egg-info/SOURCES.txt'
[1.937s] [ 96%] Built target ament_cmake_python_build_more_interfaces_egg
[8.391s] [100%] [32m[1mLinking CXX executable publish_address_book[0m
[8.596s] [100%] Built target publish_address_book
[8.608s] Invoked command in '/home/alaa/ros2_ws/build/more_interfaces' returned '0': CMAKE_PREFIX_PATH=${CMAKE_PREFIX_PATH}:/opt/ros/humble /usr/bin/cmake --build /home/alaa/ros2_ws/build/more_interfaces -- -j8 -l8
[8.610s] Invoking command in '/home/alaa/ros2_ws/build/more_interfaces': CMAKE_PREFIX_PATH=${CMAKE_PREFIX_PATH}:/opt/ros/humble /usr/bin/cmake --install /home/alaa/ros2_ws/build/more_interfaces
[8.618s] -- Install configuration: ""
[8.619s] -- Execute custom install script
[8.619s] -- Up-to-date symlink: /home/alaa/ros2_ws/install/more_interfaces/share/ament_index/resource_index/rosidl_interfaces/more_interfaces
[8.620s] -- Up-to-date symlink: /home/alaa/ros2_ws/install/more_interfaces/include/more_interfaces/more_interfaces/msg/address_book.h
[8.620s] -- Up-to-date symlink: /home/alaa/ros2_ws/install/more_interfaces/include/more_interfaces/more_interfaces/msg/detail/address_book__functions.h
[8.620s] -- Up-to-date symlink: /home/alaa/ros2_ws/install/more_interfaces/include/more_interfaces/more_interfaces/msg/detail/address_book__struct.h
[8.620s] -- Up-to-date symlink: /home/alaa/ros2_ws/install/more_interfaces/include/more_interfaces/more_interfaces/msg/detail/address_book__type_support.h
[8.620s] -- Up-to-date symlink: /home/alaa/ros2_ws/install/more_interfaces/include/more_interfaces/more_interfaces/msg/rosidl_generator_c__visibility_control.h
[8.620s] -- Up-to-date symlink: /home/alaa/ros2_ws/install/more_interfaces/share/more_interfaces/environment/library_path.sh
[8.621s] -- Up-to-date symlink: /home/alaa/ros2_ws/install/more_interfaces/share/more_interfaces/environment/library_path.dsv
[8.621s] -- Up-to-date symlink: /home/alaa/ros2_ws/install/more_interfaces/include/more_interfaces/more_interfaces/msg/detail/address_book__rosidl_typesupport_fastrtps_c.h
[8.621s] -- Up-to-date symlink: /home/alaa/ros2_ws/install/more_interfaces/include/more_interfaces/more_interfaces/msg/rosidl_typesupport_fastrtps_c__visibility_control.h
[8.622s] -- Up-to-date symlink: /home/alaa/ros2_ws/install/more_interfaces/include/more_interfaces/more_interfaces/msg/detail/address_book__rosidl_typesupport_introspection_c.h
[8.622s] -- Up-to-date symlink: /home/alaa/ros2_ws/install/more_interfaces/include/more_interfaces/more_interfaces/msg/rosidl_typesupport_introspection_c__visibility_control.h
[8.622s] -- Up-to-date symlink: /home/alaa/ros2_ws/install/more_interfaces/include/more_interfaces/more_interfaces/msg/address_book.hpp
[8.622s] -- Up-to-date symlink: /home/alaa/ros2_ws/install/more_interfaces/include/more_interfaces/more_interfaces/msg/detail/address_book__builder.hpp
[8.623s] -- Up-to-date symlink: /home/alaa/ros2_ws/install/more_interfaces/include/more_interfaces/more_interfaces/msg/detail/address_book__struct.hpp
[8.623s] -- Up-to-date symlink: /home/alaa/ros2_ws/install/more_interfaces/include/more_interfaces/more_interfaces/msg/detail/address_book__traits.hpp
[8.623s] -- Up-to-date symlink: /home/alaa/ros2_ws/install/more_interfaces/include/more_interfaces/more_interfaces/msg/detail/address_book__type_support.hpp
[8.623s] -- Up-to-date symlink: /home/alaa/ros2_ws/install/more_interfaces/include/more_interfaces/more_interfaces/msg/rosidl_generator_cpp__visibility_control.hpp
[8.623s] -- Up-to-date symlink: /home/alaa/ros2_ws/install/more_interfaces/include/more_interfaces/more_interfaces/msg/detail/address_book__rosidl_typesupport_fastrtps_cpp.hpp
[8.623s] -- Up-to-date symlink: /home/alaa/ros2_ws/install/more_interfaces/include/more_interfaces/more_interfaces/msg/rosidl_typesupport_fastrtps_cpp__visibility_control.h
[8.624s] -- Up-to-date symlink: /home/alaa/ros2_ws/install/more_interfaces/include/more_interfaces/more_interfaces/msg/detail/address_book__rosidl_typesupport_introspection_cpp.hpp
[8.624s] -- Up-to-date symlink: /home/alaa/ros2_ws/install/more_interfaces/share/more_interfaces/environment/pythonpath.sh
[8.624s] -- Up-to-date symlink: /home/alaa/ros2_ws/install/more_interfaces/share/more_interfaces/environment/pythonpath.dsv
[8.625s] -- Up-to-date symlink: /home/alaa/ros2_ws/install/more_interfaces/local/lib/python3.10/dist-packages/more_interfaces-0.0.0-py3.10.egg-info/PKG-INFO
[8.625s] -- Up-to-date symlink: /home/alaa/ros2_ws/install/more_interfaces/local/lib/python3.10/dist-packages/more_interfaces-0.0.0-py3.10.egg-info/SOURCES.txt
[8.625s] -- Up-to-date symlink: /home/alaa/ros2_ws/install/more_interfaces/local/lib/python3.10/dist-packages/more_interfaces-0.0.0-py3.10.egg-info/dependency_links.txt
[8.625s] -- Up-to-date symlink: /home/alaa/ros2_ws/install/more_interfaces/local/lib/python3.10/dist-packages/more_interfaces-0.0.0-py3.10.egg-info/top_level.txt
[8.626s] -- Up-to-date symlink: /home/alaa/ros2_ws/install/more_interfaces/local/lib/python3.10/dist-packages/more_interfaces/__init__.py
[8.626s] -- Up-to-date symlink: /home/alaa/ros2_ws/install/more_interfaces/local/lib/python3.10/dist-packages/more_interfaces/_more_interfaces_s.ep.rosidl_typesupport_c.c
[8.626s] -- Up-to-date symlink: /home/alaa/ros2_ws/install/more_interfaces/local/lib/python3.10/dist-packages/more_interfaces/_more_interfaces_s.ep.rosidl_typesupport_fastrtps_c.c
[8.626s] -- Up-to-date symlink: /home/alaa/ros2_ws/install/more_interfaces/local/lib/python3.10/dist-packages/more_interfaces/_more_interfaces_s.ep.rosidl_typesupport_introspection_c.c
[8.626s] -- Up-to-date symlink: /home/alaa/ros2_ws/install/more_interfaces/local/lib/python3.10/dist-packages/more_interfaces/libmore_interfaces__rosidl_generator_py.so
[8.626s] -- Up-to-date symlink: /home/alaa/ros2_ws/install/more_interfaces/local/lib/python3.10/dist-packages/more_interfaces/more_interfaces_s__rosidl_typesupport_c.cpython-310-x86_64-linux-gnu.so
[8.626s] -- Up-to-date symlink: /home/alaa/ros2_ws/install/more_interfaces/local/lib/python3.10/dist-packages/more_interfaces/more_interfaces_s__rosidl_typesupport_fastrtps_c.cpython-310-x86_64-linux-gnu.so
[8.627s] -- Up-to-date symlink: /home/alaa/ros2_ws/install/more_interfaces/local/lib/python3.10/dist-packages/more_interfaces/more_interfaces_s__rosidl_typesupport_introspection_c.cpython-310-x86_64-linux-gnu.so
[8.627s] -- Up-to-date symlink: /home/alaa/ros2_ws/install/more_interfaces/local/lib/python3.10/dist-packages/more_interfaces/msg/__init__.py
[8.627s] -- Up-to-date symlink: /home/alaa/ros2_ws/install/more_interfaces/local/lib/python3.10/dist-packages/more_interfaces/msg/_address_book.py
[8.627s] -- Up-to-date symlink: /home/alaa/ros2_ws/install/more_interfaces/local/lib/python3.10/dist-packages/more_interfaces/msg/_address_book_s.c
[8.627s] -- Up-to-date symlink: /home/alaa/ros2_ws/install/more_interfaces/local/lib/python3.10/dist-packages/more_interfaces/more_interfaces_s__rosidl_typesupport_fastrtps_c.cpython-310-x86_64-linux-gnu.so
[8.628s] -- Up-to-date symlink: /home/alaa/ros2_ws/install/more_interfaces/local/lib/python3.10/dist-packages/more_interfaces/more_interfaces_s__rosidl_typesupport_introspection_c.cpython-310-x86_64-linux-gnu.so
[8.628s] -- Up-to-date symlink: /home/alaa/ros2_ws/install/more_interfaces/local/lib/python3.10/dist-packages/more_interfaces/more_interfaces_s__rosidl_typesupport_c.cpython-310-x86_64-linux-gnu.so
[8.628s] -- Up-to-date symlink: /home/alaa/ros2_ws/install/more_interfaces/share/more_interfaces/msg/AddressBook.idl
[8.628s] -- Up-to-date symlink: /home/alaa/ros2_ws/install/more_interfaces/share/more_interfaces/msg/AddressBook.msg
[8.629s] -- Symlinking: /home/alaa/ros2_ws/install/more_interfaces/lib/more_interfaces/publish_address_book
[8.638s] -- Up-to-date symlink: /home/alaa/ros2_ws/install/more_interfaces/share/ament_index/resource_index/package_run_dependencies/more_interfaces
[8.638s] -- Up-to-date symlink: /home/alaa/ros2_ws/install/more_interfaces/share/ament_index/resource_index/parent_prefix_path/more_interfaces
[8.639s] -- Up-to-date symlink: /home/alaa/ros2_ws/install/more_interfaces/share/more_interfaces/environment/ament_prefix_path.sh
[8.639s] -- Up-to-date symlink: /home/alaa/ros2_ws/install/more_interfaces/share/more_interfaces/environment/ament_prefix_path.dsv
[8.639s] -- Up-to-date symlink: /home/alaa/ros2_ws/install/more_interfaces/share/more_interfaces/environment/path.sh
[8.639s] -- Up-to-date symlink: /home/alaa/ros2_ws/install/more_interfaces/share/more_interfaces/environment/path.dsv
[8.639s] -- Up-to-date symlink: /home/alaa/ros2_ws/install/more_interfaces/share/more_interfaces/local_setup.bash
[8.640s] -- Up-to-date symlink: /home/alaa/ros2_ws/install/more_interfaces/share/more_interfaces/local_setup.sh
[8.640s] -- Up-to-date symlink: /home/alaa/ros2_ws/install/more_interfaces/share/more_interfaces/local_setup.zsh
[8.640s] -- Up-to-date symlink: /home/alaa/ros2_ws/install/more_interfaces/share/more_interfaces/local_setup.dsv
[8.640s] -- Symlinking: /home/alaa/ros2_ws/install/more_interfaces/share/more_interfaces/package.dsv
[8.650s] -- Up-to-date symlink: /home/alaa/ros2_ws/install/more_interfaces/share/ament_index/resource_index/packages/more_interfaces
[8.651s] -- Up-to-date symlink: /home/alaa/ros2_ws/install/more_interfaces/share/more_interfaces/cmake/rosidl_cmake-extras.cmake
[8.651s] -- Up-to-date symlink: /home/alaa/ros2_ws/install/more_interfaces/share/more_interfaces/cmake/ament_cmake_export_include_directories-extras.cmake
[8.651s] -- Up-to-date symlink: /home/alaa/ros2_ws/install/more_interfaces/share/more_interfaces/cmake/ament_cmake_export_libraries-extras.cmake
[8.651s] -- Up-to-date symlink: /home/alaa/ros2_ws/install/more_interfaces/share/more_interfaces/cmake/ament_cmake_export_targets-extras.cmake
[8.651s] -- Up-to-date symlink: /home/alaa/ros2_ws/install/more_interfaces/share/more_interfaces/cmake/rosidl_cmake_export_typesupport_targets-extras.cmake
[8.651s] -- Up-to-date symlink: /home/alaa/ros2_ws/install/more_interfaces/share/more_interfaces/cmake/ament_cmake_export_dependencies-extras.cmake
[8.651s] -- Up-to-date symlink: /home/alaa/ros2_ws/install/more_interfaces/share/more_interfaces/cmake/rosidl_cmake_export_typesupport_libraries-extras.cmake
[8.652s] -- Up-to-date symlink: /home/alaa/ros2_ws/install/more_interfaces/share/more_interfaces/cmake/more_interfacesConfig.cmake
[8.652s] -- Up-to-date symlink: /home/alaa/ros2_ws/install/more_interfaces/share/more_interfaces/cmake/more_interfacesConfig-version.cmake
[8.652s] -- Up-to-date symlink: /home/alaa/ros2_ws/install/more_interfaces/share/more_interfaces/package.xml
[8.652s] -- Up-to-date: /home/alaa/ros2_ws/install/more_interfaces/lib/libmore_interfaces__rosidl_generator_c.so
[8.652s] -- Up-to-date: /home/alaa/ros2_ws/install/more_interfaces/lib/libmore_interfaces__rosidl_typesupport_fastrtps_c.so
[8.653s] -- Up-to-date: /home/alaa/ros2_ws/install/more_interfaces/lib/libmore_interfaces__rosidl_typesupport_introspection_c.so
[8.653s] -- Up-to-date: /home/alaa/ros2_ws/install/more_interfaces/lib/libmore_interfaces__rosidl_typesupport_c.so
[8.653s] -- Up-to-date: /home/alaa/ros2_ws/install/more_interfaces/lib/libmore_interfaces__rosidl_typesupport_fastrtps_cpp.so
[8.654s] -- Up-to-date: /home/alaa/ros2_ws/install/more_interfaces/lib/libmore_interfaces__rosidl_typesupport_introspection_cpp.so
[8.654s] -- Up-to-date: /home/alaa/ros2_ws/install/more_interfaces/lib/libmore_interfaces__rosidl_typesupport_cpp.so
[8.696s] Listing '/home/alaa/ros2_ws/install/more_interfaces/local/lib/python3.10/dist-packages/more_interfaces'...
[8.696s] Compiling '/home/alaa/ros2_ws/install/more_interfaces/local/lib/python3.10/dist-packages/more_interfaces/__init__.py'...
[8.696s] Listing '/home/alaa/ros2_ws/install/more_interfaces/local/lib/python3.10/dist-packages/more_interfaces/msg'...
[8.701s] -- Up-to-date: /home/alaa/ros2_ws/install/more_interfaces/lib/libmore_interfaces__rosidl_generator_py.so
[8.701s] -- Up-to-date: /home/alaa/ros2_ws/install/more_interfaces/share/more_interfaces/cmake/export_more_interfaces__rosidl_generator_cExport.cmake
[8.702s] -- Up-to-date: /home/alaa/ros2_ws/install/more_interfaces/share/more_interfaces/cmake/export_more_interfaces__rosidl_generator_cExport-noconfig.cmake
[8.702s] -- Up-to-date: /home/alaa/ros2_ws/install/more_interfaces/share/more_interfaces/cmake/export_more_interfaces__rosidl_typesupport_fastrtps_cExport.cmake
[8.702s] -- Up-to-date: /home/alaa/ros2_ws/install/more_interfaces/share/more_interfaces/cmake/export_more_interfaces__rosidl_typesupport_fastrtps_cExport-noconfig.cmake
[8.702s] -- Up-to-date: /home/alaa/ros2_ws/install/more_interfaces/share/more_interfaces/cmake/more_interfaces__rosidl_typesupport_introspection_cExport.cmake
[8.702s] -- Up-to-date: /home/alaa/ros2_ws/install/more_interfaces/share/more_interfaces/cmake/more_interfaces__rosidl_typesupport_introspection_cExport-noconfig.cmake
[8.702s] -- Up-to-date: /home/alaa/ros2_ws/install/more_interfaces/share/more_interfaces/cmake/more_interfaces__rosidl_typesupport_cExport.cmake
[8.702s] -- Up-to-date: /home/alaa/ros2_ws/install/more_interfaces/share/more_interfaces/cmake/more_interfaces__rosidl_typesupport_cExport-noconfig.cmake
[8.703s] -- Up-to-date: /home/alaa/ros2_ws/install/more_interfaces/share/more_interfaces/cmake/export_more_interfaces__rosidl_generator_cppExport.cmake
[8.703s] -- Up-to-date: /home/alaa/ros2_ws/install/more_interfaces/share/more_interfaces/cmake/export_more_interfaces__rosidl_typesupport_fastrtps_cppExport.cmake
[8.703s] -- Up-to-date: /home/alaa/ros2_ws/install/more_interfaces/share/more_interfaces/cmake/export_more_interfaces__rosidl_typesupport_fastrtps_cppExport-noconfig.cmake
[8.703s] -- Up-to-date: /home/alaa/ros2_ws/install/more_interfaces/share/more_interfaces/cmake/more_interfaces__rosidl_typesupport_introspection_cppExport.cmake
[8.703s] -- Up-to-date: /home/alaa/ros2_ws/install/more_interfaces/share/more_interfaces/cmake/more_interfaces__rosidl_typesupport_introspection_cppExport-noconfig.cmake
[8.703s] -- Up-to-date: /home/alaa/ros2_ws/install/more_interfaces/share/more_interfaces/cmake/more_interfaces__rosidl_typesupport_cppExport.cmake
[8.703s] -- Up-to-date: /home/alaa/ros2_ws/install/more_interfaces/share/more_interfaces/cmake/more_interfaces__rosidl_typesupport_cppExport-noconfig.cmake
[8.703s] -- Up-to-date: /home/alaa/ros2_ws/install/more_interfaces/share/more_interfaces/cmake/export_more_interfaces__rosidl_generator_pyExport.cmake
[8.703s] -- Up-to-date: /home/alaa/ros2_ws/install/more_interfaces/share/more_interfaces/cmake/export_more_interfaces__rosidl_generator_pyExport-noconfig.cmake
[8.705s] Invoked command in '/home/alaa/ros2_ws/build/more_interfaces' returned '0': CMAKE_PREFIX_PATH=${CMAKE_PREFIX_PATH}:/opt/ros/humble /usr/bin/cmake --install /home/alaa/ros2_ws/build/more_interfaces
