[0.075s] Invoking command in '/home/alaa/ros2_ws/build/more_interfaces': CMAKE_PREFIX_PATH=${CMAKE_PREFIX_PATH}:/opt/ros/humble /usr/bin/cmake --build /home/alaa/ros2_ws/build/more_interfaces -- -j8 -l8
[0.688s] -- Found ament_cmake: 1.3.11 (/opt/ros/humble/share/ament_cmake/cmake)
[1.266s] -- Override CMake install command with custom implementation using symlinks instead of copying resources
[1.463s] -- Found rosidl_default_generators: 1.2.0 (/opt/ros/humble/share/rosidl_default_generators/cmake)
[1.491s] -- Using all available rosidl_typesupport_c: rosidl_typesupport_fastrtps_c;rosidl_typesupport_introspection_c
[1.529s] -- Found rosidl_adapter: 3.1.6 (/opt/ros/humble/share/rosidl_adapter/cmake)
[1.693s] -- Using all available rosidl_typesupport_cpp: rosidl_typesupport_fastrtps_cpp;rosidl_typesupport_introspection_cpp
[1.861s] -- Found rclcpp: 16.0.11 (/opt/ros/humble/share/rclcpp/cmake)
[2.324s] -- Found rmw_implementation_cmake: 6.1.2 (/opt/ros/humble/share/rmw_implementation_cmake/cmake)
[2.366s] -- Found rmw_fastrtps_cpp: 6.2.7 (/opt/ros/humble/share/rmw_fastrtps_cpp/cmake)
[3.007s] -- Using RMW implementation 'rmw_fastrtps_cpp' as default
[3.829s] -- Found ament_cmake_ros: 0.10.0 (/opt/ros/humble/share/ament_cmake_ros/cmake)
[4.095s] -- Using all available rosidl_typesupport_c: rosidl_typesupport_fastrtps_c;rosidl_typesupport_introspection_c
[4.461s] -- Using all available rosidl_typesupport_cpp: rosidl_typesupport_fastrtps_cpp;rosidl_typesupport_introspection_cpp
[4.526s] -- Found python_cmake_module: 0.10.0 (/opt/ros/humble/share/python_cmake_module/cmake)
[4.641s] -- Using PYTHON_EXECUTABLE: /usr/bin/python3
[4.641s] -- Using PYTHON_INCLUDE_DIRS: /usr/include/python3.10
[4.642s] -- Using PYTHON_LIBRARIES: /usr/lib/x86_64-linux-gnu/libpython3.10.so
[4.712s] -- Found ament_lint_auto: 0.12.11 (/opt/ros/humble/share/ament_lint_auto/cmake)
[4.872s] -- Added test 'cppcheck' to perform static code analysis on C / C++ code
[4.873s] -- Configured cppcheck include dirs: 
[4.873s] -- Configured cppcheck exclude dirs and/or files: 
[4.877s] -- Added test 'lint_cmake' to check CMake code style
[4.881s] -- Added test 'uncrustify' to check C / C++ code style
[4.881s] -- Configured uncrustify additional arguments: 
[4.882s] -- Added test 'xmllint' to check XML markup files
[4.902s] -- Configuring done
[5.207s] -- Generating done
[5.225s] -- Build files have been written to: /home/alaa/ros2_ws/build/more_interfaces
[5.256s] [35m[1mConsolidate compiler generated dependencies of target more_interfaces__rosidl_generator_c[0m
[5.266s] [  2%] Built target more_interfaces__cpp
[5.267s] [  5%] [32mBuilding C object CMakeFiles/more_interfaces__rosidl_generator_c.dir/rosidl_generator_c/more_interfaces/msg/detail/address_book__functions.c.o[0m
[5.275s] [  5%] Built target ament_cmake_python_symlink_more_interfaces
[5.279s] [35m[1mConsolidate compiler generated dependencies of target more_interfaces__rosidl_typesupport_fastrtps_cpp[0m
[5.282s] [35m[1mConsolidate compiler generated dependencies of target more_interfaces__rosidl_typesupport_cpp[0m
[5.288s] [35m[1mConsolidate compiler generated dependencies of target more_interfaces__rosidl_typesupport_introspection_cpp[0m
[5.294s] [  8%] [32mBuilding CXX object CMakeFiles/more_interfaces__rosidl_typesupport_fastrtps_cpp.dir/rosidl_typesupport_fastrtps_cpp/more_interfaces/msg/detail/dds_fastrtps/address_book__type_support.cpp.o[0m
[5.297s] [ 11%] [32mBuilding CXX object CMakeFiles/more_interfaces__rosidl_typesupport_cpp.dir/rosidl_typesupport_cpp/more_interfaces/msg/address_book__type_support.cpp.o[0m
[5.304s] [ 14%] [32mBuilding CXX object CMakeFiles/more_interfaces__rosidl_typesupport_introspection_cpp.dir/rosidl_typesupport_introspection_cpp/more_interfaces/msg/detail/address_book__type_support.cpp.o[0m
[5.763s] running egg_info
[5.765s] writing more_interfaces.egg-info/PKG-INFO
[5.765s] writing dependency_links to more_interfaces.egg-info/dependency_links.txt
[5.765s] writing top-level names to more_interfaces.egg-info/top_level.txt
[5.770s] reading manifest file 'more_interfaces.egg-info/SOURCES.txt'
[5.778s] writing manifest file 'more_interfaces.egg-info/SOURCES.txt'
[5.825s] [ 14%] Built target ament_cmake_python_build_more_interfaces_egg
[5.940s] [ 17%] [32m[1mLinking CXX shared library libmore_interfaces__rosidl_typesupport_cpp.so[0m
[5.942s] [ 20%] [32m[1mLinking C shared library libmore_interfaces__rosidl_generator_c.so[0m
[5.950s] [ 22%] [32m[1mLinking CXX shared library libmore_interfaces__rosidl_typesupport_fastrtps_cpp.so[0m
[5.952s] [ 25%] [32m[1mLinking CXX shared library libmore_interfaces__rosidl_typesupport_introspection_cpp.so[0m
[6.153s] [ 28%] Built target more_interfaces__rosidl_generator_c
[6.168s] [ 31%] Built target more_interfaces__rosidl_typesupport_cpp
[6.169s] [35m[1mConsolidate compiler generated dependencies of target more_interfaces__rosidl_typesupport_c[0m
[6.170s] [35m[1mConsolidate compiler generated dependencies of target more_interfaces__rosidl_typesupport_introspection_c[0m
[6.171s] [35m[1mConsolidate compiler generated dependencies of target more_interfaces__rosidl_typesupport_fastrtps_c[0m
[6.187s] [ 34%] [32mBuilding CXX object CMakeFiles/more_interfaces__rosidl_typesupport_c.dir/rosidl_typesupport_c/more_interfaces/msg/address_book__type_support.cpp.o[0m
[6.190s] [35m[1mConsolidate compiler generated dependencies of target publish_address_book[0m
[6.190s] [35m[1mConsolidate compiler generated dependencies of target address_book_subscriber[0m
[6.190s] [ 37%] [32mBuilding C object CMakeFiles/more_interfaces__rosidl_typesupport_introspection_c.dir/rosidl_typesupport_introspection_c/more_interfaces/msg/detail/address_book__type_support.c.o[0m
[6.190s] [ 40%] [32mBuilding CXX object CMakeFiles/more_interfaces__rosidl_typesupport_fastrtps_c.dir/rosidl_typesupport_fastrtps_c/more_interfaces/msg/detail/address_book__type_support_c.cpp.o[0m
[6.208s] [ 42%] Built target more_interfaces__rosidl_typesupport_introspection_cpp
[6.217s] [ 45%] [32mBuilding CXX object CMakeFiles/address_book_subscriber.dir/src/address_book_subscriber.cpp.o[0m
[6.217s] [ 48%] [32mBuilding CXX object CMakeFiles/publish_address_book.dir/src/publish_address_book.cpp.o[0m
[6.228s] [ 51%] Built target more_interfaces__rosidl_typesupport_fastrtps_cpp
[6.236s] [ 54%] [32m[1mLinking CXX shared library libmore_interfaces__rosidl_typesupport_c.so[0m
[6.245s] [ 57%] [32m[1mLinking C shared library libmore_interfaces__rosidl_typesupport_introspection_c.so[0m
[6.278s] [ 60%] Built target more_interfaces__rosidl_typesupport_introspection_c
[6.283s] [ 62%] Built target more_interfaces__rosidl_typesupport_c
[6.666s] [ 65%] [32m[1mLinking CXX shared library libmore_interfaces__rosidl_typesupport_fastrtps_c.so[0m
[6.760s] [ 68%] Built target more_interfaces__rosidl_typesupport_fastrtps_c
[6.797s] [ 68%] Built target more_interfaces
[6.828s] [ 71%] Built target more_interfaces__py
[6.840s] [35m[1mConsolidate compiler generated dependencies of target more_interfaces__rosidl_generator_py[0m
[6.854s] [ 74%] [32mBuilding C object CMakeFiles/more_interfaces__rosidl_generator_py.dir/rosidl_generator_py/more_interfaces/msg/_address_book_s.c.o[0m
[7.206s] [ 77%] [32m[1mLinking C shared library rosidl_generator_py/more_interfaces/libmore_interfaces__rosidl_generator_py.so[0m
[7.270s] [ 77%] Built target more_interfaces__rosidl_generator_py
[7.285s] [35m[1mConsolidate compiler generated dependencies of target more_interfaces__rosidl_typesupport_introspection_c__pyext[0m
[7.287s] [35m[1mConsolidate compiler generated dependencies of target more_interfaces__rosidl_typesupport_c__pyext[0m
[7.288s] [35m[1mConsolidate compiler generated dependencies of target more_interfaces__rosidl_typesupport_fastrtps_c__pyext[0m
[7.299s] [ 80%] [32mBuilding C object CMakeFiles/more_interfaces__rosidl_typesupport_introspection_c__pyext.dir/rosidl_generator_py/more_interfaces/_more_interfaces_s.ep.rosidl_typesupport_introspection_c.c.o[0m
[7.307s] [ 82%] [32mBuilding C object CMakeFiles/more_interfaces__rosidl_typesupport_c__pyext.dir/rosidl_generator_py/more_interfaces/_more_interfaces_s.ep.rosidl_typesupport_c.c.o[0m
[7.308s] [ 85%] [32mBuilding C object CMakeFiles/more_interfaces__rosidl_typesupport_fastrtps_c__pyext.dir/rosidl_generator_py/more_interfaces/_more_interfaces_s.ep.rosidl_typesupport_fastrtps_c.c.o[0m
[7.480s] [ 88%] [32m[1mLinking C shared library rosidl_generator_py/more_interfaces/more_interfaces_s__rosidl_typesupport_fastrtps_c.cpython-310-x86_64-linux-gnu.so[0m
[7.481s] [ 91%] [32m[1mLinking C shared library rosidl_generator_py/more_interfaces/more_interfaces_s__rosidl_typesupport_introspection_c.cpython-310-x86_64-linux-gnu.so[0m
[7.491s] [ 94%] [32m[1mLinking C shared library rosidl_generator_py/more_interfaces/more_interfaces_s__rosidl_typesupport_c.cpython-310-x86_64-linux-gnu.so[0m
[7.521s] [ 94%] Built target more_interfaces__rosidl_typesupport_fastrtps_c__pyext
[7.535s] [ 94%] Built target more_interfaces__rosidl_typesupport_introspection_c__pyext
[7.543s] [ 94%] Built target more_interfaces__rosidl_typesupport_c__pyext
[11.843s] [ 97%] [32m[1mLinking CXX executable publish_address_book[0m
[12.055s] [ 97%] Built target publish_address_book
[16.664s] [100%] [32m[1mLinking CXX executable address_book_subscriber[0m
[17.075s] [100%] Built target address_book_subscriber
[17.087s] Invoked command in '/home/alaa/ros2_ws/build/more_interfaces' returned '0': CMAKE_PREFIX_PATH=${CMAKE_PREFIX_PATH}:/opt/ros/humble /usr/bin/cmake --build /home/alaa/ros2_ws/build/more_interfaces -- -j8 -l8
[17.089s] Invoking command in '/home/alaa/ros2_ws/build/more_interfaces': CMAKE_PREFIX_PATH=${CMAKE_PREFIX_PATH}:/opt/ros/humble /usr/bin/cmake --install /home/alaa/ros2_ws/build/more_interfaces
[17.097s] -- Install configuration: ""
[17.098s] -- Execute custom install script
[17.131s] -- Up-to-date symlink: /home/alaa/ros2_ws/install/more_interfaces/share/ament_index/resource_index/rosidl_interfaces/more_interfaces
[17.149s] -- Up-to-date symlink: /home/alaa/ros2_ws/install/more_interfaces/include/more_interfaces/more_interfaces/msg/address_book.h
[17.150s] -- Up-to-date symlink: /home/alaa/ros2_ws/install/more_interfaces/include/more_interfaces/more_interfaces/msg/detail/address_book__functions.h
[17.151s] -- Up-to-date symlink: /home/alaa/ros2_ws/install/more_interfaces/include/more_interfaces/more_interfaces/msg/detail/address_book__struct.h
[17.152s] -- Up-to-date symlink: /home/alaa/ros2_ws/install/more_interfaces/include/more_interfaces/more_interfaces/msg/detail/address_book__type_support.h
[17.153s] -- Up-to-date symlink: /home/alaa/ros2_ws/install/more_interfaces/include/more_interfaces/more_interfaces/msg/rosidl_generator_c__visibility_control.h
[17.153s] -- Up-to-date symlink: /home/alaa/ros2_ws/install/more_interfaces/share/more_interfaces/environment/library_path.sh
[17.154s] -- Up-to-date symlink: /home/alaa/ros2_ws/install/more_interfaces/share/more_interfaces/environment/library_path.dsv
[17.157s] -- Up-to-date symlink: /home/alaa/ros2_ws/install/more_interfaces/include/more_interfaces/more_interfaces/msg/detail/address_book__rosidl_typesupport_fastrtps_c.h
[17.158s] -- Up-to-date symlink: /home/alaa/ros2_ws/install/more_interfaces/include/more_interfaces/more_interfaces/msg/rosidl_typesupport_fastrtps_c__visibility_control.h
[17.161s] -- Up-to-date symlink: /home/alaa/ros2_ws/install/more_interfaces/include/more_interfaces/more_interfaces/msg/detail/address_book__rosidl_typesupport_introspection_c.h
[17.163s] -- Up-to-date symlink: /home/alaa/ros2_ws/install/more_interfaces/include/more_interfaces/more_interfaces/msg/rosidl_typesupport_introspection_c__visibility_control.h
[17.165s] -- Up-to-date symlink: /home/alaa/ros2_ws/install/more_interfaces/include/more_interfaces/more_interfaces/msg/address_book.hpp
[17.166s] -- Up-to-date symlink: /home/alaa/ros2_ws/install/more_interfaces/include/more_interfaces/more_interfaces/msg/detail/address_book__builder.hpp
[17.168s] -- Up-to-date symlink: /home/alaa/ros2_ws/install/more_interfaces/include/more_interfaces/more_interfaces/msg/detail/address_book__struct.hpp
[17.168s] -- Up-to-date symlink: /home/alaa/ros2_ws/install/more_interfaces/include/more_interfaces/more_interfaces/msg/detail/address_book__traits.hpp
[17.169s] -- Up-to-date symlink: /home/alaa/ros2_ws/install/more_interfaces/include/more_interfaces/more_interfaces/msg/detail/address_book__type_support.hpp
[17.170s] -- Up-to-date symlink: /home/alaa/ros2_ws/install/more_interfaces/include/more_interfaces/more_interfaces/msg/rosidl_generator_cpp__visibility_control.hpp
[17.173s] -- Up-to-date symlink: /home/alaa/ros2_ws/install/more_interfaces/include/more_interfaces/more_interfaces/msg/detail/address_book__rosidl_typesupport_fastrtps_cpp.hpp
[17.174s] -- Up-to-date symlink: /home/alaa/ros2_ws/install/more_interfaces/include/more_interfaces/more_interfaces/msg/rosidl_typesupport_fastrtps_cpp__visibility_control.h
[17.176s] -- Up-to-date symlink: /home/alaa/ros2_ws/install/more_interfaces/include/more_interfaces/more_interfaces/msg/detail/address_book__rosidl_typesupport_introspection_cpp.hpp
[17.177s] -- Up-to-date symlink: /home/alaa/ros2_ws/install/more_interfaces/share/more_interfaces/environment/pythonpath.sh
[17.178s] -- Up-to-date symlink: /home/alaa/ros2_ws/install/more_interfaces/share/more_interfaces/environment/pythonpath.dsv
[17.179s] -- Up-to-date symlink: /home/alaa/ros2_ws/install/more_interfaces/local/lib/python3.10/dist-packages/more_interfaces-0.0.0-py3.10.egg-info/PKG-INFO
[17.181s] -- Up-to-date symlink: /home/alaa/ros2_ws/install/more_interfaces/local/lib/python3.10/dist-packages/more_interfaces-0.0.0-py3.10.egg-info/SOURCES.txt
[17.181s] -- Up-to-date symlink: /home/alaa/ros2_ws/install/more_interfaces/local/lib/python3.10/dist-packages/more_interfaces-0.0.0-py3.10.egg-info/dependency_links.txt
[17.182s] -- Up-to-date symlink: /home/alaa/ros2_ws/install/more_interfaces/local/lib/python3.10/dist-packages/more_interfaces-0.0.0-py3.10.egg-info/top_level.txt
[17.185s] -- Up-to-date symlink: /home/alaa/ros2_ws/install/more_interfaces/local/lib/python3.10/dist-packages/more_interfaces/__init__.py
[17.186s] -- Up-to-date symlink: /home/alaa/ros2_ws/install/more_interfaces/local/lib/python3.10/dist-packages/more_interfaces/_more_interfaces_s.ep.rosidl_typesupport_c.c
[17.187s] -- Up-to-date symlink: /home/alaa/ros2_ws/install/more_interfaces/local/lib/python3.10/dist-packages/more_interfaces/_more_interfaces_s.ep.rosidl_typesupport_fastrtps_c.c
[17.187s] -- Up-to-date symlink: /home/alaa/ros2_ws/install/more_interfaces/local/lib/python3.10/dist-packages/more_interfaces/_more_interfaces_s.ep.rosidl_typesupport_introspection_c.c
[17.188s] -- Up-to-date symlink: /home/alaa/ros2_ws/install/more_interfaces/local/lib/python3.10/dist-packages/more_interfaces/libmore_interfaces__rosidl_generator_py.so
[17.188s] -- Up-to-date symlink: /home/alaa/ros2_ws/install/more_interfaces/local/lib/python3.10/dist-packages/more_interfaces/more_interfaces_s__rosidl_typesupport_c.cpython-310-x86_64-linux-gnu.so
[17.189s] -- Up-to-date symlink: /home/alaa/ros2_ws/install/more_interfaces/local/lib/python3.10/dist-packages/more_interfaces/more_interfaces_s__rosidl_typesupport_fastrtps_c.cpython-310-x86_64-linux-gnu.so
[17.189s] -- Up-to-date symlink: /home/alaa/ros2_ws/install/more_interfaces/local/lib/python3.10/dist-packages/more_interfaces/more_interfaces_s__rosidl_typesupport_introspection_c.cpython-310-x86_64-linux-gnu.so
[17.190s] -- Up-to-date symlink: /home/alaa/ros2_ws/install/more_interfaces/local/lib/python3.10/dist-packages/more_interfaces/msg/__init__.py
[17.190s] -- Up-to-date symlink: /home/alaa/ros2_ws/install/more_interfaces/local/lib/python3.10/dist-packages/more_interfaces/msg/_address_book.py
[17.191s] -- Up-to-date symlink: /home/alaa/ros2_ws/install/more_interfaces/local/lib/python3.10/dist-packages/more_interfaces/msg/_address_book_s.c
[17.191s] -- Up-to-date symlink: /home/alaa/ros2_ws/install/more_interfaces/local/lib/python3.10/dist-packages/more_interfaces/more_interfaces_s__rosidl_typesupport_fastrtps_c.cpython-310-x86_64-linux-gnu.so
[17.192s] -- Up-to-date symlink: /home/alaa/ros2_ws/install/more_interfaces/local/lib/python3.10/dist-packages/more_interfaces/more_interfaces_s__rosidl_typesupport_introspection_c.cpython-310-x86_64-linux-gnu.so
[17.193s] -- Up-to-date symlink: /home/alaa/ros2_ws/install/more_interfaces/local/lib/python3.10/dist-packages/more_interfaces/more_interfaces_s__rosidl_typesupport_c.cpython-310-x86_64-linux-gnu.so
[17.198s] -- Up-to-date symlink: /home/alaa/ros2_ws/install/more_interfaces/share/more_interfaces/msg/AddressBook.idl
[17.198s] -- Up-to-date symlink: /home/alaa/ros2_ws/install/more_interfaces/share/more_interfaces/msg/AddressBook.msg
[17.201s] -- Up-to-date symlink: /home/alaa/ros2_ws/install/more_interfaces/lib/more_interfaces/publish_address_book
[17.202s] -- Up-to-date symlink: /home/alaa/ros2_ws/install/more_interfaces/lib/more_interfaces/address_book_subscriber
[17.203s] -- Up-to-date symlink: /home/alaa/ros2_ws/install/more_interfaces/share/ament_index/resource_index/package_run_dependencies/more_interfaces
[17.204s] -- Up-to-date symlink: /home/alaa/ros2_ws/install/more_interfaces/share/ament_index/resource_index/parent_prefix_path/more_interfaces
[17.207s] -- Up-to-date symlink: /home/alaa/ros2_ws/install/more_interfaces/share/more_interfaces/environment/ament_prefix_path.sh
[17.208s] -- Up-to-date symlink: /home/alaa/ros2_ws/install/more_interfaces/share/more_interfaces/environment/ament_prefix_path.dsv
[17.215s] -- Up-to-date symlink: /home/alaa/ros2_ws/install/more_interfaces/share/more_interfaces/environment/path.sh
[17.216s] -- Up-to-date symlink: /home/alaa/ros2_ws/install/more_interfaces/share/more_interfaces/environment/path.dsv
[17.217s] -- Up-to-date symlink: /home/alaa/ros2_ws/install/more_interfaces/share/more_interfaces/local_setup.bash
[17.218s] -- Up-to-date symlink: /home/alaa/ros2_ws/install/more_interfaces/share/more_interfaces/local_setup.sh
[17.219s] -- Up-to-date symlink: /home/alaa/ros2_ws/install/more_interfaces/share/more_interfaces/local_setup.zsh
[17.220s] -- Up-to-date symlink: /home/alaa/ros2_ws/install/more_interfaces/share/more_interfaces/local_setup.dsv
[17.220s] -- Symlinking: /home/alaa/ros2_ws/install/more_interfaces/share/more_interfaces/package.dsv
[17.253s] -- Up-to-date symlink: /home/alaa/ros2_ws/install/more_interfaces/share/ament_index/resource_index/packages/more_interfaces
[17.254s] -- Up-to-date symlink: /home/alaa/ros2_ws/install/more_interfaces/share/more_interfaces/cmake/rosidl_cmake-extras.cmake
[17.255s] -- Up-to-date symlink: /home/alaa/ros2_ws/install/more_interfaces/share/more_interfaces/cmake/ament_cmake_export_include_directories-extras.cmake
[17.255s] -- Up-to-date symlink: /home/alaa/ros2_ws/install/more_interfaces/share/more_interfaces/cmake/ament_cmake_export_libraries-extras.cmake
[17.256s] -- Up-to-date symlink: /home/alaa/ros2_ws/install/more_interfaces/share/more_interfaces/cmake/ament_cmake_export_targets-extras.cmake
[17.257s] -- Up-to-date symlink: /home/alaa/ros2_ws/install/more_interfaces/share/more_interfaces/cmake/rosidl_cmake_export_typesupport_targets-extras.cmake
[17.258s] -- Up-to-date symlink: /home/alaa/ros2_ws/install/more_interfaces/share/more_interfaces/cmake/ament_cmake_export_dependencies-extras.cmake
[17.259s] -- Up-to-date symlink: /home/alaa/ros2_ws/install/more_interfaces/share/more_interfaces/cmake/rosidl_cmake_export_typesupport_libraries-extras.cmake
[17.260s] -- Up-to-date symlink: /home/alaa/ros2_ws/install/more_interfaces/share/more_interfaces/cmake/more_interfacesConfig.cmake
[17.261s] -- Up-to-date symlink: /home/alaa/ros2_ws/install/more_interfaces/share/more_interfaces/cmake/more_interfacesConfig-version.cmake
[17.262s] -- Up-to-date symlink: /home/alaa/ros2_ws/install/more_interfaces/share/more_interfaces/package.xml
[17.275s] -- Installing: /home/alaa/ros2_ws/install/more_interfaces/lib/libmore_interfaces__rosidl_generator_c.so
[17.276s] -- Set runtime path of "/home/alaa/ros2_ws/install/more_interfaces/lib/libmore_interfaces__rosidl_generator_c.so" to ""
[17.278s] -- Installing: /home/alaa/ros2_ws/install/more_interfaces/lib/libmore_interfaces__rosidl_typesupport_fastrtps_c.so
[17.279s] -- Set runtime path of "/home/alaa/ros2_ws/install/more_interfaces/lib/libmore_interfaces__rosidl_typesupport_fastrtps_c.so" to ""
[17.280s] -- Installing: /home/alaa/ros2_ws/install/more_interfaces/lib/libmore_interfaces__rosidl_typesupport_introspection_c.so
[17.281s] -- Set runtime path of "/home/alaa/ros2_ws/install/more_interfaces/lib/libmore_interfaces__rosidl_typesupport_introspection_c.so" to ""
[17.282s] -- Installing: /home/alaa/ros2_ws/install/more_interfaces/lib/libmore_interfaces__rosidl_typesupport_c.so
[17.283s] -- Set runtime path of "/home/alaa/ros2_ws/install/more_interfaces/lib/libmore_interfaces__rosidl_typesupport_c.so" to ""
[17.285s] -- Installing: /home/alaa/ros2_ws/install/more_interfaces/lib/libmore_interfaces__rosidl_typesupport_fastrtps_cpp.so
[17.287s] -- Set runtime path of "/home/alaa/ros2_ws/install/more_interfaces/lib/libmore_interfaces__rosidl_typesupport_fastrtps_cpp.so" to ""
[17.288s] -- Installing: /home/alaa/ros2_ws/install/more_interfaces/lib/libmore_interfaces__rosidl_typesupport_introspection_cpp.so
[17.289s] -- Set runtime path of "/home/alaa/ros2_ws/install/more_interfaces/lib/libmore_interfaces__rosidl_typesupport_introspection_cpp.so" to ""
[17.290s] -- Installing: /home/alaa/ros2_ws/install/more_interfaces/lib/libmore_interfaces__rosidl_typesupport_cpp.so
[17.291s] -- Set runtime path of "/home/alaa/ros2_ws/install/more_interfaces/lib/libmore_interfaces__rosidl_typesupport_cpp.so" to ""
[17.358s] Listing '/home/alaa/ros2_ws/install/more_interfaces/local/lib/python3.10/dist-packages/more_interfaces'...
[17.358s] Compiling '/home/alaa/ros2_ws/install/more_interfaces/local/lib/python3.10/dist-packages/more_interfaces/__init__.py'...
[17.358s] Listing '/home/alaa/ros2_ws/install/more_interfaces/local/lib/python3.10/dist-packages/more_interfaces/msg'...
[17.358s] Compiling '/home/alaa/ros2_ws/install/more_interfaces/local/lib/python3.10/dist-packages/more_interfaces/msg/__init__.py'...
[17.358s] Compiling '/home/alaa/ros2_ws/install/more_interfaces/local/lib/python3.10/dist-packages/more_interfaces/msg/_address_book.py'...
[17.364s] -- Installing: /home/alaa/ros2_ws/install/more_interfaces/lib/libmore_interfaces__rosidl_generator_py.so
[17.364s] -- Set runtime path of "/home/alaa/ros2_ws/install/more_interfaces/lib/libmore_interfaces__rosidl_generator_py.so" to ""
[17.364s] -- Up-to-date: /home/alaa/ros2_ws/install/more_interfaces/share/more_interfaces/cmake/export_more_interfaces__rosidl_generator_cExport.cmake
[17.364s] -- Up-to-date: /home/alaa/ros2_ws/install/more_interfaces/share/more_interfaces/cmake/export_more_interfaces__rosidl_generator_cExport-noconfig.cmake
[17.365s] -- Up-to-date: /home/alaa/ros2_ws/install/more_interfaces/share/more_interfaces/cmake/export_more_interfaces__rosidl_typesupport_fastrtps_cExport.cmake
[17.365s] -- Up-to-date: /home/alaa/ros2_ws/install/more_interfaces/share/more_interfaces/cmake/export_more_interfaces__rosidl_typesupport_fastrtps_cExport-noconfig.cmake
[17.365s] -- Up-to-date: /home/alaa/ros2_ws/install/more_interfaces/share/more_interfaces/cmake/more_interfaces__rosidl_typesupport_introspection_cExport.cmake
[17.365s] -- Up-to-date: /home/alaa/ros2_ws/install/more_interfaces/share/more_interfaces/cmake/more_interfaces__rosidl_typesupport_introspection_cExport-noconfig.cmake
[17.365s] -- Up-to-date: /home/alaa/ros2_ws/install/more_interfaces/share/more_interfaces/cmake/more_interfaces__rosidl_typesupport_cExport.cmake
[17.366s] -- Up-to-date: /home/alaa/ros2_ws/install/more_interfaces/share/more_interfaces/cmake/more_interfaces__rosidl_typesupport_cExport-noconfig.cmake
[17.366s] -- Up-to-date: /home/alaa/ros2_ws/install/more_interfaces/share/more_interfaces/cmake/export_more_interfaces__rosidl_generator_cppExport.cmake
[17.366s] -- Up-to-date: /home/alaa/ros2_ws/install/more_interfaces/share/more_interfaces/cmake/export_more_interfaces__rosidl_typesupport_fastrtps_cppExport.cmake
[17.367s] -- Up-to-date: /home/alaa/ros2_ws/install/more_interfaces/share/more_interfaces/cmake/export_more_interfaces__rosidl_typesupport_fastrtps_cppExport-noconfig.cmake
[17.367s] -- Up-to-date: /home/alaa/ros2_ws/install/more_interfaces/share/more_interfaces/cmake/more_interfaces__rosidl_typesupport_introspection_cppExport.cmake
[17.367s] -- Up-to-date: /home/alaa/ros2_ws/install/more_interfaces/share/more_interfaces/cmake/more_interfaces__rosidl_typesupport_introspection_cppExport-noconfig.cmake
[17.367s] -- Up-to-date: /home/alaa/ros2_ws/install/more_interfaces/share/more_interfaces/cmake/more_interfaces__rosidl_typesupport_cppExport.cmake
[17.367s] -- Up-to-date: /home/alaa/ros2_ws/install/more_interfaces/share/more_interfaces/cmake/more_interfaces__rosidl_typesupport_cppExport-noconfig.cmake
[17.368s] -- Up-to-date: /home/alaa/ros2_ws/install/more_interfaces/share/more_interfaces/cmake/export_more_interfaces__rosidl_generator_pyExport.cmake
[17.368s] -- Up-to-date: /home/alaa/ros2_ws/install/more_interfaces/share/more_interfaces/cmake/export_more_interfaces__rosidl_generator_pyExport-noconfig.cmake
[17.371s] Invoked command in '/home/alaa/ros2_ws/build/more_interfaces' returned '0': CMAKE_PREFIX_PATH=${CMAKE_PREFIX_PATH}:/opt/ros/humble /usr/bin/cmake --install /home/alaa/ros2_ws/build/more_interfaces
