[0.096s] Invoking command in '/home/alaa/ros2_ws/build/my_custom_interfaces': CMAKE_PREFIX_PATH=${CMAKE_PREFIX_PATH}:/opt/ros/humble /usr/bin/cmake --build /home/alaa/ros2_ws/build/my_custom_interfaces -- -j8 -l8
[0.688s] [  2%] Built target my_custom_interfaces__cpp
[0.700s] [  2%] Built target ament_cmake_python_symlink_my_custom_interfaces
[0.823s] [ 12%] Built target my_custom_interfaces__rosidl_generator_c
[0.949s] [ 27%] Built target my_custom_interfaces__rosidl_typesupport_fastrtps_cpp
[0.949s] [ 34%] Built target my_custom_interfaces__rosidl_typesupport_introspection_cpp
[0.951s] [ 44%] Built target my_custom_interfaces__rosidl_typesupport_cpp
[0.952s] [ 55%] Built target my_custom_interfaces__rosidl_typesupport_fastrtps_c
[0.967s] [ 65%] Built target my_custom_interfaces__rosidl_typesupport_c
[0.993s] [ 76%] Built target my_custom_interfaces__rosidl_typesupport_introspection_c
[1.024s] [ 76%] Built target my_custom_interfaces
[1.051s] [ 78%] Built target my_custom_interfaces__py
[1.060s] running egg_info
[1.062s] writing my_custom_interfaces.egg-info/PKG-INFO
[1.062s] writing dependency_links to my_custom_interfaces.egg-info/dependency_links.txt
[1.062s] writing top-level names to my_custom_interfaces.egg-info/top_level.txt
[1.094s] reading manifest file 'my_custom_interfaces.egg-info/SOURCES.txt'
[1.097s] writing manifest file 'my_custom_interfaces.egg-info/SOURCES.txt'
[1.144s] [ 78%] Built target ament_cmake_python_build_my_custom_interfaces_egg
[1.195s] [ 87%] Built target my_custom_interfaces__rosidl_generator_py
[1.264s] [ 91%] Built target my_custom_interfaces__rosidl_typesupport_c__pyext
[1.285s] [ 95%] Built target my_custom_interfaces__rosidl_typesupport_introspection_c__pyext
[1.292s] [100%] Built target my_custom_interfaces__rosidl_typesupport_fastrtps_c__pyext
[1.305s] Invoked command in '/home/alaa/ros2_ws/build/my_custom_interfaces' returned '0': CMAKE_PREFIX_PATH=${CMAKE_PREFIX_PATH}:/opt/ros/humble /usr/bin/cmake --build /home/alaa/ros2_ws/build/my_custom_interfaces -- -j8 -l8
[1.361s] Invoking command in '/home/alaa/ros2_ws/build/my_custom_interfaces': CMAKE_PREFIX_PATH=${CMAKE_PREFIX_PATH}:/opt/ros/humble /usr/bin/cmake --install /home/alaa/ros2_ws/build/my_custom_interfaces
[1.383s] -- Install configuration: ""
[1.394s] -- Execute custom install script
[1.413s] -- Up-to-date symlink: /home/alaa/ros2_ws/install/my_custom_interfaces/share/ament_index/resource_index/rosidl_interfaces/my_custom_interfaces
[1.434s] -- Up-to-date symlink: /home/alaa/ros2_ws/install/my_custom_interfaces/include/my_custom_interfaces/my_custom_interfaces/msg/detail/num__functions.h
[1.435s] -- Up-to-date symlink: /home/alaa/ros2_ws/install/my_custom_interfaces/include/my_custom_interfaces/my_custom_interfaces/msg/detail/num__struct.h
[1.437s] -- Up-to-date symlink: /home/alaa/ros2_ws/install/my_custom_interfaces/include/my_custom_interfaces/my_custom_interfaces/msg/detail/num__type_support.h
[1.438s] -- Up-to-date symlink: /home/alaa/ros2_ws/install/my_custom_interfaces/include/my_custom_interfaces/my_custom_interfaces/msg/detail/sphere__functions.h
[1.439s] -- Up-to-date symlink: /home/alaa/ros2_ws/install/my_custom_interfaces/include/my_custom_interfaces/my_custom_interfaces/msg/detail/sphere__struct.h
[1.440s] -- Up-to-date symlink: /home/alaa/ros2_ws/install/my_custom_interfaces/include/my_custom_interfaces/my_custom_interfaces/msg/detail/sphere__type_support.h
[1.441s] -- Up-to-date symlink: /home/alaa/ros2_ws/install/my_custom_interfaces/include/my_custom_interfaces/my_custom_interfaces/msg/num.h
[1.442s] -- Up-to-date symlink: /home/alaa/ros2_ws/install/my_custom_interfaces/include/my_custom_interfaces/my_custom_interfaces/msg/rosidl_generator_c__visibility_control.h
[1.454s] -- Up-to-date symlink: /home/alaa/ros2_ws/install/my_custom_interfaces/include/my_custom_interfaces/my_custom_interfaces/msg/sphere.h
[1.455s] -- Up-to-date symlink: /home/alaa/ros2_ws/install/my_custom_interfaces/include/my_custom_interfaces/my_custom_interfaces/srv/add_three_ints.h
[1.456s] -- Up-to-date symlink: /home/alaa/ros2_ws/install/my_custom_interfaces/include/my_custom_interfaces/my_custom_interfaces/srv/detail/add_three_ints__functions.h
[1.459s] -- Up-to-date symlink: /home/alaa/ros2_ws/install/my_custom_interfaces/include/my_custom_interfaces/my_custom_interfaces/srv/detail/add_three_ints__struct.h
[1.460s] -- Up-to-date symlink: /home/alaa/ros2_ws/install/my_custom_interfaces/include/my_custom_interfaces/my_custom_interfaces/srv/detail/add_three_ints__type_support.h
[1.461s] -- Up-to-date symlink: /home/alaa/ros2_ws/install/my_custom_interfaces/share/my_custom_interfaces/environment/library_path.sh
[1.462s] -- Up-to-date symlink: /home/alaa/ros2_ws/install/my_custom_interfaces/share/my_custom_interfaces/environment/library_path.dsv
[1.465s] -- Up-to-date symlink: /home/alaa/ros2_ws/install/my_custom_interfaces/include/my_custom_interfaces/my_custom_interfaces/msg/detail/num__rosidl_typesupport_fastrtps_c.h
[1.465s] -- Up-to-date symlink: /home/alaa/ros2_ws/install/my_custom_interfaces/include/my_custom_interfaces/my_custom_interfaces/msg/detail/sphere__rosidl_typesupport_fastrtps_c.h
[1.466s] -- Up-to-date symlink: /home/alaa/ros2_ws/install/my_custom_interfaces/include/my_custom_interfaces/my_custom_interfaces/msg/rosidl_typesupport_fastrtps_c__visibility_control.h
[1.467s] -- Up-to-date symlink: /home/alaa/ros2_ws/install/my_custom_interfaces/include/my_custom_interfaces/my_custom_interfaces/srv/detail/add_three_ints__rosidl_typesupport_fastrtps_c.h
[1.470s] -- Up-to-date symlink: /home/alaa/ros2_ws/install/my_custom_interfaces/include/my_custom_interfaces/my_custom_interfaces/msg/detail/num__builder.hpp
[1.471s] -- Up-to-date symlink: /home/alaa/ros2_ws/install/my_custom_interfaces/include/my_custom_interfaces/my_custom_interfaces/msg/detail/num__struct.hpp
[1.472s] -- Up-to-date symlink: /home/alaa/ros2_ws/install/my_custom_interfaces/include/my_custom_interfaces/my_custom_interfaces/msg/detail/num__traits.hpp
[1.474s] -- Up-to-date symlink: /home/alaa/ros2_ws/install/my_custom_interfaces/include/my_custom_interfaces/my_custom_interfaces/msg/detail/num__type_support.hpp
[1.475s] -- Up-to-date symlink: /home/alaa/ros2_ws/install/my_custom_interfaces/include/my_custom_interfaces/my_custom_interfaces/msg/detail/sphere__builder.hpp
[1.476s] -- Up-to-date symlink: /home/alaa/ros2_ws/install/my_custom_interfaces/include/my_custom_interfaces/my_custom_interfaces/msg/detail/sphere__struct.hpp
[1.477s] -- Up-to-date symlink: /home/alaa/ros2_ws/install/my_custom_interfaces/include/my_custom_interfaces/my_custom_interfaces/msg/detail/sphere__traits.hpp
[1.477s] -- Up-to-date symlink: /home/alaa/ros2_ws/install/my_custom_interfaces/include/my_custom_interfaces/my_custom_interfaces/msg/detail/sphere__type_support.hpp
[1.479s] -- Up-to-date symlink: /home/alaa/ros2_ws/install/my_custom_interfaces/include/my_custom_interfaces/my_custom_interfaces/msg/num.hpp
[1.480s] -- Up-to-date symlink: /home/alaa/ros2_ws/install/my_custom_interfaces/include/my_custom_interfaces/my_custom_interfaces/msg/rosidl_generator_cpp__visibility_control.hpp
[1.481s] -- Up-to-date symlink: /home/alaa/ros2_ws/install/my_custom_interfaces/include/my_custom_interfaces/my_custom_interfaces/msg/sphere.hpp
[1.481s] -- Up-to-date symlink: /home/alaa/ros2_ws/install/my_custom_interfaces/include/my_custom_interfaces/my_custom_interfaces/srv/add_three_ints.hpp
[1.482s] -- Up-to-date symlink: /home/alaa/ros2_ws/install/my_custom_interfaces/include/my_custom_interfaces/my_custom_interfaces/srv/detail/add_three_ints__builder.hpp
[1.483s] -- Up-to-date symlink: /home/alaa/ros2_ws/install/my_custom_interfaces/include/my_custom_interfaces/my_custom_interfaces/srv/detail/add_three_ints__struct.hpp
[1.484s] -- Up-to-date symlink: /home/alaa/ros2_ws/install/my_custom_interfaces/include/my_custom_interfaces/my_custom_interfaces/srv/detail/add_three_ints__traits.hpp
[1.495s] -- Up-to-date symlink: /home/alaa/ros2_ws/install/my_custom_interfaces/include/my_custom_interfaces/my_custom_interfaces/srv/detail/add_three_ints__type_support.hpp
[1.498s] -- Up-to-date symlink: /home/alaa/ros2_ws/install/my_custom_interfaces/include/my_custom_interfaces/my_custom_interfaces/msg/detail/num__rosidl_typesupport_fastrtps_cpp.hpp
[1.499s] -- Up-to-date symlink: /home/alaa/ros2_ws/install/my_custom_interfaces/include/my_custom_interfaces/my_custom_interfaces/msg/detail/sphere__rosidl_typesupport_fastrtps_cpp.hpp
[1.506s] -- Up-to-date symlink: /home/alaa/ros2_ws/install/my_custom_interfaces/include/my_custom_interfaces/my_custom_interfaces/msg/rosidl_typesupport_fastrtps_cpp__visibility_control.h
[1.515s] -- Up-to-date symlink: /home/alaa/ros2_ws/install/my_custom_interfaces/include/my_custom_interfaces/my_custom_interfaces/srv/detail/add_three_ints__rosidl_typesupport_fastrtps_cpp.hpp
[1.517s] -- Up-to-date symlink: /home/alaa/ros2_ws/install/my_custom_interfaces/include/my_custom_interfaces/my_custom_interfaces/msg/detail/num__rosidl_typesupport_introspection_c.h
[1.517s] -- Up-to-date symlink: /home/alaa/ros2_ws/install/my_custom_interfaces/include/my_custom_interfaces/my_custom_interfaces/msg/detail/sphere__rosidl_typesupport_introspection_c.h
[1.519s] -- Up-to-date symlink: /home/alaa/ros2_ws/install/my_custom_interfaces/include/my_custom_interfaces/my_custom_interfaces/msg/rosidl_typesupport_introspection_c__visibility_control.h
[1.520s] -- Up-to-date symlink: /home/alaa/ros2_ws/install/my_custom_interfaces/include/my_custom_interfaces/my_custom_interfaces/srv/detail/add_three_ints__rosidl_typesupport_introspection_c.h
[1.522s] -- Up-to-date symlink: /home/alaa/ros2_ws/install/my_custom_interfaces/include/my_custom_interfaces/my_custom_interfaces/msg/detail/num__rosidl_typesupport_introspection_cpp.hpp
[1.523s] -- Up-to-date symlink: /home/alaa/ros2_ws/install/my_custom_interfaces/include/my_custom_interfaces/my_custom_interfaces/msg/detail/sphere__rosidl_typesupport_introspection_cpp.hpp
[1.524s] -- Up-to-date symlink: /home/alaa/ros2_ws/install/my_custom_interfaces/include/my_custom_interfaces/my_custom_interfaces/srv/detail/add_three_ints__rosidl_typesupport_introspection_cpp.hpp
[1.525s] -- Up-to-date symlink: /home/alaa/ros2_ws/install/my_custom_interfaces/share/my_custom_interfaces/environment/pythonpath.sh
[1.525s] -- Up-to-date symlink: /home/alaa/ros2_ws/install/my_custom_interfaces/share/my_custom_interfaces/environment/pythonpath.dsv
[1.527s] -- Up-to-date symlink: /home/alaa/ros2_ws/install/my_custom_interfaces/local/lib/python3.10/dist-packages/my_custom_interfaces-0.0.0-py3.10.egg-info/PKG-INFO
[1.527s] -- Up-to-date symlink: /home/alaa/ros2_ws/install/my_custom_interfaces/local/lib/python3.10/dist-packages/my_custom_interfaces-0.0.0-py3.10.egg-info/SOURCES.txt
[1.529s] -- Up-to-date symlink: /home/alaa/ros2_ws/install/my_custom_interfaces/local/lib/python3.10/dist-packages/my_custom_interfaces-0.0.0-py3.10.egg-info/dependency_links.txt
[1.530s] -- Up-to-date symlink: /home/alaa/ros2_ws/install/my_custom_interfaces/local/lib/python3.10/dist-packages/my_custom_interfaces-0.0.0-py3.10.egg-info/top_level.txt
[1.533s] -- Up-to-date symlink: /home/alaa/ros2_ws/install/my_custom_interfaces/local/lib/python3.10/dist-packages/my_custom_interfaces/__init__.py
[1.540s] -- Up-to-date symlink: /home/alaa/ros2_ws/install/my_custom_interfaces/local/lib/python3.10/dist-packages/my_custom_interfaces/_my_custom_interfaces_s.ep.rosidl_typesupport_c.c
[1.540s] -- Up-to-date symlink: /home/alaa/ros2_ws/install/my_custom_interfaces/local/lib/python3.10/dist-packages/my_custom_interfaces/_my_custom_interfaces_s.ep.rosidl_typesupport_fastrtps_c.c
[1.541s] -- Up-to-date symlink: /home/alaa/ros2_ws/install/my_custom_interfaces/local/lib/python3.10/dist-packages/my_custom_interfaces/_my_custom_interfaces_s.ep.rosidl_typesupport_introspection_c.c
[1.542s] -- Up-to-date symlink: /home/alaa/ros2_ws/install/my_custom_interfaces/local/lib/python3.10/dist-packages/my_custom_interfaces/libmy_custom_interfaces__rosidl_generator_py.so
[1.543s] -- Up-to-date symlink: /home/alaa/ros2_ws/install/my_custom_interfaces/local/lib/python3.10/dist-packages/my_custom_interfaces/msg/__init__.py
[1.544s] -- Up-to-date symlink: /home/alaa/ros2_ws/install/my_custom_interfaces/local/lib/python3.10/dist-packages/my_custom_interfaces/msg/_num.py
[1.545s] -- Up-to-date symlink: /home/alaa/ros2_ws/install/my_custom_interfaces/local/lib/python3.10/dist-packages/my_custom_interfaces/msg/_num_s.c
[1.546s] -- Up-to-date symlink: /home/alaa/ros2_ws/install/my_custom_interfaces/local/lib/python3.10/dist-packages/my_custom_interfaces/msg/_sphere.py
[1.547s] -- Up-to-date symlink: /home/alaa/ros2_ws/install/my_custom_interfaces/local/lib/python3.10/dist-packages/my_custom_interfaces/msg/_sphere_s.c
[1.547s] -- Up-to-date symlink: /home/alaa/ros2_ws/install/my_custom_interfaces/local/lib/python3.10/dist-packages/my_custom_interfaces/my_custom_interfaces_s__rosidl_typesupport_c.cpython-310-x86_64-linux-gnu.so
[1.548s] -- Up-to-date symlink: /home/alaa/ros2_ws/install/my_custom_interfaces/local/lib/python3.10/dist-packages/my_custom_interfaces/my_custom_interfaces_s__rosidl_typesupport_fastrtps_c.cpython-310-x86_64-linux-gnu.so
[1.549s] -- Up-to-date symlink: /home/alaa/ros2_ws/install/my_custom_interfaces/local/lib/python3.10/dist-packages/my_custom_interfaces/my_custom_interfaces_s__rosidl_typesupport_introspection_c.cpython-310-x86_64-linux-gnu.so
[1.562s] -- Up-to-date symlink: /home/alaa/ros2_ws/install/my_custom_interfaces/local/lib/python3.10/dist-packages/my_custom_interfaces/srv/__init__.py
[1.563s] -- Up-to-date symlink: /home/alaa/ros2_ws/install/my_custom_interfaces/local/lib/python3.10/dist-packages/my_custom_interfaces/srv/_add_three_ints.py
[1.563s] -- Up-to-date symlink: /home/alaa/ros2_ws/install/my_custom_interfaces/local/lib/python3.10/dist-packages/my_custom_interfaces/srv/_add_three_ints_s.c
[1.565s] -- Up-to-date symlink: /home/alaa/ros2_ws/install/my_custom_interfaces/local/lib/python3.10/dist-packages/my_custom_interfaces/my_custom_interfaces_s__rosidl_typesupport_fastrtps_c.cpython-310-x86_64-linux-gnu.so
[1.566s] -- Up-to-date symlink: /home/alaa/ros2_ws/install/my_custom_interfaces/local/lib/python3.10/dist-packages/my_custom_interfaces/my_custom_interfaces_s__rosidl_typesupport_introspection_c.cpython-310-x86_64-linux-gnu.so
[1.567s] -- Up-to-date symlink: /home/alaa/ros2_ws/install/my_custom_interfaces/local/lib/python3.10/dist-packages/my_custom_interfaces/my_custom_interfaces_s__rosidl_typesupport_c.cpython-310-x86_64-linux-gnu.so
[1.570s] -- Up-to-date symlink: /home/alaa/ros2_ws/install/my_custom_interfaces/share/my_custom_interfaces/msg/Num.idl
[1.571s] -- Up-to-date symlink: /home/alaa/ros2_ws/install/my_custom_interfaces/share/my_custom_interfaces/msg/Sphere.idl
[1.572s] -- Up-to-date symlink: /home/alaa/ros2_ws/install/my_custom_interfaces/share/my_custom_interfaces/srv/AddThreeInts.idl
[1.573s] -- Up-to-date symlink: /home/alaa/ros2_ws/install/my_custom_interfaces/share/my_custom_interfaces/msg/Num.msg
[1.573s] -- Up-to-date symlink: /home/alaa/ros2_ws/install/my_custom_interfaces/share/my_custom_interfaces/msg/Sphere.msg
[1.574s] -- Up-to-date symlink: /home/alaa/ros2_ws/install/my_custom_interfaces/share/my_custom_interfaces/srv/AddThreeInts.srv
[1.575s] -- Up-to-date symlink: /home/alaa/ros2_ws/install/my_custom_interfaces/share/my_custom_interfaces/srv/AddThreeInts_Request.msg
[1.576s] -- Up-to-date symlink: /home/alaa/ros2_ws/install/my_custom_interfaces/share/my_custom_interfaces/srv/AddThreeInts_Response.msg
[1.576s] -- Up-to-date symlink: /home/alaa/ros2_ws/install/my_custom_interfaces/share/ament_index/resource_index/package_run_dependencies/my_custom_interfaces
[1.579s] -- Up-to-date symlink: /home/alaa/ros2_ws/install/my_custom_interfaces/share/ament_index/resource_index/parent_prefix_path/my_custom_interfaces
[1.580s] -- Up-to-date symlink: /home/alaa/ros2_ws/install/my_custom_interfaces/share/my_custom_interfaces/environment/ament_prefix_path.sh
[1.580s] -- Up-to-date symlink: /home/alaa/ros2_ws/install/my_custom_interfaces/share/my_custom_interfaces/environment/ament_prefix_path.dsv
[1.581s] -- Up-to-date symlink: /home/alaa/ros2_ws/install/my_custom_interfaces/share/my_custom_interfaces/environment/path.sh
[1.582s] -- Up-to-date symlink: /home/alaa/ros2_ws/install/my_custom_interfaces/share/my_custom_interfaces/environment/path.dsv
[1.583s] -- Up-to-date symlink: /home/alaa/ros2_ws/install/my_custom_interfaces/share/my_custom_interfaces/local_setup.bash
[1.584s] -- Up-to-date symlink: /home/alaa/ros2_ws/install/my_custom_interfaces/share/my_custom_interfaces/local_setup.sh
[1.584s] -- Up-to-date symlink: /home/alaa/ros2_ws/install/my_custom_interfaces/share/my_custom_interfaces/local_setup.zsh
[1.585s] -- Up-to-date symlink: /home/alaa/ros2_ws/install/my_custom_interfaces/share/my_custom_interfaces/local_setup.dsv
[1.585s] -- Symlinking: /home/alaa/ros2_ws/install/my_custom_interfaces/share/my_custom_interfaces/package.dsv
[1.608s] -- Up-to-date symlink: /home/alaa/ros2_ws/install/my_custom_interfaces/share/ament_index/resource_index/packages/my_custom_interfaces
[1.609s] -- Up-to-date symlink: /home/alaa/ros2_ws/install/my_custom_interfaces/share/my_custom_interfaces/cmake/rosidl_cmake-extras.cmake
[1.610s] -- Up-to-date symlink: /home/alaa/ros2_ws/install/my_custom_interfaces/share/my_custom_interfaces/cmake/ament_cmake_export_dependencies-extras.cmake
[1.611s] -- Up-to-date symlink: /home/alaa/ros2_ws/install/my_custom_interfaces/share/my_custom_interfaces/cmake/ament_cmake_export_include_directories-extras.cmake
[1.611s] -- Up-to-date symlink: /home/alaa/ros2_ws/install/my_custom_interfaces/share/my_custom_interfaces/cmake/ament_cmake_export_libraries-extras.cmake
[1.612s] -- Up-to-date symlink: /home/alaa/ros2_ws/install/my_custom_interfaces/share/my_custom_interfaces/cmake/ament_cmake_export_targets-extras.cmake
[1.612s] -- Up-to-date symlink: /home/alaa/ros2_ws/install/my_custom_interfaces/share/my_custom_interfaces/cmake/rosidl_cmake_export_typesupport_targets-extras.cmake
[1.613s] -- Up-to-date symlink: /home/alaa/ros2_ws/install/my_custom_interfaces/share/my_custom_interfaces/cmake/rosidl_cmake_export_typesupport_libraries-extras.cmake
[1.613s] -- Up-to-date symlink: /home/alaa/ros2_ws/install/my_custom_interfaces/share/my_custom_interfaces/cmake/my_custom_interfacesConfig.cmake
[1.613s] -- Up-to-date symlink: /home/alaa/ros2_ws/install/my_custom_interfaces/share/my_custom_interfaces/cmake/my_custom_interfacesConfig-version.cmake
[1.614s] -- Up-to-date symlink: /home/alaa/ros2_ws/install/my_custom_interfaces/share/my_custom_interfaces/package.xml
[1.630s] -- Up-to-date: /home/alaa/ros2_ws/install/my_custom_interfaces/lib/libmy_custom_interfaces__rosidl_generator_c.so
[1.632s] -- Up-to-date: /home/alaa/ros2_ws/install/my_custom_interfaces/lib/libmy_custom_interfaces__rosidl_typesupport_fastrtps_c.so
[1.634s] -- Up-to-date: /home/alaa/ros2_ws/install/my_custom_interfaces/lib/libmy_custom_interfaces__rosidl_typesupport_fastrtps_cpp.so
[1.639s] -- Up-to-date: /home/alaa/ros2_ws/install/my_custom_interfaces/lib/libmy_custom_interfaces__rosidl_typesupport_introspection_c.so
[1.641s] -- Up-to-date: /home/alaa/ros2_ws/install/my_custom_interfaces/lib/libmy_custom_interfaces__rosidl_typesupport_c.so
[1.643s] -- Up-to-date: /home/alaa/ros2_ws/install/my_custom_interfaces/lib/libmy_custom_interfaces__rosidl_typesupport_introspection_cpp.so
[1.645s] -- Up-to-date: /home/alaa/ros2_ws/install/my_custom_interfaces/lib/libmy_custom_interfaces__rosidl_typesupport_cpp.so
[1.743s] Listing '/home/alaa/ros2_ws/install/my_custom_interfaces/local/lib/python3.10/dist-packages/my_custom_interfaces'...
[1.744s] Listing '/home/alaa/ros2_ws/install/my_custom_interfaces/local/lib/python3.10/dist-packages/my_custom_interfaces/msg'...
[1.744s] Listing '/home/alaa/ros2_ws/install/my_custom_interfaces/local/lib/python3.10/dist-packages/my_custom_interfaces/srv'...
[1.760s] -- Up-to-date: /home/alaa/ros2_ws/install/my_custom_interfaces/lib/libmy_custom_interfaces__rosidl_generator_py.so
[1.764s] -- Up-to-date: /home/alaa/ros2_ws/install/my_custom_interfaces/share/my_custom_interfaces/cmake/export_my_custom_interfaces__rosidl_generator_cExport.cmake
[1.764s] -- Up-to-date: /home/alaa/ros2_ws/install/my_custom_interfaces/share/my_custom_interfaces/cmake/export_my_custom_interfaces__rosidl_generator_cExport-noconfig.cmake
[1.765s] -- Up-to-date: /home/alaa/ros2_ws/install/my_custom_interfaces/share/my_custom_interfaces/cmake/export_my_custom_interfaces__rosidl_typesupport_fastrtps_cExport.cmake
[1.765s] -- Up-to-date: /home/alaa/ros2_ws/install/my_custom_interfaces/share/my_custom_interfaces/cmake/export_my_custom_interfaces__rosidl_typesupport_fastrtps_cExport-noconfig.cmake
[1.767s] -- Up-to-date: /home/alaa/ros2_ws/install/my_custom_interfaces/share/my_custom_interfaces/cmake/export_my_custom_interfaces__rosidl_generator_cppExport.cmake
[1.767s] -- Up-to-date: /home/alaa/ros2_ws/install/my_custom_interfaces/share/my_custom_interfaces/cmake/export_my_custom_interfaces__rosidl_typesupport_fastrtps_cppExport.cmake
[1.768s] -- Up-to-date: /home/alaa/ros2_ws/install/my_custom_interfaces/share/my_custom_interfaces/cmake/export_my_custom_interfaces__rosidl_typesupport_fastrtps_cppExport-noconfig.cmake
[1.774s] -- Up-to-date: /home/alaa/ros2_ws/install/my_custom_interfaces/share/my_custom_interfaces/cmake/my_custom_interfaces__rosidl_typesupport_introspection_cExport.cmake
[1.775s] -- Up-to-date: /home/alaa/ros2_ws/install/my_custom_interfaces/share/my_custom_interfaces/cmake/my_custom_interfaces__rosidl_typesupport_introspection_cExport-noconfig.cmake
[1.775s] -- Up-to-date: /home/alaa/ros2_ws/install/my_custom_interfaces/share/my_custom_interfaces/cmake/my_custom_interfaces__rosidl_typesupport_cExport.cmake
[1.776s] -- Up-to-date: /home/alaa/ros2_ws/install/my_custom_interfaces/share/my_custom_interfaces/cmake/my_custom_interfaces__rosidl_typesupport_cExport-noconfig.cmake
[1.778s] -- Up-to-date: /home/alaa/ros2_ws/install/my_custom_interfaces/share/my_custom_interfaces/cmake/my_custom_interfaces__rosidl_typesupport_introspection_cppExport.cmake
[1.779s] -- Up-to-date: /home/alaa/ros2_ws/install/my_custom_interfaces/share/my_custom_interfaces/cmake/my_custom_interfaces__rosidl_typesupport_introspection_cppExport-noconfig.cmake
[1.780s] -- Up-to-date: /home/alaa/ros2_ws/install/my_custom_interfaces/share/my_custom_interfaces/cmake/my_custom_interfaces__rosidl_typesupport_cppExport.cmake
[1.780s] -- Up-to-date: /home/alaa/ros2_ws/install/my_custom_interfaces/share/my_custom_interfaces/cmake/my_custom_interfaces__rosidl_typesupport_cppExport-noconfig.cmake
[1.782s] -- Up-to-date: /home/alaa/ros2_ws/install/my_custom_interfaces/share/my_custom_interfaces/cmake/export_my_custom_interfaces__rosidl_generator_pyExport.cmake
[1.782s] -- Up-to-date: /home/alaa/ros2_ws/install/my_custom_interfaces/share/my_custom_interfaces/cmake/export_my_custom_interfaces__rosidl_generator_pyExport-noconfig.cmake
[1.788s] Invoked command in '/home/alaa/ros2_ws/build/my_custom_interfaces' returned '0': CMAKE_PREFIX_PATH=${CMAKE_PREFIX_PATH}:/opt/ros/humble /usr/bin/cmake --install /home/alaa/ros2_ws/build/my_custom_interfaces
