[0.013s] Invoking command in '/home/alaa/ros2_ws/build/more_interfaces': CMAKE_PREFIX_PATH=${CMAKE_PREFIX_PATH}:/opt/ros/humble /usr/bin/cmake --build /home/alaa/ros2_ws/build/more_interfaces -- -j8 -l8
[0.040s] -- Found ament_cmake: 1.3.11 (/opt/ros/humble/share/ament_cmake/cmake)
[0.219s] -- Override CMake install command with custom implementation using symlinks instead of copying resources
[0.228s] -- Found rosidl_default_generators: 1.2.0 (/opt/ros/humble/share/rosidl_default_generators/cmake)
[0.231s] -- Using all available rosidl_typesupport_c: rosidl_typesupport_fastrtps_c;rosidl_typesupport_introspection_c
[0.234s] -- Found rosidl_adapter: 3.1.6 (/opt/ros/humble/share/rosidl_adapter/cmake)
[0.271s] -- Using all available rosidl_typesupport_cpp: rosidl_typesupport_fastrtps_cpp;rosidl_typesupport_introspection_cpp
[0.303s] -- Found rclcpp: 16.0.11 (/opt/ros/humble/share/rclcpp/cmake)
[0.352s] -- Found rmw_implementation_cmake: 6.1.2 (/opt/ros/humble/share/rmw_implementation_cmake/cmake)
[0.354s] -- Found rmw_fastrtps_cpp: 6.2.7 (/opt/ros/humble/share/rmw_fastrtps_cpp/cmake)
[0.472s] -- Using RMW implementation 'rmw_fastrtps_cpp' as default
[0.868s] -- Found ament_cmake_ros: 0.10.0 (/opt/ros/humble/share/ament_cmake_ros/cmake)
[1.087s] -- Using all available rosidl_typesupport_c: rosidl_typesupport_fastrtps_c;rosidl_typesupport_introspection_c
[1.377s] -- Using all available rosidl_typesupport_cpp: rosidl_typesupport_fastrtps_cpp;rosidl_typesupport_introspection_cpp
[1.405s] -- Found python_cmake_module: 0.10.0 (/opt/ros/humble/share/python_cmake_module/cmake)
[1.433s] -- Using PYTHON_EXECUTABLE: /usr/bin/python3
[1.433s] -- Using PYTHON_INCLUDE_DIRS: /usr/include/python3.10
[1.433s] -- Using PYTHON_LIBRARIES: /usr/lib/x86_64-linux-gnu/libpython3.10.so
[1.450s] -- Found ament_lint_auto: 0.12.11 (/opt/ros/humble/share/ament_lint_auto/cmake)
[1.463s] -- Added test 'cppcheck' to perform static code analysis on C / C++ code
[1.463s] -- Configured cppcheck include dirs: 
[1.463s] -- Configured cppcheck exclude dirs and/or files: 
[1.464s] -- Added test 'lint_cmake' to check CMake code style
[1.465s] -- Added test 'uncrustify' to check C / C++ code style
[1.465s] -- Configured uncrustify additional arguments: 
[1.466s] -- Added test 'xmllint' to check XML markup files
[1.469s] -- Configuring done
[1.473s] [31mCMake Error at CMakeLists.txt:26 (add_executable):
[1.473s]   Cannot find source file:
[1.473s] 
[1.473s]     src/address_book_publisher.cpp
[1.473s] 
[1.473s]   Tried extensions .c .C .c++ .cc .cpp .cxx .cu .mpp .m .M .mm .ixx .cppm .h
[1.473s]   .hh .h++ .hm .hpp .hxx .in .txx .f .F .for .f77 .f90 .f95 .f03 .hip .ispc
[1.473s] 
[1.473s] [0m
[1.475s] [31mCMake Error at CMakeLists.txt:26 (add_executable):
[1.475s]   No SOURCES given to target: address_book_publisher
[1.475s] 
[1.475s] [0m
[1.475s] [0mCMake Generate step failed.  Build files cannot be regenerated correctly.[0m
[1.483s] gmake: *** [Makefile:747: cmake_check_build_system] Error 1
[1.485s] Invoked command in '/home/alaa/ros2_ws/build/more_interfaces' returned '2': CMAKE_PREFIX_PATH=${CMAKE_PREFIX_PATH}:/opt/ros/humble /usr/bin/cmake --build /home/alaa/ros2_ws/build/more_interfaces -- -j8 -l8
