[0.017s] Invoking command in '/home/alaa/ros2_ws/build/my_custom_interfaces': CMAKE_PREFIX_PATH=${CMAKE_PREFIX_PATH}:/opt/ros/humble /usr/bin/cmake --build /home/alaa/ros2_ws/build/my_custom_interfaces -- -j8 -l8
[0.080s] [ 10%] Built target my_custom_interfaces__rosidl_generator_c
[0.089s] [ 12%] Built target my_custom_interfaces__cpp
[0.093s] [ 12%] Built target ament_cmake_python_symlink_my_custom_interfaces
[0.127s] [ 23%] Built target my_custom_interfaces__rosidl_typesupport_introspection_c
[0.133s] [ 34%] Built target my_custom_interfaces__rosidl_typesupport_fastrtps_c
[0.134s] [ 44%] Built target my_custom_interfaces__rosidl_typesupport_c
[0.140s] [ 65%] Built target my_custom_interfaces__rosidl_typesupport_cpp
[0.141s] [ 65%] Built target my_custom_interfaces__rosidl_typesupport_introspection_cpp
[0.141s] [ 76%] Built target my_custom_interfaces__rosidl_typesupport_fastrtps_cpp
[0.175s] [ 76%] Built target my_custom_interfaces
[0.202s] [ 78%] Built target my_custom_interfaces__py
[0.229s] [ 87%] Built target my_custom_interfaces__rosidl_generator_py
[0.271s] [ 91%] Built target my_custom_interfaces__rosidl_typesupport_introspection_c__pyext
[0.271s] [ 95%] Built target my_custom_interfaces__rosidl_typesupport_fastrtps_c__pyext
[0.277s] [100%] Built target my_custom_interfaces__rosidl_typesupport_c__pyext
[0.469s] running egg_info
[0.470s] writing my_custom_interfaces.egg-info/PKG-INFO
[0.470s] writing dependency_links to my_custom_interfaces.egg-info/dependency_links.txt
[0.470s] writing top-level names to my_custom_interfaces.egg-info/top_level.txt
[0.474s] reading manifest file 'my_custom_interfaces.egg-info/SOURCES.txt'
[0.475s] writing manifest file 'my_custom_interfaces.egg-info/SOURCES.txt'
[0.511s] [100%] Built target ament_cmake_python_build_my_custom_interfaces_egg
[0.526s] Invoked command in '/home/alaa/ros2_ws/build/my_custom_interfaces' returned '0': CMAKE_PREFIX_PATH=${CMAKE_PREFIX_PATH}:/opt/ros/humble /usr/bin/cmake --build /home/alaa/ros2_ws/build/my_custom_interfaces -- -j8 -l8
[0.539s] Invoking command in '/home/alaa/ros2_ws/build/my_custom_interfaces': CMAKE_PREFIX_PATH=${CMAKE_PREFIX_PATH}:/opt/ros/humble /usr/bin/cmake --install /home/alaa/ros2_ws/build/my_custom_interfaces
[0.547s] -- Install configuration: ""
[0.548s] -- Execute custom install script
[0.548s] -- Up-to-date symlink: /home/alaa/ros2_ws/install/my_custom_interfaces/share/ament_index/resource_index/rosidl_interfaces/my_custom_interfaces
[0.549s] -- Up-to-date symlink: /home/alaa/ros2_ws/install/my_custom_interfaces/include/my_custom_interfaces/my_custom_interfaces/msg/detail/num__functions.h
[0.549s] -- Up-to-date symlink: /home/alaa/ros2_ws/install/my_custom_interfaces/include/my_custom_interfaces/my_custom_interfaces/msg/detail/num__struct.h
[0.549s] -- Up-to-date symlink: /home/alaa/ros2_ws/install/my_custom_interfaces/include/my_custom_interfaces/my_custom_interfaces/msg/detail/num__type_support.h
[0.549s] -- Up-to-date symlink: /home/alaa/ros2_ws/install/my_custom_interfaces/include/my_custom_interfaces/my_custom_interfaces/msg/detail/sphere__functions.h
[0.549s] -- Up-to-date symlink: /home/alaa/ros2_ws/install/my_custom_interfaces/include/my_custom_interfaces/my_custom_interfaces/msg/detail/sphere__struct.h
[0.549s] -- Up-to-date symlink: /home/alaa/ros2_ws/install/my_custom_interfaces/include/my_custom_interfaces/my_custom_interfaces/msg/detail/sphere__type_support.h
[0.550s] -- Up-to-date symlink: /home/alaa/ros2_ws/install/my_custom_interfaces/include/my_custom_interfaces/my_custom_interfaces/msg/num.h
[0.550s] -- Up-to-date symlink: /home/alaa/ros2_ws/install/my_custom_interfaces/include/my_custom_interfaces/my_custom_interfaces/msg/rosidl_generator_c__visibility_control.h
[0.550s] -- Up-to-date symlink: /home/alaa/ros2_ws/install/my_custom_interfaces/include/my_custom_interfaces/my_custom_interfaces/msg/sphere.h
[0.550s] -- Up-to-date symlink: /home/alaa/ros2_ws/install/my_custom_interfaces/include/my_custom_interfaces/my_custom_interfaces/srv/add_three_ints.h
[0.550s] -- Up-to-date symlink: /home/alaa/ros2_ws/install/my_custom_interfaces/include/my_custom_interfaces/my_custom_interfaces/srv/detail/add_three_ints__functions.h
[0.550s] -- Up-to-date symlink: /home/alaa/ros2_ws/install/my_custom_interfaces/include/my_custom_interfaces/my_custom_interfaces/srv/detail/add_three_ints__struct.h
[0.550s] -- Up-to-date symlink: /home/alaa/ros2_ws/install/my_custom_interfaces/include/my_custom_interfaces/my_custom_interfaces/srv/detail/add_three_ints__type_support.h
[0.550s] -- Up-to-date symlink: /home/alaa/ros2_ws/install/my_custom_interfaces/share/my_custom_interfaces/environment/library_path.sh
[0.551s] -- Up-to-date symlink: /home/alaa/ros2_ws/install/my_custom_interfaces/share/my_custom_interfaces/environment/library_path.dsv
[0.551s] -- Up-to-date symlink: /home/alaa/ros2_ws/install/my_custom_interfaces/include/my_custom_interfaces/my_custom_interfaces/msg/detail/num__rosidl_typesupport_fastrtps_c.h
[0.551s] -- Up-to-date symlink: /home/alaa/ros2_ws/install/my_custom_interfaces/include/my_custom_interfaces/my_custom_interfaces/msg/detail/sphere__rosidl_typesupport_fastrtps_c.h
[0.552s] -- Up-to-date symlink: /home/alaa/ros2_ws/install/my_custom_interfaces/include/my_custom_interfaces/my_custom_interfaces/msg/rosidl_typesupport_fastrtps_c__visibility_control.h
[0.552s] -- Up-to-date symlink: /home/alaa/ros2_ws/install/my_custom_interfaces/include/my_custom_interfaces/my_custom_interfaces/srv/detail/add_three_ints__rosidl_typesupport_fastrtps_c.h
[0.552s] -- Up-to-date symlink: /home/alaa/ros2_ws/install/my_custom_interfaces/include/my_custom_interfaces/my_custom_interfaces/msg/detail/num__builder.hpp
[0.552s] -- Up-to-date symlink: /home/alaa/ros2_ws/install/my_custom_interfaces/include/my_custom_interfaces/my_custom_interfaces/msg/detail/num__struct.hpp
[0.553s] -- Up-to-date symlink: /home/alaa/ros2_ws/install/my_custom_interfaces/include/my_custom_interfaces/my_custom_interfaces/msg/detail/num__traits.hpp
[0.553s] -- Up-to-date symlink: /home/alaa/ros2_ws/install/my_custom_interfaces/include/my_custom_interfaces/my_custom_interfaces/msg/detail/num__type_support.hpp
[0.553s] -- Up-to-date symlink: /home/alaa/ros2_ws/install/my_custom_interfaces/include/my_custom_interfaces/my_custom_interfaces/msg/detail/sphere__builder.hpp
[0.553s] -- Up-to-date symlink: /home/alaa/ros2_ws/install/my_custom_interfaces/include/my_custom_interfaces/my_custom_interfaces/msg/detail/sphere__struct.hpp
[0.553s] -- Up-to-date symlink: /home/alaa/ros2_ws/install/my_custom_interfaces/include/my_custom_interfaces/my_custom_interfaces/msg/detail/sphere__traits.hpp
[0.553s] -- Up-to-date symlink: /home/alaa/ros2_ws/install/my_custom_interfaces/include/my_custom_interfaces/my_custom_interfaces/msg/detail/sphere__type_support.hpp
[0.554s] -- Up-to-date symlink: /home/alaa/ros2_ws/install/my_custom_interfaces/include/my_custom_interfaces/my_custom_interfaces/msg/num.hpp
[0.554s] -- Up-to-date symlink: /home/alaa/ros2_ws/install/my_custom_interfaces/include/my_custom_interfaces/my_custom_interfaces/msg/rosidl_generator_cpp__visibility_control.hpp
[0.554s] -- Up-to-date symlink: /home/alaa/ros2_ws/install/my_custom_interfaces/include/my_custom_interfaces/my_custom_interfaces/msg/sphere.hpp
[0.554s] -- Up-to-date symlink: /home/alaa/ros2_ws/install/my_custom_interfaces/include/my_custom_interfaces/my_custom_interfaces/srv/add_three_ints.hpp
[0.554s] -- Up-to-date symlink: /home/alaa/ros2_ws/install/my_custom_interfaces/include/my_custom_interfaces/my_custom_interfaces/srv/detail/add_three_ints__builder.hpp
[0.554s] -- Up-to-date symlink: /home/alaa/ros2_ws/install/my_custom_interfaces/include/my_custom_interfaces/my_custom_interfaces/srv/detail/add_three_ints__struct.hpp
[0.554s] -- Up-to-date symlink: /home/alaa/ros2_ws/install/my_custom_interfaces/include/my_custom_interfaces/my_custom_interfaces/srv/detail/add_three_ints__traits.hpp
[0.555s] -- Up-to-date symlink: /home/alaa/ros2_ws/install/my_custom_interfaces/include/my_custom_interfaces/my_custom_interfaces/srv/detail/add_three_ints__type_support.hpp
[0.555s] -- Up-to-date symlink: /home/alaa/ros2_ws/install/my_custom_interfaces/include/my_custom_interfaces/my_custom_interfaces/msg/detail/num__rosidl_typesupport_fastrtps_cpp.hpp
[0.555s] -- Up-to-date symlink: /home/alaa/ros2_ws/install/my_custom_interfaces/include/my_custom_interfaces/my_custom_interfaces/msg/detail/sphere__rosidl_typesupport_fastrtps_cpp.hpp
[0.555s] -- Up-to-date symlink: /home/alaa/ros2_ws/install/my_custom_interfaces/include/my_custom_interfaces/my_custom_interfaces/msg/rosidl_typesupport_fastrtps_cpp__visibility_control.h
[0.556s] -- Up-to-date symlink: /home/alaa/ros2_ws/install/my_custom_interfaces/include/my_custom_interfaces/my_custom_interfaces/srv/detail/add_three_ints__rosidl_typesupport_fastrtps_cpp.hpp
[0.556s] -- Up-to-date symlink: /home/alaa/ros2_ws/install/my_custom_interfaces/include/my_custom_interfaces/my_custom_interfaces/msg/detail/num__rosidl_typesupport_introspection_c.h
[0.556s] -- Up-to-date symlink: /home/alaa/ros2_ws/install/my_custom_interfaces/include/my_custom_interfaces/my_custom_interfaces/msg/detail/sphere__rosidl_typesupport_introspection_c.h
[0.556s] -- Up-to-date symlink: /home/alaa/ros2_ws/install/my_custom_interfaces/include/my_custom_interfaces/my_custom_interfaces/msg/rosidl_typesupport_introspection_c__visibility_control.h
[0.557s] -- Up-to-date symlink: /home/alaa/ros2_ws/install/my_custom_interfaces/include/my_custom_interfaces/my_custom_interfaces/srv/detail/add_three_ints__rosidl_typesupport_introspection_c.h
[0.557s] -- Up-to-date symlink: /home/alaa/ros2_ws/install/my_custom_interfaces/include/my_custom_interfaces/my_custom_interfaces/msg/detail/num__rosidl_typesupport_introspection_cpp.hpp
[0.557s] -- Up-to-date symlink: /home/alaa/ros2_ws/install/my_custom_interfaces/include/my_custom_interfaces/my_custom_interfaces/msg/detail/sphere__rosidl_typesupport_introspection_cpp.hpp
[0.557s] -- Up-to-date symlink: /home/alaa/ros2_ws/install/my_custom_interfaces/include/my_custom_interfaces/my_custom_interfaces/srv/detail/add_three_ints__rosidl_typesupport_introspection_cpp.hpp
[0.558s] -- Up-to-date symlink: /home/alaa/ros2_ws/install/my_custom_interfaces/share/my_custom_interfaces/environment/pythonpath.sh
[0.558s] -- Up-to-date symlink: /home/alaa/ros2_ws/install/my_custom_interfaces/share/my_custom_interfaces/environment/pythonpath.dsv
[0.558s] -- Up-to-date symlink: /home/alaa/ros2_ws/install/my_custom_interfaces/local/lib/python3.10/dist-packages/my_custom_interfaces-0.0.0-py3.10.egg-info/PKG-INFO
[0.558s] -- Up-to-date symlink: /home/alaa/ros2_ws/install/my_custom_interfaces/local/lib/python3.10/dist-packages/my_custom_interfaces-0.0.0-py3.10.egg-info/SOURCES.txt
[0.558s] -- Up-to-date symlink: /home/alaa/ros2_ws/install/my_custom_interfaces/local/lib/python3.10/dist-packages/my_custom_interfaces-0.0.0-py3.10.egg-info/dependency_links.txt
[0.559s] -- Up-to-date symlink: /home/alaa/ros2_ws/install/my_custom_interfaces/local/lib/python3.10/dist-packages/my_custom_interfaces-0.0.0-py3.10.egg-info/top_level.txt
[0.559s] -- Up-to-date symlink: /home/alaa/ros2_ws/install/my_custom_interfaces/local/lib/python3.10/dist-packages/my_custom_interfaces/__init__.py
[0.560s] -- Up-to-date symlink: /home/alaa/ros2_ws/install/my_custom_interfaces/local/lib/python3.10/dist-packages/my_custom_interfaces/_my_custom_interfaces_s.ep.rosidl_typesupport_c.c
[0.560s] -- Up-to-date symlink: /home/alaa/ros2_ws/install/my_custom_interfaces/local/lib/python3.10/dist-packages/my_custom_interfaces/_my_custom_interfaces_s.ep.rosidl_typesupport_fastrtps_c.c
[0.560s] -- Up-to-date symlink: /home/alaa/ros2_ws/install/my_custom_interfaces/local/lib/python3.10/dist-packages/my_custom_interfaces/_my_custom_interfaces_s.ep.rosidl_typesupport_introspection_c.c
[0.560s] -- Up-to-date symlink: /home/alaa/ros2_ws/install/my_custom_interfaces/local/lib/python3.10/dist-packages/my_custom_interfaces/libmy_custom_interfaces__rosidl_generator_py.so
[0.560s] -- Up-to-date symlink: /home/alaa/ros2_ws/install/my_custom_interfaces/local/lib/python3.10/dist-packages/my_custom_interfaces/msg/__init__.py
[0.560s] -- Up-to-date symlink: /home/alaa/ros2_ws/install/my_custom_interfaces/local/lib/python3.10/dist-packages/my_custom_interfaces/msg/_num.py
[0.561s] -- Up-to-date symlink: /home/alaa/ros2_ws/install/my_custom_interfaces/local/lib/python3.10/dist-packages/my_custom_interfaces/msg/_num_s.c
[0.561s] -- Up-to-date symlink: /home/alaa/ros2_ws/install/my_custom_interfaces/local/lib/python3.10/dist-packages/my_custom_interfaces/msg/_sphere.py
[0.561s] -- Up-to-date symlink: /home/alaa/ros2_ws/install/my_custom_interfaces/local/lib/python3.10/dist-packages/my_custom_interfaces/msg/_sphere_s.c
[0.561s] -- Up-to-date symlink: /home/alaa/ros2_ws/install/my_custom_interfaces/local/lib/python3.10/dist-packages/my_custom_interfaces/my_custom_interfaces_s__rosidl_typesupport_c.cpython-310-x86_64-linux-gnu.so
[0.561s] -- Up-to-date symlink: /home/alaa/ros2_ws/install/my_custom_interfaces/local/lib/python3.10/dist-packages/my_custom_interfaces/my_custom_interfaces_s__rosidl_typesupport_fastrtps_c.cpython-310-x86_64-linux-gnu.so
[0.561s] -- Up-to-date symlink: /home/alaa/ros2_ws/install/my_custom_interfaces/local/lib/python3.10/dist-packages/my_custom_interfaces/my_custom_interfaces_s__rosidl_typesupport_introspection_c.cpython-310-x86_64-linux-gnu.so
[0.561s] -- Up-to-date symlink: /home/alaa/ros2_ws/install/my_custom_interfaces/local/lib/python3.10/dist-packages/my_custom_interfaces/srv/__init__.py
[0.562s] -- Up-to-date symlink: /home/alaa/ros2_ws/install/my_custom_interfaces/local/lib/python3.10/dist-packages/my_custom_interfaces/srv/_add_three_ints.py
[0.562s] -- Up-to-date symlink: /home/alaa/ros2_ws/install/my_custom_interfaces/local/lib/python3.10/dist-packages/my_custom_interfaces/srv/_add_three_ints_s.c
[0.562s] -- Up-to-date symlink: /home/alaa/ros2_ws/install/my_custom_interfaces/local/lib/python3.10/dist-packages/my_custom_interfaces/my_custom_interfaces_s__rosidl_typesupport_fastrtps_c.cpython-310-x86_64-linux-gnu.so
[0.562s] -- Up-to-date symlink: /home/alaa/ros2_ws/install/my_custom_interfaces/local/lib/python3.10/dist-packages/my_custom_interfaces/my_custom_interfaces_s__rosidl_typesupport_introspection_c.cpython-310-x86_64-linux-gnu.so
[0.563s] -- Up-to-date symlink: /home/alaa/ros2_ws/install/my_custom_interfaces/local/lib/python3.10/dist-packages/my_custom_interfaces/my_custom_interfaces_s__rosidl_typesupport_c.cpython-310-x86_64-linux-gnu.so
[0.563s] -- Up-to-date symlink: /home/alaa/ros2_ws/install/my_custom_interfaces/share/my_custom_interfaces/msg/Num.idl
[0.563s] -- Up-to-date symlink: /home/alaa/ros2_ws/install/my_custom_interfaces/share/my_custom_interfaces/msg/Sphere.idl
[0.563s] -- Up-to-date symlink: /home/alaa/ros2_ws/install/my_custom_interfaces/share/my_custom_interfaces/srv/AddThreeInts.idl
[0.564s] -- Up-to-date symlink: /home/alaa/ros2_ws/install/my_custom_interfaces/share/my_custom_interfaces/msg/Num.msg
[0.564s] -- Up-to-date symlink: /home/alaa/ros2_ws/install/my_custom_interfaces/share/my_custom_interfaces/msg/Sphere.msg
[0.564s] -- Up-to-date symlink: /home/alaa/ros2_ws/install/my_custom_interfaces/share/my_custom_interfaces/srv/AddThreeInts.srv
[0.564s] -- Up-to-date symlink: /home/alaa/ros2_ws/install/my_custom_interfaces/share/my_custom_interfaces/srv/AddThreeInts_Request.msg
[0.564s] -- Up-to-date symlink: /home/alaa/ros2_ws/install/my_custom_interfaces/share/my_custom_interfaces/srv/AddThreeInts_Response.msg
[0.565s] -- Up-to-date symlink: /home/alaa/ros2_ws/install/my_custom_interfaces/share/ament_index/resource_index/package_run_dependencies/my_custom_interfaces
[0.565s] -- Up-to-date symlink: /home/alaa/ros2_ws/install/my_custom_interfaces/share/ament_index/resource_index/parent_prefix_path/my_custom_interfaces
[0.565s] -- Up-to-date symlink: /home/alaa/ros2_ws/install/my_custom_interfaces/share/my_custom_interfaces/environment/ament_prefix_path.sh
[0.565s] -- Up-to-date symlink: /home/alaa/ros2_ws/install/my_custom_interfaces/share/my_custom_interfaces/environment/ament_prefix_path.dsv
[0.565s] -- Up-to-date symlink: /home/alaa/ros2_ws/install/my_custom_interfaces/share/my_custom_interfaces/environment/path.sh
[0.566s] -- Up-to-date symlink: /home/alaa/ros2_ws/install/my_custom_interfaces/share/my_custom_interfaces/environment/path.dsv
[0.566s] -- Up-to-date symlink: /home/alaa/ros2_ws/install/my_custom_interfaces/share/my_custom_interfaces/local_setup.bash
[0.566s] -- Up-to-date symlink: /home/alaa/ros2_ws/install/my_custom_interfaces/share/my_custom_interfaces/local_setup.sh
[0.566s] -- Up-to-date symlink: /home/alaa/ros2_ws/install/my_custom_interfaces/share/my_custom_interfaces/local_setup.zsh
[0.566s] -- Up-to-date symlink: /home/alaa/ros2_ws/install/my_custom_interfaces/share/my_custom_interfaces/local_setup.dsv
[0.567s] -- Symlinking: /home/alaa/ros2_ws/install/my_custom_interfaces/share/my_custom_interfaces/package.dsv
[0.577s] -- Up-to-date symlink: /home/alaa/ros2_ws/install/my_custom_interfaces/share/ament_index/resource_index/packages/my_custom_interfaces
[0.577s] -- Up-to-date symlink: /home/alaa/ros2_ws/install/my_custom_interfaces/share/my_custom_interfaces/cmake/rosidl_cmake-extras.cmake
[0.577s] -- Up-to-date symlink: /home/alaa/ros2_ws/install/my_custom_interfaces/share/my_custom_interfaces/cmake/ament_cmake_export_dependencies-extras.cmake
[0.578s] -- Up-to-date symlink: /home/alaa/ros2_ws/install/my_custom_interfaces/share/my_custom_interfaces/cmake/ament_cmake_export_include_directories-extras.cmake
[0.578s] -- Up-to-date symlink: /home/alaa/ros2_ws/install/my_custom_interfaces/share/my_custom_interfaces/cmake/ament_cmake_export_libraries-extras.cmake
[0.578s] -- Up-to-date symlink: /home/alaa/ros2_ws/install/my_custom_interfaces/share/my_custom_interfaces/cmake/ament_cmake_export_targets-extras.cmake
[0.578s] -- Up-to-date symlink: /home/alaa/ros2_ws/install/my_custom_interfaces/share/my_custom_interfaces/cmake/rosidl_cmake_export_typesupport_targets-extras.cmake
[0.578s] -- Up-to-date symlink: /home/alaa/ros2_ws/install/my_custom_interfaces/share/my_custom_interfaces/cmake/rosidl_cmake_export_typesupport_libraries-extras.cmake
[0.579s] -- Up-to-date symlink: /home/alaa/ros2_ws/install/my_custom_interfaces/share/my_custom_interfaces/cmake/my_custom_interfacesConfig.cmake
[0.579s] -- Up-to-date symlink: /home/alaa/ros2_ws/install/my_custom_interfaces/share/my_custom_interfaces/cmake/my_custom_interfacesConfig-version.cmake
[0.579s] -- Up-to-date symlink: /home/alaa/ros2_ws/install/my_custom_interfaces/share/my_custom_interfaces/package.xml
[0.579s] -- Up-to-date: /home/alaa/ros2_ws/install/my_custom_interfaces/lib/libmy_custom_interfaces__rosidl_generator_c.so
[0.580s] -- Up-to-date: /home/alaa/ros2_ws/install/my_custom_interfaces/lib/libmy_custom_interfaces__rosidl_typesupport_fastrtps_c.so
[0.580s] -- Up-to-date: /home/alaa/ros2_ws/install/my_custom_interfaces/lib/libmy_custom_interfaces__rosidl_typesupport_fastrtps_cpp.so
[0.580s] -- Up-to-date: /home/alaa/ros2_ws/install/my_custom_interfaces/lib/libmy_custom_interfaces__rosidl_typesupport_introspection_c.so
[0.580s] -- Up-to-date: /home/alaa/ros2_ws/install/my_custom_interfaces/lib/libmy_custom_interfaces__rosidl_typesupport_c.so
[0.581s] -- Up-to-date: /home/alaa/ros2_ws/install/my_custom_interfaces/lib/libmy_custom_interfaces__rosidl_typesupport_introspection_cpp.so
[0.581s] -- Up-to-date: /home/alaa/ros2_ws/install/my_custom_interfaces/lib/libmy_custom_interfaces__rosidl_typesupport_cpp.so
[0.622s] Listing '/home/alaa/ros2_ws/install/my_custom_interfaces/local/lib/python3.10/dist-packages/my_custom_interfaces'...
[0.622s] Listing '/home/alaa/ros2_ws/install/my_custom_interfaces/local/lib/python3.10/dist-packages/my_custom_interfaces/msg'...
[0.622s] Listing '/home/alaa/ros2_ws/install/my_custom_interfaces/local/lib/python3.10/dist-packages/my_custom_interfaces/srv'...
[0.629s] -- Up-to-date: /home/alaa/ros2_ws/install/my_custom_interfaces/lib/libmy_custom_interfaces__rosidl_generator_py.so
[0.629s] -- Up-to-date: /home/alaa/ros2_ws/install/my_custom_interfaces/share/my_custom_interfaces/cmake/export_my_custom_interfaces__rosidl_generator_cExport.cmake
[0.629s] -- Up-to-date: /home/alaa/ros2_ws/install/my_custom_interfaces/share/my_custom_interfaces/cmake/export_my_custom_interfaces__rosidl_generator_cExport-noconfig.cmake
[0.630s] -- Up-to-date: /home/alaa/ros2_ws/install/my_custom_interfaces/share/my_custom_interfaces/cmake/export_my_custom_interfaces__rosidl_typesupport_fastrtps_cExport.cmake
[0.630s] -- Up-to-date: /home/alaa/ros2_ws/install/my_custom_interfaces/share/my_custom_interfaces/cmake/export_my_custom_interfaces__rosidl_typesupport_fastrtps_cExport-noconfig.cmake
[0.630s] -- Up-to-date: /home/alaa/ros2_ws/install/my_custom_interfaces/share/my_custom_interfaces/cmake/export_my_custom_interfaces__rosidl_generator_cppExport.cmake
[0.630s] -- Up-to-date: /home/alaa/ros2_ws/install/my_custom_interfaces/share/my_custom_interfaces/cmake/export_my_custom_interfaces__rosidl_typesupport_fastrtps_cppExport.cmake
[0.630s] -- Up-to-date: /home/alaa/ros2_ws/install/my_custom_interfaces/share/my_custom_interfaces/cmake/export_my_custom_interfaces__rosidl_typesupport_fastrtps_cppExport-noconfig.cmake
[0.630s] -- Up-to-date: /home/alaa/ros2_ws/install/my_custom_interfaces/share/my_custom_interfaces/cmake/my_custom_interfaces__rosidl_typesupport_introspection_cExport.cmake
[0.631s] -- Up-to-date: /home/alaa/ros2_ws/install/my_custom_interfaces/share/my_custom_interfaces/cmake/my_custom_interfaces__rosidl_typesupport_introspection_cExport-noconfig.cmake
[0.631s] -- Up-to-date: /home/alaa/ros2_ws/install/my_custom_interfaces/share/my_custom_interfaces/cmake/my_custom_interfaces__rosidl_typesupport_cExport.cmake
[0.631s] -- Up-to-date: /home/alaa/ros2_ws/install/my_custom_interfaces/share/my_custom_interfaces/cmake/my_custom_interfaces__rosidl_typesupport_cExport-noconfig.cmake
[0.631s] -- Up-to-date: /home/alaa/ros2_ws/install/my_custom_interfaces/share/my_custom_interfaces/cmake/my_custom_interfaces__rosidl_typesupport_introspection_cppExport.cmake
[0.631s] -- Up-to-date: /home/alaa/ros2_ws/install/my_custom_interfaces/share/my_custom_interfaces/cmake/my_custom_interfaces__rosidl_typesupport_introspection_cppExport-noconfig.cmake
[0.631s] -- Up-to-date: /home/alaa/ros2_ws/install/my_custom_interfaces/share/my_custom_interfaces/cmake/my_custom_interfaces__rosidl_typesupport_cppExport.cmake
[0.632s] -- Up-to-date: /home/alaa/ros2_ws/install/my_custom_interfaces/share/my_custom_interfaces/cmake/my_custom_interfaces__rosidl_typesupport_cppExport-noconfig.cmake
[0.632s] -- Up-to-date: /home/alaa/ros2_ws/install/my_custom_interfaces/share/my_custom_interfaces/cmake/export_my_custom_interfaces__rosidl_generator_pyExport.cmake
[0.632s] -- Up-to-date: /home/alaa/ros2_ws/install/my_custom_interfaces/share/my_custom_interfaces/cmake/export_my_custom_interfaces__rosidl_generator_pyExport-noconfig.cmake
[0.634s] Invoked command in '/home/alaa/ros2_ws/build/my_custom_interfaces' returned '0': CMAKE_PREFIX_PATH=${CMAKE_PREFIX_PATH}:/opt/ros/humble /usr/bin/cmake --install /home/alaa/ros2_ws/build/my_custom_interfaces
