[ 50%] Built target client_node
[100%] Built target service_node
-- Install configuration: ""
-- Execute custom install script
-- Up-to-date symlink: /home/alaa/ros2_ws/install/cpp_service_demo/lib/cpp_service_demo/service_node
-- Up-to-date symlink: /home/alaa/ros2_ws/install/cpp_service_demo/lib/cpp_service_demo/client_node
-- Up-to-date symlink: /home/alaa/ros2_ws/install/cpp_service_demo/share/ament_index/resource_index/package_run_dependencies/cpp_service_demo
-- Up-to-date symlink: /home/alaa/ros2_ws/install/cpp_service_demo/share/ament_index/resource_index/parent_prefix_path/cpp_service_demo
-- Up-to-date symlink: /home/alaa/ros2_ws/install/cpp_service_demo/share/cpp_service_demo/environment/ament_prefix_path.sh
-- Up-to-date symlink: /home/alaa/ros2_ws/install/cpp_service_demo/share/cpp_service_demo/environment/ament_prefix_path.dsv
-- Up-to-date symlink: /home/alaa/ros2_ws/install/cpp_service_demo/share/cpp_service_demo/environment/path.sh
-- Up-to-date symlink: /home/alaa/ros2_ws/install/cpp_service_demo/share/cpp_service_demo/environment/path.dsv
-- Up-to-date symlink: /home/alaa/ros2_ws/install/cpp_service_demo/share/cpp_service_demo/local_setup.bash
-- Up-to-date symlink: /home/alaa/ros2_ws/install/cpp_service_demo/share/cpp_service_demo/local_setup.sh
-- Up-to-date symlink: /home/alaa/ros2_ws/install/cpp_service_demo/share/cpp_service_demo/local_setup.zsh
-- Up-to-date symlink: /home/alaa/ros2_ws/install/cpp_service_demo/share/cpp_service_demo/local_setup.dsv
-- Symlinking: /home/alaa/ros2_ws/install/cpp_service_demo/share/cpp_service_demo/package.dsv
-- Up-to-date symlink: /home/alaa/ros2_ws/install/cpp_service_demo/share/ament_index/resource_index/packages/cpp_service_demo
-- Up-to-date symlink: /home/alaa/ros2_ws/install/cpp_service_demo/share/cpp_service_demo/cmake/cpp_service_demoConfig.cmake
-- Up-to-date symlink: /home/alaa/ros2_ws/install/cpp_service_demo/share/cpp_service_demo/cmake/cpp_service_demoConfig-version.cmake
-- Up-to-date symlink: /home/alaa/ros2_ws/install/cpp_service_demo/share/cpp_service_demo/package.xml
