[0.013s] Invoking command in '/home/alaa/ros2_ws/build/cpp_service_demo': CMAKE_PREFIX_PATH=${CMAKE_PREFIX_PATH}:/opt/ros/humble /usr/bin/cmake --build /home/alaa/ros2_ws/build/cpp_service_demo -- -j8 -l8
[0.073s] [ 50%] Built target client_node
[0.079s] [100%] Built target service_node
[0.104s] Invoked command in '/home/alaa/ros2_ws/build/cpp_service_demo' returned '0': CMAKE_PREFIX_PATH=${CMAKE_PREFIX_PATH}:/opt/ros/humble /usr/bin/cmake --build /home/alaa/ros2_ws/build/cpp_service_demo -- -j8 -l8
[0.114s] Invoking command in '/home/alaa/ros2_ws/build/cpp_service_demo': CMAKE_PREFIX_PATH=${CMAKE_PREFIX_PATH}:/opt/ros/humble /usr/bin/cmake --install /home/alaa/ros2_ws/build/cpp_service_demo
[0.122s] -- Install configuration: ""
[0.123s] -- Execute custom install script
[0.123s] -- Up-to-date symlink: /home/alaa/ros2_ws/install/cpp_service_demo/lib/cpp_service_demo/service_node
[0.123s] -- Up-to-date symlink: /home/alaa/ros2_ws/install/cpp_service_demo/lib/cpp_service_demo/client_node
[0.123s] -- Up-to-date symlink: /home/alaa/ros2_ws/install/cpp_service_demo/share/ament_index/resource_index/package_run_dependencies/cpp_service_demo
[0.124s] -- Up-to-date symlink: /home/alaa/ros2_ws/install/cpp_service_demo/share/ament_index/resource_index/parent_prefix_path/cpp_service_demo
[0.124s] -- Up-to-date symlink: /home/alaa/ros2_ws/install/cpp_service_demo/share/cpp_service_demo/environment/ament_prefix_path.sh
[0.124s] -- Up-to-date symlink: /home/alaa/ros2_ws/install/cpp_service_demo/share/cpp_service_demo/environment/ament_prefix_path.dsv
[0.124s] -- Up-to-date symlink: /home/alaa/ros2_ws/install/cpp_service_demo/share/cpp_service_demo/environment/path.sh
[0.124s] -- Up-to-date symlink: /home/alaa/ros2_ws/install/cpp_service_demo/share/cpp_service_demo/environment/path.dsv
[0.125s] -- Up-to-date symlink: /home/alaa/ros2_ws/install/cpp_service_demo/share/cpp_service_demo/local_setup.bash
[0.125s] -- Up-to-date symlink: /home/alaa/ros2_ws/install/cpp_service_demo/share/cpp_service_demo/local_setup.sh
[0.125s] -- Up-to-date symlink: /home/alaa/ros2_ws/install/cpp_service_demo/share/cpp_service_demo/local_setup.zsh
[0.125s] -- Up-to-date symlink: /home/alaa/ros2_ws/install/cpp_service_demo/share/cpp_service_demo/local_setup.dsv
[0.125s] -- Symlinking: /home/alaa/ros2_ws/install/cpp_service_demo/share/cpp_service_demo/package.dsv
[0.136s] -- Up-to-date symlink: /home/alaa/ros2_ws/install/cpp_service_demo/share/ament_index/resource_index/packages/cpp_service_demo
[0.136s] -- Up-to-date symlink: /home/alaa/ros2_ws/install/cpp_service_demo/share/cpp_service_demo/cmake/cpp_service_demoConfig.cmake
[0.136s] -- Up-to-date symlink: /home/alaa/ros2_ws/install/cpp_service_demo/share/cpp_service_demo/cmake/cpp_service_demoConfig-version.cmake
[0.137s] -- Up-to-date symlink: /home/alaa/ros2_ws/install/cpp_service_demo/share/cpp_service_demo/package.xml
[0.139s] Invoked command in '/home/alaa/ros2_ws/build/cpp_service_demo' returned '0': CMAKE_PREFIX_PATH=${CMAKE_PREFIX_PATH}:/opt/ros/humble /usr/bin/cmake --install /home/alaa/ros2_ws/build/cpp_service_demo
