[0.136s] DEBUG:colcon:Command line arguments: ['/usr/bin/colcon', 'build', '--symlink-install']
[0.136s] DEBUG:colcon:Parsed command line arguments: Namespace(log_base=None, log_level=None, verb_name='build', build_base='build', install_base='install', merge_install=False, symlink_install=True, test_result_base=None, continue_on_error=False, executor='parallel', parallel_workers=8, event_handlers=None, ignore_user_meta=False, metas=['./colcon.meta'], base_paths=['.'], packages_ignore=None, packages_ignore_regex=None, paths=None, packages_up_to=None, packages_up_to_regex=None, packages_above=None, packages_above_and_dependencies=None, packages_above_depth=None, packages_select_by_dep=None, packages_skip_by_dep=None, packages_skip_up_to=None, packages_select_build_failed=False, packages_skip_build_finished=False, packages_select_test_failures=False, packages_skip_test_passed=False, packages_select=None, packages_skip=None, packages_select_regex=None, packages_skip_regex=None, packages_start=None, packages_end=None, allow_overriding=[], cmake_args=None, cmake_target=None, cmake_target_skip_unavailable=False, cmake_clean_cache=False, cmake_clean_first=False, cmake_force_configure=False, ament_cmake_args=None, catkin_cmake_args=None, catkin_skip_building_tests=False, verb_parser=<colcon_defaults.argument_parser.defaults.DefaultArgumentsDecorator object at 0x73680b2e7580>, verb_extension=<colcon_core.verb.build.BuildVerb object at 0x73680b4d0e80>, main=<bound method BuildVerb.main of <colcon_core.verb.build.BuildVerb object at 0x73680b4d0e80>>)
[0.346s] Level 1:colcon.colcon_core.package_discovery:discover_packages(colcon_meta) check parameters
[0.346s] Level 1:colcon.colcon_core.package_discovery:discover_packages(recursive) check parameters
[0.346s] Level 1:colcon.colcon_core.package_discovery:discover_packages(ignore) check parameters
[0.346s] Level 1:colcon.colcon_core.package_discovery:discover_packages(path) check parameters
[0.346s] Level 1:colcon.colcon_core.package_discovery:discover_packages(colcon_meta) discover
[0.346s] Level 1:colcon.colcon_core.package_discovery:discover_packages(recursive) discover
[0.346s] INFO:colcon.colcon_core.package_discovery:Crawling recursively for packages in '/home/alaa/ros2_ws'
[0.347s] Level 1:colcon.colcon_core.package_identification:_identify(.) by extensions ['ignore', 'ignore_ament_install']
[0.347s] Level 1:colcon.colcon_core.package_identification:_identify(.) by extension 'ignore'
[0.347s] Level 1:colcon.colcon_core.package_identification:_identify(.) by extension 'ignore_ament_install'
[0.347s] Level 1:colcon.colcon_core.package_identification:_identify(.) by extensions ['colcon_pkg']
[0.347s] Level 1:colcon.colcon_core.package_identification:_identify(.) by extension 'colcon_pkg'
[0.347s] Level 1:colcon.colcon_core.package_identification:_identify(.) by extensions ['colcon_meta']
[0.347s] Level 1:colcon.colcon_core.package_identification:_identify(.) by extension 'colcon_meta'
[0.347s] Level 1:colcon.colcon_core.package_identification:_identify(.) by extensions ['ros']
[0.347s] Level 1:colcon.colcon_core.package_identification:_identify(.) by extension 'ros'
[0.361s] Level 1:colcon.colcon_core.package_identification:_identify(.) by extensions ['cmake', 'python']
[0.362s] Level 1:colcon.colcon_core.package_identification:_identify(.) by extension 'cmake'
[0.362s] Level 1:colcon.colcon_core.package_identification:_identify(.) by extension 'python'
[0.362s] Level 1:colcon.colcon_core.package_identification:_identify(.) by extensions ['python_setup_py']
[0.362s] Level 1:colcon.colcon_core.package_identification:_identify(.) by extension 'python_setup_py'
[0.362s] Level 1:colcon.colcon_core.package_identification:_identify(build) by extensions ['ignore', 'ignore_ament_install']
[0.362s] Level 1:colcon.colcon_core.package_identification:_identify(build) by extension 'ignore'
[0.362s] Level 1:colcon.colcon_core.package_identification:_identify(build) ignored
[0.362s] Level 1:colcon.colcon_core.package_identification:_identify(install) by extensions ['ignore', 'ignore_ament_install']
[0.362s] Level 1:colcon.colcon_core.package_identification:_identify(install) by extension 'ignore'
[0.362s] Level 1:colcon.colcon_core.package_identification:_identify(install) ignored
[0.363s] Level 1:colcon.colcon_core.package_identification:_identify(log) by extensions ['ignore', 'ignore_ament_install']
[0.363s] Level 1:colcon.colcon_core.package_identification:_identify(log) by extension 'ignore'
[0.363s] Level 1:colcon.colcon_core.package_identification:_identify(log) ignored
[0.363s] Level 1:colcon.colcon_core.package_identification:_identify(src) by extensions ['ignore', 'ignore_ament_install']
[0.363s] Level 1:colcon.colcon_core.package_identification:_identify(src) by extension 'ignore'
[0.363s] Level 1:colcon.colcon_core.package_identification:_identify(src) by extension 'ignore_ament_install'
[0.363s] Level 1:colcon.colcon_core.package_identification:_identify(src) by extensions ['colcon_pkg']
[0.363s] Level 1:colcon.colcon_core.package_identification:_identify(src) by extension 'colcon_pkg'
[0.363s] Level 1:colcon.colcon_core.package_identification:_identify(src) by extensions ['colcon_meta']
[0.363s] Level 1:colcon.colcon_core.package_identification:_identify(src) by extension 'colcon_meta'
[0.363s] Level 1:colcon.colcon_core.package_identification:_identify(src) by extensions ['ros']
[0.363s] Level 1:colcon.colcon_core.package_identification:_identify(src) by extension 'ros'
[0.363s] Level 1:colcon.colcon_core.package_identification:_identify(src) by extensions ['cmake', 'python']
[0.363s] Level 1:colcon.colcon_core.package_identification:_identify(src) by extension 'cmake'
[0.364s] Level 1:colcon.colcon_core.package_identification:_identify(src) by extension 'python'
[0.364s] Level 1:colcon.colcon_core.package_identification:_identify(src) by extensions ['python_setup_py']
[0.364s] Level 1:colcon.colcon_core.package_identification:_identify(src) by extension 'python_setup_py'
[0.364s] Level 1:colcon.colcon_core.package_identification:_identify(src/cpp_pubsub) by extensions ['ignore', 'ignore_ament_install']
[0.364s] Level 1:colcon.colcon_core.package_identification:_identify(src/cpp_pubsub) by extension 'ignore'
[0.364s] Level 1:colcon.colcon_core.package_identification:_identify(src/cpp_pubsub) by extension 'ignore_ament_install'
[0.364s] Level 1:colcon.colcon_core.package_identification:_identify(src/cpp_pubsub) by extensions ['colcon_pkg']
[0.364s] Level 1:colcon.colcon_core.package_identification:_identify(src/cpp_pubsub) by extension 'colcon_pkg'
[0.364s] Level 1:colcon.colcon_core.package_identification:_identify(src/cpp_pubsub) by extensions ['colcon_meta']
[0.364s] Level 1:colcon.colcon_core.package_identification:_identify(src/cpp_pubsub) by extension 'colcon_meta'
[0.364s] Level 1:colcon.colcon_core.package_identification:_identify(src/cpp_pubsub) by extensions ['ros']
[0.364s] Level 1:colcon.colcon_core.package_identification:_identify(src/cpp_pubsub) by extension 'ros'
[0.367s] DEBUG:colcon.colcon_core.package_identification:Package 'src/cpp_pubsub' with type 'ros.ament_cmake' and name 'cpp_pubsub'
[0.368s] Level 1:colcon.colcon_core.package_identification:_identify(src/cpp_service_demo) by extensions ['ignore', 'ignore_ament_install']
[0.368s] Level 1:colcon.colcon_core.package_identification:_identify(src/cpp_service_demo) by extension 'ignore'
[0.368s] Level 1:colcon.colcon_core.package_identification:_identify(src/cpp_service_demo) by extension 'ignore_ament_install'
[0.368s] Level 1:colcon.colcon_core.package_identification:_identify(src/cpp_service_demo) by extensions ['colcon_pkg']
[0.368s] Level 1:colcon.colcon_core.package_identification:_identify(src/cpp_service_demo) by extension 'colcon_pkg'
[0.368s] Level 1:colcon.colcon_core.package_identification:_identify(src/cpp_service_demo) by extensions ['colcon_meta']
[0.368s] Level 1:colcon.colcon_core.package_identification:_identify(src/cpp_service_demo) by extension 'colcon_meta'
[0.368s] Level 1:colcon.colcon_core.package_identification:_identify(src/cpp_service_demo) by extensions ['ros']
[0.368s] Level 1:colcon.colcon_core.package_identification:_identify(src/cpp_service_demo) by extension 'ros'
[0.369s] DEBUG:colcon.colcon_core.package_identification:Package 'src/cpp_service_demo' with type 'ros.ament_cmake' and name 'cpp_service_demo'
[0.369s] Level 1:colcon.colcon_core.package_identification:_identify(src/more_interfaces) by extensions ['ignore', 'ignore_ament_install']
[0.369s] Level 1:colcon.colcon_core.package_identification:_identify(src/more_interfaces) by extension 'ignore'
[0.370s] Level 1:colcon.colcon_core.package_identification:_identify(src/more_interfaces) by extension 'ignore_ament_install'
[0.370s] Level 1:colcon.colcon_core.package_identification:_identify(src/more_interfaces) by extensions ['colcon_pkg']
[0.370s] Level 1:colcon.colcon_core.package_identification:_identify(src/more_interfaces) by extension 'colcon_pkg'
[0.370s] Level 1:colcon.colcon_core.package_identification:_identify(src/more_interfaces) by extensions ['colcon_meta']
[0.370s] Level 1:colcon.colcon_core.package_identification:_identify(src/more_interfaces) by extension 'colcon_meta'
[0.370s] Level 1:colcon.colcon_core.package_identification:_identify(src/more_interfaces) by extensions ['ros']
[0.370s] Level 1:colcon.colcon_core.package_identification:_identify(src/more_interfaces) by extension 'ros'
[0.371s] DEBUG:colcon.colcon_core.package_identification:Package 'src/more_interfaces' with type 'ros.ament_cmake' and name 'more_interfaces'
[0.371s] Level 1:colcon.colcon_core.package_identification:_identify(src/my_custom_interfaces) by extensions ['ignore', 'ignore_ament_install']
[0.371s] Level 1:colcon.colcon_core.package_identification:_identify(src/my_custom_interfaces) by extension 'ignore'
[0.371s] Level 1:colcon.colcon_core.package_identification:_identify(src/my_custom_interfaces) by extension 'ignore_ament_install'
[0.371s] Level 1:colcon.colcon_core.package_identification:_identify(src/my_custom_interfaces) by extensions ['colcon_pkg']
[0.371s] Level 1:colcon.colcon_core.package_identification:_identify(src/my_custom_interfaces) by extension 'colcon_pkg'
[0.371s] Level 1:colcon.colcon_core.package_identification:_identify(src/my_custom_interfaces) by extensions ['colcon_meta']
[0.371s] Level 1:colcon.colcon_core.package_identification:_identify(src/my_custom_interfaces) by extension 'colcon_meta'
[0.371s] Level 1:colcon.colcon_core.package_identification:_identify(src/my_custom_interfaces) by extensions ['ros']
[0.371s] Level 1:colcon.colcon_core.package_identification:_identify(src/my_custom_interfaces) by extension 'ros'
[0.372s] DEBUG:colcon.colcon_core.package_identification:Package 'src/my_custom_interfaces' with type 'ros.ament_cmake' and name 'my_custom_interfaces'
[0.372s] Level 1:colcon.colcon_core.package_discovery:discover_packages(recursive) using defaults
[0.372s] Level 1:colcon.colcon_core.package_discovery:discover_packages(ignore) discover
[0.372s] Level 1:colcon.colcon_core.package_discovery:discover_packages(ignore) using defaults
[0.372s] Level 1:colcon.colcon_core.package_discovery:discover_packages(path) discover
[0.372s] Level 1:colcon.colcon_core.package_discovery:discover_packages(path) using defaults
[0.398s] Level 1:colcon.colcon_core.package_discovery:discover_packages(prefix_path) check parameters
[0.398s] Level 1:colcon.colcon_core.package_discovery:discover_packages(prefix_path) discover
[0.400s] DEBUG:colcon.colcon_installed_package_information.package_discovery:Found 4 installed packages in /home/alaa/ros2_ws/install
[0.402s] DEBUG:colcon.colcon_installed_package_information.package_discovery:Found 271 installed packages in /opt/ros/humble
[0.404s] Level 1:colcon.colcon_core.package_discovery:discover_packages(prefix_path) using defaults
[0.463s] Level 5:colcon.colcon_core.verb:set package 'more_interfaces' build argument 'cmake_args' from command line to 'None'
[0.463s] Level 5:colcon.colcon_core.verb:set package 'more_interfaces' build argument 'cmake_target' from command line to 'None'
[0.463s] Level 5:colcon.colcon_core.verb:set package 'more_interfaces' build argument 'cmake_target_skip_unavailable' from command line to 'False'
[0.463s] Level 5:colcon.colcon_core.verb:set package 'more_interfaces' build argument 'cmake_clean_cache' from command line to 'False'
[0.463s] Level 5:colcon.colcon_core.verb:set package 'more_interfaces' build argument 'cmake_clean_first' from command line to 'False'
[0.463s] Level 5:colcon.colcon_core.verb:set package 'more_interfaces' build argument 'cmake_force_configure' from command line to 'False'
[0.463s] Level 5:colcon.colcon_core.verb:set package 'more_interfaces' build argument 'ament_cmake_args' from command line to 'None'
[0.463s] Level 5:colcon.colcon_core.verb:set package 'more_interfaces' build argument 'catkin_cmake_args' from command line to 'None'
[0.463s] Level 5:colcon.colcon_core.verb:set package 'more_interfaces' build argument 'catkin_skip_building_tests' from command line to 'False'
[0.463s] DEBUG:colcon.colcon_core.verb:Building package 'more_interfaces' with the following arguments: {'ament_cmake_args': None, 'build_base': '/home/alaa/ros2_ws/build/more_interfaces', 'catkin_cmake_args': None, 'catkin_skip_building_tests': False, 'cmake_args': None, 'cmake_clean_cache': False, 'cmake_clean_first': False, 'cmake_force_configure': False, 'cmake_target': None, 'cmake_target_skip_unavailable': False, 'install_base': '/home/alaa/ros2_ws/install/more_interfaces', 'merge_install': False, 'path': '/home/alaa/ros2_ws/src/more_interfaces', 'symlink_install': True, 'test_result_base': None}
[0.464s] Level 5:colcon.colcon_core.verb:set package 'my_custom_interfaces' build argument 'cmake_args' from command line to 'None'
[0.464s] Level 5:colcon.colcon_core.verb:set package 'my_custom_interfaces' build argument 'cmake_target' from command line to 'None'
[0.464s] Level 5:colcon.colcon_core.verb:set package 'my_custom_interfaces' build argument 'cmake_target_skip_unavailable' from command line to 'False'
[0.464s] Level 5:colcon.colcon_core.verb:set package 'my_custom_interfaces' build argument 'cmake_clean_cache' from command line to 'False'
[0.464s] Level 5:colcon.colcon_core.verb:set package 'my_custom_interfaces' build argument 'cmake_clean_first' from command line to 'False'
[0.464s] Level 5:colcon.colcon_core.verb:set package 'my_custom_interfaces' build argument 'cmake_force_configure' from command line to 'False'
[0.464s] Level 5:colcon.colcon_core.verb:set package 'my_custom_interfaces' build argument 'ament_cmake_args' from command line to 'None'
[0.464s] Level 5:colcon.colcon_core.verb:set package 'my_custom_interfaces' build argument 'catkin_cmake_args' from command line to 'None'
[0.464s] Level 5:colcon.colcon_core.verb:set package 'my_custom_interfaces' build argument 'catkin_skip_building_tests' from command line to 'False'
[0.464s] DEBUG:colcon.colcon_core.verb:Building package 'my_custom_interfaces' with the following arguments: {'ament_cmake_args': None, 'build_base': '/home/alaa/ros2_ws/build/my_custom_interfaces', 'catkin_cmake_args': None, 'catkin_skip_building_tests': False, 'cmake_args': None, 'cmake_clean_cache': False, 'cmake_clean_first': False, 'cmake_force_configure': False, 'cmake_target': None, 'cmake_target_skip_unavailable': False, 'install_base': '/home/alaa/ros2_ws/install/my_custom_interfaces', 'merge_install': False, 'path': '/home/alaa/ros2_ws/src/my_custom_interfaces', 'symlink_install': True, 'test_result_base': None}
[0.464s] Level 5:colcon.colcon_core.verb:set package 'cpp_pubsub' build argument 'cmake_args' from command line to 'None'
[0.464s] Level 5:colcon.colcon_core.verb:set package 'cpp_pubsub' build argument 'cmake_target' from command line to 'None'
[0.464s] Level 5:colcon.colcon_core.verb:set package 'cpp_pubsub' build argument 'cmake_target_skip_unavailable' from command line to 'False'
[0.464s] Level 5:colcon.colcon_core.verb:set package 'cpp_pubsub' build argument 'cmake_clean_cache' from command line to 'False'
[0.464s] Level 5:colcon.colcon_core.verb:set package 'cpp_pubsub' build argument 'cmake_clean_first' from command line to 'False'
[0.464s] Level 5:colcon.colcon_core.verb:set package 'cpp_pubsub' build argument 'cmake_force_configure' from command line to 'False'
[0.465s] Level 5:colcon.colcon_core.verb:set package 'cpp_pubsub' build argument 'ament_cmake_args' from command line to 'None'
[0.465s] Level 5:colcon.colcon_core.verb:set package 'cpp_pubsub' build argument 'catkin_cmake_args' from command line to 'None'
[0.465s] Level 5:colcon.colcon_core.verb:set package 'cpp_pubsub' build argument 'catkin_skip_building_tests' from command line to 'False'
[0.465s] DEBUG:colcon.colcon_core.verb:Building package 'cpp_pubsub' with the following arguments: {'ament_cmake_args': None, 'build_base': '/home/alaa/ros2_ws/build/cpp_pubsub', 'catkin_cmake_args': None, 'catkin_skip_building_tests': False, 'cmake_args': None, 'cmake_clean_cache': False, 'cmake_clean_first': False, 'cmake_force_configure': False, 'cmake_target': None, 'cmake_target_skip_unavailable': False, 'install_base': '/home/alaa/ros2_ws/install/cpp_pubsub', 'merge_install': False, 'path': '/home/alaa/ros2_ws/src/cpp_pubsub', 'symlink_install': True, 'test_result_base': None}
[0.465s] Level 5:colcon.colcon_core.verb:set package 'cpp_service_demo' build argument 'cmake_args' from command line to 'None'
[0.465s] Level 5:colcon.colcon_core.verb:set package 'cpp_service_demo' build argument 'cmake_target' from command line to 'None'
[0.465s] Level 5:colcon.colcon_core.verb:set package 'cpp_service_demo' build argument 'cmake_target_skip_unavailable' from command line to 'False'
[0.465s] Level 5:colcon.colcon_core.verb:set package 'cpp_service_demo' build argument 'cmake_clean_cache' from command line to 'False'
[0.465s] Level 5:colcon.colcon_core.verb:set package 'cpp_service_demo' build argument 'cmake_clean_first' from command line to 'False'
[0.465s] Level 5:colcon.colcon_core.verb:set package 'cpp_service_demo' build argument 'cmake_force_configure' from command line to 'False'
[0.465s] Level 5:colcon.colcon_core.verb:set package 'cpp_service_demo' build argument 'ament_cmake_args' from command line to 'None'
[0.465s] Level 5:colcon.colcon_core.verb:set package 'cpp_service_demo' build argument 'catkin_cmake_args' from command line to 'None'
[0.465s] Level 5:colcon.colcon_core.verb:set package 'cpp_service_demo' build argument 'catkin_skip_building_tests' from command line to 'False'
[0.465s] DEBUG:colcon.colcon_core.verb:Building package 'cpp_service_demo' with the following arguments: {'ament_cmake_args': None, 'build_base': '/home/alaa/ros2_ws/build/cpp_service_demo', 'catkin_cmake_args': None, 'catkin_skip_building_tests': False, 'cmake_args': None, 'cmake_clean_cache': False, 'cmake_clean_first': False, 'cmake_force_configure': False, 'cmake_target': None, 'cmake_target_skip_unavailable': False, 'install_base': '/home/alaa/ros2_ws/install/cpp_service_demo', 'merge_install': False, 'path': '/home/alaa/ros2_ws/src/cpp_service_demo', 'symlink_install': True, 'test_result_base': None}
[0.466s] INFO:colcon.colcon_core.executor:Executing jobs using 'parallel' executor
[0.467s] DEBUG:colcon.colcon_parallel_executor.executor.parallel:run_until_complete
[0.467s] INFO:colcon.colcon_ros.task.ament_cmake.build:Building ROS package in '/home/alaa/ros2_ws/src/my_custom_interfaces' with build type 'ament_cmake'
[0.467s] INFO:colcon.colcon_cmake.task.cmake.build:Building CMake package in '/home/alaa/ros2_ws/src/my_custom_interfaces'
[0.470s] INFO:colcon.colcon_core.plugin_system:Skipping extension 'colcon_core.shell.bat': Not used on non-Windows systems
[0.470s] INFO:colcon.colcon_core.shell:Skip shell extension 'powershell' for command environment: Not usable outside of PowerShell
[0.470s] DEBUG:colcon.colcon_core.shell:Skip shell extension 'dsv' for command environment
[0.474s] INFO:colcon.colcon_ros.task.ament_cmake.build:Building ROS package in '/home/alaa/ros2_ws/src/more_interfaces' with build type 'ament_cmake'
[0.474s] INFO:colcon.colcon_cmake.task.cmake.build:Building CMake package in '/home/alaa/ros2_ws/src/more_interfaces'
[0.474s] INFO:colcon.colcon_core.shell:Skip shell extension 'powershell' for command environment: Not usable outside of PowerShell
[0.474s] DEBUG:colcon.colcon_core.shell:Skip shell extension 'dsv' for command environment
[0.483s] DEBUG:colcon.colcon_core.event_handler.log_command:Invoking command in '/home/alaa/ros2_ws/build/my_custom_interfaces': CMAKE_PREFIX_PATH=${CMAKE_PREFIX_PATH}:/opt/ros/humble /usr/bin/cmake --build /home/alaa/ros2_ws/build/my_custom_interfaces -- -j8 -l8
[0.489s] DEBUG:colcon.colcon_core.event_handler.log_command:Invoking command in '/home/alaa/ros2_ws/build/more_interfaces': CMAKE_PREFIX_PATH=${CMAKE_PREFIX_PATH}:/opt/ros/humble /usr/bin/cmake --build /home/alaa/ros2_ws/build/more_interfaces -- -j8 -l8
[0.944s] DEBUG:colcon.colcon_core.event_handler.log_command:Invoked command in '/home/alaa/ros2_ws/build/my_custom_interfaces' returned '0': CMAKE_PREFIX_PATH=${CMAKE_PREFIX_PATH}:/opt/ros/humble /usr/bin/cmake --build /home/alaa/ros2_ws/build/my_custom_interfaces -- -j8 -l8
[0.955s] DEBUG:colcon.colcon_core.event_handler.log_command:Invoking command in '/home/alaa/ros2_ws/build/my_custom_interfaces': CMAKE_PREFIX_PATH=${CMAKE_PREFIX_PATH}:/opt/ros/humble /usr/bin/cmake --install /home/alaa/ros2_ws/build/my_custom_interfaces
[1.044s] Level 1:colcon.colcon_core.environment:create_environment_scripts_only(my_custom_interfaces)
[1.045s] DEBUG:colcon.colcon_core.event_handler.log_command:Invoked command in '/home/alaa/ros2_ws/build/my_custom_interfaces' returned '0': CMAKE_PREFIX_PATH=${CMAKE_PREFIX_PATH}:/opt/ros/humble /usr/bin/cmake --install /home/alaa/ros2_ws/build/my_custom_interfaces
[1.048s] Level 1:colcon.colcon_core.environment:checking '/home/alaa/ros2_ws/install/my_custom_interfaces' for CMake module files
[1.048s] Level 1:colcon.colcon_core.environment:checking '/home/alaa/ros2_ws/install/my_custom_interfaces' for CMake config files
[1.049s] Level 1:colcon.colcon_core.shell:create_environment_hook('my_custom_interfaces', 'cmake_prefix_path')
[1.050s] INFO:colcon.colcon_core.shell:Creating environment hook '/home/alaa/ros2_ws/install/my_custom_interfaces/share/my_custom_interfaces/hook/cmake_prefix_path.ps1'
[1.050s] INFO:colcon.colcon_core.shell:Creating environment descriptor '/home/alaa/ros2_ws/install/my_custom_interfaces/share/my_custom_interfaces/hook/cmake_prefix_path.dsv'
[1.051s] INFO:colcon.colcon_core.shell:Creating environment hook '/home/alaa/ros2_ws/install/my_custom_interfaces/share/my_custom_interfaces/hook/cmake_prefix_path.sh'
[1.052s] Level 1:colcon.colcon_core.environment:checking '/home/alaa/ros2_ws/install/my_custom_interfaces/lib'
[1.052s] Level 1:colcon.colcon_core.shell:create_environment_hook('my_custom_interfaces', 'ld_library_path_lib')
[1.053s] INFO:colcon.colcon_core.shell:Creating environment hook '/home/alaa/ros2_ws/install/my_custom_interfaces/share/my_custom_interfaces/hook/ld_library_path_lib.ps1'
[1.053s] INFO:colcon.colcon_core.shell:Creating environment descriptor '/home/alaa/ros2_ws/install/my_custom_interfaces/share/my_custom_interfaces/hook/ld_library_path_lib.dsv'
[1.053s] INFO:colcon.colcon_core.shell:Creating environment hook '/home/alaa/ros2_ws/install/my_custom_interfaces/share/my_custom_interfaces/hook/ld_library_path_lib.sh'
[1.054s] Level 1:colcon.colcon_core.environment:checking '/home/alaa/ros2_ws/install/my_custom_interfaces/bin'
[1.054s] Level 1:colcon.colcon_core.environment:checking '/home/alaa/ros2_ws/install/my_custom_interfaces/lib/pkgconfig/my_custom_interfaces.pc'
[1.054s] Level 1:colcon.colcon_core.environment:checking '/home/alaa/ros2_ws/install/my_custom_interfaces/lib/python3.10/site-packages'
[1.055s] Level 1:colcon.colcon_core.environment:checking '/home/alaa/ros2_ws/install/my_custom_interfaces/bin'
[1.055s] INFO:colcon.colcon_core.shell:Creating package script '/home/alaa/ros2_ws/install/my_custom_interfaces/share/my_custom_interfaces/package.ps1'
[1.056s] INFO:colcon.colcon_core.shell:Creating package descriptor '/home/alaa/ros2_ws/install/my_custom_interfaces/share/my_custom_interfaces/package.dsv'
[1.057s] INFO:colcon.colcon_core.shell:Creating package script '/home/alaa/ros2_ws/install/my_custom_interfaces/share/my_custom_interfaces/package.sh'
[1.058s] INFO:colcon.colcon_core.shell:Creating package script '/home/alaa/ros2_ws/install/my_custom_interfaces/share/my_custom_interfaces/package.bash'
[1.059s] INFO:colcon.colcon_core.shell:Creating package script '/home/alaa/ros2_ws/install/my_custom_interfaces/share/my_custom_interfaces/package.zsh'
[1.060s] Level 1:colcon.colcon_core.environment:create_file_with_runtime_dependencies(/home/alaa/ros2_ws/install/my_custom_interfaces/share/colcon-core/packages/my_custom_interfaces)
[1.060s] Level 1:colcon.colcon_core.environment:create_environment_scripts_only(my_custom_interfaces)
[1.061s] Level 1:colcon.colcon_core.environment:checking '/home/alaa/ros2_ws/install/my_custom_interfaces' for CMake module files
[1.061s] Level 1:colcon.colcon_core.environment:checking '/home/alaa/ros2_ws/install/my_custom_interfaces' for CMake config files
[1.062s] Level 1:colcon.colcon_core.shell:create_environment_hook('my_custom_interfaces', 'cmake_prefix_path')
[1.063s] INFO:colcon.colcon_core.shell:Creating environment hook '/home/alaa/ros2_ws/install/my_custom_interfaces/share/my_custom_interfaces/hook/cmake_prefix_path.ps1'
[1.063s] INFO:colcon.colcon_core.shell:Creating environment descriptor '/home/alaa/ros2_ws/install/my_custom_interfaces/share/my_custom_interfaces/hook/cmake_prefix_path.dsv'
[1.064s] INFO:colcon.colcon_core.shell:Creating environment hook '/home/alaa/ros2_ws/install/my_custom_interfaces/share/my_custom_interfaces/hook/cmake_prefix_path.sh'
[1.064s] Level 1:colcon.colcon_core.environment:checking '/home/alaa/ros2_ws/install/my_custom_interfaces/lib'
[1.064s] Level 1:colcon.colcon_core.shell:create_environment_hook('my_custom_interfaces', 'ld_library_path_lib')
[1.065s] INFO:colcon.colcon_core.shell:Creating environment hook '/home/alaa/ros2_ws/install/my_custom_interfaces/share/my_custom_interfaces/hook/ld_library_path_lib.ps1'
[1.065s] INFO:colcon.colcon_core.shell:Creating environment descriptor '/home/alaa/ros2_ws/install/my_custom_interfaces/share/my_custom_interfaces/hook/ld_library_path_lib.dsv'
[1.066s] INFO:colcon.colcon_core.shell:Creating environment hook '/home/alaa/ros2_ws/install/my_custom_interfaces/share/my_custom_interfaces/hook/ld_library_path_lib.sh'
[1.066s] Level 1:colcon.colcon_core.environment:checking '/home/alaa/ros2_ws/install/my_custom_interfaces/bin'
[1.066s] Level 1:colcon.colcon_core.environment:checking '/home/alaa/ros2_ws/install/my_custom_interfaces/lib/pkgconfig/my_custom_interfaces.pc'
[1.066s] Level 1:colcon.colcon_core.environment:checking '/home/alaa/ros2_ws/install/my_custom_interfaces/lib/python3.10/site-packages'
[1.067s] Level 1:colcon.colcon_core.environment:checking '/home/alaa/ros2_ws/install/my_custom_interfaces/bin'
[1.067s] INFO:colcon.colcon_core.shell:Creating package script '/home/alaa/ros2_ws/install/my_custom_interfaces/share/my_custom_interfaces/package.ps1'
[1.068s] INFO:colcon.colcon_core.shell:Creating package descriptor '/home/alaa/ros2_ws/install/my_custom_interfaces/share/my_custom_interfaces/package.dsv'
[1.069s] INFO:colcon.colcon_core.shell:Creating package script '/home/alaa/ros2_ws/install/my_custom_interfaces/share/my_custom_interfaces/package.sh'
[1.069s] INFO:colcon.colcon_core.shell:Creating package script '/home/alaa/ros2_ws/install/my_custom_interfaces/share/my_custom_interfaces/package.bash'
[1.070s] INFO:colcon.colcon_core.shell:Creating package script '/home/alaa/ros2_ws/install/my_custom_interfaces/share/my_custom_interfaces/package.zsh'
[1.070s] Level 1:colcon.colcon_core.environment:create_file_with_runtime_dependencies(/home/alaa/ros2_ws/install/my_custom_interfaces/share/colcon-core/packages/my_custom_interfaces)
[1.071s] INFO:colcon.colcon_ros.task.ament_cmake.build:Building ROS package in '/home/alaa/ros2_ws/src/cpp_pubsub' with build type 'ament_cmake'
[1.071s] INFO:colcon.colcon_cmake.task.cmake.build:Building CMake package in '/home/alaa/ros2_ws/src/cpp_pubsub'
[1.071s] INFO:colcon.colcon_core.shell:Skip shell extension 'powershell' for command environment: Not usable outside of PowerShell
[1.071s] DEBUG:colcon.colcon_core.shell:Skip shell extension 'dsv' for command environment
[1.075s] INFO:colcon.colcon_ros.task.ament_cmake.build:Building ROS package in '/home/alaa/ros2_ws/src/cpp_service_demo' with build type 'ament_cmake'
[1.076s] INFO:colcon.colcon_cmake.task.cmake.build:Building CMake package in '/home/alaa/ros2_ws/src/cpp_service_demo'
[1.076s] INFO:colcon.colcon_core.shell:Skip shell extension 'powershell' for command environment: Not usable outside of PowerShell
[1.076s] DEBUG:colcon.colcon_core.shell:Skip shell extension 'dsv' for command environment
[1.086s] DEBUG:colcon.colcon_core.event_handler.log_command:Invoking command in '/home/alaa/ros2_ws/build/cpp_pubsub': CMAKE_PREFIX_PATH=/home/alaa/ros2_ws/install/my_custom_interfaces:/home/alaa/ros2_ws/install/more_interfaces:/home/alaa/ros2_ws/install/cpp_service_demo:/home/alaa/ros2_ws/install/cpp_pubsub:/opt/ros/humble LD_LIBRARY_PATH=/home/alaa/ros2_ws/install/my_custom_interfaces/lib:/home/alaa/ros2_ws/install/more_interfaces/lib:/opt/ros/humble/opt/rviz_ogre_vendor/lib:/opt/ros/humble/lib/x86_64-linux-gnu:/opt/ros/humble/lib /usr/bin/cmake --build /home/alaa/ros2_ws/build/cpp_pubsub -- -j8 -l8
[1.091s] DEBUG:colcon.colcon_core.event_handler.log_command:Invoking command in '/home/alaa/ros2_ws/build/cpp_service_demo': CMAKE_PREFIX_PATH=/home/alaa/ros2_ws/install/my_custom_interfaces:/home/alaa/ros2_ws/install/more_interfaces:/home/alaa/ros2_ws/install/cpp_service_demo:/home/alaa/ros2_ws/install/cpp_pubsub:/opt/ros/humble LD_LIBRARY_PATH=/home/alaa/ros2_ws/install/my_custom_interfaces/lib:/home/alaa/ros2_ws/install/more_interfaces/lib:/opt/ros/humble/opt/rviz_ogre_vendor/lib:/opt/ros/humble/lib/x86_64-linux-gnu:/opt/ros/humble/lib /usr/bin/cmake --build /home/alaa/ros2_ws/build/cpp_service_demo -- -j8 -l8
[1.185s] DEBUG:colcon.colcon_core.event_handler.log_command:Invoked command in '/home/alaa/ros2_ws/build/cpp_pubsub' returned '0': CMAKE_PREFIX_PATH=/home/alaa/ros2_ws/install/my_custom_interfaces:/home/alaa/ros2_ws/install/more_interfaces:/home/alaa/ros2_ws/install/cpp_service_demo:/home/alaa/ros2_ws/install/cpp_pubsub:/opt/ros/humble LD_LIBRARY_PATH=/home/alaa/ros2_ws/install/my_custom_interfaces/lib:/home/alaa/ros2_ws/install/more_interfaces/lib:/opt/ros/humble/opt/rviz_ogre_vendor/lib:/opt/ros/humble/lib/x86_64-linux-gnu:/opt/ros/humble/lib /usr/bin/cmake --build /home/alaa/ros2_ws/build/cpp_pubsub -- -j8 -l8
[1.187s] DEBUG:colcon.colcon_core.event_handler.log_command:Invoking command in '/home/alaa/ros2_ws/build/cpp_pubsub': CMAKE_PREFIX_PATH=/home/alaa/ros2_ws/install/my_custom_interfaces:/home/alaa/ros2_ws/install/more_interfaces:/home/alaa/ros2_ws/install/cpp_service_demo:/home/alaa/ros2_ws/install/cpp_pubsub:/opt/ros/humble LD_LIBRARY_PATH=/home/alaa/ros2_ws/install/my_custom_interfaces/lib:/home/alaa/ros2_ws/install/more_interfaces/lib:/opt/ros/humble/opt/rviz_ogre_vendor/lib:/opt/ros/humble/lib/x86_64-linux-gnu:/opt/ros/humble/lib /usr/bin/cmake --install /home/alaa/ros2_ws/build/cpp_pubsub
[1.188s] DEBUG:colcon.colcon_core.event_handler.log_command:Invoked command in '/home/alaa/ros2_ws/build/cpp_service_demo' returned '0': CMAKE_PREFIX_PATH=/home/alaa/ros2_ws/install/my_custom_interfaces:/home/alaa/ros2_ws/install/more_interfaces:/home/alaa/ros2_ws/install/cpp_service_demo:/home/alaa/ros2_ws/install/cpp_pubsub:/opt/ros/humble LD_LIBRARY_PATH=/home/alaa/ros2_ws/install/my_custom_interfaces/lib:/home/alaa/ros2_ws/install/more_interfaces/lib:/opt/ros/humble/opt/rviz_ogre_vendor/lib:/opt/ros/humble/lib/x86_64-linux-gnu:/opt/ros/humble/lib /usr/bin/cmake --build /home/alaa/ros2_ws/build/cpp_service_demo -- -j8 -l8
[1.190s] DEBUG:colcon.colcon_core.event_handler.log_command:Invoking command in '/home/alaa/ros2_ws/build/cpp_service_demo': CMAKE_PREFIX_PATH=/home/alaa/ros2_ws/install/my_custom_interfaces:/home/alaa/ros2_ws/install/more_interfaces:/home/alaa/ros2_ws/install/cpp_service_demo:/home/alaa/ros2_ws/install/cpp_pubsub:/opt/ros/humble LD_LIBRARY_PATH=/home/alaa/ros2_ws/install/my_custom_interfaces/lib:/home/alaa/ros2_ws/install/more_interfaces/lib:/opt/ros/humble/opt/rviz_ogre_vendor/lib:/opt/ros/humble/lib/x86_64-linux-gnu:/opt/ros/humble/lib /usr/bin/cmake --install /home/alaa/ros2_ws/build/cpp_service_demo
[1.213s] Level 1:colcon.colcon_core.environment:create_environment_scripts_only(cpp_pubsub)
[1.214s] Level 1:colcon.colcon_core.environment:checking '/home/alaa/ros2_ws/install/cpp_pubsub' for CMake module files
[1.214s] DEBUG:colcon.colcon_core.event_handler.log_command:Invoked command in '/home/alaa/ros2_ws/build/cpp_pubsub' returned '0': CMAKE_PREFIX_PATH=/home/alaa/ros2_ws/install/my_custom_interfaces:/home/alaa/ros2_ws/install/more_interfaces:/home/alaa/ros2_ws/install/cpp_service_demo:/home/alaa/ros2_ws/install/cpp_pubsub:/opt/ros/humble LD_LIBRARY_PATH=/home/alaa/ros2_ws/install/my_custom_interfaces/lib:/home/alaa/ros2_ws/install/more_interfaces/lib:/opt/ros/humble/opt/rviz_ogre_vendor/lib:/opt/ros/humble/lib/x86_64-linux-gnu:/opt/ros/humble/lib /usr/bin/cmake --install /home/alaa/ros2_ws/build/cpp_pubsub
[1.215s] Level 1:colcon.colcon_core.environment:checking '/home/alaa/ros2_ws/install/cpp_pubsub' for CMake config files
[1.215s] Level 1:colcon.colcon_core.shell:create_environment_hook('cpp_pubsub', 'cmake_prefix_path')
[1.216s] INFO:colcon.colcon_core.shell:Creating environment hook '/home/alaa/ros2_ws/install/cpp_pubsub/share/cpp_pubsub/hook/cmake_prefix_path.ps1'
[1.216s] INFO:colcon.colcon_core.shell:Creating environment descriptor '/home/alaa/ros2_ws/install/cpp_pubsub/share/cpp_pubsub/hook/cmake_prefix_path.dsv'
[1.217s] INFO:colcon.colcon_core.shell:Creating environment hook '/home/alaa/ros2_ws/install/cpp_pubsub/share/cpp_pubsub/hook/cmake_prefix_path.sh'
[1.217s] Level 1:colcon.colcon_core.environment:checking '/home/alaa/ros2_ws/install/cpp_pubsub/lib'
[1.217s] Level 1:colcon.colcon_core.environment:checking '/home/alaa/ros2_ws/install/cpp_pubsub/bin'
[1.218s] Level 1:colcon.colcon_core.environment:checking '/home/alaa/ros2_ws/install/cpp_pubsub/lib/pkgconfig/cpp_pubsub.pc'
[1.218s] Level 1:colcon.colcon_core.environment:checking '/home/alaa/ros2_ws/install/cpp_pubsub/lib/python3.10/site-packages'
[1.218s] Level 1:colcon.colcon_core.environment:checking '/home/alaa/ros2_ws/install/cpp_pubsub/bin'
[1.218s] INFO:colcon.colcon_core.shell:Creating package script '/home/alaa/ros2_ws/install/cpp_pubsub/share/cpp_pubsub/package.ps1'
[1.219s] INFO:colcon.colcon_core.shell:Creating package descriptor '/home/alaa/ros2_ws/install/cpp_pubsub/share/cpp_pubsub/package.dsv'
[1.220s] INFO:colcon.colcon_core.shell:Creating package script '/home/alaa/ros2_ws/install/cpp_pubsub/share/cpp_pubsub/package.sh'
[1.220s] INFO:colcon.colcon_core.shell:Creating package script '/home/alaa/ros2_ws/install/cpp_pubsub/share/cpp_pubsub/package.bash'
[1.220s] INFO:colcon.colcon_core.shell:Creating package script '/home/alaa/ros2_ws/install/cpp_pubsub/share/cpp_pubsub/package.zsh'
[1.221s] Level 1:colcon.colcon_core.environment:create_file_with_runtime_dependencies(/home/alaa/ros2_ws/install/cpp_pubsub/share/colcon-core/packages/cpp_pubsub)
[1.222s] Level 1:colcon.colcon_core.environment:create_environment_scripts_only(cpp_pubsub)
[1.222s] Level 1:colcon.colcon_core.environment:checking '/home/alaa/ros2_ws/install/cpp_pubsub' for CMake module files
[1.222s] Level 1:colcon.colcon_core.environment:checking '/home/alaa/ros2_ws/install/cpp_pubsub' for CMake config files
[1.223s] Level 1:colcon.colcon_core.shell:create_environment_hook('cpp_pubsub', 'cmake_prefix_path')
[1.223s] INFO:colcon.colcon_core.shell:Creating environment hook '/home/alaa/ros2_ws/install/cpp_pubsub/share/cpp_pubsub/hook/cmake_prefix_path.ps1'
[1.223s] INFO:colcon.colcon_core.shell:Creating environment descriptor '/home/alaa/ros2_ws/install/cpp_pubsub/share/cpp_pubsub/hook/cmake_prefix_path.dsv'
[1.224s] INFO:colcon.colcon_core.shell:Creating environment hook '/home/alaa/ros2_ws/install/cpp_pubsub/share/cpp_pubsub/hook/cmake_prefix_path.sh'
[1.225s] Level 1:colcon.colcon_core.environment:checking '/home/alaa/ros2_ws/install/cpp_pubsub/lib'
[1.225s] Level 1:colcon.colcon_core.environment:checking '/home/alaa/ros2_ws/install/cpp_pubsub/bin'
[1.225s] Level 1:colcon.colcon_core.environment:checking '/home/alaa/ros2_ws/install/cpp_pubsub/lib/pkgconfig/cpp_pubsub.pc'
[1.225s] Level 1:colcon.colcon_core.environment:checking '/home/alaa/ros2_ws/install/cpp_pubsub/lib/python3.10/site-packages'
[1.225s] Level 1:colcon.colcon_core.environment:checking '/home/alaa/ros2_ws/install/cpp_pubsub/bin'
[1.226s] INFO:colcon.colcon_core.shell:Creating package script '/home/alaa/ros2_ws/install/cpp_pubsub/share/cpp_pubsub/package.ps1'
[1.226s] INFO:colcon.colcon_core.shell:Creating package descriptor '/home/alaa/ros2_ws/install/cpp_pubsub/share/cpp_pubsub/package.dsv'
[1.227s] INFO:colcon.colcon_core.shell:Creating package script '/home/alaa/ros2_ws/install/cpp_pubsub/share/cpp_pubsub/package.sh'
[1.227s] INFO:colcon.colcon_core.shell:Creating package script '/home/alaa/ros2_ws/install/cpp_pubsub/share/cpp_pubsub/package.bash'
[1.228s] INFO:colcon.colcon_core.shell:Creating package script '/home/alaa/ros2_ws/install/cpp_pubsub/share/cpp_pubsub/package.zsh'
[1.228s] Level 1:colcon.colcon_core.environment:create_file_with_runtime_dependencies(/home/alaa/ros2_ws/install/cpp_pubsub/share/colcon-core/packages/cpp_pubsub)
[1.230s] Level 1:colcon.colcon_core.environment:create_environment_scripts_only(cpp_service_demo)
[1.230s] Level 1:colcon.colcon_core.environment:checking '/home/alaa/ros2_ws/install/cpp_service_demo' for CMake module files
[1.231s] DEBUG:colcon.colcon_core.event_handler.log_command:Invoked command in '/home/alaa/ros2_ws/build/cpp_service_demo' returned '0': CMAKE_PREFIX_PATH=/home/alaa/ros2_ws/install/my_custom_interfaces:/home/alaa/ros2_ws/install/more_interfaces:/home/alaa/ros2_ws/install/cpp_service_demo:/home/alaa/ros2_ws/install/cpp_pubsub:/opt/ros/humble LD_LIBRARY_PATH=/home/alaa/ros2_ws/install/my_custom_interfaces/lib:/home/alaa/ros2_ws/install/more_interfaces/lib:/opt/ros/humble/opt/rviz_ogre_vendor/lib:/opt/ros/humble/lib/x86_64-linux-gnu:/opt/ros/humble/lib /usr/bin/cmake --install /home/alaa/ros2_ws/build/cpp_service_demo
[1.231s] Level 1:colcon.colcon_core.environment:checking '/home/alaa/ros2_ws/install/cpp_service_demo' for CMake config files
[1.231s] Level 1:colcon.colcon_core.shell:create_environment_hook('cpp_service_demo', 'cmake_prefix_path')
[1.231s] INFO:colcon.colcon_core.shell:Creating environment hook '/home/alaa/ros2_ws/install/cpp_service_demo/share/cpp_service_demo/hook/cmake_prefix_path.ps1'
[1.232s] INFO:colcon.colcon_core.shell:Creating environment descriptor '/home/alaa/ros2_ws/install/cpp_service_demo/share/cpp_service_demo/hook/cmake_prefix_path.dsv'
[1.232s] INFO:colcon.colcon_core.shell:Creating environment hook '/home/alaa/ros2_ws/install/cpp_service_demo/share/cpp_service_demo/hook/cmake_prefix_path.sh'
[1.233s] Level 1:colcon.colcon_core.environment:checking '/home/alaa/ros2_ws/install/cpp_service_demo/lib'
[1.233s] Level 1:colcon.colcon_core.environment:checking '/home/alaa/ros2_ws/install/cpp_service_demo/bin'
[1.233s] Level 1:colcon.colcon_core.environment:checking '/home/alaa/ros2_ws/install/cpp_service_demo/lib/pkgconfig/cpp_service_demo.pc'
[1.234s] Level 1:colcon.colcon_core.environment:checking '/home/alaa/ros2_ws/install/cpp_service_demo/lib/python3.10/site-packages'
[1.234s] Level 1:colcon.colcon_core.environment:checking '/home/alaa/ros2_ws/install/cpp_service_demo/bin'
[1.234s] INFO:colcon.colcon_core.shell:Creating package script '/home/alaa/ros2_ws/install/cpp_service_demo/share/cpp_service_demo/package.ps1'
[1.235s] INFO:colcon.colcon_core.shell:Creating package descriptor '/home/alaa/ros2_ws/install/cpp_service_demo/share/cpp_service_demo/package.dsv'
[1.235s] INFO:colcon.colcon_core.shell:Creating package script '/home/alaa/ros2_ws/install/cpp_service_demo/share/cpp_service_demo/package.sh'
[1.236s] INFO:colcon.colcon_core.shell:Creating package script '/home/alaa/ros2_ws/install/cpp_service_demo/share/cpp_service_demo/package.bash'
[1.236s] INFO:colcon.colcon_core.shell:Creating package script '/home/alaa/ros2_ws/install/cpp_service_demo/share/cpp_service_demo/package.zsh'
[1.237s] Level 1:colcon.colcon_core.environment:create_file_with_runtime_dependencies(/home/alaa/ros2_ws/install/cpp_service_demo/share/colcon-core/packages/cpp_service_demo)
[1.237s] Level 1:colcon.colcon_core.environment:create_environment_scripts_only(cpp_service_demo)
[1.237s] Level 1:colcon.colcon_core.environment:checking '/home/alaa/ros2_ws/install/cpp_service_demo' for CMake module files
[1.238s] Level 1:colcon.colcon_core.environment:checking '/home/alaa/ros2_ws/install/cpp_service_demo' for CMake config files
[1.238s] Level 1:colcon.colcon_core.shell:create_environment_hook('cpp_service_demo', 'cmake_prefix_path')
[1.239s] INFO:colcon.colcon_core.shell:Creating environment hook '/home/alaa/ros2_ws/install/cpp_service_demo/share/cpp_service_demo/hook/cmake_prefix_path.ps1'
[1.239s] INFO:colcon.colcon_core.shell:Creating environment descriptor '/home/alaa/ros2_ws/install/cpp_service_demo/share/cpp_service_demo/hook/cmake_prefix_path.dsv'
[1.239s] INFO:colcon.colcon_core.shell:Creating environment hook '/home/alaa/ros2_ws/install/cpp_service_demo/share/cpp_service_demo/hook/cmake_prefix_path.sh'
[1.240s] Level 1:colcon.colcon_core.environment:checking '/home/alaa/ros2_ws/install/cpp_service_demo/lib'
[1.240s] Level 1:colcon.colcon_core.environment:checking '/home/alaa/ros2_ws/install/cpp_service_demo/bin'
[1.241s] Level 1:colcon.colcon_core.environment:checking '/home/alaa/ros2_ws/install/cpp_service_demo/lib/pkgconfig/cpp_service_demo.pc'
[1.241s] Level 1:colcon.colcon_core.environment:checking '/home/alaa/ros2_ws/install/cpp_service_demo/lib/python3.10/site-packages'
[1.241s] Level 1:colcon.colcon_core.environment:checking '/home/alaa/ros2_ws/install/cpp_service_demo/bin'
[1.241s] INFO:colcon.colcon_core.shell:Creating package script '/home/alaa/ros2_ws/install/cpp_service_demo/share/cpp_service_demo/package.ps1'
[1.242s] INFO:colcon.colcon_core.shell:Creating package descriptor '/home/alaa/ros2_ws/install/cpp_service_demo/share/cpp_service_demo/package.dsv'
[1.243s] INFO:colcon.colcon_core.shell:Creating package script '/home/alaa/ros2_ws/install/cpp_service_demo/share/cpp_service_demo/package.sh'
[1.243s] INFO:colcon.colcon_core.shell:Creating package script '/home/alaa/ros2_ws/install/cpp_service_demo/share/cpp_service_demo/package.bash'
[1.244s] INFO:colcon.colcon_core.shell:Creating package script '/home/alaa/ros2_ws/install/cpp_service_demo/share/cpp_service_demo/package.zsh'
[1.244s] Level 1:colcon.colcon_core.environment:create_file_with_runtime_dependencies(/home/alaa/ros2_ws/install/cpp_service_demo/share/colcon-core/packages/cpp_service_demo)
[1.977s] DEBUG:colcon.colcon_core.event_handler.log_command:Invoked command in '/home/alaa/ros2_ws/build/more_interfaces' returned '2': CMAKE_PREFIX_PATH=${CMAKE_PREFIX_PATH}:/opt/ros/humble /usr/bin/cmake --build /home/alaa/ros2_ws/build/more_interfaces -- -j8 -l8
[1.978s] Level 1:colcon.colcon_core.environment:create_environment_scripts_only(more_interfaces)
[1.978s] Level 1:colcon.colcon_core.environment:checking '/home/alaa/ros2_ws/install/more_interfaces' for CMake module files
[1.979s] Level 1:colcon.colcon_core.environment:checking '/home/alaa/ros2_ws/install/more_interfaces' for CMake config files
[1.980s] Level 1:colcon.colcon_core.shell:create_environment_hook('more_interfaces', 'cmake_prefix_path')
[1.980s] INFO:colcon.colcon_core.shell:Creating environment hook '/home/alaa/ros2_ws/install/more_interfaces/share/more_interfaces/hook/cmake_prefix_path.ps1'
[1.981s] INFO:colcon.colcon_core.shell:Creating environment descriptor '/home/alaa/ros2_ws/install/more_interfaces/share/more_interfaces/hook/cmake_prefix_path.dsv'
[1.981s] INFO:colcon.colcon_core.shell:Creating environment hook '/home/alaa/ros2_ws/install/more_interfaces/share/more_interfaces/hook/cmake_prefix_path.sh'
[1.982s] Level 1:colcon.colcon_core.environment:checking '/home/alaa/ros2_ws/install/more_interfaces/lib'
[1.982s] Level 1:colcon.colcon_core.shell:create_environment_hook('more_interfaces', 'ld_library_path_lib')
[1.982s] INFO:colcon.colcon_core.shell:Creating environment hook '/home/alaa/ros2_ws/install/more_interfaces/share/more_interfaces/hook/ld_library_path_lib.ps1'
[1.982s] INFO:colcon.colcon_core.shell:Creating environment descriptor '/home/alaa/ros2_ws/install/more_interfaces/share/more_interfaces/hook/ld_library_path_lib.dsv'
[1.983s] INFO:colcon.colcon_core.shell:Creating environment hook '/home/alaa/ros2_ws/install/more_interfaces/share/more_interfaces/hook/ld_library_path_lib.sh'
[1.983s] Level 1:colcon.colcon_core.environment:checking '/home/alaa/ros2_ws/install/more_interfaces/bin'
[1.983s] Level 1:colcon.colcon_core.environment:checking '/home/alaa/ros2_ws/install/more_interfaces/lib/pkgconfig/more_interfaces.pc'
[1.984s] Level 1:colcon.colcon_core.environment:checking '/home/alaa/ros2_ws/install/more_interfaces/lib/python3.10/site-packages'
[1.984s] Level 1:colcon.colcon_core.environment:checking '/home/alaa/ros2_ws/install/more_interfaces/bin'
[1.984s] INFO:colcon.colcon_core.shell:Creating package script '/home/alaa/ros2_ws/install/more_interfaces/share/more_interfaces/package.ps1'
[1.985s] INFO:colcon.colcon_core.shell:Creating package descriptor '/home/alaa/ros2_ws/install/more_interfaces/share/more_interfaces/package.dsv'
[1.986s] INFO:colcon.colcon_core.shell:Creating package script '/home/alaa/ros2_ws/install/more_interfaces/share/more_interfaces/package.sh'
[1.986s] INFO:colcon.colcon_core.shell:Creating package script '/home/alaa/ros2_ws/install/more_interfaces/share/more_interfaces/package.bash'
[1.987s] INFO:colcon.colcon_core.shell:Creating package script '/home/alaa/ros2_ws/install/more_interfaces/share/more_interfaces/package.zsh'
[1.987s] Level 1:colcon.colcon_core.environment:create_file_with_runtime_dependencies(/home/alaa/ros2_ws/install/more_interfaces/share/colcon-core/packages/more_interfaces)
[1.998s] DEBUG:colcon.colcon_parallel_executor.executor.parallel:closing loop
[1.998s] DEBUG:colcon.colcon_parallel_executor.executor.parallel:loop closed
[1.998s] DEBUG:colcon.colcon_parallel_executor.executor.parallel:run_until_complete finished with '2'
[1.998s] DEBUG:colcon.colcon_core.event_reactor:joining thread
[2.005s] INFO:colcon.colcon_core.plugin_system:Skipping extension 'colcon_notification.desktop_notification.terminal_notifier': Not used on non-Darwin systems
[2.005s] INFO:colcon.colcon_core.plugin_system:Skipping extension 'colcon_notification.desktop_notification.win32': Not used on non-Windows systems
[2.005s] INFO:colcon.colcon_notification.desktop_notification:Sending desktop notification using 'notify2'
[2.017s] DEBUG:colcon.colcon_core.event_reactor:joined thread
[2.017s] INFO:colcon.colcon_core.shell:Creating prefix script '/home/alaa/ros2_ws/install/local_setup.ps1'
[2.018s] INFO:colcon.colcon_core.shell:Creating prefix util module '/home/alaa/ros2_ws/install/_local_setup_util_ps1.py'
[2.020s] INFO:colcon.colcon_core.shell:Creating prefix chain script '/home/alaa/ros2_ws/install/setup.ps1'
[2.022s] INFO:colcon.colcon_core.shell:Creating prefix script '/home/alaa/ros2_ws/install/local_setup.sh'
[2.023s] INFO:colcon.colcon_core.shell:Creating prefix util module '/home/alaa/ros2_ws/install/_local_setup_util_sh.py'
[2.024s] INFO:colcon.colcon_core.shell:Creating prefix chain script '/home/alaa/ros2_ws/install/setup.sh'
[2.025s] INFO:colcon.colcon_core.shell:Creating prefix script '/home/alaa/ros2_ws/install/local_setup.bash'
[2.026s] INFO:colcon.colcon_core.shell:Creating prefix chain script '/home/alaa/ros2_ws/install/setup.bash'
[2.028s] INFO:colcon.colcon_core.shell:Creating prefix script '/home/alaa/ros2_ws/install/local_setup.zsh'
[2.028s] INFO:colcon.colcon_core.shell:Creating prefix chain script '/home/alaa/ros2_ws/install/setup.zsh'
