[0.013s] Invoking command in '/home/alaa/ros2_ws/build/cpp_pubsub': CMAKE_PREFIX_PATH=/home/alaa/ros2_ws/install/my_custom_interfaces:/home/alaa/ros2_ws/install/more_interfaces:/home/alaa/ros2_ws/install/cpp_service_demo:/home/alaa/ros2_ws/install/cpp_pubsub:/opt/ros/humble LD_LIBRARY_PATH=/home/alaa/ros2_ws/install/my_custom_interfaces/lib:/home/alaa/ros2_ws/install/more_interfaces/lib:/opt/ros/humble/opt/rviz_ogre_vendor/lib:/opt/ros/humble/lib/x86_64-linux-gnu:/opt/ros/humble/lib /usr/bin/cmake --build /home/alaa/ros2_ws/build/cpp_pubsub -- -j8 -l8
[0.098s] [ 25%] Built target minimal_publisher
[0.099s] [ 50%] Built target num_publisher
[0.099s] [ 75%] Built target minimal_subscriber
[0.103s] [100%] Built target num_subscriber
[0.117s] Invoked command in '/home/alaa/ros2_ws/build/cpp_pubsub' returned '0': CMAKE_PREFIX_PATH=/home/alaa/ros2_ws/install/my_custom_interfaces:/home/alaa/ros2_ws/install/more_interfaces:/home/alaa/ros2_ws/install/cpp_service_demo:/home/alaa/ros2_ws/install/cpp_pubsub:/opt/ros/humble LD_LIBRARY_PATH=/home/alaa/ros2_ws/install/my_custom_interfaces/lib:/home/alaa/ros2_ws/install/more_interfaces/lib:/opt/ros/humble/opt/rviz_ogre_vendor/lib:/opt/ros/humble/lib/x86_64-linux-gnu:/opt/ros/humble/lib /usr/bin/cmake --build /home/alaa/ros2_ws/build/cpp_pubsub -- -j8 -l8
[0.119s] Invoking command in '/home/alaa/ros2_ws/build/cpp_pubsub': CMAKE_PREFIX_PATH=/home/alaa/ros2_ws/install/my_custom_interfaces:/home/alaa/ros2_ws/install/more_interfaces:/home/alaa/ros2_ws/install/cpp_service_demo:/home/alaa/ros2_ws/install/cpp_pubsub:/opt/ros/humble LD_LIBRARY_PATH=/home/alaa/ros2_ws/install/my_custom_interfaces/lib:/home/alaa/ros2_ws/install/more_interfaces/lib:/opt/ros/humble/opt/rviz_ogre_vendor/lib:/opt/ros/humble/lib/x86_64-linux-gnu:/opt/ros/humble/lib /usr/bin/cmake --install /home/alaa/ros2_ws/build/cpp_pubsub
[0.128s] -- Install configuration: ""
[0.129s] -- Execute custom install script
[0.129s] -- Up-to-date symlink: /home/alaa/ros2_ws/install/cpp_pubsub/lib/cpp_pubsub/minimal_publisher
[0.131s] -- Up-to-date symlink: /home/alaa/ros2_ws/install/cpp_pubsub/lib/cpp_pubsub/minimal_subscriber
[0.132s] -- Up-to-date symlink: /home/alaa/ros2_ws/install/cpp_pubsub/lib/cpp_pubsub/num_publisher
[0.132s] -- Up-to-date symlink: /home/alaa/ros2_ws/install/cpp_pubsub/lib/cpp_pubsub/num_subscriber
[0.132s] -- Up-to-date symlink: /home/alaa/ros2_ws/install/cpp_pubsub/share/ament_index/resource_index/package_run_dependencies/cpp_pubsub
[0.132s] -- Up-to-date symlink: /home/alaa/ros2_ws/install/cpp_pubsub/share/ament_index/resource_index/parent_prefix_path/cpp_pubsub
[0.132s] -- Up-to-date symlink: /home/alaa/ros2_ws/install/cpp_pubsub/share/cpp_pubsub/environment/ament_prefix_path.sh
[0.133s] -- Up-to-date symlink: /home/alaa/ros2_ws/install/cpp_pubsub/share/cpp_pubsub/environment/ament_prefix_path.dsv
[0.133s] -- Up-to-date symlink: /home/alaa/ros2_ws/install/cpp_pubsub/share/cpp_pubsub/environment/path.sh
[0.133s] -- Up-to-date symlink: /home/alaa/ros2_ws/install/cpp_pubsub/share/cpp_pubsub/environment/path.dsv
[0.133s] -- Up-to-date symlink: /home/alaa/ros2_ws/install/cpp_pubsub/share/cpp_pubsub/local_setup.bash
[0.133s] -- Up-to-date symlink: /home/alaa/ros2_ws/install/cpp_pubsub/share/cpp_pubsub/local_setup.sh
[0.133s] -- Up-to-date symlink: /home/alaa/ros2_ws/install/cpp_pubsub/share/cpp_pubsub/local_setup.zsh
[0.133s] -- Up-to-date symlink: /home/alaa/ros2_ws/install/cpp_pubsub/share/cpp_pubsub/local_setup.dsv
[0.133s] -- Symlinking: /home/alaa/ros2_ws/install/cpp_pubsub/share/cpp_pubsub/package.dsv
[0.142s] -- Up-to-date symlink: /home/alaa/ros2_ws/install/cpp_pubsub/share/ament_index/resource_index/packages/cpp_pubsub
[0.142s] -- Up-to-date symlink: /home/alaa/ros2_ws/install/cpp_pubsub/share/cpp_pubsub/cmake/cpp_pubsubConfig.cmake
[0.142s] -- Up-to-date symlink: /home/alaa/ros2_ws/install/cpp_pubsub/share/cpp_pubsub/cmake/cpp_pubsubConfig-version.cmake
[0.142s] -- Up-to-date symlink: /home/alaa/ros2_ws/install/cpp_pubsub/share/cpp_pubsub/package.xml
[0.144s] Invoked command in '/home/alaa/ros2_ws/build/cpp_pubsub' returned '0': CMAKE_PREFIX_PATH=/home/alaa/ros2_ws/install/my_custom_interfaces:/home/alaa/ros2_ws/install/more_interfaces:/home/alaa/ros2_ws/install/cpp_service_demo:/home/alaa/ros2_ws/install/cpp_pubsub:/opt/ros/humble LD_LIBRARY_PATH=/home/alaa/ros2_ws/install/my_custom_interfaces/lib:/home/alaa/ros2_ws/install/more_interfaces/lib:/opt/ros/humble/opt/rviz_ogre_vendor/lib:/opt/ros/humble/lib/x86_64-linux-gnu:/opt/ros/humble/lib /usr/bin/cmake --install /home/alaa/ros2_ws/build/cpp_pubsub
